[0.008s] Invoking command in '/home/UMRobotics/new_ws/build/pr2_description': DEBUGINFOD_URLS=https://debuginfod.ubuntu.com /usr/bin/cmake /home/UMRobotics/new_ws/src/moveit_resources/pr2_description -DCMAKE_INSTALL_PREFIX=/home/UMRobotics/new_ws/install/pr2_description
[0.016s] [33mCMake Warning (dev) in CMakeLists.txt:
[0.016s]   No project() command is present.  The top-level CMakeLists.txt file must
[0.017s]   contain a literal, direct call to the project() command.  Add a line of
[0.017s]   code such as
[0.017s] 
[0.017s]     project(ProjectName)
[0.017s] 
[0.017s]   near the top of the file, but after cmake_minimum_required().
[0.017s] 
[0.017s]   CMake is pretending there is a "project(Project)" command on the first
[0.017s]   line.
[0.017s] This warning is for project developers.  Use -Wno-dev to suppress it.
[0.017s] [0m
[0.017s] [33mCMake Warning (dev) in CMakeLists.txt:
[0.017s]   cmake_minimum_required() should be called prior to this top-level project()
[0.017s]   call.  Please see the cmake-commands(7) manual for usage documentation of
[0.017s]   both commands.
[0.017s] This warning is for project developers.  Use -Wno-dev to suppress it.
[0.017s] [0m
[0.053s] -- The C compiler identification is GNU 13.3.0
[0.094s] -- The CXX compiler identification is GNU 13.3.0
[0.107s] -- Detecting C compiler ABI info
[0.177s] -- Detecting C compiler ABI info - done
[0.184s] -- Check for working C compiler: /usr/bin/cc - skipped
[0.184s] -- Detecting C compile features
[0.185s] -- Detecting C compile features - done
[0.192s] -- Detecting CXX compiler ABI info
[0.264s] -- Detecting CXX compiler ABI info - done
[0.271s] -- Check for working CXX compiler: /usr/bin/c++ - skipped
[0.271s] -- Detecting CXX compile features
[0.272s] -- Detecting CXX compile features - done
[0.272s] -- Configuring done (0.3s)
[0.273s] -- Generating done (0.0s)
[0.273s] -- Build files have been written to: /home/UMRobotics/new_ws/build/pr2_description
[0.276s] Invoked command in '/home/UMRobotics/new_ws/build/pr2_description' returned '0': DEBUGINFOD_URLS=https://debuginfod.ubuntu.com /usr/bin/cmake /home/UMRobotics/new_ws/src/moveit_resources/pr2_description -DCMAKE_INSTALL_PREFIX=/home/UMRobotics/new_ws/install/pr2_description
[0.276s] Invoking command in '/home/UMRobotics/new_ws/build/pr2_description': DEBUGINFOD_URLS=https://debuginfod.ubuntu.com /usr/bin/cmake --build /home/UMRobotics/new_ws/build/pr2_description -- -j16 -l16
[0.308s] Invoked command in '/home/UMRobotics/new_ws/build/pr2_description' returned '0': DEBUGINFOD_URLS=https://debuginfod.ubuntu.com /usr/bin/cmake --build /home/UMRobotics/new_ws/build/pr2_description -- -j16 -l16
