[0.007s] Invoking command in '/home/UMRobotics/new_ws/build/moveit_resources_prbt_support': CMAKE_PREFIX_PATH=${CMAKE_PREFIX_PATH}:/home/UMRobotics/new_ws/install/moveit_configs_utils:/home/UMRobotics/moveit_ws/install/moveit_configs_utils:/opt/ros/jazzy DEBUGINFOD_URLS=https://debuginfod.ubuntu.com /usr/bin/cmake /home/UMRobotics/new_ws/src/moveit2/moveit_planners/test_configs/prbt_support -DCMAKE_INSTALL_PREFIX=/home/UMRobotics/new_ws/install/moveit_resources_prbt_support
[0.046s] -- The C compiler identification is GNU 13.3.0
[0.081s] -- The CXX compiler identification is GNU 13.3.0
[0.093s] -- Detecting C compiler ABI info
[0.154s] -- Detecting C compiler ABI info - done
[0.160s] -- Check for working C compiler: /usr/bin/cc - skipped
[0.160s] -- Detecting C compile features
[0.161s] -- Detecting C compile features - done
[0.168s] -- Detecting CXX compiler ABI info
[0.237s] -- Detecting CXX compiler ABI info - done
[0.243s] -- Check for working CXX compiler: /usr/bin/c++ - skipped
[0.244s] -- Detecting CXX compile features
[0.244s] -- Detecting CXX compile features - done
[0.248s] -- Found ament_cmake: 2.5.4 (/opt/ros/jazzy/share/ament_cmake/cmake)
[0.383s] -- Found Python3: /home/UMRobotics/.local/bin/python3 (found version "3.12.3") found components: Interpreter 
[0.533s] -- Configuring done (0.5s)
[0.534s] -- Generating done (0.0s)
[0.535s] -- Build files have been written to: /home/UMRobotics/new_ws/build/moveit_resources_prbt_support
[0.539s] Invoked command in '/home/UMRobotics/new_ws/build/moveit_resources_prbt_support' returned '0': CMAKE_PREFIX_PATH=${CMAKE_PREFIX_PATH}:/home/UMRobotics/new_ws/install/moveit_configs_utils:/home/UMRobotics/moveit_ws/install/moveit_configs_utils:/opt/ros/jazzy DEBUGINFOD_URLS=https://debuginfod.ubuntu.com /usr/bin/cmake /home/UMRobotics/new_ws/src/moveit2/moveit_planners/test_configs/prbt_support -DCMAKE_INSTALL_PREFIX=/home/UMRobotics/new_ws/install/moveit_resources_prbt_support
[0.540s] Invoking command in '/home/UMRobotics/new_ws/build/moveit_resources_prbt_support': CMAKE_PREFIX_PATH=${CMAKE_PREFIX_PATH}:/home/UMRobotics/new_ws/install/moveit_configs_utils:/home/UMRobotics/moveit_ws/install/moveit_configs_utils:/opt/ros/jazzy DEBUGINFOD_URLS=https://debuginfod.ubuntu.com /usr/bin/cmake --build /home/UMRobotics/new_ws/build/moveit_resources_prbt_support -- -j16 -l16
[0.568s] Invoked command in '/home/UMRobotics/new_ws/build/moveit_resources_prbt_support' returned '0': CMAKE_PREFIX_PATH=${CMAKE_PREFIX_PATH}:/home/UMRobotics/new_ws/install/moveit_configs_utils:/home/UMRobotics/moveit_ws/install/moveit_configs_utils:/opt/ros/jazzy DEBUGINFOD_URLS=https://debuginfod.ubuntu.com /usr/bin/cmake --build /home/UMRobotics/new_ws/build/moveit_resources_prbt_support -- -j16 -l16
[0.569s] Invoking command in '/home/UMRobotics/new_ws/build/moveit_resources_prbt_support': CMAKE_PREFIX_PATH=${CMAKE_PREFIX_PATH}:/home/UMRobotics/new_ws/install/moveit_configs_utils:/home/UMRobotics/moveit_ws/install/moveit_configs_utils:/opt/ros/jazzy DEBUGINFOD_URLS=https://debuginfod.ubuntu.com /usr/bin/cmake --install /home/UMRobotics/new_ws/build/moveit_resources_prbt_support
[0.576s] -- Install configuration: ""
[0.576s] -- Installing: /home/UMRobotics/new_ws/install/moveit_resources_prbt_support/share/ament_index/resource_index/package_run_dependencies/moveit_resources_prbt_support
[0.576s] -- Installing: /home/UMRobotics/new_ws/install/moveit_resources_prbt_support/share/ament_index/resource_index/parent_prefix_path/moveit_resources_prbt_support
[0.576s] -- Installing: /home/UMRobotics/new_ws/install/moveit_resources_prbt_support/share/moveit_resources_prbt_support/environment/ament_prefix_path.sh
[0.576s] -- Installing: /home/UMRobotics/new_ws/install/moveit_resources_prbt_support/share/moveit_resources_prbt_support/environment/ament_prefix_path.dsv
[0.576s] -- Installing: /home/UMRobotics/new_ws/install/moveit_resources_prbt_support/share/moveit_resources_prbt_support/environment/path.sh
[0.576s] -- Installing: /home/UMRobotics/new_ws/install/moveit_resources_prbt_support/share/moveit_resources_prbt_support/environment/path.dsv
[0.576s] -- Installing: /home/UMRobotics/new_ws/install/moveit_resources_prbt_support/share/moveit_resources_prbt_support/local_setup.bash
[0.576s] -- Installing: /home/UMRobotics/new_ws/install/moveit_resources_prbt_support/share/moveit_resources_prbt_support/local_setup.sh
[0.576s] -- Installing: /home/UMRobotics/new_ws/install/moveit_resources_prbt_support/share/moveit_resources_prbt_support/local_setup.zsh
[0.576s] -- Installing: /home/UMRobotics/new_ws/install/moveit_resources_prbt_support/share/moveit_resources_prbt_support/local_setup.dsv
[0.576s] -- Installing: /home/UMRobotics/new_ws/install/moveit_resources_prbt_support/share/moveit_resources_prbt_support/package.dsv
[0.576s] -- Installing: /home/UMRobotics/new_ws/install/moveit_resources_prbt_support/share/ament_index/resource_index/packages/moveit_resources_prbt_support
[0.576s] -- Installing: /home/UMRobotics/new_ws/install/moveit_resources_prbt_support/share/moveit_resources_prbt_support/cmake/moveit_resources_prbt_supportConfig.cmake
[0.577s] -- Installing: /home/UMRobotics/new_ws/install/moveit_resources_prbt_support/share/moveit_resources_prbt_support/cmake/moveit_resources_prbt_supportConfig-version.cmake
[0.577s] -- Installing: /home/UMRobotics/new_ws/install/moveit_resources_prbt_support/share/moveit_resources_prbt_support/package.xml
[0.577s] -- Installing: /home/UMRobotics/new_ws/install/moveit_resources_prbt_support/share/moveit_resources_prbt_support/urdf
[0.577s] -- Installing: /home/UMRobotics/new_ws/install/moveit_resources_prbt_support/share/moveit_resources_prbt_support/urdf/prbt.xacro
[0.577s] -- Installing: /home/UMRobotics/new_ws/install/moveit_resources_prbt_support/share/moveit_resources_prbt_support/urdf/prbt.ros2_control.xacro
[0.577s] -- Installing: /home/UMRobotics/new_ws/install/moveit_resources_prbt_support/share/moveit_resources_prbt_support/urdf/prbt_macro.xacro
[0.577s] -- Installing: /home/UMRobotics/new_ws/install/moveit_resources_prbt_support/share/moveit_resources_prbt_support/urdf/simple_gripper_brackets.urdf.xacro
[0.577s] -- Installing: /home/UMRobotics/new_ws/install/moveit_resources_prbt_support/share/moveit_resources_prbt_support/meshes
[0.577s] -- Installing: /home/UMRobotics/new_ws/install/moveit_resources_prbt_support/share/moveit_resources_prbt_support/meshes/link_3.stl
[0.578s] -- Installing: /home/UMRobotics/new_ws/install/moveit_resources_prbt_support/share/moveit_resources_prbt_support/meshes/link_2.dae
[0.579s] -- Installing: /home/UMRobotics/new_ws/install/moveit_resources_prbt_support/share/moveit_resources_prbt_support/meshes/link_1.stl
[0.579s] -- Installing: /home/UMRobotics/new_ws/install/moveit_resources_prbt_support/share/moveit_resources_prbt_support/meshes/foot.dae
[0.580s] -- Installing: /home/UMRobotics/new_ws/install/moveit_resources_prbt_support/share/moveit_resources_prbt_support/meshes/link_4.stl
[0.580s] -- Installing: /home/UMRobotics/new_ws/install/moveit_resources_prbt_support/share/moveit_resources_prbt_support/meshes/link_1.dae
[0.581s] -- Installing: /home/UMRobotics/new_ws/install/moveit_resources_prbt_support/share/moveit_resources_prbt_support/meshes/link_2.stl
[0.581s] -- Installing: /home/UMRobotics/new_ws/install/moveit_resources_prbt_support/share/moveit_resources_prbt_support/meshes/link_5.stl
[0.581s] -- Installing: /home/UMRobotics/new_ws/install/moveit_resources_prbt_support/share/moveit_resources_prbt_support/meshes/flange.stl
[0.581s] -- Installing: /home/UMRobotics/new_ws/install/moveit_resources_prbt_support/share/moveit_resources_prbt_support/meshes/link_3.dae
[0.582s] -- Installing: /home/UMRobotics/new_ws/install/moveit_resources_prbt_support/share/moveit_resources_prbt_support/meshes/link_5.dae
[0.583s] -- Installing: /home/UMRobotics/new_ws/install/moveit_resources_prbt_support/share/moveit_resources_prbt_support/meshes/foot.stl
[0.583s] -- Installing: /home/UMRobotics/new_ws/install/moveit_resources_prbt_support/share/moveit_resources_prbt_support/meshes/link_4.dae
[0.584s] -- Installing: /home/UMRobotics/new_ws/install/moveit_resources_prbt_support/share/moveit_resources_prbt_support/meshes/flange.dae
[0.584s] -- Installing: /home/UMRobotics/new_ws/install/moveit_resources_prbt_support/share/moveit_resources_prbt_support/config
[0.584s] -- Installing: /home/UMRobotics/new_ws/install/moveit_resources_prbt_support/share/moveit_resources_prbt_support/config/prbt_0_1.dcf
[0.585s] -- Installing: /home/UMRobotics/new_ws/install/moveit_resources_prbt_support/share/moveit_resources_prbt_support/config/manipulator_driver.yaml
[0.585s] -- Installing: /home/UMRobotics/new_ws/install/moveit_resources_prbt_support/share/moveit_resources_prbt_support/config/manipulator_controller.yaml
[0.586s] Invoked command in '/home/UMRobotics/new_ws/build/moveit_resources_prbt_support' returned '0': CMAKE_PREFIX_PATH=${CMAKE_PREFIX_PATH}:/home/UMRobotics/new_ws/install/moveit_configs_utils:/home/UMRobotics/moveit_ws/install/moveit_configs_utils:/opt/ros/jazzy DEBUGINFOD_URLS=https://debuginfod.ubuntu.com /usr/bin/cmake --install /home/UMRobotics/new_ws/build/moveit_resources_prbt_support
