[0.110s] Invoking command in '/home/UMRobotics/new_ws/build/tf2': CMAKE_PREFIX_PATH=${CMAKE_PREFIX_PATH}:/home/UMRobotics/new_ws/install/tf2_tools:/home/UMRobotics/new_ws/install/examples_tf2_py:/home/UMRobotics/new_ws/install/tf2_ros_py:/home/UMRobotics/new_ws/install/moveit_configs_utils:/home/UMRobotics/moveit_ws/install/moveit_configs_utils:/opt/ros/jazzy DEBUGINFOD_URLS=https://debuginfod.ubuntu.com /usr/bin/cmake --build /home/UMRobotics/new_ws/build/tf2 -- -j16 -l16
[0.368s] [ 23%] Built target gtest_main
[0.369s] [ 33%] Built target tf2
[0.369s] [ 42%] Built target gtest
[0.369s] [ 52%] Built target cache_benchmark
[0.369s] [ 80%] Built target test_storage
[0.369s] [ 80%] Built target test_static_cache_unittest
[0.369s] [ 80%] Built target test_cache_unittest
[0.370s] [ 90%] Built target test_simple_tf2_core
[0.370s] [100%] Built target test_time
[0.378s] Invoked command in '/home/UMRobotics/new_ws/build/tf2' returned '0': CMAKE_PREFIX_PATH=${CMAKE_PREFIX_PATH}:/home/UMRobotics/new_ws/install/tf2_tools:/home/UMRobotics/new_ws/install/examples_tf2_py:/home/UMRobotics/new_ws/install/tf2_ros_py:/home/UMRobotics/new_ws/install/moveit_configs_utils:/home/UMRobotics/moveit_ws/install/moveit_configs_utils:/opt/ros/jazzy DEBUGINFOD_URLS=https://debuginfod.ubuntu.com /usr/bin/cmake --build /home/UMRobotics/new_ws/build/tf2 -- -j16 -l16
[0.389s] Invoking command in '/home/UMRobotics/new_ws/build/tf2': CMAKE_PREFIX_PATH=${CMAKE_PREFIX_PATH}:/home/UMRobotics/new_ws/install/tf2_tools:/home/UMRobotics/new_ws/install/examples_tf2_py:/home/UMRobotics/new_ws/install/tf2_ros_py:/home/UMRobotics/new_ws/install/moveit_configs_utils:/home/UMRobotics/moveit_ws/install/moveit_configs_utils:/opt/ros/jazzy DEBUGINFOD_URLS=https://debuginfod.ubuntu.com /usr/bin/cmake --install /home/UMRobotics/new_ws/build/tf2
[0.405s] -- Install configuration: ""
[0.406s] -- Up-to-date: /home/UMRobotics/new_ws/install/tf2/lib/libtf2.so
[0.406s] -- Up-to-date: /home/UMRobotics/new_ws/install/tf2/include/tf2
[0.406s] -- Up-to-date: /home/UMRobotics/new_ws/install/tf2/include/tf2/tf2
[0.406s] -- Up-to-date: /home/UMRobotics/new_ws/install/tf2/include/tf2/tf2/time_cache.h
[0.406s] -- Up-to-date: /home/UMRobotics/new_ws/install/tf2/include/tf2/tf2/utils.hpp
[0.407s] -- Up-to-date: /home/UMRobotics/new_ws/install/tf2/include/tf2/tf2/visibility_control.h
[0.407s] -- Up-to-date: /home/UMRobotics/new_ws/install/tf2/include/tf2/tf2/utils.h
[0.407s] -- Up-to-date: /home/UMRobotics/new_ws/install/tf2/include/tf2/tf2/buffer_core.h
[0.407s] -- Up-to-date: /home/UMRobotics/new_ws/install/tf2/include/tf2/tf2/impl
[0.407s] -- Up-to-date: /home/UMRobotics/new_ws/install/tf2/include/tf2/tf2/impl/utils.hpp
[0.407s] -- Up-to-date: /home/UMRobotics/new_ws/install/tf2/include/tf2/tf2/impl/utils.h
[0.407s] -- Up-to-date: /home/UMRobotics/new_ws/install/tf2/include/tf2/tf2/impl/convert.hpp
[0.407s] -- Up-to-date: /home/UMRobotics/new_ws/install/tf2/include/tf2/tf2/impl/convert.h
[0.407s] -- Up-to-date: /home/UMRobotics/new_ws/install/tf2/include/tf2/tf2/convert.hpp
[0.407s] -- Up-to-date: /home/UMRobotics/new_ws/install/tf2/include/tf2/tf2/time.hpp
[0.407s] -- Up-to-date: /home/UMRobotics/new_ws/install/tf2/include/tf2/tf2/buffer_core.hpp
[0.407s] -- Up-to-date: /home/UMRobotics/new_ws/install/tf2/include/tf2/tf2/transform_datatypes.hpp
[0.408s] -- Up-to-date: /home/UMRobotics/new_ws/install/tf2/include/tf2/tf2/buffer_core_interface.hpp
[0.408s] -- Up-to-date: /home/UMRobotics/new_ws/install/tf2/include/tf2/tf2/transform_storage.h
[0.408s] -- Up-to-date: /home/UMRobotics/new_ws/install/tf2/include/tf2/tf2/transform_storage.hpp
[0.408s] -- Up-to-date: /home/UMRobotics/new_ws/install/tf2/include/tf2/tf2/exceptions.h
[0.408s] -- Up-to-date: /home/UMRobotics/new_ws/install/tf2/include/tf2/tf2/exceptions.hpp
[0.408s] -- Up-to-date: /home/UMRobotics/new_ws/install/tf2/include/tf2/tf2/LinearMath
[0.408s] -- Up-to-date: /home/UMRobotics/new_ws/install/tf2/include/tf2/tf2/LinearMath/Quaternion.h
[0.408s] -- Up-to-date: /home/UMRobotics/new_ws/install/tf2/include/tf2/tf2/LinearMath/Transform.hpp
[0.409s] -- Up-to-date: /home/UMRobotics/new_ws/install/tf2/include/tf2/tf2/LinearMath/MinMax.hpp
[0.409s] -- Up-to-date: /home/UMRobotics/new_ws/install/tf2/include/tf2/tf2/LinearMath/Vector3.h
[0.409s] -- Up-to-date: /home/UMRobotics/new_ws/install/tf2/include/tf2/tf2/LinearMath/QuadWord.hpp
[0.409s] -- Up-to-date: /home/UMRobotics/new_ws/install/tf2/include/tf2/tf2/LinearMath/Matrix3x3.h
[0.409s] -- Up-to-date: /home/UMRobotics/new_ws/install/tf2/include/tf2/tf2/LinearMath/Transform.h
[0.409s] -- Up-to-date: /home/UMRobotics/new_ws/install/tf2/include/tf2/tf2/LinearMath/Scalar.hpp
[0.409s] -- Up-to-date: /home/UMRobotics/new_ws/install/tf2/include/tf2/tf2/LinearMath/Quaternion.hpp
[0.409s] -- Up-to-date: /home/UMRobotics/new_ws/install/tf2/include/tf2/tf2/LinearMath/Matrix3x3.hpp
[0.409s] -- Up-to-date: /home/UMRobotics/new_ws/install/tf2/include/tf2/tf2/LinearMath/MinMax.h
[0.409s] -- Up-to-date: /home/UMRobotics/new_ws/install/tf2/include/tf2/tf2/LinearMath/Vector3.hpp
[0.409s] -- Up-to-date: /home/UMRobotics/new_ws/install/tf2/include/tf2/tf2/LinearMath/QuadWord.h
[0.409s] -- Up-to-date: /home/UMRobotics/new_ws/install/tf2/include/tf2/tf2/LinearMath/Scalar.h
[0.409s] -- Up-to-date: /home/UMRobotics/new_ws/install/tf2/include/tf2/tf2/buffer_core_interface.h
[0.410s] -- Up-to-date: /home/UMRobotics/new_ws/install/tf2/include/tf2/tf2/time_cache.hpp
[0.410s] -- Up-to-date: /home/UMRobotics/new_ws/install/tf2/include/tf2/tf2/transform_datatypes.h
[0.410s] -- Up-to-date: /home/UMRobotics/new_ws/install/tf2/include/tf2/tf2/convert.h
[0.410s] -- Up-to-date: /home/UMRobotics/new_ws/install/tf2/include/tf2/tf2/time.h
[0.410s] -- Up-to-date: /home/UMRobotics/new_ws/install/tf2/share/tf2/environment/library_path.sh
[0.410s] -- Up-to-date: /home/UMRobotics/new_ws/install/tf2/share/tf2/environment/library_path.dsv
[0.410s] -- Up-to-date: /home/UMRobotics/new_ws/install/tf2/share/ament_index/resource_index/package_run_dependencies/tf2
[0.410s] -- Up-to-date: /home/UMRobotics/new_ws/install/tf2/share/ament_index/resource_index/parent_prefix_path/tf2
[0.410s] -- Up-to-date: /home/UMRobotics/new_ws/install/tf2/share/tf2/environment/ament_prefix_path.sh
[0.410s] -- Up-to-date: /home/UMRobotics/new_ws/install/tf2/share/tf2/environment/ament_prefix_path.dsv
[0.410s] -- Up-to-date: /home/UMRobotics/new_ws/install/tf2/share/tf2/environment/path.sh
[0.411s] -- Up-to-date: /home/UMRobotics/new_ws/install/tf2/share/tf2/environment/path.dsv
[0.411s] -- Up-to-date: /home/UMRobotics/new_ws/install/tf2/share/tf2/local_setup.bash
[0.411s] -- Up-to-date: /home/UMRobotics/new_ws/install/tf2/share/tf2/local_setup.sh
[0.411s] -- Up-to-date: /home/UMRobotics/new_ws/install/tf2/share/tf2/local_setup.zsh
[0.411s] -- Up-to-date: /home/UMRobotics/new_ws/install/tf2/share/tf2/local_setup.dsv
[0.411s] -- Installing: /home/UMRobotics/new_ws/install/tf2/share/tf2/package.dsv
[0.411s] -- Up-to-date: /home/UMRobotics/new_ws/install/tf2/share/ament_index/resource_index/packages/tf2
[0.411s] -- Up-to-date: /home/UMRobotics/new_ws/install/tf2/share/tf2/cmake/export_tf2Export.cmake
[0.411s] -- Up-to-date: /home/UMRobotics/new_ws/install/tf2/share/tf2/cmake/export_tf2Export-noconfig.cmake
[0.411s] -- Up-to-date: /home/UMRobotics/new_ws/install/tf2/share/tf2/cmake/ament_cmake_export_dependencies-extras.cmake
[0.411s] -- Up-to-date: /home/UMRobotics/new_ws/install/tf2/share/tf2/cmake/ament_cmake_export_include_directories-extras.cmake
[0.411s] -- Up-to-date: /home/UMRobotics/new_ws/install/tf2/share/tf2/cmake/ament_cmake_export_libraries-extras.cmake
[0.411s] -- Up-to-date: /home/UMRobotics/new_ws/install/tf2/share/tf2/cmake/ament_cmake_export_targets-extras.cmake
[0.411s] -- Up-to-date: /home/UMRobotics/new_ws/install/tf2/share/tf2/cmake/tf2Config.cmake
[0.412s] -- Up-to-date: /home/UMRobotics/new_ws/install/tf2/share/tf2/cmake/tf2Config-version.cmake
[0.412s] -- Up-to-date: /home/UMRobotics/new_ws/install/tf2/share/tf2/package.xml
[0.418s] Invoked command in '/home/UMRobotics/new_ws/build/tf2' returned '0': CMAKE_PREFIX_PATH=${CMAKE_PREFIX_PATH}:/home/UMRobotics/new_ws/install/tf2_tools:/home/UMRobotics/new_ws/install/examples_tf2_py:/home/UMRobotics/new_ws/install/tf2_ros_py:/home/UMRobotics/new_ws/install/moveit_configs_utils:/home/UMRobotics/moveit_ws/install/moveit_configs_utils:/opt/ros/jazzy DEBUGINFOD_URLS=https://debuginfod.ubuntu.com /usr/bin/cmake --install /home/UMRobotics/new_ws/build/tf2
