[1.954s] Invoking command in '/home/UMRobotics/new_ws/src/geometry2/examples_tf2_py': AMENT_PREFIX_PATH=/home/UMRobotics/new_ws/install/tf2_ros_py:/home/UMRobotics/new_ws/install/tf2_py:/home/UMRobotics/new_ws/install/tf2_msgs:/home/UMRobotics/new_ws/install/tf2:${AMENT_PREFIX_PATH} CMAKE_PREFIX_PATH=/home/UMRobotics/new_ws/install/tf2_py:/home/UMRobotics/new_ws/install/tf2_msgs:/home/UMRobotics/new_ws/install/tf2:${CMAKE_PREFIX_PATH} DEBUGINFOD_URLS=https://debuginfod.ubuntu.com LD_LIBRARY_PATH=/home/UMRobotics/new_ws/install/tf2_msgs/lib:/home/UMRobotics/new_ws/install/tf2/lib:/home/UMRobotics/moveit_ws/install/robotiq_driver/lib:/home/UMRobotics/moveit_ws/install/serial/lib:/home/UMRobotics/moveit_ws/install/rviz_visual_tools/lib:/home/UMRobotics/moveit_ws/install/rviz_marker_tools/lib:/home/UMRobotics/moveit_ws/install/robotiq_controllers/lib:/home/UMRobotics/moveit_ws/install/pilz_industrial_motion_planner_testutils/lib:/home/UMRobotics/moveit_ws/install/pick_ik/lib:/home/UMRobotics/moveit_ws/install/moveit_task_constructor_msgs/lib:/home/UMRobotics/moveit_ws/install/moveit_ros_control_interface/lib:/home/UMRobotics/moveit_ws/install/moveit_simple_controller_manager/lib:/home/UMRobotics/moveit_ws/install/moveit_ros_occupancy_map_monitor/lib:/home/UMRobotics/moveit_ws/install/moveit_resources_prbt_ikfast_manipulator_plugin/lib:/home/UMRobotics/moveit_ws/install/moveit_planners_stomp/lib:/home/UMRobotics/moveit_ws/install/chomp_motion_planner/lib:/home/UMRobotics/moveit_ws/install/moveit_core/lib:/home/UMRobotics/moveit_ws/install/moveit_msgs/lib:/home/UMRobotics/moveit_ws/install/kortex_driver/lib:/opt/ros/jazzy/opt/gz_sim_vendor/lib:/opt/ros/jazzy/opt/gz_sensors_vendor/lib:/opt/ros/jazzy/opt/gz_physics_vendor/lib:/opt/ros/jazzy/opt/sdformat_vendor/lib:/opt/ros/jazzy/opt/rviz_ogre_vendor/lib:/opt/ros/jazzy/lib/x86_64-linux-gnu:/opt/ros/jazzy/opt/gz_gui_vendor/lib:/opt/ros/jazzy/opt/gz_transport_vendor/lib:/opt/ros/jazzy/opt/gz_rendering_vendor/lib:/opt/ros/jazzy/opt/gz_plugin_vendor/lib:/opt/ros/jazzy/opt/gz_fuel_tools_vendor/lib:/opt/ros/jazzy/opt/gz_msgs_vendor/lib:/opt/ros/jazzy/opt/gz_common_vendor/lib:/opt/ros/jazzy/opt/gz_math_vendor/lib:/opt/ros/jazzy/opt/gz_utils_vendor/lib:/opt/ros/jazzy/opt/gz_tools_vendor/lib:/opt/ros/jazzy/opt/gz_ogre_next_vendor/lib:/opt/ros/jazzy/opt/gz_dartsim_vendor/lib:/opt/ros/jazzy/opt/gz_cmake_vendor/lib:/opt/ros/jazzy/lib:/usr/local/cuda/lib64 PYTHONPATH=/home/UMRobotics/new_ws/build/examples_tf2_py/prefix_override:/usr/lib/python3/dist-packages/colcon_core/task/python/colcon_distutils_commands:/home/UMRobotics/new_ws/install/examples_tf2_py/lib/python3.12/site-packages:/home/UMRobotics/new_ws/install/tf2_ros_py/lib/python3.12/site-packages:/home/UMRobotics/new_ws/install/tf2_py/lib/python3.12/site-packages:/home/UMRobotics/new_ws/install/tf2_msgs/lib/python3.12/site-packages:${PYTHONPATH} /usr/bin/python3 -W ignore:setup.py install is deprecated -W ignore:easy_install command is deprecated setup.py egg_info --egg-base ../../../build/examples_tf2_py build --build-base /home/UMRobotics/new_ws/build/examples_tf2_py/build install --record /home/UMRobotics/new_ws/build/examples_tf2_py/install.log --single-version-externally-managed install_data
[2.242s] running egg_info
[2.243s] creating ../../../build/examples_tf2_py/examples_tf2_py.egg-info
[2.265s] writing ../../../build/examples_tf2_py/examples_tf2_py.egg-info/PKG-INFO
[2.265s] writing dependency_links to ../../../build/examples_tf2_py/examples_tf2_py.egg-info/dependency_links.txt
[2.265s] writing entry points to ../../../build/examples_tf2_py/examples_tf2_py.egg-info/entry_points.txt
[2.266s] writing requirements to ../../../build/examples_tf2_py/examples_tf2_py.egg-info/requires.txt
[2.266s] writing top-level names to ../../../build/examples_tf2_py/examples_tf2_py.egg-info/top_level.txt
[2.266s] writing manifest file '../../../build/examples_tf2_py/examples_tf2_py.egg-info/SOURCES.txt'
[2.314s] reading manifest file '../../../build/examples_tf2_py/examples_tf2_py.egg-info/SOURCES.txt'
[2.314s] writing manifest file '../../../build/examples_tf2_py/examples_tf2_py.egg-info/SOURCES.txt'
[2.314s] running build
[2.314s] running build_py
[2.314s] creating /home/UMRobotics/new_ws/build/examples_tf2_py/build
[2.314s] creating /home/UMRobotics/new_ws/build/examples_tf2_py/build/lib
[2.314s] creating /home/UMRobotics/new_ws/build/examples_tf2_py/build/lib/examples_tf2_py
[2.315s] copying examples_tf2_py/waits_for_transform.py -> /home/UMRobotics/new_ws/build/examples_tf2_py/build/lib/examples_tf2_py
[2.315s] copying examples_tf2_py/blocking_waits_for_transform.py -> /home/UMRobotics/new_ws/build/examples_tf2_py/build/lib/examples_tf2_py
[2.315s] copying examples_tf2_py/static_broadcaster.py -> /home/UMRobotics/new_ws/build/examples_tf2_py/build/lib/examples_tf2_py
[2.315s] copying examples_tf2_py/frame_dumper.py -> /home/UMRobotics/new_ws/build/examples_tf2_py/build/lib/examples_tf2_py
[2.315s] copying examples_tf2_py/__init__.py -> /home/UMRobotics/new_ws/build/examples_tf2_py/build/lib/examples_tf2_py
[2.315s] copying examples_tf2_py/dynamic_broadcaster.py -> /home/UMRobotics/new_ws/build/examples_tf2_py/build/lib/examples_tf2_py
[2.315s] copying examples_tf2_py/async_waits_for_transform.py -> /home/UMRobotics/new_ws/build/examples_tf2_py/build/lib/examples_tf2_py
[2.315s] running install
[2.320s] running install_lib
[2.345s] creating /home/UMRobotics/new_ws/install/examples_tf2_py/lib/python3.12/site-packages/examples_tf2_py
[2.345s] copying /home/UMRobotics/new_ws/build/examples_tf2_py/build/lib/examples_tf2_py/waits_for_transform.py -> /home/UMRobotics/new_ws/install/examples_tf2_py/lib/python3.12/site-packages/examples_tf2_py
[2.345s] copying /home/UMRobotics/new_ws/build/examples_tf2_py/build/lib/examples_tf2_py/blocking_waits_for_transform.py -> /home/UMRobotics/new_ws/install/examples_tf2_py/lib/python3.12/site-packages/examples_tf2_py
[2.345s] copying /home/UMRobotics/new_ws/build/examples_tf2_py/build/lib/examples_tf2_py/static_broadcaster.py -> /home/UMRobotics/new_ws/install/examples_tf2_py/lib/python3.12/site-packages/examples_tf2_py
[2.346s] copying /home/UMRobotics/new_ws/build/examples_tf2_py/build/lib/examples_tf2_py/frame_dumper.py -> /home/UMRobotics/new_ws/install/examples_tf2_py/lib/python3.12/site-packages/examples_tf2_py
[2.346s] copying /home/UMRobotics/new_ws/build/examples_tf2_py/build/lib/examples_tf2_py/__init__.py -> /home/UMRobotics/new_ws/install/examples_tf2_py/lib/python3.12/site-packages/examples_tf2_py
[2.346s] copying /home/UMRobotics/new_ws/build/examples_tf2_py/build/lib/examples_tf2_py/dynamic_broadcaster.py -> /home/UMRobotics/new_ws/install/examples_tf2_py/lib/python3.12/site-packages/examples_tf2_py
[2.346s] copying /home/UMRobotics/new_ws/build/examples_tf2_py/build/lib/examples_tf2_py/async_waits_for_transform.py -> /home/UMRobotics/new_ws/install/examples_tf2_py/lib/python3.12/site-packages/examples_tf2_py
[2.346s] byte-compiling /home/UMRobotics/new_ws/install/examples_tf2_py/lib/python3.12/site-packages/examples_tf2_py/waits_for_transform.py to waits_for_transform.cpython-312.pyc
[2.347s] byte-compiling /home/UMRobotics/new_ws/install/examples_tf2_py/lib/python3.12/site-packages/examples_tf2_py/blocking_waits_for_transform.py to blocking_waits_for_transform.cpython-312.pyc
[2.347s] byte-compiling /home/UMRobotics/new_ws/install/examples_tf2_py/lib/python3.12/site-packages/examples_tf2_py/static_broadcaster.py to static_broadcaster.cpython-312.pyc
[2.348s] byte-compiling /home/UMRobotics/new_ws/install/examples_tf2_py/lib/python3.12/site-packages/examples_tf2_py/frame_dumper.py to frame_dumper.cpython-312.pyc
[2.348s] byte-compiling /home/UMRobotics/new_ws/install/examples_tf2_py/lib/python3.12/site-packages/examples_tf2_py/__init__.py to __init__.cpython-312.pyc
[2.348s] byte-compiling /home/UMRobotics/new_ws/install/examples_tf2_py/lib/python3.12/site-packages/examples_tf2_py/dynamic_broadcaster.py to dynamic_broadcaster.cpython-312.pyc
[2.349s] byte-compiling /home/UMRobotics/new_ws/install/examples_tf2_py/lib/python3.12/site-packages/examples_tf2_py/async_waits_for_transform.py to async_waits_for_transform.cpython-312.pyc
[2.349s] running install_data
[2.349s] creating /home/UMRobotics/new_ws/install/examples_tf2_py/share/ament_index
[2.349s] creating /home/UMRobotics/new_ws/install/examples_tf2_py/share/ament_index/resource_index
[2.349s] creating /home/UMRobotics/new_ws/install/examples_tf2_py/share/ament_index/resource_index/packages
[2.350s] copying resource/examples_tf2_py -> /home/UMRobotics/new_ws/install/examples_tf2_py/share/ament_index/resource_index/packages
[2.350s] copying package.xml -> /home/UMRobotics/new_ws/install/examples_tf2_py/share/examples_tf2_py
[2.350s] creating /home/UMRobotics/new_ws/install/examples_tf2_py/share/examples_tf2_py/launch
[2.350s] copying launch/broadcasters.launch.xml -> /home/UMRobotics/new_ws/install/examples_tf2_py/share/examples_tf2_py/launch
[2.350s] running install_egg_info
[2.375s] Copying ../../../build/examples_tf2_py/examples_tf2_py.egg-info to /home/UMRobotics/new_ws/install/examples_tf2_py/lib/python3.12/site-packages/examples_tf2_py-0.36.11-py3.12.egg-info
[2.375s] running install_scripts
[2.518s] Installing async_waits_for_transform script to /home/UMRobotics/new_ws/install/examples_tf2_py/lib/examples_tf2_py
[2.518s] Installing blocking_waits_for_transform script to /home/UMRobotics/new_ws/install/examples_tf2_py/lib/examples_tf2_py
[2.518s] Installing dynamic_broadcaster script to /home/UMRobotics/new_ws/install/examples_tf2_py/lib/examples_tf2_py
[2.518s] Installing frame_dumper script to /home/UMRobotics/new_ws/install/examples_tf2_py/lib/examples_tf2_py
[2.518s] Installing static_broadcaster script to /home/UMRobotics/new_ws/install/examples_tf2_py/lib/examples_tf2_py
[2.518s] Installing waits_for_transform script to /home/UMRobotics/new_ws/install/examples_tf2_py/lib/examples_tf2_py
[2.518s] writing list of installed files to '/home/UMRobotics/new_ws/build/examples_tf2_py/install.log'
[2.542s] Invoked command in '/home/UMRobotics/new_ws/src/geometry2/examples_tf2_py' returned '0': AMENT_PREFIX_PATH=/home/UMRobotics/new_ws/install/tf2_ros_py:/home/UMRobotics/new_ws/install/tf2_py:/home/UMRobotics/new_ws/install/tf2_msgs:/home/UMRobotics/new_ws/install/tf2:${AMENT_PREFIX_PATH} CMAKE_PREFIX_PATH=/home/UMRobotics/new_ws/install/tf2_py:/home/UMRobotics/new_ws/install/tf2_msgs:/home/UMRobotics/new_ws/install/tf2:${CMAKE_PREFIX_PATH} DEBUGINFOD_URLS=https://debuginfod.ubuntu.com LD_LIBRARY_PATH=/home/UMRobotics/new_ws/install/tf2_msgs/lib:/home/UMRobotics/new_ws/install/tf2/lib:/home/UMRobotics/moveit_ws/install/robotiq_driver/lib:/home/UMRobotics/moveit_ws/install/serial/lib:/home/UMRobotics/moveit_ws/install/rviz_visual_tools/lib:/home/UMRobotics/moveit_ws/install/rviz_marker_tools/lib:/home/UMRobotics/moveit_ws/install/robotiq_controllers/lib:/home/UMRobotics/moveit_ws/install/pilz_industrial_motion_planner_testutils/lib:/home/UMRobotics/moveit_ws/install/pick_ik/lib:/home/UMRobotics/moveit_ws/install/moveit_task_constructor_msgs/lib:/home/UMRobotics/moveit_ws/install/moveit_ros_control_interface/lib:/home/UMRobotics/moveit_ws/install/moveit_simple_controller_manager/lib:/home/UMRobotics/moveit_ws/install/moveit_ros_occupancy_map_monitor/lib:/home/UMRobotics/moveit_ws/install/moveit_resources_prbt_ikfast_manipulator_plugin/lib:/home/UMRobotics/moveit_ws/install/moveit_planners_stomp/lib:/home/UMRobotics/moveit_ws/install/chomp_motion_planner/lib:/home/UMRobotics/moveit_ws/install/moveit_core/lib:/home/UMRobotics/moveit_ws/install/moveit_msgs/lib:/home/UMRobotics/moveit_ws/install/kortex_driver/lib:/opt/ros/jazzy/opt/gz_sim_vendor/lib:/opt/ros/jazzy/opt/gz_sensors_vendor/lib:/opt/ros/jazzy/opt/gz_physics_vendor/lib:/opt/ros/jazzy/opt/sdformat_vendor/lib:/opt/ros/jazzy/opt/rviz_ogre_vendor/lib:/opt/ros/jazzy/lib/x86_64-linux-gnu:/opt/ros/jazzy/opt/gz_gui_vendor/lib:/opt/ros/jazzy/opt/gz_transport_vendor/lib:/opt/ros/jazzy/opt/gz_rendering_vendor/lib:/opt/ros/jazzy/opt/gz_plugin_vendor/lib:/opt/ros/jazzy/opt/gz_fuel_tools_vendor/lib:/opt/ros/jazzy/opt/gz_msgs_vendor/lib:/opt/ros/jazzy/opt/gz_common_vendor/lib:/opt/ros/jazzy/opt/gz_math_vendor/lib:/opt/ros/jazzy/opt/gz_utils_vendor/lib:/opt/ros/jazzy/opt/gz_tools_vendor/lib:/opt/ros/jazzy/opt/gz_ogre_next_vendor/lib:/opt/ros/jazzy/opt/gz_dartsim_vendor/lib:/opt/ros/jazzy/opt/gz_cmake_vendor/lib:/opt/ros/jazzy/lib:/usr/local/cuda/lib64 PYTHONPATH=/home/UMRobotics/new_ws/build/examples_tf2_py/prefix_override:/usr/lib/python3/dist-packages/colcon_core/task/python/colcon_distutils_commands:/home/UMRobotics/new_ws/install/examples_tf2_py/lib/python3.12/site-packages:/home/UMRobotics/new_ws/install/tf2_ros_py/lib/python3.12/site-packages:/home/UMRobotics/new_ws/install/tf2_py/lib/python3.12/site-packages:/home/UMRobotics/new_ws/install/tf2_msgs/lib/python3.12/site-packages:${PYTHONPATH} /usr/bin/python3 -W ignore:setup.py install is deprecated -W ignore:easy_install command is deprecated setup.py egg_info --egg-base ../../../build/examples_tf2_py build --build-base /home/UMRobotics/new_ws/build/examples_tf2_py/build install --record /home/UMRobotics/new_ws/build/examples_tf2_py/install.log --single-version-externally-managed install_data
