[0.075s] Invoking command in '/home/UMRobotics/new_ws/build/tf2_msgs': CMAKE_PREFIX_PATH=${CMAKE_PREFIX_PATH}:/home/UMRobotics/moveit_ws/install/moveit_configs_utils:/opt/ros/jazzy DEBUGINFOD_URLS=https://debuginfod.ubuntu.com /usr/bin/cmake --build /home/UMRobotics/new_ws/build/tf2_msgs -- -j16 -l16
[0.298s] [  1%] Built target tf2_msgs__rosidl_generator_type_description
[0.298s] [  1%] Built target ament_cmake_python_copy_tf2_msgs
[0.298s] [  4%] Built target tf2_msgs__cpp
[0.298s] [ 25%] Built target tf2_msgs__rosidl_generator_c
[0.298s] [ 62%] Built target tf2_msgs__rosidl_typesupport_cpp
[0.298s] [ 62%] Built target tf2_msgs__rosidl_typesupport_c
[0.298s] [ 62%] Built target tf2_msgs__rosidl_typesupport_fastrtps_c
[0.298s] [ 62%] Built target tf2_msgs__rosidl_typesupport_introspection_cpp
[0.298s] [ 71%] Built target tf2_msgs__rosidl_typesupport_fastrtps_cpp
[0.298s] [ 81%] Built target tf2_msgs__rosidl_typesupport_introspection_c
[0.298s] [ 81%] Built target tf2_msgs
[0.299s] [ 82%] Built target tf2_msgs__py
[0.299s] [ 90%] Built target tf2_msgs__rosidl_generator_py
[0.299s] [ 96%] Built target tf2_msgs_s__rosidl_typesupport_c
[0.299s] [ 96%] Built target tf2_msgs_s__rosidl_typesupport_introspection_c
[0.299s] [100%] Built target tf2_msgs_s__rosidl_typesupport_fastrtps_c
[0.346s] running egg_info
[0.372s] writing tf2_msgs.egg-info/PKG-INFO
[0.372s] writing dependency_links to tf2_msgs.egg-info/dependency_links.txt
[0.372s] writing top-level names to tf2_msgs.egg-info/top_level.txt
[0.456s] reading manifest file 'tf2_msgs.egg-info/SOURCES.txt'
[0.456s] writing manifest file 'tf2_msgs.egg-info/SOURCES.txt'
[0.497s] [100%] Built target ament_cmake_python_build_tf2_msgs_egg
[0.507s] Invoked command in '/home/UMRobotics/new_ws/build/tf2_msgs' returned '0': CMAKE_PREFIX_PATH=${CMAKE_PREFIX_PATH}:/home/UMRobotics/moveit_ws/install/moveit_configs_utils:/opt/ros/jazzy DEBUGINFOD_URLS=https://debuginfod.ubuntu.com /usr/bin/cmake --build /home/UMRobotics/new_ws/build/tf2_msgs -- -j16 -l16
[0.508s] Invoking command in '/home/UMRobotics/new_ws/build/tf2_msgs': CMAKE_PREFIX_PATH=${CMAKE_PREFIX_PATH}:/home/UMRobotics/moveit_ws/install/moveit_configs_utils:/opt/ros/jazzy DEBUGINFOD_URLS=https://debuginfod.ubuntu.com /usr/bin/cmake --install /home/UMRobotics/new_ws/build/tf2_msgs
[0.516s] -- Install configuration: ""
[0.516s] -- Up-to-date: /home/UMRobotics/new_ws/install/tf2_msgs/share/ament_index/resource_index/rosidl_interfaces/tf2_msgs
[0.516s] -- Up-to-date: /home/UMRobotics/new_ws/install/tf2_msgs/share/tf2_msgs/msg/TF2Error.json
[0.516s] -- Up-to-date: /home/UMRobotics/new_ws/install/tf2_msgs/share/tf2_msgs/msg/TFMessage.json
[0.516s] -- Up-to-date: /home/UMRobotics/new_ws/install/tf2_msgs/share/tf2_msgs/srv/FrameGraph.json
[0.516s] -- Up-to-date: /home/UMRobotics/new_ws/install/tf2_msgs/share/tf2_msgs/action/LookupTransform.json
[0.516s] -- Up-to-date: /home/UMRobotics/new_ws/install/tf2_msgs/include/tf2_msgs/tf2_msgs
[0.517s] -- Up-to-date: /home/UMRobotics/new_ws/install/tf2_msgs/include/tf2_msgs/tf2_msgs/msg
[0.517s] -- Up-to-date: /home/UMRobotics/new_ws/install/tf2_msgs/include/tf2_msgs/tf2_msgs/msg/rosidl_generator_c__visibility_control.h
[0.517s] -- Up-to-date: /home/UMRobotics/new_ws/install/tf2_msgs/include/tf2_msgs/tf2_msgs/msg/tf_message.h
[0.517s] -- Up-to-date: /home/UMRobotics/new_ws/install/tf2_msgs/include/tf2_msgs/tf2_msgs/msg/tf2_error.h
[0.517s] -- Up-to-date: /home/UMRobotics/new_ws/install/tf2_msgs/include/tf2_msgs/tf2_msgs/msg/detail
[0.517s] -- Up-to-date: /home/UMRobotics/new_ws/install/tf2_msgs/include/tf2_msgs/tf2_msgs/msg/detail/tf_message__type_support.h
[0.517s] -- Up-to-date: /home/UMRobotics/new_ws/install/tf2_msgs/include/tf2_msgs/tf2_msgs/msg/detail/tf_message__type_support.c
[0.517s] -- Up-to-date: /home/UMRobotics/new_ws/install/tf2_msgs/include/tf2_msgs/tf2_msgs/msg/detail/tf2_error__functions.c
[0.517s] -- Up-to-date: /home/UMRobotics/new_ws/install/tf2_msgs/include/tf2_msgs/tf2_msgs/msg/detail/tf2_error__description.c
[0.517s] -- Up-to-date: /home/UMRobotics/new_ws/install/tf2_msgs/include/tf2_msgs/tf2_msgs/msg/detail/tf2_error__type_support.c
[0.517s] -- Up-to-date: /home/UMRobotics/new_ws/install/tf2_msgs/include/tf2_msgs/tf2_msgs/msg/detail/tf2_error__type_support.h
[0.517s] -- Up-to-date: /home/UMRobotics/new_ws/install/tf2_msgs/include/tf2_msgs/tf2_msgs/msg/detail/tf2_error__functions.h
[0.517s] -- Up-to-date: /home/UMRobotics/new_ws/install/tf2_msgs/include/tf2_msgs/tf2_msgs/msg/detail/tf_message__functions.c
[0.517s] -- Up-to-date: /home/UMRobotics/new_ws/install/tf2_msgs/include/tf2_msgs/tf2_msgs/msg/detail/tf_message__functions.h
[0.517s] -- Up-to-date: /home/UMRobotics/new_ws/install/tf2_msgs/include/tf2_msgs/tf2_msgs/msg/detail/tf_message__description.c
[0.517s] -- Up-to-date: /home/UMRobotics/new_ws/install/tf2_msgs/include/tf2_msgs/tf2_msgs/msg/detail/tf_message__struct.h
[0.517s] -- Up-to-date: /home/UMRobotics/new_ws/install/tf2_msgs/include/tf2_msgs/tf2_msgs/msg/detail/tf2_error__struct.h
[0.517s] -- Up-to-date: /home/UMRobotics/new_ws/install/tf2_msgs/include/tf2_msgs/tf2_msgs/srv
[0.517s] -- Up-to-date: /home/UMRobotics/new_ws/install/tf2_msgs/include/tf2_msgs/tf2_msgs/srv/frame_graph.h
[0.517s] -- Up-to-date: /home/UMRobotics/new_ws/install/tf2_msgs/include/tf2_msgs/tf2_msgs/srv/detail
[0.518s] -- Up-to-date: /home/UMRobotics/new_ws/install/tf2_msgs/include/tf2_msgs/tf2_msgs/srv/detail/frame_graph__functions.c
[0.518s] -- Up-to-date: /home/UMRobotics/new_ws/install/tf2_msgs/include/tf2_msgs/tf2_msgs/srv/detail/frame_graph__type_support.c
[0.518s] -- Up-to-date: /home/UMRobotics/new_ws/install/tf2_msgs/include/tf2_msgs/tf2_msgs/srv/detail/frame_graph__struct.h
[0.518s] -- Up-to-date: /home/UMRobotics/new_ws/install/tf2_msgs/include/tf2_msgs/tf2_msgs/srv/detail/frame_graph__functions.h
[0.518s] -- Up-to-date: /home/UMRobotics/new_ws/install/tf2_msgs/include/tf2_msgs/tf2_msgs/srv/detail/frame_graph__description.c
[0.518s] -- Up-to-date: /home/UMRobotics/new_ws/install/tf2_msgs/include/tf2_msgs/tf2_msgs/srv/detail/frame_graph__type_support.h
[0.518s] -- Up-to-date: /home/UMRobotics/new_ws/install/tf2_msgs/include/tf2_msgs/tf2_msgs/action
[0.518s] -- Up-to-date: /home/UMRobotics/new_ws/install/tf2_msgs/include/tf2_msgs/tf2_msgs/action/detail
[0.518s] -- Up-to-date: /home/UMRobotics/new_ws/install/tf2_msgs/include/tf2_msgs/tf2_msgs/action/detail/lookup_transform__type_support.c
[0.518s] -- Up-to-date: /home/UMRobotics/new_ws/install/tf2_msgs/include/tf2_msgs/tf2_msgs/action/detail/lookup_transform__description.c
[0.518s] -- Up-to-date: /home/UMRobotics/new_ws/install/tf2_msgs/include/tf2_msgs/tf2_msgs/action/detail/lookup_transform__functions.h
[0.518s] -- Up-to-date: /home/UMRobotics/new_ws/install/tf2_msgs/include/tf2_msgs/tf2_msgs/action/detail/lookup_transform__struct.h
[0.518s] -- Up-to-date: /home/UMRobotics/new_ws/install/tf2_msgs/include/tf2_msgs/tf2_msgs/action/detail/lookup_transform__type_support.h
[0.518s] -- Up-to-date: /home/UMRobotics/new_ws/install/tf2_msgs/include/tf2_msgs/tf2_msgs/action/detail/lookup_transform__functions.c
[0.518s] -- Up-to-date: /home/UMRobotics/new_ws/install/tf2_msgs/include/tf2_msgs/tf2_msgs/action/lookup_transform.h
[0.518s] -- Up-to-date: /home/UMRobotics/new_ws/install/tf2_msgs/share/tf2_msgs/environment/library_path.sh
[0.518s] -- Up-to-date: /home/UMRobotics/new_ws/install/tf2_msgs/share/tf2_msgs/environment/library_path.dsv
[0.518s] -- Up-to-date: /home/UMRobotics/new_ws/install/tf2_msgs/lib/libtf2_msgs__rosidl_generator_c.so
[0.519s] -- Up-to-date: /home/UMRobotics/new_ws/install/tf2_msgs/include/tf2_msgs/tf2_msgs
[0.519s] -- Up-to-date: /home/UMRobotics/new_ws/install/tf2_msgs/include/tf2_msgs/tf2_msgs/msg
[0.519s] -- Up-to-date: /home/UMRobotics/new_ws/install/tf2_msgs/include/tf2_msgs/tf2_msgs/msg/rosidl_typesupport_fastrtps_c__visibility_control.h
[0.519s] -- Up-to-date: /home/UMRobotics/new_ws/install/tf2_msgs/include/tf2_msgs/tf2_msgs/msg/detail
[0.519s] -- Up-to-date: /home/UMRobotics/new_ws/install/tf2_msgs/include/tf2_msgs/tf2_msgs/msg/detail/tf_message__rosidl_typesupport_fastrtps_c.h
[0.519s] -- Up-to-date: /home/UMRobotics/new_ws/install/tf2_msgs/include/tf2_msgs/tf2_msgs/msg/detail/tf2_error__rosidl_typesupport_fastrtps_c.h
[0.519s] -- Up-to-date: /home/UMRobotics/new_ws/install/tf2_msgs/include/tf2_msgs/tf2_msgs/srv
[0.519s] -- Up-to-date: /home/UMRobotics/new_ws/install/tf2_msgs/include/tf2_msgs/tf2_msgs/srv/detail
[0.519s] -- Up-to-date: /home/UMRobotics/new_ws/install/tf2_msgs/include/tf2_msgs/tf2_msgs/srv/detail/frame_graph__rosidl_typesupport_fastrtps_c.h
[0.519s] -- Up-to-date: /home/UMRobotics/new_ws/install/tf2_msgs/include/tf2_msgs/tf2_msgs/action
[0.519s] -- Up-to-date: /home/UMRobotics/new_ws/install/tf2_msgs/include/tf2_msgs/tf2_msgs/action/detail
[0.519s] -- Up-to-date: /home/UMRobotics/new_ws/install/tf2_msgs/include/tf2_msgs/tf2_msgs/action/detail/lookup_transform__rosidl_typesupport_fastrtps_c.h
[0.519s] -- Up-to-date: /home/UMRobotics/new_ws/install/tf2_msgs/lib/libtf2_msgs__rosidl_typesupport_fastrtps_c.so
[0.519s] -- Up-to-date: /home/UMRobotics/new_ws/install/tf2_msgs/include/tf2_msgs/tf2_msgs
[0.519s] -- Up-to-date: /home/UMRobotics/new_ws/install/tf2_msgs/include/tf2_msgs/tf2_msgs/msg
[0.519s] -- Up-to-date: /home/UMRobotics/new_ws/install/tf2_msgs/include/tf2_msgs/tf2_msgs/msg/rosidl_typesupport_introspection_c__visibility_control.h
[0.519s] -- Up-to-date: /home/UMRobotics/new_ws/install/tf2_msgs/include/tf2_msgs/tf2_msgs/msg/detail
[0.519s] -- Up-to-date: /home/UMRobotics/new_ws/install/tf2_msgs/include/tf2_msgs/tf2_msgs/msg/detail/tf2_error__rosidl_typesupport_introspection_c.h
[0.519s] -- Up-to-date: /home/UMRobotics/new_ws/install/tf2_msgs/include/tf2_msgs/tf2_msgs/msg/detail/tf_message__type_support.c
[0.520s] -- Up-to-date: /home/UMRobotics/new_ws/install/tf2_msgs/include/tf2_msgs/tf2_msgs/msg/detail/tf2_error__type_support.c
[0.520s] -- Up-to-date: /home/UMRobotics/new_ws/install/tf2_msgs/include/tf2_msgs/tf2_msgs/msg/detail/tf_message__rosidl_typesupport_introspection_c.h
[0.520s] -- Up-to-date: /home/UMRobotics/new_ws/install/tf2_msgs/include/tf2_msgs/tf2_msgs/srv
[0.520s] -- Up-to-date: /home/UMRobotics/new_ws/install/tf2_msgs/include/tf2_msgs/tf2_msgs/srv/detail
[0.520s] -- Up-to-date: /home/UMRobotics/new_ws/install/tf2_msgs/include/tf2_msgs/tf2_msgs/srv/detail/frame_graph__type_support.c
[0.520s] -- Up-to-date: /home/UMRobotics/new_ws/install/tf2_msgs/include/tf2_msgs/tf2_msgs/srv/detail/frame_graph__rosidl_typesupport_introspection_c.h
[0.520s] -- Up-to-date: /home/UMRobotics/new_ws/install/tf2_msgs/include/tf2_msgs/tf2_msgs/action
[0.520s] -- Up-to-date: /home/UMRobotics/new_ws/install/tf2_msgs/include/tf2_msgs/tf2_msgs/action/detail
[0.520s] -- Up-to-date: /home/UMRobotics/new_ws/install/tf2_msgs/include/tf2_msgs/tf2_msgs/action/detail/lookup_transform__type_support.c
[0.520s] -- Up-to-date: /home/UMRobotics/new_ws/install/tf2_msgs/include/tf2_msgs/tf2_msgs/action/detail/lookup_transform__rosidl_typesupport_introspection_c.h
[0.520s] -- Up-to-date: /home/UMRobotics/new_ws/install/tf2_msgs/lib/libtf2_msgs__rosidl_typesupport_introspection_c.so
[0.520s] -- Up-to-date: /home/UMRobotics/new_ws/install/tf2_msgs/lib/libtf2_msgs__rosidl_typesupport_c.so
[0.520s] -- Up-to-date: /home/UMRobotics/new_ws/install/tf2_msgs/include/tf2_msgs/tf2_msgs
[0.520s] -- Up-to-date: /home/UMRobotics/new_ws/install/tf2_msgs/include/tf2_msgs/tf2_msgs/msg
[0.520s] -- Up-to-date: /home/UMRobotics/new_ws/install/tf2_msgs/include/tf2_msgs/tf2_msgs/msg/tf_message.hpp
[0.521s] -- Up-to-date: /home/UMRobotics/new_ws/install/tf2_msgs/include/tf2_msgs/tf2_msgs/msg/tf2_error.hpp
[0.521s] -- Up-to-date: /home/UMRobotics/new_ws/install/tf2_msgs/include/tf2_msgs/tf2_msgs/msg/rosidl_generator_cpp__visibility_control.hpp
[0.521s] -- Up-to-date: /home/UMRobotics/new_ws/install/tf2_msgs/include/tf2_msgs/tf2_msgs/msg/detail
[0.521s] -- Up-to-date: /home/UMRobotics/new_ws/install/tf2_msgs/include/tf2_msgs/tf2_msgs/msg/detail/tf_message__type_support.hpp
[0.521s] -- Up-to-date: /home/UMRobotics/new_ws/install/tf2_msgs/include/tf2_msgs/tf2_msgs/msg/detail/tf_message__traits.hpp
[0.521s] -- Up-to-date: /home/UMRobotics/new_ws/install/tf2_msgs/include/tf2_msgs/tf2_msgs/msg/detail/tf2_error__struct.hpp
[0.521s] -- Up-to-date: /home/UMRobotics/new_ws/install/tf2_msgs/include/tf2_msgs/tf2_msgs/msg/detail/tf2_error__type_support.hpp
[0.521s] -- Up-to-date: /home/UMRobotics/new_ws/install/tf2_msgs/include/tf2_msgs/tf2_msgs/msg/detail/tf2_error__builder.hpp
[0.521s] -- Up-to-date: /home/UMRobotics/new_ws/install/tf2_msgs/include/tf2_msgs/tf2_msgs/msg/detail/tf2_error__traits.hpp
[0.521s] -- Up-to-date: /home/UMRobotics/new_ws/install/tf2_msgs/include/tf2_msgs/tf2_msgs/msg/detail/tf_message__builder.hpp
[0.521s] -- Up-to-date: /home/UMRobotics/new_ws/install/tf2_msgs/include/tf2_msgs/tf2_msgs/msg/detail/tf_message__struct.hpp
[0.521s] -- Up-to-date: /home/UMRobotics/new_ws/install/tf2_msgs/include/tf2_msgs/tf2_msgs/srv
[0.522s] -- Up-to-date: /home/UMRobotics/new_ws/install/tf2_msgs/include/tf2_msgs/tf2_msgs/srv/frame_graph.hpp
[0.522s] -- Up-to-date: /home/UMRobotics/new_ws/install/tf2_msgs/include/tf2_msgs/tf2_msgs/srv/detail
[0.522s] -- Up-to-date: /home/UMRobotics/new_ws/install/tf2_msgs/include/tf2_msgs/tf2_msgs/srv/detail/frame_graph__traits.hpp
[0.522s] -- Up-to-date: /home/UMRobotics/new_ws/install/tf2_msgs/include/tf2_msgs/tf2_msgs/srv/detail/frame_graph__builder.hpp
[0.522s] -- Up-to-date: /home/UMRobotics/new_ws/install/tf2_msgs/include/tf2_msgs/tf2_msgs/srv/detail/frame_graph__struct.hpp
[0.522s] -- Up-to-date: /home/UMRobotics/new_ws/install/tf2_msgs/include/tf2_msgs/tf2_msgs/srv/detail/frame_graph__type_support.hpp
[0.522s] -- Up-to-date: /home/UMRobotics/new_ws/install/tf2_msgs/include/tf2_msgs/tf2_msgs/action
[0.522s] -- Up-to-date: /home/UMRobotics/new_ws/install/tf2_msgs/include/tf2_msgs/tf2_msgs/action/detail
[0.522s] -- Up-to-date: /home/UMRobotics/new_ws/install/tf2_msgs/include/tf2_msgs/tf2_msgs/action/detail/lookup_transform__type_support.hpp
[0.522s] -- Up-to-date: /home/UMRobotics/new_ws/install/tf2_msgs/include/tf2_msgs/tf2_msgs/action/detail/lookup_transform__builder.hpp
[0.522s] -- Up-to-date: /home/UMRobotics/new_ws/install/tf2_msgs/include/tf2_msgs/tf2_msgs/action/detail/lookup_transform__struct.hpp
[0.522s] -- Up-to-date: /home/UMRobotics/new_ws/install/tf2_msgs/include/tf2_msgs/tf2_msgs/action/detail/lookup_transform__traits.hpp
[0.523s] -- Up-to-date: /home/UMRobotics/new_ws/install/tf2_msgs/include/tf2_msgs/tf2_msgs/action/lookup_transform.hpp
[0.523s] -- Up-to-date: /home/UMRobotics/new_ws/install/tf2_msgs/include/tf2_msgs/tf2_msgs
[0.523s] -- Up-to-date: /home/UMRobotics/new_ws/install/tf2_msgs/include/tf2_msgs/tf2_msgs/msg
[0.523s] -- Up-to-date: /home/UMRobotics/new_ws/install/tf2_msgs/include/tf2_msgs/tf2_msgs/msg/detail
[0.523s] -- Up-to-date: /home/UMRobotics/new_ws/install/tf2_msgs/include/tf2_msgs/tf2_msgs/msg/detail/tf2_error__rosidl_typesupport_fastrtps_cpp.hpp
[0.523s] -- Up-to-date: /home/UMRobotics/new_ws/install/tf2_msgs/include/tf2_msgs/tf2_msgs/msg/detail/tf_message__rosidl_typesupport_fastrtps_cpp.hpp
[0.523s] -- Up-to-date: /home/UMRobotics/new_ws/install/tf2_msgs/include/tf2_msgs/tf2_msgs/msg/detail/dds_fastrtps
[0.523s] -- Up-to-date: /home/UMRobotics/new_ws/install/tf2_msgs/include/tf2_msgs/tf2_msgs/msg/rosidl_typesupport_fastrtps_cpp__visibility_control.h
[0.523s] -- Up-to-date: /home/UMRobotics/new_ws/install/tf2_msgs/include/tf2_msgs/tf2_msgs/srv
[0.523s] -- Up-to-date: /home/UMRobotics/new_ws/install/tf2_msgs/include/tf2_msgs/tf2_msgs/srv/detail
[0.523s] -- Up-to-date: /home/UMRobotics/new_ws/install/tf2_msgs/include/tf2_msgs/tf2_msgs/srv/detail/frame_graph__rosidl_typesupport_fastrtps_cpp.hpp
[0.524s] -- Up-to-date: /home/UMRobotics/new_ws/install/tf2_msgs/include/tf2_msgs/tf2_msgs/srv/detail/dds_fastrtps
[0.524s] -- Up-to-date: /home/UMRobotics/new_ws/install/tf2_msgs/include/tf2_msgs/tf2_msgs/action
[0.524s] -- Up-to-date: /home/UMRobotics/new_ws/install/tf2_msgs/include/tf2_msgs/tf2_msgs/action/detail
[0.524s] -- Up-to-date: /home/UMRobotics/new_ws/install/tf2_msgs/include/tf2_msgs/tf2_msgs/action/detail/dds_fastrtps
[0.524s] -- Up-to-date: /home/UMRobotics/new_ws/install/tf2_msgs/include/tf2_msgs/tf2_msgs/action/detail/lookup_transform__rosidl_typesupport_fastrtps_cpp.hpp
[0.524s] -- Up-to-date: /home/UMRobotics/new_ws/install/tf2_msgs/lib/libtf2_msgs__rosidl_typesupport_fastrtps_cpp.so
[0.525s] -- Up-to-date: /home/UMRobotics/new_ws/install/tf2_msgs/include/tf2_msgs/tf2_msgs
[0.525s] -- Up-to-date: /home/UMRobotics/new_ws/install/tf2_msgs/include/tf2_msgs/tf2_msgs/msg
[0.525s] -- Up-to-date: /home/UMRobotics/new_ws/install/tf2_msgs/include/tf2_msgs/tf2_msgs/msg/detail
[0.525s] -- Up-to-date: /home/UMRobotics/new_ws/install/tf2_msgs/include/tf2_msgs/tf2_msgs/msg/detail/tf_message__type_support.cpp
[0.525s] -- Up-to-date: /home/UMRobotics/new_ws/install/tf2_msgs/include/tf2_msgs/tf2_msgs/msg/detail/tf2_error__rosidl_typesupport_introspection_cpp.hpp
[0.525s] -- Up-to-date: /home/UMRobotics/new_ws/install/tf2_msgs/include/tf2_msgs/tf2_msgs/msg/detail/tf_message__rosidl_typesupport_introspection_cpp.hpp
[0.525s] -- Up-to-date: /home/UMRobotics/new_ws/install/tf2_msgs/include/tf2_msgs/tf2_msgs/msg/detail/tf2_error__type_support.cpp
[0.525s] -- Up-to-date: /home/UMRobotics/new_ws/install/tf2_msgs/include/tf2_msgs/tf2_msgs/srv
[0.525s] -- Up-to-date: /home/UMRobotics/new_ws/install/tf2_msgs/include/tf2_msgs/tf2_msgs/srv/detail
[0.525s] -- Up-to-date: /home/UMRobotics/new_ws/install/tf2_msgs/include/tf2_msgs/tf2_msgs/srv/detail/frame_graph__type_support.cpp
[0.526s] -- Up-to-date: /home/UMRobotics/new_ws/install/tf2_msgs/include/tf2_msgs/tf2_msgs/srv/detail/frame_graph__rosidl_typesupport_introspection_cpp.hpp
[0.526s] -- Up-to-date: /home/UMRobotics/new_ws/install/tf2_msgs/include/tf2_msgs/tf2_msgs/action
[0.526s] -- Up-to-date: /home/UMRobotics/new_ws/install/tf2_msgs/include/tf2_msgs/tf2_msgs/action/detail
[0.526s] -- Up-to-date: /home/UMRobotics/new_ws/install/tf2_msgs/include/tf2_msgs/tf2_msgs/action/detail/lookup_transform__rosidl_typesupport_introspection_cpp.hpp
[0.526s] -- Up-to-date: /home/UMRobotics/new_ws/install/tf2_msgs/include/tf2_msgs/tf2_msgs/action/detail/lookup_transform__type_support.cpp
[0.526s] -- Up-to-date: /home/UMRobotics/new_ws/install/tf2_msgs/lib/libtf2_msgs__rosidl_typesupport_introspection_cpp.so
[0.526s] -- Up-to-date: /home/UMRobotics/new_ws/install/tf2_msgs/lib/libtf2_msgs__rosidl_typesupport_cpp.so
[0.527s] -- Up-to-date: /home/UMRobotics/new_ws/install/tf2_msgs/share/tf2_msgs/environment/pythonpath.sh
[0.527s] -- Up-to-date: /home/UMRobotics/new_ws/install/tf2_msgs/share/tf2_msgs/environment/pythonpath.dsv
[0.527s] -- Up-to-date: /home/UMRobotics/new_ws/install/tf2_msgs/lib/python3.12/site-packages/tf2_msgs-0.36.11-py3.12.egg-info
[0.527s] -- Installing: /home/UMRobotics/new_ws/install/tf2_msgs/lib/python3.12/site-packages/tf2_msgs-0.36.11-py3.12.egg-info/PKG-INFO
[0.527s] -- Installing: /home/UMRobotics/new_ws/install/tf2_msgs/lib/python3.12/site-packages/tf2_msgs-0.36.11-py3.12.egg-info/SOURCES.txt
[0.527s] -- Installing: /home/UMRobotics/new_ws/install/tf2_msgs/lib/python3.12/site-packages/tf2_msgs-0.36.11-py3.12.egg-info/dependency_links.txt
[0.527s] -- Installing: /home/UMRobotics/new_ws/install/tf2_msgs/lib/python3.12/site-packages/tf2_msgs-0.36.11-py3.12.egg-info/top_level.txt
[0.527s] -- Up-to-date: /home/UMRobotics/new_ws/install/tf2_msgs/lib/python3.12/site-packages/tf2_msgs
[0.527s] -- Up-to-date: /home/UMRobotics/new_ws/install/tf2_msgs/lib/python3.12/site-packages/tf2_msgs/_tf2_msgs_s.ep.rosidl_typesupport_fastrtps_c.c
[0.527s] -- Up-to-date: /home/UMRobotics/new_ws/install/tf2_msgs/lib/python3.12/site-packages/tf2_msgs/tf2_msgs_s__rosidl_typesupport_fastrtps_c.so
[0.527s] -- Up-to-date: /home/UMRobotics/new_ws/install/tf2_msgs/lib/python3.12/site-packages/tf2_msgs/msg
[0.527s] -- Up-to-date: /home/UMRobotics/new_ws/install/tf2_msgs/lib/python3.12/site-packages/tf2_msgs/msg/_tf_message_s.c
[0.527s] -- Up-to-date: /home/UMRobotics/new_ws/install/tf2_msgs/lib/python3.12/site-packages/tf2_msgs/msg/_tf_message.py
[0.528s] -- Up-to-date: /home/UMRobotics/new_ws/install/tf2_msgs/lib/python3.12/site-packages/tf2_msgs/msg/__init__.py
[0.528s] -- Up-to-date: /home/UMRobotics/new_ws/install/tf2_msgs/lib/python3.12/site-packages/tf2_msgs/msg/_tf2_error_s.c
[0.528s] -- Up-to-date: /home/UMRobotics/new_ws/install/tf2_msgs/lib/python3.12/site-packages/tf2_msgs/msg/_tf2_error.py
[0.528s] -- Up-to-date: /home/UMRobotics/new_ws/install/tf2_msgs/lib/python3.12/site-packages/tf2_msgs/srv
[0.528s] -- Up-to-date: /home/UMRobotics/new_ws/install/tf2_msgs/lib/python3.12/site-packages/tf2_msgs/srv/_frame_graph_s.c
[0.528s] -- Up-to-date: /home/UMRobotics/new_ws/install/tf2_msgs/lib/python3.12/site-packages/tf2_msgs/srv/_frame_graph.py
[0.528s] -- Up-to-date: /home/UMRobotics/new_ws/install/tf2_msgs/lib/python3.12/site-packages/tf2_msgs/srv/__init__.py
[0.528s] -- Up-to-date: /home/UMRobotics/new_ws/install/tf2_msgs/lib/python3.12/site-packages/tf2_msgs/action
[0.528s] -- Up-to-date: /home/UMRobotics/new_ws/install/tf2_msgs/lib/python3.12/site-packages/tf2_msgs/action/_lookup_transform_s.c
[0.528s] -- Up-to-date: /home/UMRobotics/new_ws/install/tf2_msgs/lib/python3.12/site-packages/tf2_msgs/action/__init__.py
[0.528s] -- Up-to-date: /home/UMRobotics/new_ws/install/tf2_msgs/lib/python3.12/site-packages/tf2_msgs/action/_lookup_transform.py
[0.528s] -- Up-to-date: /home/UMRobotics/new_ws/install/tf2_msgs/lib/python3.12/site-packages/tf2_msgs/tf2_msgs_s__rosidl_typesupport_c.so
[0.529s] -- Up-to-date: /home/UMRobotics/new_ws/install/tf2_msgs/lib/python3.12/site-packages/tf2_msgs/tf2_msgs_s__rosidl_typesupport_introspection_c.so
[0.529s] -- Up-to-date: /home/UMRobotics/new_ws/install/tf2_msgs/lib/python3.12/site-packages/tf2_msgs/_tf2_msgs_s.ep.rosidl_typesupport_introspection_c.c
[0.529s] -- Up-to-date: /home/UMRobotics/new_ws/install/tf2_msgs/lib/python3.12/site-packages/tf2_msgs/__init__.py
[0.529s] -- Up-to-date: /home/UMRobotics/new_ws/install/tf2_msgs/lib/python3.12/site-packages/tf2_msgs/_tf2_msgs_s.ep.rosidl_typesupport_c.c
[0.551s] Listing '/home/UMRobotics/new_ws/install/tf2_msgs/lib/python3.12/site-packages/tf2_msgs'...
[0.551s] Listing '/home/UMRobotics/new_ws/install/tf2_msgs/lib/python3.12/site-packages/tf2_msgs/action'...
[0.551s] Listing '/home/UMRobotics/new_ws/install/tf2_msgs/lib/python3.12/site-packages/tf2_msgs/msg'...
[0.551s] Listing '/home/UMRobotics/new_ws/install/tf2_msgs/lib/python3.12/site-packages/tf2_msgs/srv'...
[0.556s] -- Up-to-date: /home/UMRobotics/new_ws/install/tf2_msgs/lib/python3.12/site-packages/tf2_msgs/tf2_msgs_s__rosidl_typesupport_fastrtps_c.so
[0.556s] -- Up-to-date: /home/UMRobotics/new_ws/install/tf2_msgs/lib/python3.12/site-packages/tf2_msgs/tf2_msgs_s__rosidl_typesupport_introspection_c.so
[0.556s] -- Up-to-date: /home/UMRobotics/new_ws/install/tf2_msgs/lib/python3.12/site-packages/tf2_msgs/tf2_msgs_s__rosidl_typesupport_c.so
[0.557s] -- Up-to-date: /home/UMRobotics/new_ws/install/tf2_msgs/lib/libtf2_msgs__rosidl_generator_py.so
[0.557s] -- Up-to-date: /home/UMRobotics/new_ws/install/tf2_msgs/share/tf2_msgs/msg/TF2Error.idl
[0.557s] -- Up-to-date: /home/UMRobotics/new_ws/install/tf2_msgs/share/tf2_msgs/msg/TFMessage.idl
[0.557s] -- Up-to-date: /home/UMRobotics/new_ws/install/tf2_msgs/share/tf2_msgs/srv/FrameGraph.idl
[0.557s] -- Up-to-date: /home/UMRobotics/new_ws/install/tf2_msgs/share/tf2_msgs/action/LookupTransform.idl
[0.557s] -- Up-to-date: /home/UMRobotics/new_ws/install/tf2_msgs/share/tf2_msgs/msg/TF2Error.msg
[0.557s] -- Up-to-date: /home/UMRobotics/new_ws/install/tf2_msgs/share/tf2_msgs/msg/TFMessage.msg
[0.557s] -- Up-to-date: /home/UMRobotics/new_ws/install/tf2_msgs/share/tf2_msgs/srv/FrameGraph.srv
[0.557s] -- Up-to-date: /home/UMRobotics/new_ws/install/tf2_msgs/share/tf2_msgs/action/LookupTransform.action
[0.557s] -- Up-to-date: /home/UMRobotics/new_ws/install/tf2_msgs/share/tf2_msgs/tfmessage_bridge_mapping_rule.yaml
[0.557s] -- Up-to-date: /home/UMRobotics/new_ws/install/tf2_msgs/share/ament_index/resource_index/package_run_dependencies/tf2_msgs
[0.557s] -- Up-to-date: /home/UMRobotics/new_ws/install/tf2_msgs/share/ament_index/resource_index/parent_prefix_path/tf2_msgs
[0.557s] -- Up-to-date: /home/UMRobotics/new_ws/install/tf2_msgs/share/tf2_msgs/environment/ament_prefix_path.sh
[0.557s] -- Up-to-date: /home/UMRobotics/new_ws/install/tf2_msgs/share/tf2_msgs/environment/ament_prefix_path.dsv
[0.557s] -- Up-to-date: /home/UMRobotics/new_ws/install/tf2_msgs/share/tf2_msgs/environment/path.sh
[0.558s] -- Up-to-date: /home/UMRobotics/new_ws/install/tf2_msgs/share/tf2_msgs/environment/path.dsv
[0.558s] -- Up-to-date: /home/UMRobotics/new_ws/install/tf2_msgs/share/tf2_msgs/local_setup.bash
[0.558s] -- Up-to-date: /home/UMRobotics/new_ws/install/tf2_msgs/share/tf2_msgs/local_setup.sh
[0.558s] -- Up-to-date: /home/UMRobotics/new_ws/install/tf2_msgs/share/tf2_msgs/local_setup.zsh
[0.558s] -- Up-to-date: /home/UMRobotics/new_ws/install/tf2_msgs/share/tf2_msgs/local_setup.dsv
[0.558s] -- Installing: /home/UMRobotics/new_ws/install/tf2_msgs/share/tf2_msgs/package.dsv
[0.558s] -- Up-to-date: /home/UMRobotics/new_ws/install/tf2_msgs/share/ament_index/resource_index/packages/tf2_msgs
[0.558s] -- Up-to-date: /home/UMRobotics/new_ws/install/tf2_msgs/share/tf2_msgs/cmake/export_tf2_msgs__rosidl_generator_cExport.cmake
[0.558s] -- Up-to-date: /home/UMRobotics/new_ws/install/tf2_msgs/share/tf2_msgs/cmake/export_tf2_msgs__rosidl_generator_cExport-noconfig.cmake
[0.558s] -- Up-to-date: /home/UMRobotics/new_ws/install/tf2_msgs/share/tf2_msgs/cmake/export_tf2_msgs__rosidl_typesupport_fastrtps_cExport.cmake
[0.558s] -- Up-to-date: /home/UMRobotics/new_ws/install/tf2_msgs/share/tf2_msgs/cmake/export_tf2_msgs__rosidl_typesupport_fastrtps_cExport-noconfig.cmake
[0.558s] -- Up-to-date: /home/UMRobotics/new_ws/install/tf2_msgs/share/tf2_msgs/cmake/tf2_msgs__rosidl_typesupport_introspection_cExport.cmake
[0.558s] -- Up-to-date: /home/UMRobotics/new_ws/install/tf2_msgs/share/tf2_msgs/cmake/tf2_msgs__rosidl_typesupport_introspection_cExport-noconfig.cmake
[0.558s] -- Up-to-date: /home/UMRobotics/new_ws/install/tf2_msgs/share/tf2_msgs/cmake/tf2_msgs__rosidl_typesupport_cExport.cmake
[0.558s] -- Up-to-date: /home/UMRobotics/new_ws/install/tf2_msgs/share/tf2_msgs/cmake/tf2_msgs__rosidl_typesupport_cExport-noconfig.cmake
[0.558s] -- Up-to-date: /home/UMRobotics/new_ws/install/tf2_msgs/share/tf2_msgs/cmake/export_tf2_msgs__rosidl_generator_cppExport.cmake
[0.558s] -- Up-to-date: /home/UMRobotics/new_ws/install/tf2_msgs/share/tf2_msgs/cmake/export_tf2_msgs__rosidl_typesupport_fastrtps_cppExport.cmake
[0.558s] -- Up-to-date: /home/UMRobotics/new_ws/install/tf2_msgs/share/tf2_msgs/cmake/export_tf2_msgs__rosidl_typesupport_fastrtps_cppExport-noconfig.cmake
[0.559s] -- Up-to-date: /home/UMRobotics/new_ws/install/tf2_msgs/share/tf2_msgs/cmake/tf2_msgs__rosidl_typesupport_introspection_cppExport.cmake
[0.559s] -- Up-to-date: /home/UMRobotics/new_ws/install/tf2_msgs/share/tf2_msgs/cmake/tf2_msgs__rosidl_typesupport_introspection_cppExport-noconfig.cmake
[0.559s] -- Up-to-date: /home/UMRobotics/new_ws/install/tf2_msgs/share/tf2_msgs/cmake/tf2_msgs__rosidl_typesupport_cppExport.cmake
[0.559s] -- Up-to-date: /home/UMRobotics/new_ws/install/tf2_msgs/share/tf2_msgs/cmake/tf2_msgs__rosidl_typesupport_cppExport-noconfig.cmake
[0.559s] -- Up-to-date: /home/UMRobotics/new_ws/install/tf2_msgs/share/tf2_msgs/cmake/export_tf2_msgs__rosidl_generator_pyExport.cmake
[0.559s] -- Up-to-date: /home/UMRobotics/new_ws/install/tf2_msgs/share/tf2_msgs/cmake/export_tf2_msgs__rosidl_generator_pyExport-noconfig.cmake
[0.559s] -- Up-to-date: /home/UMRobotics/new_ws/install/tf2_msgs/share/tf2_msgs/cmake/rosidl_cmake-extras.cmake
[0.559s] -- Up-to-date: /home/UMRobotics/new_ws/install/tf2_msgs/share/tf2_msgs/cmake/ament_cmake_export_dependencies-extras.cmake
[0.559s] -- Up-to-date: /home/UMRobotics/new_ws/install/tf2_msgs/share/tf2_msgs/cmake/ament_cmake_export_include_directories-extras.cmake
[0.559s] -- Up-to-date: /home/UMRobotics/new_ws/install/tf2_msgs/share/tf2_msgs/cmake/ament_cmake_export_libraries-extras.cmake
[0.559s] -- Up-to-date: /home/UMRobotics/new_ws/install/tf2_msgs/share/tf2_msgs/cmake/ament_cmake_export_targets-extras.cmake
[0.559s] -- Up-to-date: /home/UMRobotics/new_ws/install/tf2_msgs/share/tf2_msgs/cmake/rosidl_cmake_export_typesupport_targets-extras.cmake
[0.559s] -- Up-to-date: /home/UMRobotics/new_ws/install/tf2_msgs/share/tf2_msgs/cmake/rosidl_cmake_export_typesupport_libraries-extras.cmake
[0.559s] -- Up-to-date: /home/UMRobotics/new_ws/install/tf2_msgs/share/tf2_msgs/cmake/tf2_msgsConfig.cmake
[0.559s] -- Up-to-date: /home/UMRobotics/new_ws/install/tf2_msgs/share/tf2_msgs/cmake/tf2_msgsConfig-version.cmake
[0.559s] -- Up-to-date: /home/UMRobotics/new_ws/install/tf2_msgs/share/tf2_msgs/package.xml
[0.561s] Invoked command in '/home/UMRobotics/new_ws/build/tf2_msgs' returned '0': CMAKE_PREFIX_PATH=${CMAKE_PREFIX_PATH}:/home/UMRobotics/moveit_ws/install/moveit_configs_utils:/opt/ros/jazzy DEBUGINFOD_URLS=https://debuginfod.ubuntu.com /usr/bin/cmake --install /home/UMRobotics/new_ws/build/tf2_msgs
