-- The C compiler identification is GNU 13.3.0
-- The CXX compiler identification is GNU 13.3.0
-- Detecting C compiler ABI info
-- Detecting C compiler ABI info - done
-- Check for working C compiler: /usr/bin/cc - skipped
-- Detecting C compile features
-- Detecting C compile features - done
-- Detecting CXX compiler ABI info
-- Detecting CXX compiler ABI info - done
-- Check for working CXX compiler: /usr/bin/c++ - skipped
-- Detecting CXX compile features
-- Detecting CXX compile features - done
-- Found ament_cmake: 2.5.4 (/opt/ros/jazzy/share/ament_cmake/cmake)
-- Found Python3: /home/UMRobotics/.local/bin/python3 (found version "3.12.3") found components: Interpreter 
-- Found geometry_msgs: 5.3.6 (/opt/ros/jazzy/share/geometry_msgs/cmake)
-- Found rosidl_generator_c: 4.6.5 (/opt/ros/jazzy/share/rosidl_generator_c/cmake)
-- Found rosidl_generator_cpp: 4.6.5 (/opt/ros/jazzy/share/rosidl_generator_cpp/cmake)
-- Using all available rosidl_typesupport_c: rosidl_typesupport_fastrtps_c;rosidl_typesupport_introspection_c
-- Using all available rosidl_typesupport_cpp: rosidl_typesupport_fastrtps_cpp;rosidl_typesupport_introspection_cpp
-- Found tf2: 0.36.11 (/home/UMRobotics/new_ws/install/tf2/share/tf2/cmake)
-- Found tf2_ros: 0.36.11 (/home/UMRobotics/new_ws/install/tf2_ros/share/tf2_ros/cmake)
-- Found rmw_implementation_cmake: 7.3.2 (/opt/ros/jazzy/share/rmw_implementation_cmake/cmake)
-- Found rmw_fastrtps_cpp: 8.4.2 (/opt/ros/jazzy/share/rmw_fastrtps_cpp/cmake)
-- Found OpenSSL: /usr/lib/x86_64-linux-gnu/libcrypto.so (found version "3.0.13")  
-- Found FastRTPS: /opt/ros/jazzy/include (Required is at least version "2.13") 
-- Using RMW implementation 'rmw_fastrtps_cpp' as default
-- Found Bullet: /usr/lib/x86_64-linux-gnu/libBulletDynamics.so  
-- Found ament_lint_auto: 0.17.2 (/opt/ros/jazzy/share/ament_lint_auto/cmake)
-- Found ament_cmake_cppcheck: 0.17.2 (/opt/ros/jazzy/share/ament_cmake_cppcheck/cmake)
-- Found gtest sources under '/opt/ros/jazzy/src/gtest_vendor': C++ tests using 'Google Test' will be built
-- Performing Test CMAKE_HAVE_LIBC_PTHREAD
-- Performing Test CMAKE_HAVE_LIBC_PTHREAD - Success
-- Found Threads: TRUE  
-- Added test 'copyright' to check source files copyright and LICENSE
-- Added test 'cpplint' to check C / C++ code against the Google style
-- Configured cpplint exclude dirs and/or files: 
-- Added test 'lint_cmake' to check CMake code style
-- Added test 'uncrustify' to check C / C++ code style
-- Configured uncrustify additional arguments: 
-- Added test 'xmllint' to check XML markup files
-- Configuring done (1.3s)
-- Generating done (0.0s)
-- Build files have been written to: /home/UMRobotics/new_ws/build/tf2_bullet
[ 16%] [32mBuilding CXX object gtest/CMakeFiles/gtest_main.dir/src/gtest_main.cc.o[0m
[ 33%] [32mBuilding CXX object gtest/CMakeFiles/gtest.dir/src/gtest-all.cc.o[0m
[ 50%] [32m[1mLinking CXX static library libgtest_main.a[0m
[ 50%] Built target gtest_main
[ 66%] [32m[1mLinking CXX static library libgtest.a[0m
[ 66%] Built target gtest
[ 83%] [32mBuilding CXX object CMakeFiles/test_bullet.dir/test/test_tf2_bullet.cpp.o[0m
[100%] [32m[1mLinking CXX executable test_bullet[0m
[100%] Built target test_bullet
-- Install configuration: ""
-- Installing: /home/UMRobotics/new_ws/install/tf2_bullet/include/tf2_bullet
-- Installing: /home/UMRobotics/new_ws/install/tf2_bullet/include/tf2_bullet/tf2_bullet
-- Installing: /home/UMRobotics/new_ws/install/tf2_bullet/include/tf2_bullet/tf2_bullet/tf2_bullet.hpp
-- Installing: /home/UMRobotics/new_ws/install/tf2_bullet/share/ament_index/resource_index/package_run_dependencies/tf2_bullet
-- Installing: /home/UMRobotics/new_ws/install/tf2_bullet/share/ament_index/resource_index/parent_prefix_path/tf2_bullet
-- Installing: /home/UMRobotics/new_ws/install/tf2_bullet/share/tf2_bullet/environment/ament_prefix_path.sh
-- Installing: /home/UMRobotics/new_ws/install/tf2_bullet/share/tf2_bullet/environment/ament_prefix_path.dsv
-- Installing: /home/UMRobotics/new_ws/install/tf2_bullet/share/tf2_bullet/environment/path.sh
-- Installing: /home/UMRobotics/new_ws/install/tf2_bullet/share/tf2_bullet/environment/path.dsv
-- Installing: /home/UMRobotics/new_ws/install/tf2_bullet/share/tf2_bullet/local_setup.bash
-- Installing: /home/UMRobotics/new_ws/install/tf2_bullet/share/tf2_bullet/local_setup.sh
-- Installing: /home/UMRobotics/new_ws/install/tf2_bullet/share/tf2_bullet/local_setup.zsh
-- Installing: /home/UMRobotics/new_ws/install/tf2_bullet/share/tf2_bullet/local_setup.dsv
-- Installing: /home/UMRobotics/new_ws/install/tf2_bullet/share/tf2_bullet/package.dsv
-- Installing: /home/UMRobotics/new_ws/install/tf2_bullet/share/ament_index/resource_index/packages/tf2_bullet
-- Installing: /home/UMRobotics/new_ws/install/tf2_bullet/share/tf2_bullet/cmake/export_tf2_bulletExport.cmake
-- Installing: /home/UMRobotics/new_ws/install/tf2_bullet/share/tf2_bullet/cmake/bullet-extras.cmake
-- Installing: /home/UMRobotics/new_ws/install/tf2_bullet/share/tf2_bullet/cmake/ament_cmake_export_targets-extras.cmake
-- Installing: /home/UMRobotics/new_ws/install/tf2_bullet/share/tf2_bullet/cmake/tf2_bulletConfig.cmake
-- Installing: /home/UMRobotics/new_ws/install/tf2_bullet/share/tf2_bullet/cmake/tf2_bulletConfig-version.cmake
-- Installing: /home/UMRobotics/new_ws/install/tf2_bullet/share/tf2_bullet/package.xml
