[  2%] Built target cartesian_limits_parameters
[  7%] Built target gmock_main
[  7%] Built target gtest_main
[  9%] Built target gtest
[ 13%] Built target gmock
[ 16%] Built target planning_context_loader_base
[ 22%] Built target joint_limits_common
[ 27%] Built target trajectory_generation_common
[ 29%] Built target unittest_joint_limit
[ 32%] Built target pilz_industrial_motion_planner
[ 34%] Built target unittest_joint_limits_aggregator
[ 37%] Built target unittest_joint_limits_container
[ 39%] Built target unittest_joint_limits_validator
[ 41%] Built target pilz_industrial_motion_planner_test_utils
[ 45%] Built target command_list_manager
[ 50%] Built target planning_context_loader_ptp
[ 55%] Built target planning_context_loader_lin
[ 60%] Built target planning_context_loader_circ
[ 64%] Built target unittest_velocity_profile_atrap
[ 67%] Built target unittest_trajectory_generator
[ 70%] Built target unittest_get_solver_tip_frame
[ 72%] Built target unittest_pilz_industrial_motion_planner
[ 75%] Built target unittest_pilz_industrial_motion_planner_direct
[ 77%] Built target unittest_trajectory_functions
[ 80%] Built target unittest_planning_context_loaders
[ 82%] Built target unittest_trajectory_generator_ptp
[ 86%] Built target sequence_capability
[ 91%] Built target unittest_trajectory_generator_common
[ 91%] Built target unittest_planning_context
[ 93%] Built target unittest_trajectory_generator_lin
[ 97%] Built target unittest_trajectory_blender_transition_window
[100%] Built target unittest_trajectory_generator_circ
