[0.009s] Invoking command in '/home/UMRobotics/new_ws/build/ur_controllers': AMENT_PREFIX_PATH=/home/UMRobotics/new_ws/install/ur_dashboard_msgs:${AMENT_PREFIX_PATH} CMAKE_PREFIX_PATH=/home/UMRobotics/new_ws/install/ur_dashboard_msgs:/home/UMRobotics/moveit_ws/install/robotiq_hardware_tests:/home/UMRobotics/moveit_ws/install/robotiq_driver:/home/UMRobotics/moveit_ws/install/serial:/home/UMRobotics/moveit_ws/install/rviz_visual_tools:/home/UMRobotics/moveit_ws/install/rviz_marker_tools:/home/UMRobotics/moveit_ws/install/kortex_bringup:/home/UMRobotics/moveit_ws/install/kortex_description:/home/UMRobotics/moveit_ws/install/robotiq_description:/home/UMRobotics/moveit_ws/install/robotiq_controllers:/home/UMRobotics/moveit_ws/install/pilz_industrial_motion_planner_testutils:/home/UMRobotics/moveit_ws/install/pick_ik:/home/UMRobotics/moveit_ws/install/moveit_task_constructor_msgs:/home/UMRobotics/moveit_ws/install/moveit_ros_control_interface:/home/UMRobotics/moveit_ws/install/moveit_plugins:/home/UMRobotics/moveit_ws/install/moveit_simple_controller_manager:/home/UMRobotics/moveit_ws/install/moveit_ros_occupancy_map_monitor:/home/UMRobotics/moveit_ws/install/moveit_resources_prbt_support:/home/UMRobotics/moveit_ws/install/moveit_resources_prbt_ikfast_manipulator_plugin:/home/UMRobotics/moveit_ws/install/moveit_resources:/home/UMRobotics/moveit_ws/install/moveit_resources_pr2_description:/home/UMRobotics/moveit_ws/install/moveit_resources_panda_moveit_config:/home/UMRobotics/moveit_ws/install/dual_arm_panda_moveit_config:/home/UMRobotics/moveit_ws/install/moveit_resources_panda_description:/home/UMRobotics/moveit_ws/install/moveit_resources_fanuc_moveit_config:/home/UMRobotics/moveit_ws/install/moveit_resources_fanuc_description:/home/UMRobotics/moveit_ws/install/moveit_planners_stomp:/home/UMRobotics/moveit_ws/install/chomp_motion_planner:/home/UMRobotics/moveit_ws/install/moveit_core:/home/UMRobotics/moveit_ws/install/moveit_msgs:/home/UMRobotics/moveit_ws/install/moveit_common:/home/UMRobotics/moveit_ws/install/kortex_driver:/home/UMRobotics/moveit_ws/install/kortex_api:/opt/ros/jazzy/opt/gz_sim_vendor:/opt/ros/jazzy/opt/gz_sensors_vendor:/opt/ros/jazzy/opt/gz_physics_vendor:/opt/ros/jazzy/opt/sdformat_vendor:/opt/ros/jazzy/opt/gz_gui_vendor:/opt/ros/jazzy/opt/gz_transport_vendor:/opt/ros/jazzy/opt/gz_rendering_vendor:/opt/ros/jazzy/opt/gz_plugin_vendor:/opt/ros/jazzy/opt/gz_fuel_tools_vendor:/opt/ros/jazzy/opt/gz_msgs_vendor:/opt/ros/jazzy/opt/gz_common_vendor:/opt/ros/jazzy/opt/gz_math_vendor:/opt/ros/jazzy/opt/gz_utils_vendor:/opt/ros/jazzy/opt/gz_tools_vendor:/opt/ros/jazzy/opt/gz_ogre_next_vendor:/opt/ros/jazzy/opt/gz_dartsim_vendor:/opt/ros/jazzy/opt/gz_cmake_vendor:/home/UMRobotics/moveit_ws/install/moveit_configs_utils:/opt/ros/jazzy DEBUGINFOD_URLS=https://debuginfod.ubuntu.com LD_LIBRARY_PATH=/home/UMRobotics/new_ws/install/ur_dashboard_msgs/lib:/home/UMRobotics/moveit_ws/install/robotiq_driver/lib:/home/UMRobotics/moveit_ws/install/serial/lib:/home/UMRobotics/moveit_ws/install/rviz_visual_tools/lib:/home/UMRobotics/moveit_ws/install/rviz_marker_tools/lib:/home/UMRobotics/moveit_ws/install/robotiq_controllers/lib:/home/UMRobotics/moveit_ws/install/pilz_industrial_motion_planner_testutils/lib:/home/UMRobotics/moveit_ws/install/pick_ik/lib:/home/UMRobotics/moveit_ws/install/moveit_task_constructor_msgs/lib:/home/UMRobotics/moveit_ws/install/moveit_ros_control_interface/lib:/home/UMRobotics/moveit_ws/install/moveit_simple_controller_manager/lib:/home/UMRobotics/moveit_ws/install/moveit_ros_occupancy_map_monitor/lib:/home/UMRobotics/moveit_ws/install/moveit_resources_prbt_ikfast_manipulator_plugin/lib:/home/UMRobotics/moveit_ws/install/moveit_planners_stomp/lib:/home/UMRobotics/moveit_ws/install/chomp_motion_planner/lib:/home/UMRobotics/moveit_ws/install/moveit_core/lib:/home/UMRobotics/moveit_ws/install/moveit_msgs/lib:/home/UMRobotics/moveit_ws/install/kortex_driver/lib:/opt/ros/jazzy/opt/gz_sim_vendor/lib:/opt/ros/jazzy/opt/gz_sensors_vendor/lib:/opt/ros/jazzy/opt/gz_physics_vendor/lib:/opt/ros/jazzy/opt/sdformat_vendor/lib:/opt/ros/jazzy/opt/rviz_ogre_vendor/lib:/opt/ros/jazzy/lib/x86_64-linux-gnu:/opt/ros/jazzy/opt/gz_gui_vendor/lib:/opt/ros/jazzy/opt/gz_transport_vendor/lib:/opt/ros/jazzy/opt/gz_rendering_vendor/lib:/opt/ros/jazzy/opt/gz_plugin_vendor/lib:/opt/ros/jazzy/opt/gz_fuel_tools_vendor/lib:/opt/ros/jazzy/opt/gz_msgs_vendor/lib:/opt/ros/jazzy/opt/gz_common_vendor/lib:/opt/ros/jazzy/opt/gz_math_vendor/lib:/opt/ros/jazzy/opt/gz_utils_vendor/lib:/opt/ros/jazzy/opt/gz_tools_vendor/lib:/opt/ros/jazzy/opt/gz_ogre_next_vendor/lib:/opt/ros/jazzy/opt/gz_dartsim_vendor/lib:/opt/ros/jazzy/opt/gz_cmake_vendor/lib:/opt/ros/jazzy/lib:/usr/local/cuda/lib64 PYTHONPATH=/home/UMRobotics/new_ws/install/ur_dashboard_msgs/lib/python3.12/site-packages:${PYTHONPATH} /usr/bin/cmake --build /home/UMRobotics/new_ws/build/ur_controllers -- -j16 -l16
[0.056s] [  5%] Built target gpio_controller_parameters
[0.057s] [ 32%] Built target scaled_joint_trajectory_controller_parameters
[0.057s] [ 32%] Built target passthrough_trajectory_controller_parameters
[0.058s] [ 35%] Built target ur_configuration_controller_parameters
[0.059s] [ 32%] Built target freedrive_mode_controller_parameters
[0.059s] [ 35%] Built target speed_scaling_state_broadcaster_parameters
[0.059s] [ 41%] Built target force_mode_controller_parameters
[0.059s] [ 47%] Built target tool_contact_controller_parameters
[0.061s] [ 61%] Built target gmock_main
[0.061s] [ 61%] Built target gmock
[0.097s] [ 88%] Built target ur_controllers
[0.125s] [ 94%] Built target test_load_freedrive_mode_controller
[0.129s] [100%] Built target test_load_force_mode_controller
[0.144s] Invoked command in '/home/UMRobotics/new_ws/build/ur_controllers' returned '0': AMENT_PREFIX_PATH=/home/UMRobotics/new_ws/install/ur_dashboard_msgs:${AMENT_PREFIX_PATH} CMAKE_PREFIX_PATH=/home/UMRobotics/new_ws/install/ur_dashboard_msgs:/home/UMRobotics/moveit_ws/install/robotiq_hardware_tests:/home/UMRobotics/moveit_ws/install/robotiq_driver:/home/UMRobotics/moveit_ws/install/serial:/home/UMRobotics/moveit_ws/install/rviz_visual_tools:/home/UMRobotics/moveit_ws/install/rviz_marker_tools:/home/UMRobotics/moveit_ws/install/kortex_bringup:/home/UMRobotics/moveit_ws/install/kortex_description:/home/UMRobotics/moveit_ws/install/robotiq_description:/home/UMRobotics/moveit_ws/install/robotiq_controllers:/home/UMRobotics/moveit_ws/install/pilz_industrial_motion_planner_testutils:/home/UMRobotics/moveit_ws/install/pick_ik:/home/UMRobotics/moveit_ws/install/moveit_task_constructor_msgs:/home/UMRobotics/moveit_ws/install/moveit_ros_control_interface:/home/UMRobotics/moveit_ws/install/moveit_plugins:/home/UMRobotics/moveit_ws/install/moveit_simple_controller_manager:/home/UMRobotics/moveit_ws/install/moveit_ros_occupancy_map_monitor:/home/UMRobotics/moveit_ws/install/moveit_resources_prbt_support:/home/UMRobotics/moveit_ws/install/moveit_resources_prbt_ikfast_manipulator_plugin:/home/UMRobotics/moveit_ws/install/moveit_resources:/home/UMRobotics/moveit_ws/install/moveit_resources_pr2_description:/home/UMRobotics/moveit_ws/install/moveit_resources_panda_moveit_config:/home/UMRobotics/moveit_ws/install/dual_arm_panda_moveit_config:/home/UMRobotics/moveit_ws/install/moveit_resources_panda_description:/home/UMRobotics/moveit_ws/install/moveit_resources_fanuc_moveit_config:/home/UMRobotics/moveit_ws/install/moveit_resources_fanuc_description:/home/UMRobotics/moveit_ws/install/moveit_planners_stomp:/home/UMRobotics/moveit_ws/install/chomp_motion_planner:/home/UMRobotics/moveit_ws/install/moveit_core:/home/UMRobotics/moveit_ws/install/moveit_msgs:/home/UMRobotics/moveit_ws/install/moveit_common:/home/UMRobotics/moveit_ws/install/kortex_driver:/home/UMRobotics/moveit_ws/install/kortex_api:/opt/ros/jazzy/opt/gz_sim_vendor:/opt/ros/jazzy/opt/gz_sensors_vendor:/opt/ros/jazzy/opt/gz_physics_vendor:/opt/ros/jazzy/opt/sdformat_vendor:/opt/ros/jazzy/opt/gz_gui_vendor:/opt/ros/jazzy/opt/gz_transport_vendor:/opt/ros/jazzy/opt/gz_rendering_vendor:/opt/ros/jazzy/opt/gz_plugin_vendor:/opt/ros/jazzy/opt/gz_fuel_tools_vendor:/opt/ros/jazzy/opt/gz_msgs_vendor:/opt/ros/jazzy/opt/gz_common_vendor:/opt/ros/jazzy/opt/gz_math_vendor:/opt/ros/jazzy/opt/gz_utils_vendor:/opt/ros/jazzy/opt/gz_tools_vendor:/opt/ros/jazzy/opt/gz_ogre_next_vendor:/opt/ros/jazzy/opt/gz_dartsim_vendor:/opt/ros/jazzy/opt/gz_cmake_vendor:/home/UMRobotics/moveit_ws/install/moveit_configs_utils:/opt/ros/jazzy DEBUGINFOD_URLS=https://debuginfod.ubuntu.com LD_LIBRARY_PATH=/home/UMRobotics/new_ws/install/ur_dashboard_msgs/lib:/home/UMRobotics/moveit_ws/install/robotiq_driver/lib:/home/UMRobotics/moveit_ws/install/serial/lib:/home/UMRobotics/moveit_ws/install/rviz_visual_tools/lib:/home/UMRobotics/moveit_ws/install/rviz_marker_tools/lib:/home/UMRobotics/moveit_ws/install/robotiq_controllers/lib:/home/UMRobotics/moveit_ws/install/pilz_industrial_motion_planner_testutils/lib:/home/UMRobotics/moveit_ws/install/pick_ik/lib:/home/UMRobotics/moveit_ws/install/moveit_task_constructor_msgs/lib:/home/UMRobotics/moveit_ws/install/moveit_ros_control_interface/lib:/home/UMRobotics/moveit_ws/install/moveit_simple_controller_manager/lib:/home/UMRobotics/moveit_ws/install/moveit_ros_occupancy_map_monitor/lib:/home/UMRobotics/moveit_ws/install/moveit_resources_prbt_ikfast_manipulator_plugin/lib:/home/UMRobotics/moveit_ws/install/moveit_planners_stomp/lib:/home/UMRobotics/moveit_ws/install/chomp_motion_planner/lib:/home/UMRobotics/moveit_ws/install/moveit_core/lib:/home/UMRobotics/moveit_ws/install/moveit_msgs/lib:/home/UMRobotics/moveit_ws/install/kortex_driver/lib:/opt/ros/jazzy/opt/gz_sim_vendor/lib:/opt/ros/jazzy/opt/gz_sensors_vendor/lib:/opt/ros/jazzy/opt/gz_physics_vendor/lib:/opt/ros/jazzy/opt/sdformat_vendor/lib:/opt/ros/jazzy/opt/rviz_ogre_vendor/lib:/opt/ros/jazzy/lib/x86_64-linux-gnu:/opt/ros/jazzy/opt/gz_gui_vendor/lib:/opt/ros/jazzy/opt/gz_transport_vendor/lib:/opt/ros/jazzy/opt/gz_rendering_vendor/lib:/opt/ros/jazzy/opt/gz_plugin_vendor/lib:/opt/ros/jazzy/opt/gz_fuel_tools_vendor/lib:/opt/ros/jazzy/opt/gz_msgs_vendor/lib:/opt/ros/jazzy/opt/gz_common_vendor/lib:/opt/ros/jazzy/opt/gz_math_vendor/lib:/opt/ros/jazzy/opt/gz_utils_vendor/lib:/opt/ros/jazzy/opt/gz_tools_vendor/lib:/opt/ros/jazzy/opt/gz_ogre_next_vendor/lib:/opt/ros/jazzy/opt/gz_dartsim_vendor/lib:/opt/ros/jazzy/opt/gz_cmake_vendor/lib:/opt/ros/jazzy/lib:/usr/local/cuda/lib64 PYTHONPATH=/home/UMRobotics/new_ws/install/ur_dashboard_msgs/lib/python3.12/site-packages:${PYTHONPATH} /usr/bin/cmake --build /home/UMRobotics/new_ws/build/ur_controllers -- -j16 -l16
[0.145s] Invoking command in '/home/UMRobotics/new_ws/build/ur_controllers': AMENT_PREFIX_PATH=/home/UMRobotics/new_ws/install/ur_dashboard_msgs:${AMENT_PREFIX_PATH} CMAKE_PREFIX_PATH=/home/UMRobotics/new_ws/install/ur_dashboard_msgs:/home/UMRobotics/moveit_ws/install/robotiq_hardware_tests:/home/UMRobotics/moveit_ws/install/robotiq_driver:/home/UMRobotics/moveit_ws/install/serial:/home/UMRobotics/moveit_ws/install/rviz_visual_tools:/home/UMRobotics/moveit_ws/install/rviz_marker_tools:/home/UMRobotics/moveit_ws/install/kortex_bringup:/home/UMRobotics/moveit_ws/install/kortex_description:/home/UMRobotics/moveit_ws/install/robotiq_description:/home/UMRobotics/moveit_ws/install/robotiq_controllers:/home/UMRobotics/moveit_ws/install/pilz_industrial_motion_planner_testutils:/home/UMRobotics/moveit_ws/install/pick_ik:/home/UMRobotics/moveit_ws/install/moveit_task_constructor_msgs:/home/UMRobotics/moveit_ws/install/moveit_ros_control_interface:/home/UMRobotics/moveit_ws/install/moveit_plugins:/home/UMRobotics/moveit_ws/install/moveit_simple_controller_manager:/home/UMRobotics/moveit_ws/install/moveit_ros_occupancy_map_monitor:/home/UMRobotics/moveit_ws/install/moveit_resources_prbt_support:/home/UMRobotics/moveit_ws/install/moveit_resources_prbt_ikfast_manipulator_plugin:/home/UMRobotics/moveit_ws/install/moveit_resources:/home/UMRobotics/moveit_ws/install/moveit_resources_pr2_description:/home/UMRobotics/moveit_ws/install/moveit_resources_panda_moveit_config:/home/UMRobotics/moveit_ws/install/dual_arm_panda_moveit_config:/home/UMRobotics/moveit_ws/install/moveit_resources_panda_description:/home/UMRobotics/moveit_ws/install/moveit_resources_fanuc_moveit_config:/home/UMRobotics/moveit_ws/install/moveit_resources_fanuc_description:/home/UMRobotics/moveit_ws/install/moveit_planners_stomp:/home/UMRobotics/moveit_ws/install/chomp_motion_planner:/home/UMRobotics/moveit_ws/install/moveit_core:/home/UMRobotics/moveit_ws/install/moveit_msgs:/home/UMRobotics/moveit_ws/install/moveit_common:/home/UMRobotics/moveit_ws/install/kortex_driver:/home/UMRobotics/moveit_ws/install/kortex_api:/opt/ros/jazzy/opt/gz_sim_vendor:/opt/ros/jazzy/opt/gz_sensors_vendor:/opt/ros/jazzy/opt/gz_physics_vendor:/opt/ros/jazzy/opt/sdformat_vendor:/opt/ros/jazzy/opt/gz_gui_vendor:/opt/ros/jazzy/opt/gz_transport_vendor:/opt/ros/jazzy/opt/gz_rendering_vendor:/opt/ros/jazzy/opt/gz_plugin_vendor:/opt/ros/jazzy/opt/gz_fuel_tools_vendor:/opt/ros/jazzy/opt/gz_msgs_vendor:/opt/ros/jazzy/opt/gz_common_vendor:/opt/ros/jazzy/opt/gz_math_vendor:/opt/ros/jazzy/opt/gz_utils_vendor:/opt/ros/jazzy/opt/gz_tools_vendor:/opt/ros/jazzy/opt/gz_ogre_next_vendor:/opt/ros/jazzy/opt/gz_dartsim_vendor:/opt/ros/jazzy/opt/gz_cmake_vendor:/home/UMRobotics/moveit_ws/install/moveit_configs_utils:/opt/ros/jazzy DEBUGINFOD_URLS=https://debuginfod.ubuntu.com LD_LIBRARY_PATH=/home/UMRobotics/new_ws/install/ur_dashboard_msgs/lib:/home/UMRobotics/moveit_ws/install/robotiq_driver/lib:/home/UMRobotics/moveit_ws/install/serial/lib:/home/UMRobotics/moveit_ws/install/rviz_visual_tools/lib:/home/UMRobotics/moveit_ws/install/rviz_marker_tools/lib:/home/UMRobotics/moveit_ws/install/robotiq_controllers/lib:/home/UMRobotics/moveit_ws/install/pilz_industrial_motion_planner_testutils/lib:/home/UMRobotics/moveit_ws/install/pick_ik/lib:/home/UMRobotics/moveit_ws/install/moveit_task_constructor_msgs/lib:/home/UMRobotics/moveit_ws/install/moveit_ros_control_interface/lib:/home/UMRobotics/moveit_ws/install/moveit_simple_controller_manager/lib:/home/UMRobotics/moveit_ws/install/moveit_ros_occupancy_map_monitor/lib:/home/UMRobotics/moveit_ws/install/moveit_resources_prbt_ikfast_manipulator_plugin/lib:/home/UMRobotics/moveit_ws/install/moveit_planners_stomp/lib:/home/UMRobotics/moveit_ws/install/chomp_motion_planner/lib:/home/UMRobotics/moveit_ws/install/moveit_core/lib:/home/UMRobotics/moveit_ws/install/moveit_msgs/lib:/home/UMRobotics/moveit_ws/install/kortex_driver/lib:/opt/ros/jazzy/opt/gz_sim_vendor/lib:/opt/ros/jazzy/opt/gz_sensors_vendor/lib:/opt/ros/jazzy/opt/gz_physics_vendor/lib:/opt/ros/jazzy/opt/sdformat_vendor/lib:/opt/ros/jazzy/opt/rviz_ogre_vendor/lib:/opt/ros/jazzy/lib/x86_64-linux-gnu:/opt/ros/jazzy/opt/gz_gui_vendor/lib:/opt/ros/jazzy/opt/gz_transport_vendor/lib:/opt/ros/jazzy/opt/gz_rendering_vendor/lib:/opt/ros/jazzy/opt/gz_plugin_vendor/lib:/opt/ros/jazzy/opt/gz_fuel_tools_vendor/lib:/opt/ros/jazzy/opt/gz_msgs_vendor/lib:/opt/ros/jazzy/opt/gz_common_vendor/lib:/opt/ros/jazzy/opt/gz_math_vendor/lib:/opt/ros/jazzy/opt/gz_utils_vendor/lib:/opt/ros/jazzy/opt/gz_tools_vendor/lib:/opt/ros/jazzy/opt/gz_ogre_next_vendor/lib:/opt/ros/jazzy/opt/gz_dartsim_vendor/lib:/opt/ros/jazzy/opt/gz_cmake_vendor/lib:/opt/ros/jazzy/lib:/usr/local/cuda/lib64 PYTHONPATH=/home/UMRobotics/new_ws/install/ur_dashboard_msgs/lib/python3.12/site-packages:${PYTHONPATH} /usr/bin/cmake --install /home/UMRobotics/new_ws/build/ur_controllers
[0.155s] -- Install configuration: ""
[0.155s] -- Up-to-date: /home/UMRobotics/new_ws/install/ur_controllers/include/ur_controllers
[0.155s] -- Up-to-date: /home/UMRobotics/new_ws/install/ur_controllers/include/ur_controllers/force_mode_controller_parameters.hpp
[0.155s] -- Up-to-date: /home/UMRobotics/new_ws/install/ur_controllers/include/ur_controllers/tool_contact_controller_parameters.hpp
[0.156s] -- Up-to-date: /home/UMRobotics/new_ws/install/ur_controllers/include/ur_controllers/scaled_joint_trajectory_controller_parameters.hpp
[0.156s] -- Up-to-date: /home/UMRobotics/new_ws/install/ur_controllers/include/ur_controllers/speed_scaling_state_broadcaster_parameters.hpp
[0.156s] -- Up-to-date: /home/UMRobotics/new_ws/install/ur_controllers/include/ur_controllers/freedrive_mode_controller_parameters.hpp
[0.156s] -- Up-to-date: /home/UMRobotics/new_ws/install/ur_controllers/include/ur_controllers/ur_configuration_controller_parameters.hpp
[0.156s] -- Up-to-date: /home/UMRobotics/new_ws/install/ur_controllers/include/ur_controllers/passthrough_trajectory_controller_parameters.hpp
[0.156s] -- Up-to-date: /home/UMRobotics/new_ws/install/ur_controllers/include/ur_controllers/gpio_controller_parameters.hpp
[0.156s] -- Up-to-date: /home/UMRobotics/new_ws/install/ur_controllers/include/ur_controllers
[0.156s] -- Up-to-date: /home/UMRobotics/new_ws/install/ur_controllers/include/ur_controllers/force_mode_controller_parameters.hpp
[0.156s] -- Up-to-date: /home/UMRobotics/new_ws/install/ur_controllers/include/ur_controllers/tool_contact_controller_parameters.hpp
[0.156s] -- Up-to-date: /home/UMRobotics/new_ws/install/ur_controllers/include/ur_controllers/scaled_joint_trajectory_controller_parameters.hpp
[0.157s] -- Up-to-date: /home/UMRobotics/new_ws/install/ur_controllers/include/ur_controllers/speed_scaling_state_broadcaster_parameters.hpp
[0.157s] -- Up-to-date: /home/UMRobotics/new_ws/install/ur_controllers/include/ur_controllers/freedrive_mode_controller_parameters.hpp
[0.157s] -- Up-to-date: /home/UMRobotics/new_ws/install/ur_controllers/include/ur_controllers/ur_configuration_controller_parameters.hpp
[0.157s] -- Up-to-date: /home/UMRobotics/new_ws/install/ur_controllers/include/ur_controllers/passthrough_trajectory_controller_parameters.hpp
[0.157s] -- Up-to-date: /home/UMRobotics/new_ws/install/ur_controllers/include/ur_controllers/gpio_controller_parameters.hpp
[0.157s] -- Up-to-date: /home/UMRobotics/new_ws/install/ur_controllers/include/ur_controllers
[0.157s] -- Up-to-date: /home/UMRobotics/new_ws/install/ur_controllers/include/ur_controllers/force_mode_controller_parameters.hpp
[0.157s] -- Up-to-date: /home/UMRobotics/new_ws/install/ur_controllers/include/ur_controllers/tool_contact_controller_parameters.hpp
[0.157s] -- Up-to-date: /home/UMRobotics/new_ws/install/ur_controllers/include/ur_controllers/scaled_joint_trajectory_controller_parameters.hpp
[0.157s] -- Up-to-date: /home/UMRobotics/new_ws/install/ur_controllers/include/ur_controllers/speed_scaling_state_broadcaster_parameters.hpp
[0.157s] -- Up-to-date: /home/UMRobotics/new_ws/install/ur_controllers/include/ur_controllers/freedrive_mode_controller_parameters.hpp
[0.158s] -- Up-to-date: /home/UMRobotics/new_ws/install/ur_controllers/include/ur_controllers/ur_configuration_controller_parameters.hpp
[0.158s] -- Up-to-date: /home/UMRobotics/new_ws/install/ur_controllers/include/ur_controllers/passthrough_trajectory_controller_parameters.hpp
[0.158s] -- Up-to-date: /home/UMRobotics/new_ws/install/ur_controllers/include/ur_controllers/gpio_controller_parameters.hpp
[0.158s] -- Up-to-date: /home/UMRobotics/new_ws/install/ur_controllers/include/ur_controllers
[0.158s] -- Up-to-date: /home/UMRobotics/new_ws/install/ur_controllers/include/ur_controllers/force_mode_controller_parameters.hpp
[0.158s] -- Up-to-date: /home/UMRobotics/new_ws/install/ur_controllers/include/ur_controllers/tool_contact_controller_parameters.hpp
[0.158s] -- Up-to-date: /home/UMRobotics/new_ws/install/ur_controllers/include/ur_controllers/scaled_joint_trajectory_controller_parameters.hpp
[0.158s] -- Up-to-date: /home/UMRobotics/new_ws/install/ur_controllers/include/ur_controllers/speed_scaling_state_broadcaster_parameters.hpp
[0.159s] -- Up-to-date: /home/UMRobotics/new_ws/install/ur_controllers/include/ur_controllers/freedrive_mode_controller_parameters.hpp
[0.159s] -- Up-to-date: /home/UMRobotics/new_ws/install/ur_controllers/include/ur_controllers/ur_configuration_controller_parameters.hpp
[0.159s] -- Up-to-date: /home/UMRobotics/new_ws/install/ur_controllers/include/ur_controllers/passthrough_trajectory_controller_parameters.hpp
[0.159s] -- Up-to-date: /home/UMRobotics/new_ws/install/ur_controllers/include/ur_controllers/gpio_controller_parameters.hpp
[0.159s] -- Up-to-date: /home/UMRobotics/new_ws/install/ur_controllers/include/ur_controllers
[0.159s] -- Up-to-date: /home/UMRobotics/new_ws/install/ur_controllers/include/ur_controllers/force_mode_controller_parameters.hpp
[0.160s] -- Up-to-date: /home/UMRobotics/new_ws/install/ur_controllers/include/ur_controllers/tool_contact_controller_parameters.hpp
[0.160s] -- Up-to-date: /home/UMRobotics/new_ws/install/ur_controllers/include/ur_controllers/scaled_joint_trajectory_controller_parameters.hpp
[0.160s] -- Up-to-date: /home/UMRobotics/new_ws/install/ur_controllers/include/ur_controllers/speed_scaling_state_broadcaster_parameters.hpp
[0.161s] -- Up-to-date: /home/UMRobotics/new_ws/install/ur_controllers/include/ur_controllers/freedrive_mode_controller_parameters.hpp
[0.161s] -- Up-to-date: /home/UMRobotics/new_ws/install/ur_controllers/include/ur_controllers/ur_configuration_controller_parameters.hpp
[0.161s] -- Up-to-date: /home/UMRobotics/new_ws/install/ur_controllers/include/ur_controllers/passthrough_trajectory_controller_parameters.hpp
[0.161s] -- Up-to-date: /home/UMRobotics/new_ws/install/ur_controllers/include/ur_controllers/gpio_controller_parameters.hpp
[0.161s] -- Up-to-date: /home/UMRobotics/new_ws/install/ur_controllers/include/ur_controllers
[0.161s] -- Up-to-date: /home/UMRobotics/new_ws/install/ur_controllers/include/ur_controllers/force_mode_controller_parameters.hpp
[0.161s] -- Up-to-date: /home/UMRobotics/new_ws/install/ur_controllers/include/ur_controllers/tool_contact_controller_parameters.hpp
[0.161s] -- Up-to-date: /home/UMRobotics/new_ws/install/ur_controllers/include/ur_controllers/scaled_joint_trajectory_controller_parameters.hpp
[0.161s] -- Up-to-date: /home/UMRobotics/new_ws/install/ur_controllers/include/ur_controllers/speed_scaling_state_broadcaster_parameters.hpp
[0.161s] -- Up-to-date: /home/UMRobotics/new_ws/install/ur_controllers/include/ur_controllers/freedrive_mode_controller_parameters.hpp
[0.161s] -- Up-to-date: /home/UMRobotics/new_ws/install/ur_controllers/include/ur_controllers/ur_configuration_controller_parameters.hpp
[0.161s] -- Up-to-date: /home/UMRobotics/new_ws/install/ur_controllers/include/ur_controllers/passthrough_trajectory_controller_parameters.hpp
[0.161s] -- Up-to-date: /home/UMRobotics/new_ws/install/ur_controllers/include/ur_controllers/gpio_controller_parameters.hpp
[0.162s] -- Up-to-date: /home/UMRobotics/new_ws/install/ur_controllers/include/ur_controllers
[0.162s] -- Up-to-date: /home/UMRobotics/new_ws/install/ur_controllers/include/ur_controllers/force_mode_controller_parameters.hpp
[0.162s] -- Up-to-date: /home/UMRobotics/new_ws/install/ur_controllers/include/ur_controllers/tool_contact_controller_parameters.hpp
[0.162s] -- Up-to-date: /home/UMRobotics/new_ws/install/ur_controllers/include/ur_controllers/scaled_joint_trajectory_controller_parameters.hpp
[0.162s] -- Up-to-date: /home/UMRobotics/new_ws/install/ur_controllers/include/ur_controllers/speed_scaling_state_broadcaster_parameters.hpp
[0.162s] -- Up-to-date: /home/UMRobotics/new_ws/install/ur_controllers/include/ur_controllers/freedrive_mode_controller_parameters.hpp
[0.162s] -- Up-to-date: /home/UMRobotics/new_ws/install/ur_controllers/include/ur_controllers/ur_configuration_controller_parameters.hpp
[0.162s] -- Up-to-date: /home/UMRobotics/new_ws/install/ur_controllers/include/ur_controllers/passthrough_trajectory_controller_parameters.hpp
[0.163s] -- Up-to-date: /home/UMRobotics/new_ws/install/ur_controllers/include/ur_controllers/gpio_controller_parameters.hpp
[0.163s] -- Up-to-date: /home/UMRobotics/new_ws/install/ur_controllers/include/ur_controllers
[0.163s] -- Up-to-date: /home/UMRobotics/new_ws/install/ur_controllers/include/ur_controllers/force_mode_controller_parameters.hpp
[0.163s] -- Up-to-date: /home/UMRobotics/new_ws/install/ur_controllers/include/ur_controllers/tool_contact_controller_parameters.hpp
[0.163s] -- Up-to-date: /home/UMRobotics/new_ws/install/ur_controllers/include/ur_controllers/scaled_joint_trajectory_controller_parameters.hpp
[0.163s] -- Up-to-date: /home/UMRobotics/new_ws/install/ur_controllers/include/ur_controllers/speed_scaling_state_broadcaster_parameters.hpp
[0.163s] -- Up-to-date: /home/UMRobotics/new_ws/install/ur_controllers/include/ur_controllers/freedrive_mode_controller_parameters.hpp
[0.163s] -- Up-to-date: /home/UMRobotics/new_ws/install/ur_controllers/include/ur_controllers/ur_configuration_controller_parameters.hpp
[0.164s] -- Up-to-date: /home/UMRobotics/new_ws/install/ur_controllers/include/ur_controllers/passthrough_trajectory_controller_parameters.hpp
[0.164s] -- Up-to-date: /home/UMRobotics/new_ws/install/ur_controllers/include/ur_controllers/gpio_controller_parameters.hpp
[0.164s] -- Up-to-date: /home/UMRobotics/new_ws/install/ur_controllers/share/ur_controllers/controller_plugins.xml
[0.164s] -- Up-to-date: /home/UMRobotics/new_ws/install/ur_controllers/lib/libur_controllers.so
[0.164s] -- Up-to-date: /home/UMRobotics/new_ws/install/ur_controllers/include
[0.164s] -- Up-to-date: /home/UMRobotics/new_ws/install/ur_controllers/include/ur_controllers
[0.164s] -- Up-to-date: /home/UMRobotics/new_ws/install/ur_controllers/include/ur_controllers/freedrive_mode_controller.hpp
[0.164s] -- Up-to-date: /home/UMRobotics/new_ws/install/ur_controllers/include/ur_controllers/gpio_controller.hpp
[0.164s] -- Up-to-date: /home/UMRobotics/new_ws/install/ur_controllers/include/ur_controllers/passthrough_trajectory_controller.hpp
[0.164s] -- Up-to-date: /home/UMRobotics/new_ws/install/ur_controllers/include/ur_controllers/scaled_joint_trajectory_controller.hpp
[0.165s] -- Up-to-date: /home/UMRobotics/new_ws/install/ur_controllers/include/ur_controllers/ur_configuration_controller.hpp
[0.165s] -- Up-to-date: /home/UMRobotics/new_ws/install/ur_controllers/include/ur_controllers/tool_contact_controller.hpp
[0.165s] -- Up-to-date: /home/UMRobotics/new_ws/install/ur_controllers/include/ur_controllers/force_mode_controller.hpp
[0.165s] -- Up-to-date: /home/UMRobotics/new_ws/install/ur_controllers/include/ur_controllers/speed_scaling_state_broadcaster.hpp
[0.165s] -- Up-to-date: /home/UMRobotics/new_ws/install/ur_controllers/share/ur_controllers/controller_plugins.xml
[0.165s] -- Up-to-date: /home/UMRobotics/new_ws/install/ur_controllers/share/ur_controllers/environment/library_path.sh
[0.165s] -- Up-to-date: /home/UMRobotics/new_ws/install/ur_controllers/share/ur_controllers/environment/library_path.dsv
[0.165s] -- Up-to-date: /home/UMRobotics/new_ws/install/ur_controllers/share/ament_index/resource_index/package_run_dependencies/ur_controllers
[0.165s] -- Up-to-date: /home/UMRobotics/new_ws/install/ur_controllers/share/ament_index/resource_index/parent_prefix_path/ur_controllers
[0.165s] -- Up-to-date: /home/UMRobotics/new_ws/install/ur_controllers/share/ur_controllers/environment/ament_prefix_path.sh
[0.165s] -- Up-to-date: /home/UMRobotics/new_ws/install/ur_controllers/share/ur_controllers/environment/ament_prefix_path.dsv
[0.166s] -- Up-to-date: /home/UMRobotics/new_ws/install/ur_controllers/share/ur_controllers/environment/path.sh
[0.166s] -- Up-to-date: /home/UMRobotics/new_ws/install/ur_controllers/share/ur_controllers/environment/path.dsv
[0.166s] -- Up-to-date: /home/UMRobotics/new_ws/install/ur_controllers/share/ur_controllers/local_setup.bash
[0.166s] -- Up-to-date: /home/UMRobotics/new_ws/install/ur_controllers/share/ur_controllers/local_setup.sh
[0.166s] -- Up-to-date: /home/UMRobotics/new_ws/install/ur_controllers/share/ur_controllers/local_setup.zsh
[0.166s] -- Up-to-date: /home/UMRobotics/new_ws/install/ur_controllers/share/ur_controllers/local_setup.dsv
[0.166s] -- Installing: /home/UMRobotics/new_ws/install/ur_controllers/share/ur_controllers/package.dsv
[0.166s] -- Up-to-date: /home/UMRobotics/new_ws/install/ur_controllers/share/ament_index/resource_index/packages/ur_controllers
[0.166s] -- Up-to-date: /home/UMRobotics/new_ws/install/ur_controllers/share/ament_index/resource_index/controller_interface__pluginlib__plugin/ur_controllers
[0.166s] -- Up-to-date: /home/UMRobotics/new_ws/install/ur_controllers/share/ur_controllers/cmake/ament_cmake_export_dependencies-extras.cmake
[0.166s] -- Up-to-date: /home/UMRobotics/new_ws/install/ur_controllers/share/ur_controllers/cmake/ament_cmake_export_include_directories-extras.cmake
[0.167s] -- Up-to-date: /home/UMRobotics/new_ws/install/ur_controllers/share/ur_controllers/cmake/ament_cmake_export_libraries-extras.cmake
[0.167s] -- Up-to-date: /home/UMRobotics/new_ws/install/ur_controllers/share/ur_controllers/cmake/ur_controllersConfig.cmake
[0.167s] -- Up-to-date: /home/UMRobotics/new_ws/install/ur_controllers/share/ur_controllers/cmake/ur_controllersConfig-version.cmake
[0.167s] -- Up-to-date: /home/UMRobotics/new_ws/install/ur_controllers/share/ur_controllers/package.xml
[0.168s] Invoked command in '/home/UMRobotics/new_ws/build/ur_controllers' returned '0': AMENT_PREFIX_PATH=/home/UMRobotics/new_ws/install/ur_dashboard_msgs:${AMENT_PREFIX_PATH} CMAKE_PREFIX_PATH=/home/UMRobotics/new_ws/install/ur_dashboard_msgs:/home/UMRobotics/moveit_ws/install/robotiq_hardware_tests:/home/UMRobotics/moveit_ws/install/robotiq_driver:/home/UMRobotics/moveit_ws/install/serial:/home/UMRobotics/moveit_ws/install/rviz_visual_tools:/home/UMRobotics/moveit_ws/install/rviz_marker_tools:/home/UMRobotics/moveit_ws/install/kortex_bringup:/home/UMRobotics/moveit_ws/install/kortex_description:/home/UMRobotics/moveit_ws/install/robotiq_description:/home/UMRobotics/moveit_ws/install/robotiq_controllers:/home/UMRobotics/moveit_ws/install/pilz_industrial_motion_planner_testutils:/home/UMRobotics/moveit_ws/install/pick_ik:/home/UMRobotics/moveit_ws/install/moveit_task_constructor_msgs:/home/UMRobotics/moveit_ws/install/moveit_ros_control_interface:/home/UMRobotics/moveit_ws/install/moveit_plugins:/home/UMRobotics/moveit_ws/install/moveit_simple_controller_manager:/home/UMRobotics/moveit_ws/install/moveit_ros_occupancy_map_monitor:/home/UMRobotics/moveit_ws/install/moveit_resources_prbt_support:/home/UMRobotics/moveit_ws/install/moveit_resources_prbt_ikfast_manipulator_plugin:/home/UMRobotics/moveit_ws/install/moveit_resources:/home/UMRobotics/moveit_ws/install/moveit_resources_pr2_description:/home/UMRobotics/moveit_ws/install/moveit_resources_panda_moveit_config:/home/UMRobotics/moveit_ws/install/dual_arm_panda_moveit_config:/home/UMRobotics/moveit_ws/install/moveit_resources_panda_description:/home/UMRobotics/moveit_ws/install/moveit_resources_fanuc_moveit_config:/home/UMRobotics/moveit_ws/install/moveit_resources_fanuc_description:/home/UMRobotics/moveit_ws/install/moveit_planners_stomp:/home/UMRobotics/moveit_ws/install/chomp_motion_planner:/home/UMRobotics/moveit_ws/install/moveit_core:/home/UMRobotics/moveit_ws/install/moveit_msgs:/home/UMRobotics/moveit_ws/install/moveit_common:/home/UMRobotics/moveit_ws/install/kortex_driver:/home/UMRobotics/moveit_ws/install/kortex_api:/opt/ros/jazzy/opt/gz_sim_vendor:/opt/ros/jazzy/opt/gz_sensors_vendor:/opt/ros/jazzy/opt/gz_physics_vendor:/opt/ros/jazzy/opt/sdformat_vendor:/opt/ros/jazzy/opt/gz_gui_vendor:/opt/ros/jazzy/opt/gz_transport_vendor:/opt/ros/jazzy/opt/gz_rendering_vendor:/opt/ros/jazzy/opt/gz_plugin_vendor:/opt/ros/jazzy/opt/gz_fuel_tools_vendor:/opt/ros/jazzy/opt/gz_msgs_vendor:/opt/ros/jazzy/opt/gz_common_vendor:/opt/ros/jazzy/opt/gz_math_vendor:/opt/ros/jazzy/opt/gz_utils_vendor:/opt/ros/jazzy/opt/gz_tools_vendor:/opt/ros/jazzy/opt/gz_ogre_next_vendor:/opt/ros/jazzy/opt/gz_dartsim_vendor:/opt/ros/jazzy/opt/gz_cmake_vendor:/home/UMRobotics/moveit_ws/install/moveit_configs_utils:/opt/ros/jazzy DEBUGINFOD_URLS=https://debuginfod.ubuntu.com LD_LIBRARY_PATH=/home/UMRobotics/new_ws/install/ur_dashboard_msgs/lib:/home/UMRobotics/moveit_ws/install/robotiq_driver/lib:/home/UMRobotics/moveit_ws/install/serial/lib:/home/UMRobotics/moveit_ws/install/rviz_visual_tools/lib:/home/UMRobotics/moveit_ws/install/rviz_marker_tools/lib:/home/UMRobotics/moveit_ws/install/robotiq_controllers/lib:/home/UMRobotics/moveit_ws/install/pilz_industrial_motion_planner_testutils/lib:/home/UMRobotics/moveit_ws/install/pick_ik/lib:/home/UMRobotics/moveit_ws/install/moveit_task_constructor_msgs/lib:/home/UMRobotics/moveit_ws/install/moveit_ros_control_interface/lib:/home/UMRobotics/moveit_ws/install/moveit_simple_controller_manager/lib:/home/UMRobotics/moveit_ws/install/moveit_ros_occupancy_map_monitor/lib:/home/UMRobotics/moveit_ws/install/moveit_resources_prbt_ikfast_manipulator_plugin/lib:/home/UMRobotics/moveit_ws/install/moveit_planners_stomp/lib:/home/UMRobotics/moveit_ws/install/chomp_motion_planner/lib:/home/UMRobotics/moveit_ws/install/moveit_core/lib:/home/UMRobotics/moveit_ws/install/moveit_msgs/lib:/home/UMRobotics/moveit_ws/install/kortex_driver/lib:/opt/ros/jazzy/opt/gz_sim_vendor/lib:/opt/ros/jazzy/opt/gz_sensors_vendor/lib:/opt/ros/jazzy/opt/gz_physics_vendor/lib:/opt/ros/jazzy/opt/sdformat_vendor/lib:/opt/ros/jazzy/opt/rviz_ogre_vendor/lib:/opt/ros/jazzy/lib/x86_64-linux-gnu:/opt/ros/jazzy/opt/gz_gui_vendor/lib:/opt/ros/jazzy/opt/gz_transport_vendor/lib:/opt/ros/jazzy/opt/gz_rendering_vendor/lib:/opt/ros/jazzy/opt/gz_plugin_vendor/lib:/opt/ros/jazzy/opt/gz_fuel_tools_vendor/lib:/opt/ros/jazzy/opt/gz_msgs_vendor/lib:/opt/ros/jazzy/opt/gz_common_vendor/lib:/opt/ros/jazzy/opt/gz_math_vendor/lib:/opt/ros/jazzy/opt/gz_utils_vendor/lib:/opt/ros/jazzy/opt/gz_tools_vendor/lib:/opt/ros/jazzy/opt/gz_ogre_next_vendor/lib:/opt/ros/jazzy/opt/gz_dartsim_vendor/lib:/opt/ros/jazzy/opt/gz_cmake_vendor/lib:/opt/ros/jazzy/lib:/usr/local/cuda/lib64 PYTHONPATH=/home/UMRobotics/new_ws/install/ur_dashboard_msgs/lib/python3.12/site-packages:${PYTHONPATH} /usr/bin/cmake --install /home/UMRobotics/new_ws/build/ur_controllers
