[  2%] Built target cartesian_limits_parameters
[  4%] Built target gtest
[  7%] Built target gmock_main
[ 11%] Built target gmock
[ 13%] Built target gtest_main
[ 16%] Built target planning_context_loader_base
[ 22%] Built target joint_limits_common
[ 27%] Built target trajectory_generation_common
[ 29%] Built target pilz_industrial_motion_planner
[ 32%] Built target unittest_joint_limit
[ 34%] Built target unittest_joint_limits_container
[ 37%] Built target unittest_joint_limits_validator
[ 39%] Built target unittest_joint_limits_aggregator
[ 43%] Built target command_list_manager
[ 48%] Built target planning_context_loader_ptp
[ 53%] Built target planning_context_loader_lin
[ 55%] Built target pilz_industrial_motion_planner_test_utils
[ 58%] Built target unittest_get_solver_tip_frame
[ 61%] Built target unittest_velocity_profile_atrap
[ 64%] Built target unittest_pilz_industrial_motion_planner
[ 69%] Built target planning_context_loader_circ
[ 72%] Built target unittest_trajectory_generator
[ 77%] Built target unittest_pilz_industrial_motion_planner_direct
[ 79%] Built target sequence_capability
[ 81%] Built target unittest_planning_context_loaders
[ 83%] Built target unittest_trajectory_generator_ptp
[ 86%] Built target unittest_planning_context
[ 88%] Built target unittest_trajectory_functions
[ 91%] Built target unittest_trajectory_generator_lin
[ 93%] Built target unittest_trajectory_generator_common
[ 96%] Built target unittest_trajectory_generator_circ
[100%] Built target unittest_trajectory_blender_transition_window
