[0.057s] Invoking command in '/home/UMRobotics/new_ws/build/pilz_industrial_motion_planner': AMENT_PREFIX_PATH=/home/UMRobotics/new_ws/install/moveit_resources_prbt_pg70_support:/home/UMRobotics/new_ws/install/moveit_resources_prbt_moveit_config:/home/UMRobotics/new_ws/install/moveit_ros_move_group:/home/UMRobotics/new_ws/install/moveit_kinematics:/home/UMRobotics/new_ws/install/moveit_ros_planning:/home/UMRobotics/new_ws/install/pilz_industrial_motion_planner_testutils:/home/UMRobotics/new_ws/install/moveit_ros_occupancy_map_monitor:/home/UMRobotics/new_ws/install/moveit_resources_prbt_ikfast_manipulator_plugin:/home/UMRobotics/new_ws/install/moveit_core:/home/UMRobotics/new_ws/install/tf2_kdl:/home/UMRobotics/new_ws/install/tf2_geometry_msgs:/home/UMRobotics/new_ws/install/tf2_ros_py:/home/UMRobotics/new_ws/install/tf2_eigen:/home/UMRobotics/new_ws/install/tf2_ros:/home/UMRobotics/new_ws/install/tf2_py:/home/UMRobotics/new_ws/install/tf2_eigen_kdl:/home/UMRobotics/new_ws/install/tf2_msgs:/home/UMRobotics/new_ws/install/tf2:/home/UMRobotics/new_ws/install/moveit_resources_prbt_support:/home/UMRobotics/new_ws/install/moveit_configs_utils:/home/UMRobotics/new_ws/install/moveit_common:${AMENT_PREFIX_PATH} CMAKE_PREFIX_PATH=/home/UMRobotics/new_ws/install/moveit_resources_prbt_pg70_support:/home/UMRobotics/new_ws/install/moveit_resources_prbt_moveit_config:/home/UMRobotics/new_ws/install/moveit_ros_move_group:/home/UMRobotics/new_ws/install/moveit_kinematics:/home/UMRobotics/new_ws/install/moveit_ros_planning:/home/UMRobotics/new_ws/install/pilz_industrial_motion_planner_testutils:/home/UMRobotics/new_ws/install/moveit_ros_occupancy_map_monitor:/home/UMRobotics/new_ws/install/moveit_resources_prbt_ikfast_manipulator_plugin:/home/UMRobotics/new_ws/install/moveit_core:/home/UMRobotics/new_ws/install/tf2_kdl:/home/UMRobotics/new_ws/install/tf2_geometry_msgs:/home/UMRobotics/new_ws/install/tf2_eigen:/home/UMRobotics/new_ws/install/tf2_ros:/home/UMRobotics/new_ws/install/tf2_py:/home/UMRobotics/new_ws/install/tf2_eigen_kdl:/home/UMRobotics/new_ws/install/tf2_msgs:/home/UMRobotics/new_ws/install/tf2:/home/UMRobotics/new_ws/install/moveit_resources_prbt_support:/home/UMRobotics/new_ws/install/moveit_common:/home/UMRobotics/moveit_ws/install/robotiq_hardware_tests:/home/UMRobotics/moveit_ws/install/robotiq_driver:/home/UMRobotics/moveit_ws/install/serial:/home/UMRobotics/moveit_ws/install/rviz_visual_tools:/home/UMRobotics/moveit_ws/install/rviz_marker_tools:/home/UMRobotics/moveit_ws/install/kortex_bringup:/home/UMRobotics/moveit_ws/install/kortex_description:/home/UMRobotics/moveit_ws/install/robotiq_description:/home/UMRobotics/moveit_ws/install/robotiq_controllers:/home/UMRobotics/moveit_ws/install/pilz_industrial_motion_planner_testutils:/home/UMRobotics/moveit_ws/install/pick_ik:/home/UMRobotics/moveit_ws/install/moveit_task_constructor_msgs:/home/UMRobotics/moveit_ws/install/moveit_ros_control_interface:/home/UMRobotics/moveit_ws/install/moveit_plugins:/home/UMRobotics/moveit_ws/install/moveit_simple_controller_manager:/home/UMRobotics/moveit_ws/install/moveit_ros_occupancy_map_monitor:/home/UMRobotics/moveit_ws/install/moveit_resources_prbt_support:/home/UMRobotics/moveit_ws/install/moveit_resources_prbt_ikfast_manipulator_plugin:/home/UMRobotics/moveit_ws/install/moveit_resources:/home/UMRobotics/moveit_ws/install/moveit_resources_pr2_description:/home/UMRobotics/moveit_ws/install/moveit_resources_panda_moveit_config:/home/UMRobotics/moveit_ws/install/dual_arm_panda_moveit_config:/home/UMRobotics/moveit_ws/install/moveit_resources_panda_description:/home/UMRobotics/moveit_ws/install/moveit_resources_fanuc_moveit_config:/home/UMRobotics/moveit_ws/install/moveit_resources_fanuc_description:/home/UMRobotics/moveit_ws/install/moveit_planners_stomp:/home/UMRobotics/moveit_ws/install/chomp_motion_planner:/home/UMRobotics/moveit_ws/install/moveit_core:/home/UMRobotics/moveit_ws/install/moveit_msgs:/home/UMRobotics/moveit_ws/install/moveit_common:/home/UMRobotics/moveit_ws/install/kortex_driver:/home/UMRobotics/moveit_ws/install/kortex_api:/opt/ros/jazzy/opt/gz_sim_vendor:/opt/ros/jazzy/opt/gz_sensors_vendor:/opt/ros/jazzy/opt/gz_physics_vendor:/opt/ros/jazzy/opt/sdformat_vendor:/opt/ros/jazzy/opt/gz_gui_vendor:/opt/ros/jazzy/opt/gz_transport_vendor:/opt/ros/jazzy/opt/gz_rendering_vendor:/opt/ros/jazzy/opt/gz_plugin_vendor:/opt/ros/jazzy/opt/gz_fuel_tools_vendor:/opt/ros/jazzy/opt/gz_msgs_vendor:/opt/ros/jazzy/opt/gz_common_vendor:/opt/ros/jazzy/opt/gz_math_vendor:/opt/ros/jazzy/opt/gz_utils_vendor:/opt/ros/jazzy/opt/gz_tools_vendor:/opt/ros/jazzy/opt/gz_ogre_next_vendor:/opt/ros/jazzy/opt/gz_dartsim_vendor:/opt/ros/jazzy/opt/gz_cmake_vendor:/home/UMRobotics/moveit_ws/install/moveit_configs_utils:/opt/ros/jazzy DEBUGINFOD_URLS=https://debuginfod.ubuntu.com LD_LIBRARY_PATH=/home/UMRobotics/new_ws/install/moveit_ros_move_group/lib:/home/UMRobotics/new_ws/install/moveit_kinematics/lib:/home/UMRobotics/new_ws/install/moveit_ros_planning/lib:/home/UMRobotics/new_ws/install/pilz_industrial_motion_planner_testutils/lib:/home/UMRobotics/new_ws/install/moveit_ros_occupancy_map_monitor/lib:/home/UMRobotics/new_ws/install/moveit_resources_prbt_ikfast_manipulator_plugin/lib:/home/UMRobotics/new_ws/install/moveit_core/lib:/home/UMRobotics/new_ws/install/tf2_ros/lib:/home/UMRobotics/new_ws/install/tf2_eigen_kdl/lib:/home/UMRobotics/new_ws/install/tf2_msgs/lib:/home/UMRobotics/new_ws/install/tf2/lib:/home/UMRobotics/moveit_ws/install/robotiq_driver/lib:/home/UMRobotics/moveit_ws/install/serial/lib:/home/UMRobotics/moveit_ws/install/rviz_visual_tools/lib:/home/UMRobotics/moveit_ws/install/rviz_marker_tools/lib:/home/UMRobotics/moveit_ws/install/robotiq_controllers/lib:/home/UMRobotics/moveit_ws/install/pilz_industrial_motion_planner_testutils/lib:/home/UMRobotics/moveit_ws/install/pick_ik/lib:/home/UMRobotics/moveit_ws/install/moveit_task_constructor_msgs/lib:/home/UMRobotics/moveit_ws/install/moveit_ros_control_interface/lib:/home/UMRobotics/moveit_ws/install/moveit_simple_controller_manager/lib:/home/UMRobotics/moveit_ws/install/moveit_ros_occupancy_map_monitor/lib:/home/UMRobotics/moveit_ws/install/moveit_resources_prbt_ikfast_manipulator_plugin/lib:/home/UMRobotics/moveit_ws/install/moveit_planners_stomp/lib:/home/UMRobotics/moveit_ws/install/chomp_motion_planner/lib:/home/UMRobotics/moveit_ws/install/moveit_core/lib:/home/UMRobotics/moveit_ws/install/moveit_msgs/lib:/home/UMRobotics/moveit_ws/install/kortex_driver/lib:/opt/ros/jazzy/opt/gz_sim_vendor/lib:/opt/ros/jazzy/opt/gz_sensors_vendor/lib:/opt/ros/jazzy/opt/gz_physics_vendor/lib:/opt/ros/jazzy/opt/sdformat_vendor/lib:/opt/ros/jazzy/opt/rviz_ogre_vendor/lib:/opt/ros/jazzy/lib/x86_64-linux-gnu:/opt/ros/jazzy/opt/gz_gui_vendor/lib:/opt/ros/jazzy/opt/gz_transport_vendor/lib:/opt/ros/jazzy/opt/gz_rendering_vendor/lib:/opt/ros/jazzy/opt/gz_plugin_vendor/lib:/opt/ros/jazzy/opt/gz_fuel_tools_vendor/lib:/opt/ros/jazzy/opt/gz_msgs_vendor/lib:/opt/ros/jazzy/opt/gz_common_vendor/lib:/opt/ros/jazzy/opt/gz_math_vendor/lib:/opt/ros/jazzy/opt/gz_utils_vendor/lib:/opt/ros/jazzy/opt/gz_tools_vendor/lib:/opt/ros/jazzy/opt/gz_ogre_next_vendor/lib:/opt/ros/jazzy/opt/gz_dartsim_vendor/lib:/opt/ros/jazzy/opt/gz_cmake_vendor/lib:/opt/ros/jazzy/lib:/usr/local/cuda/lib64 PATH=/home/UMRobotics/new_ws/install/moveit_core/bin:${PATH} PYTHONPATH=/home/UMRobotics/new_ws/install/tf2_kdl/lib/python3.12/site-packages:/home/UMRobotics/new_ws/install/tf2_geometry_msgs/lib/python3.12/site-packages:/home/UMRobotics/new_ws/install/tf2_ros_py/lib/python3.12/site-packages:/home/UMRobotics/new_ws/install/tf2_py/lib/python3.12/site-packages:/home/UMRobotics/new_ws/install/tf2_msgs/lib/python3.12/site-packages:/home/UMRobotics/new_ws/install/moveit_configs_utils/lib/python3.12/site-packages:${PYTHONPATH} /usr/bin/cmake --build /home/UMRobotics/new_ws/build/pilz_industrial_motion_planner -- -j16 -l16
[0.156s] [  2%] Built target cartesian_limits_parameters
[0.164s] [  4%] Built target gtest
[0.171s] [  7%] Built target gmock_main
[0.179s] [ 11%] Built target gmock
[0.181s] [ 13%] Built target gtest_main
[0.220s] [ 16%] Built target planning_context_loader_base
[0.234s] [ 22%] Built target joint_limits_common
[0.270s] [ 27%] Built target trajectory_generation_common
[0.307s] [ 29%] Built target pilz_industrial_motion_planner
[0.310s] [ 32%] Built target unittest_joint_limit
[0.323s] [ 34%] Built target unittest_joint_limits_container
[0.325s] [ 37%] Built target unittest_joint_limits_validator
[0.337s] [ 39%] Built target unittest_joint_limits_aggregator
[0.358s] [ 43%] Built target command_list_manager
[0.368s] [ 48%] Built target planning_context_loader_ptp
[0.386s] [ 53%] Built target planning_context_loader_lin
[0.387s] [ 55%] Built target pilz_industrial_motion_planner_test_utils
[0.394s] [ 58%] Built target unittest_get_solver_tip_frame
[0.395s] [ 61%] Built target unittest_velocity_profile_atrap
[0.402s] [ 64%] Built target unittest_pilz_industrial_motion_planner
[0.404s] [ 69%] Built target planning_context_loader_circ
[0.419s] [ 72%] Built target unittest_trajectory_generator
[0.440s] [ 77%] Built target unittest_pilz_industrial_motion_planner_direct
[0.440s] [ 79%] Built target sequence_capability
[0.453s] [ 81%] Built target unittest_planning_context_loaders
[0.463s] [ 83%] Built target unittest_trajectory_generator_ptp
[0.470s] [ 86%] Built target unittest_planning_context
[0.475s] [ 88%] Built target unittest_trajectory_functions
[0.479s] [ 91%] Built target unittest_trajectory_generator_lin
[0.485s] [ 93%] Built target unittest_trajectory_generator_common
[0.497s] [ 96%] Built target unittest_trajectory_generator_circ
[0.501s] [100%] Built target unittest_trajectory_blender_transition_window
