[0.006s] Invoking command in '/home/UMRobotics/new_ws/build/moveit_msgs': DEBUGINFOD_URLS=https://debuginfod.ubuntu.com /usr/bin/cmake /home/UMRobotics/new_ws/src/moveit_msgs -DCMAKE_INSTALL_PREFIX=/home/UMRobotics/new_ws/install/moveit_msgs
[0.013s] [33mCMake Warning (dev) in CMakeLists.txt:
[0.013s]   No project() command is present.  The top-level CMakeLists.txt file must
[0.013s]   contain a literal, direct call to the project() command.  Add a line of
[0.013s]   code such as
[0.013s] 
[0.013s]     project(ProjectName)
[0.013s] 
[0.013s]   near the top of the file, but after cmake_minimum_required().
[0.013s] 
[0.013s]   CMake is pretending there is a "project(Project)" command on the first
[0.013s]   line.
[0.013s] This warning is for project developers.  Use -Wno-dev to suppress it.
[0.013s] [0m
[0.013s] [33mCMake Warning (dev) in CMakeLists.txt:
[0.013s]   cmake_minimum_required() should be called prior to this top-level project()
[0.013s]   call.  Please see the cmake-commands(7) manual for usage documentation of
[0.013s]   both commands.
[0.014s] This warning is for project developers.  Use -Wno-dev to suppress it.
[0.014s] [0m
[0.050s] -- The C compiler identification is GNU 13.3.0
[0.091s] -- The CXX compiler identification is GNU 13.3.0
[0.104s] -- Detecting C compiler ABI info
[0.170s] -- Detecting C compiler ABI info - done
[0.177s] -- Check for working C compiler: /usr/bin/cc - skipped
[0.177s] -- Detecting C compile features
[0.178s] -- Detecting C compile features - done
[0.185s] -- Detecting CXX compiler ABI info
[0.258s] -- Detecting CXX compiler ABI info - done
[0.265s] -- Check for working CXX compiler: /usr/bin/c++ - skipped
[0.265s] -- Detecting CXX compile features
[0.266s] -- Detecting CXX compile features - done
[0.266s] -- Configuring done (0.3s)
[0.267s] -- Generating done (0.0s)
[0.267s] -- Build files have been written to: /home/UMRobotics/new_ws/build/moveit_msgs
[0.270s] Invoked command in '/home/UMRobotics/new_ws/build/moveit_msgs' returned '0': DEBUGINFOD_URLS=https://debuginfod.ubuntu.com /usr/bin/cmake /home/UMRobotics/new_ws/src/moveit_msgs -DCMAKE_INSTALL_PREFIX=/home/UMRobotics/new_ws/install/moveit_msgs
[0.270s] Invoking command in '/home/UMRobotics/new_ws/build/moveit_msgs': DEBUGINFOD_URLS=https://debuginfod.ubuntu.com /usr/bin/cmake --build /home/UMRobotics/new_ws/build/moveit_msgs -- -j16 -l16
[0.301s] Invoked command in '/home/UMRobotics/new_ws/build/moveit_msgs' returned '0': DEBUGINFOD_URLS=https://debuginfod.ubuntu.com /usr/bin/cmake --build /home/UMRobotics/new_ws/build/moveit_msgs -- -j16 -l16
