[  2%] Built target gtest_main
[  4%] Built target cartesian_limits_parameters
[  7%] Built target gtest
[ 12%] Built target gmock_main
[ 13%] Built target gmock
[ 16%] Built target planning_context_loader_base
[ 22%] Built target joint_limits_common
[ 27%] Built target trajectory_generation_common
[ 29%] Built target unittest_joint_limits_validator
[ 32%] Built target unittest_joint_limit
[ 34%] Built target unittest_joint_limits_container
[ 37%] Built target pilz_industrial_motion_planner
[ 39%] Built target unittest_joint_limits_aggregator
[ 41%] Built target pilz_industrial_motion_planner_test_utils
[ 49%] Built target planning_context_loader_ptp
[ 51%] Built target planning_context_loader_lin
[ 56%] Built target planning_context_loader_circ
[ 60%] Built target command_list_manager
[ 64%] Built target unittest_velocity_profile_atrap
[ 66%] Built target unittest_pilz_industrial_motion_planner
[ 69%] Built target unittest_planning_context_loaders
[ 71%] Built target unittest_get_solver_tip_frame
[ 74%] Built target unittest_trajectory_functions
[ 76%] Built target unittest_pilz_industrial_motion_planner_direct
[ 80%] Built target unittest_trajectory_generator
[ 82%] Built target unittest_trajectory_generator_common
[ 85%] Built target unittest_trajectory_generator_circ
[ 87%] Built target unittest_planning_context
[ 90%] Built target unittest_trajectory_generator_ptp
[ 92%] Built target unittest_trajectory_generator_lin
[ 96%] Built target unittest_trajectory_blender_transition_window
[100%] Built target sequence_capability
