[  2%] Built target gtest_main
[  8%] Built target gmock
[  8%] Built target gtest
[ 12%] Built target gmock_main
[ 13%] Built target cartesian_limits_parameters
[ 16%] Built target planning_context_loader_base
[ 22%] Built target joint_limits_common
[ 27%] Built target trajectory_generation_common
[ 29%] Built target unittest_joint_limits_container
[ 32%] Built target unittest_joint_limits_validator
[ 34%] Built target unittest_joint_limits_aggregator
[ 37%] Built target unittest_joint_limit
[ 39%] Built target pilz_industrial_motion_planner
[ 43%] Built target command_list_manager
[ 45%] Built target pilz_industrial_motion_planner_test_utils
[ 50%] Built target planning_context_loader_ptp
[ 55%] Built target planning_context_loader_lin
[ 60%] Built target planning_context_loader_circ
[ 64%] Built target unittest_velocity_profile_atrap
[ 66%] Built target unittest_get_solver_tip_frame
[ 72%] Built target unittest_trajectory_functions
[ 72%] Built target unittest_trajectory_generator
[ 75%] Built target unittest_pilz_industrial_motion_planner
[ 77%] Built target unittest_planning_context_loaders
[ 81%] Built target sequence_capability
[ 83%] Built target unittest_trajectory_generator_ptp
[ 86%] Built target unittest_pilz_industrial_motion_planner_direct
[ 88%] Built target unittest_planning_context
[ 93%] Built target unittest_trajectory_generator_circ
[ 93%] Built target unittest_trajectory_generator_lin
[ 96%] Built target unittest_trajectory_generator_common
[100%] Built target unittest_trajectory_blender_transition_window
