-- The C compiler identification is GNU 13.3.0
-- The CXX compiler identification is GNU 13.3.0
-- Detecting C compiler ABI info
-- Detecting C compiler ABI info - done
-- Check for working C compiler: /usr/bin/cc - skipped
-- Detecting C compile features
-- Detecting C compile features - done
-- Detecting CXX compiler ABI info
-- Detecting CXX compiler ABI info - done
-- Check for working CXX compiler: /usr/bin/c++ - skipped
-- Detecting CXX compile features
-- Detecting CXX compile features - done
-- Found ament_cmake: 2.5.4 (/opt/ros/jazzy/share/ament_cmake/cmake)
-- Found Python3: /home/UMRobotics/.local/bin/python3 (found version "3.12.3") found components: Interpreter 
-- Found builtin_interfaces: 2.0.2 (/opt/ros/jazzy/share/builtin_interfaces/cmake)
-- Found rosidl_generator_c: 4.6.5 (/opt/ros/jazzy/share/rosidl_generator_c/cmake)
-- Found rosidl_generator_cpp: 4.6.5 (/opt/ros/jazzy/share/rosidl_generator_cpp/cmake)
-- Using all available rosidl_typesupport_c: rosidl_typesupport_fastrtps_c;rosidl_typesupport_introspection_c
-- Using all available rosidl_typesupport_cpp: rosidl_typesupport_fastrtps_cpp;rosidl_typesupport_introspection_cpp
-- Found geometry_msgs: 5.3.6 (/opt/ros/jazzy/share/geometry_msgs/cmake)
-- Found orocos_kdl_vendor: 0.5.1 (/opt/ros/jazzy/share/orocos_kdl_vendor/cmake)
-- Found eigen3_cmake_module: 0.3.0 (/opt/ros/jazzy/share/eigen3_cmake_module/cmake)
-- Found Eigen3: TRUE (found version "3.4.0") 
-- Ensuring Eigen3 include directory is part of orocos-kdl CMake target
-- Found tf2: 0.36.11 (/home/UMRobotics/new_ws/install/tf2/share/tf2/cmake)
-- Found tf2_ros: 0.36.11 (/home/UMRobotics/new_ws/install/tf2_ros/share/tf2_ros/cmake)
-- Found rmw_implementation_cmake: 7.3.2 (/opt/ros/jazzy/share/rmw_implementation_cmake/cmake)
-- Found rmw_fastrtps_cpp: 8.4.2 (/opt/ros/jazzy/share/rmw_fastrtps_cpp/cmake)
-- Found OpenSSL: /usr/lib/x86_64-linux-gnu/libcrypto.so (found version "3.0.13")  
-- Found FastRTPS: /opt/ros/jazzy/include (Required is at least version "2.13") 
-- Using RMW implementation 'rmw_fastrtps_cpp' as default
-- Found ament_cmake_gtest: 2.5.4 (/opt/ros/jazzy/share/ament_cmake_gtest/cmake)
-- Found gtest sources under '/opt/ros/jazzy/src/gtest_vendor': C++ tests using 'Google Test' will be built
-- Performing Test CMAKE_HAVE_LIBC_PTHREAD
-- Performing Test CMAKE_HAVE_LIBC_PTHREAD - Success
-- Found Threads: TRUE  
-- Configuring done (1.3s)
-- Generating done (0.0s)
-- Build files have been written to: /home/UMRobotics/new_ws/build/tf2_kdl
[ 16%] [32mBuilding CXX object gtest/CMakeFiles/gtest.dir/src/gtest-all.cc.o[0m
[ 33%] [32mBuilding CXX object gtest/CMakeFiles/gtest_main.dir/src/gtest_main.cc.o[0m
[ 33%] Built target ament_cmake_python_copy_tf2_kdl
running egg_info
creating tf2_kdl.egg-info
writing tf2_kdl.egg-info/PKG-INFO
writing dependency_links to tf2_kdl.egg-info/dependency_links.txt
writing top-level names to tf2_kdl.egg-info/top_level.txt
writing manifest file 'tf2_kdl.egg-info/SOURCES.txt'
reading manifest file 'tf2_kdl.egg-info/SOURCES.txt'
writing manifest file 'tf2_kdl.egg-info/SOURCES.txt'
[ 33%] Built target ament_cmake_python_build_tf2_kdl_egg
[ 50%] [32m[1mLinking CXX static library libgtest_main.a[0m
[ 50%] Built target gtest_main
[ 66%] [32m[1mLinking CXX static library libgtest.a[0m
[ 66%] Built target gtest
[ 83%] [32mBuilding CXX object CMakeFiles/test_kdl.dir/test/test_tf2_kdl.cpp.o[0m
[100%] [32m[1mLinking CXX executable test_kdl[0m
[100%] Built target test_kdl
-- Install configuration: ""
-- Installing: /home/UMRobotics/new_ws/install/tf2_kdl/share/tf2_kdl/environment/pythonpath.sh
-- Installing: /home/UMRobotics/new_ws/install/tf2_kdl/share/tf2_kdl/environment/pythonpath.dsv
-- Installing: /home/UMRobotics/new_ws/install/tf2_kdl/lib/python3.12/site-packages/tf2_kdl-0.36.11-py3.12.egg-info
-- Installing: /home/UMRobotics/new_ws/install/tf2_kdl/lib/python3.12/site-packages/tf2_kdl-0.36.11-py3.12.egg-info/PKG-INFO
-- Installing: /home/UMRobotics/new_ws/install/tf2_kdl/lib/python3.12/site-packages/tf2_kdl-0.36.11-py3.12.egg-info/SOURCES.txt
-- Installing: /home/UMRobotics/new_ws/install/tf2_kdl/lib/python3.12/site-packages/tf2_kdl-0.36.11-py3.12.egg-info/dependency_links.txt
-- Installing: /home/UMRobotics/new_ws/install/tf2_kdl/lib/python3.12/site-packages/tf2_kdl-0.36.11-py3.12.egg-info/top_level.txt
-- Installing: /home/UMRobotics/new_ws/install/tf2_kdl/lib/python3.12/site-packages/tf2_kdl
-- Installing: /home/UMRobotics/new_ws/install/tf2_kdl/lib/python3.12/site-packages/tf2_kdl/tf2_kdl.py
-- Installing: /home/UMRobotics/new_ws/install/tf2_kdl/lib/python3.12/site-packages/tf2_kdl/__init__.py
Listing '/home/UMRobotics/new_ws/install/tf2_kdl/lib/python3.12/site-packages/tf2_kdl'...
Compiling '/home/UMRobotics/new_ws/install/tf2_kdl/lib/python3.12/site-packages/tf2_kdl/__init__.py'...
Compiling '/home/UMRobotics/new_ws/install/tf2_kdl/lib/python3.12/site-packages/tf2_kdl/tf2_kdl.py'...
-- Installing: /home/UMRobotics/new_ws/install/tf2_kdl/include/tf2_kdl
-- Installing: /home/UMRobotics/new_ws/install/tf2_kdl/include/tf2_kdl/tf2_kdl
-- Installing: /home/UMRobotics/new_ws/install/tf2_kdl/include/tf2_kdl/tf2_kdl/tf2_kdl.hpp
-- Installing: /home/UMRobotics/new_ws/install/tf2_kdl/share/ament_index/resource_index/package_run_dependencies/tf2_kdl
-- Installing: /home/UMRobotics/new_ws/install/tf2_kdl/share/ament_index/resource_index/parent_prefix_path/tf2_kdl
-- Installing: /home/UMRobotics/new_ws/install/tf2_kdl/share/tf2_kdl/environment/ament_prefix_path.sh
-- Installing: /home/UMRobotics/new_ws/install/tf2_kdl/share/tf2_kdl/environment/ament_prefix_path.dsv
-- Installing: /home/UMRobotics/new_ws/install/tf2_kdl/share/tf2_kdl/environment/path.sh
-- Installing: /home/UMRobotics/new_ws/install/tf2_kdl/share/tf2_kdl/environment/path.dsv
-- Installing: /home/UMRobotics/new_ws/install/tf2_kdl/share/tf2_kdl/local_setup.bash
-- Installing: /home/UMRobotics/new_ws/install/tf2_kdl/share/tf2_kdl/local_setup.sh
-- Installing: /home/UMRobotics/new_ws/install/tf2_kdl/share/tf2_kdl/local_setup.zsh
-- Installing: /home/UMRobotics/new_ws/install/tf2_kdl/share/tf2_kdl/local_setup.dsv
-- Installing: /home/UMRobotics/new_ws/install/tf2_kdl/share/tf2_kdl/package.dsv
-- Installing: /home/UMRobotics/new_ws/install/tf2_kdl/share/ament_index/resource_index/packages/tf2_kdl
-- Installing: /home/UMRobotics/new_ws/install/tf2_kdl/share/tf2_kdl/cmake/export_tf2_kdlExport.cmake
-- Installing: /home/UMRobotics/new_ws/install/tf2_kdl/share/tf2_kdl/cmake/ament_cmake_export_include_directories-extras.cmake
-- Installing: /home/UMRobotics/new_ws/install/tf2_kdl/share/tf2_kdl/cmake/ament_cmake_export_targets-extras.cmake
-- Installing: /home/UMRobotics/new_ws/install/tf2_kdl/share/tf2_kdl/cmake/ament_cmake_export_dependencies-extras.cmake
-- Installing: /home/UMRobotics/new_ws/install/tf2_kdl/share/tf2_kdl/cmake/tf2_kdlConfig.cmake
-- Installing: /home/UMRobotics/new_ws/install/tf2_kdl/share/tf2_kdl/cmake/tf2_kdlConfig-version.cmake
-- Installing: /home/UMRobotics/new_ws/install/tf2_kdl/share/tf2_kdl/package.xml
