[ 33%] Built target gtest_main
[ 66%] Built target gtest
[ 66%] Built target ament_cmake_python_copy_tf2_kdl
[100%] Built target test_kdl
running egg_info
writing tf2_kdl.egg-info/PKG-INFO
writing dependency_links to tf2_kdl.egg-info/dependency_links.txt
writing top-level names to tf2_kdl.egg-info/top_level.txt
reading manifest file 'tf2_kdl.egg-info/SOURCES.txt'
writing manifest file 'tf2_kdl.egg-info/SOURCES.txt'
[100%] Built target ament_cmake_python_build_tf2_kdl_egg
-- Install configuration: ""
-- Up-to-date: /home/UMRobotics/new_ws/install/tf2_kdl/share/tf2_kdl/environment/pythonpath.sh
-- Up-to-date: /home/UMRobotics/new_ws/install/tf2_kdl/share/tf2_kdl/environment/pythonpath.dsv
-- Up-to-date: /home/UMRobotics/new_ws/install/tf2_kdl/lib/python3.12/site-packages/tf2_kdl-0.36.11-py3.12.egg-info
-- Installing: /home/UMRobotics/new_ws/install/tf2_kdl/lib/python3.12/site-packages/tf2_kdl-0.36.11-py3.12.egg-info/PKG-INFO
-- Installing: /home/UMRobotics/new_ws/install/tf2_kdl/lib/python3.12/site-packages/tf2_kdl-0.36.11-py3.12.egg-info/SOURCES.txt
-- Installing: /home/UMRobotics/new_ws/install/tf2_kdl/lib/python3.12/site-packages/tf2_kdl-0.36.11-py3.12.egg-info/dependency_links.txt
-- Installing: /home/UMRobotics/new_ws/install/tf2_kdl/lib/python3.12/site-packages/tf2_kdl-0.36.11-py3.12.egg-info/top_level.txt
-- Up-to-date: /home/UMRobotics/new_ws/install/tf2_kdl/lib/python3.12/site-packages/tf2_kdl
-- Up-to-date: /home/UMRobotics/new_ws/install/tf2_kdl/lib/python3.12/site-packages/tf2_kdl/tf2_kdl.py
-- Up-to-date: /home/UMRobotics/new_ws/install/tf2_kdl/lib/python3.12/site-packages/tf2_kdl/__init__.py
Listing '/home/UMRobotics/new_ws/install/tf2_kdl/lib/python3.12/site-packages/tf2_kdl'...
-- Up-to-date: /home/UMRobotics/new_ws/install/tf2_kdl/include/tf2_kdl
-- Up-to-date: /home/UMRobotics/new_ws/install/tf2_kdl/include/tf2_kdl/tf2_kdl
-- Up-to-date: /home/UMRobotics/new_ws/install/tf2_kdl/include/tf2_kdl/tf2_kdl/tf2_kdl.hpp
-- Up-to-date: /home/UMRobotics/new_ws/install/tf2_kdl/share/ament_index/resource_index/package_run_dependencies/tf2_kdl
-- Up-to-date: /home/UMRobotics/new_ws/install/tf2_kdl/share/ament_index/resource_index/parent_prefix_path/tf2_kdl
-- Up-to-date: /home/UMRobotics/new_ws/install/tf2_kdl/share/tf2_kdl/environment/ament_prefix_path.sh
-- Up-to-date: /home/UMRobotics/new_ws/install/tf2_kdl/share/tf2_kdl/environment/ament_prefix_path.dsv
-- Up-to-date: /home/UMRobotics/new_ws/install/tf2_kdl/share/tf2_kdl/environment/path.sh
-- Up-to-date: /home/UMRobotics/new_ws/install/tf2_kdl/share/tf2_kdl/environment/path.dsv
-- Up-to-date: /home/UMRobotics/new_ws/install/tf2_kdl/share/tf2_kdl/local_setup.bash
-- Up-to-date: /home/UMRobotics/new_ws/install/tf2_kdl/share/tf2_kdl/local_setup.sh
-- Up-to-date: /home/UMRobotics/new_ws/install/tf2_kdl/share/tf2_kdl/local_setup.zsh
-- Up-to-date: /home/UMRobotics/new_ws/install/tf2_kdl/share/tf2_kdl/local_setup.dsv
-- Installing: /home/UMRobotics/new_ws/install/tf2_kdl/share/tf2_kdl/package.dsv
-- Up-to-date: /home/UMRobotics/new_ws/install/tf2_kdl/share/ament_index/resource_index/packages/tf2_kdl
-- Up-to-date: /home/UMRobotics/new_ws/install/tf2_kdl/share/tf2_kdl/cmake/export_tf2_kdlExport.cmake
-- Up-to-date: /home/UMRobotics/new_ws/install/tf2_kdl/share/tf2_kdl/cmake/ament_cmake_export_include_directories-extras.cmake
-- Up-to-date: /home/UMRobotics/new_ws/install/tf2_kdl/share/tf2_kdl/cmake/ament_cmake_export_targets-extras.cmake
-- Up-to-date: /home/UMRobotics/new_ws/install/tf2_kdl/share/tf2_kdl/cmake/ament_cmake_export_dependencies-extras.cmake
-- Up-to-date: /home/UMRobotics/new_ws/install/tf2_kdl/share/tf2_kdl/cmake/tf2_kdlConfig.cmake
-- Up-to-date: /home/UMRobotics/new_ws/install/tf2_kdl/share/tf2_kdl/cmake/tf2_kdlConfig-version.cmake
-- Up-to-date: /home/UMRobotics/new_ws/install/tf2_kdl/share/tf2_kdl/package.xml
