[0.776s] Invoking command in '/home/UMRobotics/new_ws/src/moveit2/moveit_configs_utils': DEBUGINFOD_URLS=https://debuginfod.ubuntu.com PYTHONPATH=/home/UMRobotics/new_ws/build/moveit_configs_utils/prefix_override:/usr/lib/python3/dist-packages/colcon_core/task/python/colcon_distutils_commands:/home/UMRobotics/new_ws/install/moveit_configs_utils/lib/python3.12/site-packages:${PYTHONPATH} /usr/bin/python3 -W ignore:setup.py install is deprecated -W ignore:easy_install command is deprecated setup.py egg_info --egg-base ../../../build/moveit_configs_utils build --build-base /home/UMRobotics/new_ws/build/moveit_configs_utils/build install --record /home/UMRobotics/new_ws/build/moveit_configs_utils/install.log --single-version-externally-managed install_data
[1.005s] running egg_info
[1.006s] creating ../../../build/moveit_configs_utils/moveit_configs_utils.egg-info
[1.025s] writing ../../../build/moveit_configs_utils/moveit_configs_utils.egg-info/PKG-INFO
[1.025s] writing dependency_links to ../../../build/moveit_configs_utils/moveit_configs_utils.egg-info/dependency_links.txt
[1.026s] writing requirements to ../../../build/moveit_configs_utils/moveit_configs_utils.egg-info/requires.txt
[1.026s] writing top-level names to ../../../build/moveit_configs_utils/moveit_configs_utils.egg-info/top_level.txt
[1.026s] writing manifest file '../../../build/moveit_configs_utils/moveit_configs_utils.egg-info/SOURCES.txt'
[1.066s] reading manifest file '../../../build/moveit_configs_utils/moveit_configs_utils.egg-info/SOURCES.txt'
[1.067s] writing manifest file '../../../build/moveit_configs_utils/moveit_configs_utils.egg-info/SOURCES.txt'
[1.067s] running build
[1.067s] running build_py
[1.067s] creating /home/UMRobotics/new_ws/build/moveit_configs_utils/build
[1.067s] creating /home/UMRobotics/new_ws/build/moveit_configs_utils/build/lib
[1.067s] creating /home/UMRobotics/new_ws/build/moveit_configs_utils/build/lib/moveit_configs_utils
[1.067s] copying moveit_configs_utils/moveit_configs_builder.py -> /home/UMRobotics/new_ws/build/moveit_configs_utils/build/lib/moveit_configs_utils
[1.067s] copying moveit_configs_utils/launch_utils.py -> /home/UMRobotics/new_ws/build/moveit_configs_utils/build/lib/moveit_configs_utils
[1.067s] copying moveit_configs_utils/launches.py -> /home/UMRobotics/new_ws/build/moveit_configs_utils/build/lib/moveit_configs_utils
[1.067s] copying moveit_configs_utils/__init__.py -> /home/UMRobotics/new_ws/build/moveit_configs_utils/build/lib/moveit_configs_utils
[1.068s] creating /home/UMRobotics/new_ws/build/moveit_configs_utils/build/lib/moveit_configs_utils/substitutions
[1.068s] copying moveit_configs_utils/substitutions/xacro.py -> /home/UMRobotics/new_ws/build/moveit_configs_utils/build/lib/moveit_configs_utils/substitutions
[1.068s] copying moveit_configs_utils/substitutions/__init__.py -> /home/UMRobotics/new_ws/build/moveit_configs_utils/build/lib/moveit_configs_utils/substitutions
[1.068s] running install
[1.072s] running install_lib
[1.092s] creating /home/UMRobotics/new_ws/install/moveit_configs_utils/lib/python3.12/site-packages/moveit_configs_utils
[1.092s] copying /home/UMRobotics/new_ws/build/moveit_configs_utils/build/lib/moveit_configs_utils/moveit_configs_builder.py -> /home/UMRobotics/new_ws/install/moveit_configs_utils/lib/python3.12/site-packages/moveit_configs_utils
[1.093s] creating /home/UMRobotics/new_ws/install/moveit_configs_utils/lib/python3.12/site-packages/moveit_configs_utils/substitutions
[1.093s] copying /home/UMRobotics/new_ws/build/moveit_configs_utils/build/lib/moveit_configs_utils/substitutions/xacro.py -> /home/UMRobotics/new_ws/install/moveit_configs_utils/lib/python3.12/site-packages/moveit_configs_utils/substitutions
[1.093s] copying /home/UMRobotics/new_ws/build/moveit_configs_utils/build/lib/moveit_configs_utils/substitutions/__init__.py -> /home/UMRobotics/new_ws/install/moveit_configs_utils/lib/python3.12/site-packages/moveit_configs_utils/substitutions
[1.093s] copying /home/UMRobotics/new_ws/build/moveit_configs_utils/build/lib/moveit_configs_utils/launch_utils.py -> /home/UMRobotics/new_ws/install/moveit_configs_utils/lib/python3.12/site-packages/moveit_configs_utils
[1.093s] copying /home/UMRobotics/new_ws/build/moveit_configs_utils/build/lib/moveit_configs_utils/launches.py -> /home/UMRobotics/new_ws/install/moveit_configs_utils/lib/python3.12/site-packages/moveit_configs_utils
[1.093s] copying /home/UMRobotics/new_ws/build/moveit_configs_utils/build/lib/moveit_configs_utils/__init__.py -> /home/UMRobotics/new_ws/install/moveit_configs_utils/lib/python3.12/site-packages/moveit_configs_utils
[1.093s] byte-compiling /home/UMRobotics/new_ws/install/moveit_configs_utils/lib/python3.12/site-packages/moveit_configs_utils/moveit_configs_builder.py to moveit_configs_builder.cpython-312.pyc
[1.095s] byte-compiling /home/UMRobotics/new_ws/install/moveit_configs_utils/lib/python3.12/site-packages/moveit_configs_utils/substitutions/xacro.py to xacro.cpython-312.pyc
[1.096s] byte-compiling /home/UMRobotics/new_ws/install/moveit_configs_utils/lib/python3.12/site-packages/moveit_configs_utils/substitutions/__init__.py to __init__.cpython-312.pyc
[1.096s] byte-compiling /home/UMRobotics/new_ws/install/moveit_configs_utils/lib/python3.12/site-packages/moveit_configs_utils/launch_utils.py to launch_utils.cpython-312.pyc
[1.096s] byte-compiling /home/UMRobotics/new_ws/install/moveit_configs_utils/lib/python3.12/site-packages/moveit_configs_utils/launches.py to launches.cpython-312.pyc
[1.097s] byte-compiling /home/UMRobotics/new_ws/install/moveit_configs_utils/lib/python3.12/site-packages/moveit_configs_utils/__init__.py to __init__.cpython-312.pyc
[1.097s] running install_data
[1.097s] creating /home/UMRobotics/new_ws/install/moveit_configs_utils/share/ament_index
[1.098s] creating /home/UMRobotics/new_ws/install/moveit_configs_utils/share/ament_index/resource_index
[1.098s] creating /home/UMRobotics/new_ws/install/moveit_configs_utils/share/ament_index/resource_index/packages
[1.098s] copying resource/moveit_configs_utils -> /home/UMRobotics/new_ws/install/moveit_configs_utils/share/ament_index/resource_index/packages
[1.098s] copying package.xml -> /home/UMRobotics/new_ws/install/moveit_configs_utils/share/moveit_configs_utils
[1.098s] creating /home/UMRobotics/new_ws/install/moveit_configs_utils/share/moveit_configs_utils/default_configs
[1.098s] copying default_configs/ompl_defaults.yaml -> /home/UMRobotics/new_ws/install/moveit_configs_utils/share/moveit_configs_utils/default_configs
[1.098s] copying default_configs/chomp_planning.yaml -> /home/UMRobotics/new_ws/install/moveit_configs_utils/share/moveit_configs_utils/default_configs
[1.098s] copying default_configs/pilz_industrial_motion_planner_planning.yaml -> /home/UMRobotics/new_ws/install/moveit_configs_utils/share/moveit_configs_utils/default_configs
[1.098s] copying default_configs/ompl_planning.yaml -> /home/UMRobotics/new_ws/install/moveit_configs_utils/share/moveit_configs_utils/default_configs
[1.098s] copying default_configs/stomp_planning.yaml -> /home/UMRobotics/new_ws/install/moveit_configs_utils/share/moveit_configs_utils/default_configs
[1.098s] running install_egg_info
[1.119s] Copying ../../../build/moveit_configs_utils/moveit_configs_utils.egg-info to /home/UMRobotics/new_ws/install/moveit_configs_utils/lib/python3.12/site-packages/moveit_configs_utils-2.12.3-py3.12.egg-info
[1.120s] running install_scripts
[1.244s] writing list of installed files to '/home/UMRobotics/new_ws/build/moveit_configs_utils/install.log'
[1.260s] Invoked command in '/home/UMRobotics/new_ws/src/moveit2/moveit_configs_utils' returned '0': DEBUGINFOD_URLS=https://debuginfod.ubuntu.com PYTHONPATH=/home/UMRobotics/new_ws/build/moveit_configs_utils/prefix_override:/usr/lib/python3/dist-packages/colcon_core/task/python/colcon_distutils_commands:/home/UMRobotics/new_ws/install/moveit_configs_utils/lib/python3.12/site-packages:${PYTHONPATH} /usr/bin/python3 -W ignore:setup.py install is deprecated -W ignore:easy_install command is deprecated setup.py egg_info --egg-base ../../../build/moveit_configs_utils build --build-base /home/UMRobotics/new_ws/build/moveit_configs_utils/build install --record /home/UMRobotics/new_ws/build/moveit_configs_utils/install.log --single-version-externally-managed install_data
