[0.048s] Invoking command in '/home/UMRobotics/new_ws/build/moveit_ros_planning': AMENT_PREFIX_PATH=/home/UMRobotics/new_ws/install/moveit_ros_occupancy_map_monitor:/home/UMRobotics/new_ws/install/moveit_core:/home/UMRobotics/new_ws/install/tf2_kdl:/home/UMRobotics/new_ws/install/tf2_geometry_msgs:/home/UMRobotics/new_ws/install/tf2_ros_py:/home/UMRobotics/new_ws/install/tf2_eigen:/home/UMRobotics/new_ws/install/tf2_ros:/home/UMRobotics/new_ws/install/tf2_py:/home/UMRobotics/new_ws/install/tf2_msgs:/home/UMRobotics/new_ws/install/tf2:/home/UMRobotics/new_ws/install/moveit_configs_utils:/home/UMRobotics/new_ws/install/moveit_common:${AMENT_PREFIX_PATH} CMAKE_PREFIX_PATH=/home/UMRobotics/new_ws/install/moveit_ros_occupancy_map_monitor:/home/UMRobotics/new_ws/install/moveit_core:/home/UMRobotics/new_ws/install/tf2_kdl:/home/UMRobotics/new_ws/install/tf2_geometry_msgs:/home/UMRobotics/new_ws/install/tf2_eigen:/home/UMRobotics/new_ws/install/tf2_ros:/home/UMRobotics/new_ws/install/tf2_py:/home/UMRobotics/new_ws/install/tf2_msgs:/home/UMRobotics/new_ws/install/tf2:/home/UMRobotics/new_ws/install/moveit_common:/home/UMRobotics/moveit_ws/install/robotiq_hardware_tests:/home/UMRobotics/moveit_ws/install/robotiq_driver:/home/UMRobotics/moveit_ws/install/serial:/home/UMRobotics/moveit_ws/install/rviz_visual_tools:/home/UMRobotics/moveit_ws/install/rviz_marker_tools:/home/UMRobotics/moveit_ws/install/kortex_bringup:/home/UMRobotics/moveit_ws/install/kortex_description:/home/UMRobotics/moveit_ws/install/robotiq_description:/home/UMRobotics/moveit_ws/install/robotiq_controllers:/home/UMRobotics/moveit_ws/install/pilz_industrial_motion_planner_testutils:/home/UMRobotics/moveit_ws/install/pick_ik:/home/UMRobotics/moveit_ws/install/moveit_task_constructor_msgs:/home/UMRobotics/moveit_ws/install/moveit_ros_control_interface:/home/UMRobotics/moveit_ws/install/moveit_plugins:/home/UMRobotics/moveit_ws/install/moveit_simple_controller_manager:/home/UMRobotics/moveit_ws/install/moveit_ros_occupancy_map_monitor:/home/UMRobotics/moveit_ws/install/moveit_resources_prbt_support:/home/UMRobotics/moveit_ws/install/moveit_resources_prbt_ikfast_manipulator_plugin:/home/UMRobotics/moveit_ws/install/moveit_resources:/home/UMRobotics/moveit_ws/install/moveit_resources_pr2_description:/home/UMRobotics/moveit_ws/install/moveit_resources_panda_moveit_config:/home/UMRobotics/moveit_ws/install/dual_arm_panda_moveit_config:/home/UMRobotics/moveit_ws/install/moveit_resources_panda_description:/home/UMRobotics/moveit_ws/install/moveit_resources_fanuc_moveit_config:/home/UMRobotics/moveit_ws/install/moveit_resources_fanuc_description:/home/UMRobotics/moveit_ws/install/moveit_planners_stomp:/home/UMRobotics/moveit_ws/install/chomp_motion_planner:/home/UMRobotics/moveit_ws/install/moveit_core:/home/UMRobotics/moveit_ws/install/moveit_msgs:/home/UMRobotics/moveit_ws/install/moveit_common:/home/UMRobotics/moveit_ws/install/kortex_driver:/home/UMRobotics/moveit_ws/install/kortex_api:/opt/ros/jazzy/opt/gz_sim_vendor:/opt/ros/jazzy/opt/gz_sensors_vendor:/opt/ros/jazzy/opt/gz_physics_vendor:/opt/ros/jazzy/opt/sdformat_vendor:/opt/ros/jazzy/opt/gz_gui_vendor:/opt/ros/jazzy/opt/gz_transport_vendor:/opt/ros/jazzy/opt/gz_rendering_vendor:/opt/ros/jazzy/opt/gz_plugin_vendor:/opt/ros/jazzy/opt/gz_fuel_tools_vendor:/opt/ros/jazzy/opt/gz_msgs_vendor:/opt/ros/jazzy/opt/gz_common_vendor:/opt/ros/jazzy/opt/gz_math_vendor:/opt/ros/jazzy/opt/gz_utils_vendor:/opt/ros/jazzy/opt/gz_tools_vendor:/opt/ros/jazzy/opt/gz_ogre_next_vendor:/opt/ros/jazzy/opt/gz_dartsim_vendor:/opt/ros/jazzy/opt/gz_cmake_vendor:/home/UMRobotics/moveit_ws/install/moveit_configs_utils:/opt/ros/jazzy DEBUGINFOD_URLS=https://debuginfod.ubuntu.com LD_LIBRARY_PATH=/home/UMRobotics/new_ws/install/moveit_ros_occupancy_map_monitor/lib:/home/UMRobotics/new_ws/install/moveit_core/lib:/home/UMRobotics/new_ws/install/tf2_ros/lib:/home/UMRobotics/new_ws/install/tf2_msgs/lib:/home/UMRobotics/new_ws/install/tf2/lib:/home/UMRobotics/moveit_ws/install/robotiq_driver/lib:/home/UMRobotics/moveit_ws/install/serial/lib:/home/UMRobotics/moveit_ws/install/rviz_visual_tools/lib:/home/UMRobotics/moveit_ws/install/rviz_marker_tools/lib:/home/UMRobotics/moveit_ws/install/robotiq_controllers/lib:/home/UMRobotics/moveit_ws/install/pilz_industrial_motion_planner_testutils/lib:/home/UMRobotics/moveit_ws/install/pick_ik/lib:/home/UMRobotics/moveit_ws/install/moveit_task_constructor_msgs/lib:/home/UMRobotics/moveit_ws/install/moveit_ros_control_interface/lib:/home/UMRobotics/moveit_ws/install/moveit_simple_controller_manager/lib:/home/UMRobotics/moveit_ws/install/moveit_ros_occupancy_map_monitor/lib:/home/UMRobotics/moveit_ws/install/moveit_resources_prbt_ikfast_manipulator_plugin/lib:/home/UMRobotics/moveit_ws/install/moveit_planners_stomp/lib:/home/UMRobotics/moveit_ws/install/chomp_motion_planner/lib:/home/UMRobotics/moveit_ws/install/moveit_core/lib:/home/UMRobotics/moveit_ws/install/moveit_msgs/lib:/home/UMRobotics/moveit_ws/install/kortex_driver/lib:/opt/ros/jazzy/opt/gz_sim_vendor/lib:/opt/ros/jazzy/opt/gz_sensors_vendor/lib:/opt/ros/jazzy/opt/gz_physics_vendor/lib:/opt/ros/jazzy/opt/sdformat_vendor/lib:/opt/ros/jazzy/opt/rviz_ogre_vendor/lib:/opt/ros/jazzy/lib/x86_64-linux-gnu:/opt/ros/jazzy/opt/gz_gui_vendor/lib:/opt/ros/jazzy/opt/gz_transport_vendor/lib:/opt/ros/jazzy/opt/gz_rendering_vendor/lib:/opt/ros/jazzy/opt/gz_plugin_vendor/lib:/opt/ros/jazzy/opt/gz_fuel_tools_vendor/lib:/opt/ros/jazzy/opt/gz_msgs_vendor/lib:/opt/ros/jazzy/opt/gz_common_vendor/lib:/opt/ros/jazzy/opt/gz_math_vendor/lib:/opt/ros/jazzy/opt/gz_utils_vendor/lib:/opt/ros/jazzy/opt/gz_tools_vendor/lib:/opt/ros/jazzy/opt/gz_ogre_next_vendor/lib:/opt/ros/jazzy/opt/gz_dartsim_vendor/lib:/opt/ros/jazzy/opt/gz_cmake_vendor/lib:/opt/ros/jazzy/lib:/usr/local/cuda/lib64 PATH=/home/UMRobotics/new_ws/install/moveit_core/bin:${PATH} PYTHONPATH=/home/UMRobotics/new_ws/install/tf2_kdl/lib/python3.12/site-packages:/home/UMRobotics/new_ws/install/tf2_geometry_msgs/lib/python3.12/site-packages:/home/UMRobotics/new_ws/install/tf2_ros_py/lib/python3.12/site-packages:/home/UMRobotics/new_ws/install/tf2_py/lib/python3.12/site-packages:/home/UMRobotics/new_ws/install/tf2_msgs/lib/python3.12/site-packages:/home/UMRobotics/new_ws/install/moveit_configs_utils/lib/python3.12/site-packages:${PYTHONPATH} /usr/bin/cmake --build /home/UMRobotics/new_ws/build/moveit_ros_planning -- -j16 -l16
[0.111s] [  4%] Built target kinematics_parameters
[0.111s] [  4%] Built target default_request_adapter_parameters
[0.111s] [  6%] Built target planning_pipeline_parameters
[0.112s] [  8%] Built target gtest_main
[0.114s] [ 11%] Built target gtest
[0.115s] [ 13%] Built target default_response_adapter_parameters
[0.122s] [ 17%] Built target srdf_publisher
[0.122s] [ 17%] Built target gmock_main
[0.122s] [ 24%] Built target gmock
[0.122s] [ 24%] Built target moveit_rdf_loader
[0.123s] [ 26%] Built target moveit_pipeline_test_plugins
[0.123s] [ 29%] Built target moveit_collision_plugin_loader
[0.124s] [ 31%] Built target srdf_publisher_node
[0.145s] [ 33%] Built target moveit_planning_pipeline
[0.154s] [ 46%] Built target moveit_default_planning_response_adapter_plugins
[0.154s] [ 46%] Built target moveit_default_planning_request_adapter_plugins
[0.154s] [ 48%] Built target moveit_constraint_sampler_manager_loader
[0.155s] [ 50%] Built target moveit_kinematics_plugin_loader
[0.177s] [ 52%] Built target moveit_planning_pipeline_test
[0.177s] [ 58%] Built target moveit_planning_pipeline_interfaces
[0.181s] [ 60%] Built target moveit_robot_model_loader
[0.183s] [ 62%] Built target test_check_start_state_bounds
[0.208s] [ 65%] Built target moveit_print_planning_model_info
[0.221s] [ 71%] Built target moveit_planning_scene_monitor
[0.257s] [ 78%] Built target moveit_publish_scene_from_text
[0.258s] [ 78%] Built target demo_scene
[0.258s] [ 78%] Built target planning_scene_monitor_test
[0.258s] [ 80%] Built target moveit_print_planning_scene_info
[0.258s] [ 83%] Built target moveit_trajectory_execution_manager
[0.259s] [ 85%] Built target current_state_monitor_tests
[0.260s] [ 89%] Built target moveit_visualize_robot_collision_volume
[0.260s] [ 89%] Built target moveit_display_random_state
[0.261s] [ 92%] Built target trajectory_monitor_tests
[0.262s] [ 94%] Built target moveit_evaluate_collision_checking_speed
[0.290s] [ 96%] Built target moveit_plan_execution
[0.292s] [100%] Built target moveit_cpp
[0.301s] Invoked command in '/home/UMRobotics/new_ws/build/moveit_ros_planning' returned '0': AMENT_PREFIX_PATH=/home/UMRobotics/new_ws/install/moveit_ros_occupancy_map_monitor:/home/UMRobotics/new_ws/install/moveit_core:/home/UMRobotics/new_ws/install/tf2_kdl:/home/UMRobotics/new_ws/install/tf2_geometry_msgs:/home/UMRobotics/new_ws/install/tf2_ros_py:/home/UMRobotics/new_ws/install/tf2_eigen:/home/UMRobotics/new_ws/install/tf2_ros:/home/UMRobotics/new_ws/install/tf2_py:/home/UMRobotics/new_ws/install/tf2_msgs:/home/UMRobotics/new_ws/install/tf2:/home/UMRobotics/new_ws/install/moveit_configs_utils:/home/UMRobotics/new_ws/install/moveit_common:${AMENT_PREFIX_PATH} CMAKE_PREFIX_PATH=/home/UMRobotics/new_ws/install/moveit_ros_occupancy_map_monitor:/home/UMRobotics/new_ws/install/moveit_core:/home/UMRobotics/new_ws/install/tf2_kdl:/home/UMRobotics/new_ws/install/tf2_geometry_msgs:/home/UMRobotics/new_ws/install/tf2_eigen:/home/UMRobotics/new_ws/install/tf2_ros:/home/UMRobotics/new_ws/install/tf2_py:/home/UMRobotics/new_ws/install/tf2_msgs:/home/UMRobotics/new_ws/install/tf2:/home/UMRobotics/new_ws/install/moveit_common:/home/UMRobotics/moveit_ws/install/robotiq_hardware_tests:/home/UMRobotics/moveit_ws/install/robotiq_driver:/home/UMRobotics/moveit_ws/install/serial:/home/UMRobotics/moveit_ws/install/rviz_visual_tools:/home/UMRobotics/moveit_ws/install/rviz_marker_tools:/home/UMRobotics/moveit_ws/install/kortex_bringup:/home/UMRobotics/moveit_ws/install/kortex_description:/home/UMRobotics/moveit_ws/install/robotiq_description:/home/UMRobotics/moveit_ws/install/robotiq_controllers:/home/UMRobotics/moveit_ws/install/pilz_industrial_motion_planner_testutils:/home/UMRobotics/moveit_ws/install/pick_ik:/home/UMRobotics/moveit_ws/install/moveit_task_constructor_msgs:/home/UMRobotics/moveit_ws/install/moveit_ros_control_interface:/home/UMRobotics/moveit_ws/install/moveit_plugins:/home/UMRobotics/moveit_ws/install/moveit_simple_controller_manager:/home/UMRobotics/moveit_ws/install/moveit_ros_occupancy_map_monitor:/home/UMRobotics/moveit_ws/install/moveit_resources_prbt_support:/home/UMRobotics/moveit_ws/install/moveit_resources_prbt_ikfast_manipulator_plugin:/home/UMRobotics/moveit_ws/install/moveit_resources:/home/UMRobotics/moveit_ws/install/moveit_resources_pr2_description:/home/UMRobotics/moveit_ws/install/moveit_resources_panda_moveit_config:/home/UMRobotics/moveit_ws/install/dual_arm_panda_moveit_config:/home/UMRobotics/moveit_ws/install/moveit_resources_panda_description:/home/UMRobotics/moveit_ws/install/moveit_resources_fanuc_moveit_config:/home/UMRobotics/moveit_ws/install/moveit_resources_fanuc_description:/home/UMRobotics/moveit_ws/install/moveit_planners_stomp:/home/UMRobotics/moveit_ws/install/chomp_motion_planner:/home/UMRobotics/moveit_ws/install/moveit_core:/home/UMRobotics/moveit_ws/install/moveit_msgs:/home/UMRobotics/moveit_ws/install/moveit_common:/home/UMRobotics/moveit_ws/install/kortex_driver:/home/UMRobotics/moveit_ws/install/kortex_api:/opt/ros/jazzy/opt/gz_sim_vendor:/opt/ros/jazzy/opt/gz_sensors_vendor:/opt/ros/jazzy/opt/gz_physics_vendor:/opt/ros/jazzy/opt/sdformat_vendor:/opt/ros/jazzy/opt/gz_gui_vendor:/opt/ros/jazzy/opt/gz_transport_vendor:/opt/ros/jazzy/opt/gz_rendering_vendor:/opt/ros/jazzy/opt/gz_plugin_vendor:/opt/ros/jazzy/opt/gz_fuel_tools_vendor:/opt/ros/jazzy/opt/gz_msgs_vendor:/opt/ros/jazzy/opt/gz_common_vendor:/opt/ros/jazzy/opt/gz_math_vendor:/opt/ros/jazzy/opt/gz_utils_vendor:/opt/ros/jazzy/opt/gz_tools_vendor:/opt/ros/jazzy/opt/gz_ogre_next_vendor:/opt/ros/jazzy/opt/gz_dartsim_vendor:/opt/ros/jazzy/opt/gz_cmake_vendor:/home/UMRobotics/moveit_ws/install/moveit_configs_utils:/opt/ros/jazzy DEBUGINFOD_URLS=https://debuginfod.ubuntu.com LD_LIBRARY_PATH=/home/UMRobotics/new_ws/install/moveit_ros_occupancy_map_monitor/lib:/home/UMRobotics/new_ws/install/moveit_core/lib:/home/UMRobotics/new_ws/install/tf2_ros/lib:/home/UMRobotics/new_ws/install/tf2_msgs/lib:/home/UMRobotics/new_ws/install/tf2/lib:/home/UMRobotics/moveit_ws/install/robotiq_driver/lib:/home/UMRobotics/moveit_ws/install/serial/lib:/home/UMRobotics/moveit_ws/install/rviz_visual_tools/lib:/home/UMRobotics/moveit_ws/install/rviz_marker_tools/lib:/home/UMRobotics/moveit_ws/install/robotiq_controllers/lib:/home/UMRobotics/moveit_ws/install/pilz_industrial_motion_planner_testutils/lib:/home/UMRobotics/moveit_ws/install/pick_ik/lib:/home/UMRobotics/moveit_ws/install/moveit_task_constructor_msgs/lib:/home/UMRobotics/moveit_ws/install/moveit_ros_control_interface/lib:/home/UMRobotics/moveit_ws/install/moveit_simple_controller_manager/lib:/home/UMRobotics/moveit_ws/install/moveit_ros_occupancy_map_monitor/lib:/home/UMRobotics/moveit_ws/install/moveit_resources_prbt_ikfast_manipulator_plugin/lib:/home/UMRobotics/moveit_ws/install/moveit_planners_stomp/lib:/home/UMRobotics/moveit_ws/install/chomp_motion_planner/lib:/home/UMRobotics/moveit_ws/install/moveit_core/lib:/home/UMRobotics/moveit_ws/install/moveit_msgs/lib:/home/UMRobotics/moveit_ws/install/kortex_driver/lib:/opt/ros/jazzy/opt/gz_sim_vendor/lib:/opt/ros/jazzy/opt/gz_sensors_vendor/lib:/opt/ros/jazzy/opt/gz_physics_vendor/lib:/opt/ros/jazzy/opt/sdformat_vendor/lib:/opt/ros/jazzy/opt/rviz_ogre_vendor/lib:/opt/ros/jazzy/lib/x86_64-linux-gnu:/opt/ros/jazzy/opt/gz_gui_vendor/lib:/opt/ros/jazzy/opt/gz_transport_vendor/lib:/opt/ros/jazzy/opt/gz_rendering_vendor/lib:/opt/ros/jazzy/opt/gz_plugin_vendor/lib:/opt/ros/jazzy/opt/gz_fuel_tools_vendor/lib:/opt/ros/jazzy/opt/gz_msgs_vendor/lib:/opt/ros/jazzy/opt/gz_common_vendor/lib:/opt/ros/jazzy/opt/gz_math_vendor/lib:/opt/ros/jazzy/opt/gz_utils_vendor/lib:/opt/ros/jazzy/opt/gz_tools_vendor/lib:/opt/ros/jazzy/opt/gz_ogre_next_vendor/lib:/opt/ros/jazzy/opt/gz_dartsim_vendor/lib:/opt/ros/jazzy/opt/gz_cmake_vendor/lib:/opt/ros/jazzy/lib:/usr/local/cuda/lib64 PATH=/home/UMRobotics/new_ws/install/moveit_core/bin:${PATH} PYTHONPATH=/home/UMRobotics/new_ws/install/tf2_kdl/lib/python3.12/site-packages:/home/UMRobotics/new_ws/install/tf2_geometry_msgs/lib/python3.12/site-packages:/home/UMRobotics/new_ws/install/tf2_ros_py/lib/python3.12/site-packages:/home/UMRobotics/new_ws/install/tf2_py/lib/python3.12/site-packages:/home/UMRobotics/new_ws/install/tf2_msgs/lib/python3.12/site-packages:/home/UMRobotics/new_ws/install/moveit_configs_utils/lib/python3.12/site-packages:${PYTHONPATH} /usr/bin/cmake --build /home/UMRobotics/new_ws/build/moveit_ros_planning -- -j16 -l16
[0.302s] Invoking command in '/home/UMRobotics/new_ws/build/moveit_ros_planning': AMENT_PREFIX_PATH=/home/UMRobotics/new_ws/install/moveit_ros_occupancy_map_monitor:/home/UMRobotics/new_ws/install/moveit_core:/home/UMRobotics/new_ws/install/tf2_kdl:/home/UMRobotics/new_ws/install/tf2_geometry_msgs:/home/UMRobotics/new_ws/install/tf2_ros_py:/home/UMRobotics/new_ws/install/tf2_eigen:/home/UMRobotics/new_ws/install/tf2_ros:/home/UMRobotics/new_ws/install/tf2_py:/home/UMRobotics/new_ws/install/tf2_msgs:/home/UMRobotics/new_ws/install/tf2:/home/UMRobotics/new_ws/install/moveit_configs_utils:/home/UMRobotics/new_ws/install/moveit_common:${AMENT_PREFIX_PATH} CMAKE_PREFIX_PATH=/home/UMRobotics/new_ws/install/moveit_ros_occupancy_map_monitor:/home/UMRobotics/new_ws/install/moveit_core:/home/UMRobotics/new_ws/install/tf2_kdl:/home/UMRobotics/new_ws/install/tf2_geometry_msgs:/home/UMRobotics/new_ws/install/tf2_eigen:/home/UMRobotics/new_ws/install/tf2_ros:/home/UMRobotics/new_ws/install/tf2_py:/home/UMRobotics/new_ws/install/tf2_msgs:/home/UMRobotics/new_ws/install/tf2:/home/UMRobotics/new_ws/install/moveit_common:/home/UMRobotics/moveit_ws/install/robotiq_hardware_tests:/home/UMRobotics/moveit_ws/install/robotiq_driver:/home/UMRobotics/moveit_ws/install/serial:/home/UMRobotics/moveit_ws/install/rviz_visual_tools:/home/UMRobotics/moveit_ws/install/rviz_marker_tools:/home/UMRobotics/moveit_ws/install/kortex_bringup:/home/UMRobotics/moveit_ws/install/kortex_description:/home/UMRobotics/moveit_ws/install/robotiq_description:/home/UMRobotics/moveit_ws/install/robotiq_controllers:/home/UMRobotics/moveit_ws/install/pilz_industrial_motion_planner_testutils:/home/UMRobotics/moveit_ws/install/pick_ik:/home/UMRobotics/moveit_ws/install/moveit_task_constructor_msgs:/home/UMRobotics/moveit_ws/install/moveit_ros_control_interface:/home/UMRobotics/moveit_ws/install/moveit_plugins:/home/UMRobotics/moveit_ws/install/moveit_simple_controller_manager:/home/UMRobotics/moveit_ws/install/moveit_ros_occupancy_map_monitor:/home/UMRobotics/moveit_ws/install/moveit_resources_prbt_support:/home/UMRobotics/moveit_ws/install/moveit_resources_prbt_ikfast_manipulator_plugin:/home/UMRobotics/moveit_ws/install/moveit_resources:/home/UMRobotics/moveit_ws/install/moveit_resources_pr2_description:/home/UMRobotics/moveit_ws/install/moveit_resources_panda_moveit_config:/home/UMRobotics/moveit_ws/install/dual_arm_panda_moveit_config:/home/UMRobotics/moveit_ws/install/moveit_resources_panda_description:/home/UMRobotics/moveit_ws/install/moveit_resources_fanuc_moveit_config:/home/UMRobotics/moveit_ws/install/moveit_resources_fanuc_description:/home/UMRobotics/moveit_ws/install/moveit_planners_stomp:/home/UMRobotics/moveit_ws/install/chomp_motion_planner:/home/UMRobotics/moveit_ws/install/moveit_core:/home/UMRobotics/moveit_ws/install/moveit_msgs:/home/UMRobotics/moveit_ws/install/moveit_common:/home/UMRobotics/moveit_ws/install/kortex_driver:/home/UMRobotics/moveit_ws/install/kortex_api:/opt/ros/jazzy/opt/gz_sim_vendor:/opt/ros/jazzy/opt/gz_sensors_vendor:/opt/ros/jazzy/opt/gz_physics_vendor:/opt/ros/jazzy/opt/sdformat_vendor:/opt/ros/jazzy/opt/gz_gui_vendor:/opt/ros/jazzy/opt/gz_transport_vendor:/opt/ros/jazzy/opt/gz_rendering_vendor:/opt/ros/jazzy/opt/gz_plugin_vendor:/opt/ros/jazzy/opt/gz_fuel_tools_vendor:/opt/ros/jazzy/opt/gz_msgs_vendor:/opt/ros/jazzy/opt/gz_common_vendor:/opt/ros/jazzy/opt/gz_math_vendor:/opt/ros/jazzy/opt/gz_utils_vendor:/opt/ros/jazzy/opt/gz_tools_vendor:/opt/ros/jazzy/opt/gz_ogre_next_vendor:/opt/ros/jazzy/opt/gz_dartsim_vendor:/opt/ros/jazzy/opt/gz_cmake_vendor:/home/UMRobotics/moveit_ws/install/moveit_configs_utils:/opt/ros/jazzy DEBUGINFOD_URLS=https://debuginfod.ubuntu.com LD_LIBRARY_PATH=/home/UMRobotics/new_ws/install/moveit_ros_occupancy_map_monitor/lib:/home/UMRobotics/new_ws/install/moveit_core/lib:/home/UMRobotics/new_ws/install/tf2_ros/lib:/home/UMRobotics/new_ws/install/tf2_msgs/lib:/home/UMRobotics/new_ws/install/tf2/lib:/home/UMRobotics/moveit_ws/install/robotiq_driver/lib:/home/UMRobotics/moveit_ws/install/serial/lib:/home/UMRobotics/moveit_ws/install/rviz_visual_tools/lib:/home/UMRobotics/moveit_ws/install/rviz_marker_tools/lib:/home/UMRobotics/moveit_ws/install/robotiq_controllers/lib:/home/UMRobotics/moveit_ws/install/pilz_industrial_motion_planner_testutils/lib:/home/UMRobotics/moveit_ws/install/pick_ik/lib:/home/UMRobotics/moveit_ws/install/moveit_task_constructor_msgs/lib:/home/UMRobotics/moveit_ws/install/moveit_ros_control_interface/lib:/home/UMRobotics/moveit_ws/install/moveit_simple_controller_manager/lib:/home/UMRobotics/moveit_ws/install/moveit_ros_occupancy_map_monitor/lib:/home/UMRobotics/moveit_ws/install/moveit_resources_prbt_ikfast_manipulator_plugin/lib:/home/UMRobotics/moveit_ws/install/moveit_planners_stomp/lib:/home/UMRobotics/moveit_ws/install/chomp_motion_planner/lib:/home/UMRobotics/moveit_ws/install/moveit_core/lib:/home/UMRobotics/moveit_ws/install/moveit_msgs/lib:/home/UMRobotics/moveit_ws/install/kortex_driver/lib:/opt/ros/jazzy/opt/gz_sim_vendor/lib:/opt/ros/jazzy/opt/gz_sensors_vendor/lib:/opt/ros/jazzy/opt/gz_physics_vendor/lib:/opt/ros/jazzy/opt/sdformat_vendor/lib:/opt/ros/jazzy/opt/rviz_ogre_vendor/lib:/opt/ros/jazzy/lib/x86_64-linux-gnu:/opt/ros/jazzy/opt/gz_gui_vendor/lib:/opt/ros/jazzy/opt/gz_transport_vendor/lib:/opt/ros/jazzy/opt/gz_rendering_vendor/lib:/opt/ros/jazzy/opt/gz_plugin_vendor/lib:/opt/ros/jazzy/opt/gz_fuel_tools_vendor/lib:/opt/ros/jazzy/opt/gz_msgs_vendor/lib:/opt/ros/jazzy/opt/gz_common_vendor/lib:/opt/ros/jazzy/opt/gz_math_vendor/lib:/opt/ros/jazzy/opt/gz_utils_vendor/lib:/opt/ros/jazzy/opt/gz_tools_vendor/lib:/opt/ros/jazzy/opt/gz_ogre_next_vendor/lib:/opt/ros/jazzy/opt/gz_dartsim_vendor/lib:/opt/ros/jazzy/opt/gz_cmake_vendor/lib:/opt/ros/jazzy/lib:/usr/local/cuda/lib64 PATH=/home/UMRobotics/new_ws/install/moveit_core/bin:${PATH} PYTHONPATH=/home/UMRobotics/new_ws/install/tf2_kdl/lib/python3.12/site-packages:/home/UMRobotics/new_ws/install/tf2_geometry_msgs/lib/python3.12/site-packages:/home/UMRobotics/new_ws/install/tf2_ros_py/lib/python3.12/site-packages:/home/UMRobotics/new_ws/install/tf2_py/lib/python3.12/site-packages:/home/UMRobotics/new_ws/install/tf2_msgs/lib/python3.12/site-packages:/home/UMRobotics/new_ws/install/moveit_configs_utils/lib/python3.12/site-packages:${PYTHONPATH} /usr/bin/cmake --install /home/UMRobotics/new_ws/build/moveit_ros_planning
[0.309s] -- Install configuration: "Release"
[0.309s] -- Up-to-date: /home/UMRobotics/new_ws/install/moveit_ros_planning/include/moveit_ros_planning
[0.309s] -- Up-to-date: /home/UMRobotics/new_ws/install/moveit_ros_planning/include/moveit_ros_planning/moveit
[0.309s] -- Up-to-date: /home/UMRobotics/new_ws/install/moveit_ros_planning/include/moveit_ros_planning/moveit/collision_plugin_loader
[0.309s] -- Up-to-date: /home/UMRobotics/new_ws/install/moveit_ros_planning/include/moveit_ros_planning/moveit/collision_plugin_loader/collision_plugin_loader.h
[0.309s] -- Up-to-date: /home/UMRobotics/new_ws/install/moveit_ros_planning/include/moveit_ros_planning/moveit/collision_plugin_loader/collision_plugin_loader.hpp
[0.310s] -- Up-to-date: /home/UMRobotics/new_ws/install/moveit_ros_planning/include/moveit_ros_planning
[0.310s] -- Up-to-date: /home/UMRobotics/new_ws/install/moveit_ros_planning/include/moveit_ros_planning/moveit
[0.310s] -- Up-to-date: /home/UMRobotics/new_ws/install/moveit_ros_planning/include/moveit_ros_planning/moveit/constraint_sampler_manager_loader
[0.310s] -- Up-to-date: /home/UMRobotics/new_ws/install/moveit_ros_planning/include/moveit_ros_planning/moveit/constraint_sampler_manager_loader/constraint_sampler_manager_loader.h
[0.310s] -- Up-to-date: /home/UMRobotics/new_ws/install/moveit_ros_planning/include/moveit_ros_planning/moveit/constraint_sampler_manager_loader/constraint_sampler_manager_loader.hpp
[0.310s] -- Up-to-date: /home/UMRobotics/new_ws/install/moveit_ros_planning/include/moveit_ros_planning
[0.310s] -- Up-to-date: /home/UMRobotics/new_ws/install/moveit_ros_planning/include/moveit_ros_planning/kinematics_parameters.hpp
[0.310s] -- Up-to-date: /home/UMRobotics/new_ws/install/moveit_ros_planning/include/moveit_ros_planning
[0.310s] -- Up-to-date: /home/UMRobotics/new_ws/install/moveit_ros_planning/include/moveit_ros_planning/moveit
[0.310s] -- Up-to-date: /home/UMRobotics/new_ws/install/moveit_ros_planning/include/moveit_ros_planning/moveit/kinematics_plugin_loader
[0.310s] -- Up-to-date: /home/UMRobotics/new_ws/install/moveit_ros_planning/include/moveit_ros_planning/moveit/kinematics_plugin_loader/kinematics_plugin_loader.hpp
[0.310s] -- Up-to-date: /home/UMRobotics/new_ws/install/moveit_ros_planning/include/moveit_ros_planning/moveit/kinematics_plugin_loader/kinematics_plugin_loader.h
[0.310s] -- Up-to-date: /home/UMRobotics/new_ws/install/moveit_ros_planning/include/moveit_ros_planning
[0.310s] -- Up-to-date: /home/UMRobotics/new_ws/install/moveit_ros_planning/include/moveit_ros_planning/moveit
[0.310s] -- Up-to-date: /home/UMRobotics/new_ws/install/moveit_ros_planning/include/moveit_ros_planning/moveit/moveit_cpp
[0.310s] -- Up-to-date: /home/UMRobotics/new_ws/install/moveit_ros_planning/include/moveit_ros_planning/moveit/moveit_cpp/moveit_cpp.hpp
[0.310s] -- Up-to-date: /home/UMRobotics/new_ws/install/moveit_ros_planning/include/moveit_ros_planning/moveit/moveit_cpp/moveit_cpp.h
[0.311s] -- Up-to-date: /home/UMRobotics/new_ws/install/moveit_ros_planning/include/moveit_ros_planning/moveit/moveit_cpp/planning_component.hpp
[0.311s] -- Up-to-date: /home/UMRobotics/new_ws/install/moveit_ros_planning/include/moveit_ros_planning/moveit/moveit_cpp/planning_component.h
[0.311s] -- Up-to-date: /home/UMRobotics/new_ws/install/moveit_ros_planning/include/moveit_ros_planning
[0.311s] -- Up-to-date: /home/UMRobotics/new_ws/install/moveit_ros_planning/include/moveit_ros_planning/moveit
[0.311s] -- Up-to-date: /home/UMRobotics/new_ws/install/moveit_ros_planning/include/moveit_ros_planning/moveit/plan_execution
[0.311s] -- Up-to-date: /home/UMRobotics/new_ws/install/moveit_ros_planning/include/moveit_ros_planning/moveit/plan_execution/plan_execution.h
[0.311s] -- Up-to-date: /home/UMRobotics/new_ws/install/moveit_ros_planning/include/moveit_ros_planning/moveit/plan_execution/plan_representation.h
[0.311s] -- Up-to-date: /home/UMRobotics/new_ws/install/moveit_ros_planning/include/moveit_ros_planning/moveit/plan_execution/plan_execution.hpp
[0.311s] -- Up-to-date: /home/UMRobotics/new_ws/install/moveit_ros_planning/include/moveit_ros_planning/moveit/plan_execution/plan_representation.hpp
[0.312s] -- Up-to-date: /home/UMRobotics/new_ws/install/moveit_ros_planning/lib/moveit_ros_planning/moveit_print_planning_model_info
[0.312s] -- Up-to-date: /home/UMRobotics/new_ws/install/moveit_ros_planning/lib/moveit_ros_planning/moveit_print_planning_scene_info
[0.312s] -- Up-to-date: /home/UMRobotics/new_ws/install/moveit_ros_planning/lib/moveit_ros_planning/moveit_display_random_state
[0.313s] -- Up-to-date: /home/UMRobotics/new_ws/install/moveit_ros_planning/lib/moveit_ros_planning/moveit_visualize_robot_collision_volume
[0.313s] -- Up-to-date: /home/UMRobotics/new_ws/install/moveit_ros_planning/lib/moveit_ros_planning/moveit_evaluate_collision_checking_speed
[0.314s] -- Up-to-date: /home/UMRobotics/new_ws/install/moveit_ros_planning/lib/moveit_ros_planning/moveit_publish_scene_from_text
[0.314s] -- Up-to-date: /home/UMRobotics/new_ws/install/moveit_ros_planning/include/moveit_ros_planning
[0.314s] -- Up-to-date: /home/UMRobotics/new_ws/install/moveit_ros_planning/include/moveit_ros_planning/moveit
[0.314s] -- Up-to-date: /home/UMRobotics/new_ws/install/moveit_ros_planning/include/moveit_ros_planning/moveit/planning_pipeline_interfaces
[0.314s] -- Up-to-date: /home/UMRobotics/new_ws/install/moveit_ros_planning/include/moveit_ros_planning/moveit/planning_pipeline_interfaces/stopping_criterion_functions.h
[0.314s] -- Up-to-date: /home/UMRobotics/new_ws/install/moveit_ros_planning/include/moveit_ros_planning/moveit/planning_pipeline_interfaces/planning_pipeline_interfaces.hpp
[0.314s] -- Up-to-date: /home/UMRobotics/new_ws/install/moveit_ros_planning/include/moveit_ros_planning/moveit/planning_pipeline_interfaces/solution_selection_functions.h
[0.314s] -- Up-to-date: /home/UMRobotics/new_ws/install/moveit_ros_planning/include/moveit_ros_planning/moveit/planning_pipeline_interfaces/plan_responses_container.h
[0.314s] -- Up-to-date: /home/UMRobotics/new_ws/install/moveit_ros_planning/include/moveit_ros_planning/moveit/planning_pipeline_interfaces/solution_selection_functions.hpp
[0.314s] -- Up-to-date: /home/UMRobotics/new_ws/install/moveit_ros_planning/include/moveit_ros_planning/moveit/planning_pipeline_interfaces/plan_responses_container.hpp
[0.315s] -- Up-to-date: /home/UMRobotics/new_ws/install/moveit_ros_planning/include/moveit_ros_planning/moveit/planning_pipeline_interfaces/stopping_criterion_functions.hpp
[0.315s] -- Up-to-date: /home/UMRobotics/new_ws/install/moveit_ros_planning/include/moveit_ros_planning/moveit/planning_pipeline_interfaces/planning_pipeline_interfaces.h
[0.315s] -- Up-to-date: /home/UMRobotics/new_ws/install/moveit_ros_planning/include/moveit_ros_planning/moveit_planning_pipeline_interfaces_export.h
[0.315s] -- Up-to-date: /home/UMRobotics/new_ws/install/moveit_ros_planning/include/moveit_ros_planning
[0.315s] -- Up-to-date: /home/UMRobotics/new_ws/install/moveit_ros_planning/include/moveit_ros_planning/planning_pipeline_parameters.hpp
[0.315s] -- Up-to-date: /home/UMRobotics/new_ws/install/moveit_ros_planning/lib/libmoveit_pipeline_test_plugins.so.2.12.3
[0.315s] -- Up-to-date: /home/UMRobotics/new_ws/install/moveit_ros_planning/lib/libmoveit_pipeline_test_plugins.so
[0.315s] -- Up-to-date: /home/UMRobotics/new_ws/install/moveit_ros_planning/include/moveit_ros_planning
[0.315s] -- Up-to-date: /home/UMRobotics/new_ws/install/moveit_ros_planning/include/moveit_ros_planning/moveit
[0.315s] -- Up-to-date: /home/UMRobotics/new_ws/install/moveit_ros_planning/include/moveit_ros_planning/moveit/planning_pipeline
[0.315s] -- Up-to-date: /home/UMRobotics/new_ws/install/moveit_ros_planning/include/moveit_ros_planning/moveit/planning_pipeline/planning_pipeline.hpp
[0.315s] -- Up-to-date: /home/UMRobotics/new_ws/install/moveit_ros_planning/include/moveit_ros_planning/moveit/planning_pipeline/planning_pipeline.h
[0.315s] -- Up-to-date: /home/UMRobotics/new_ws/install/moveit_ros_planning/include/moveit_ros_planning/moveit_planning_pipeline_export.h
[0.315s] -- Up-to-date: /home/UMRobotics/new_ws/install/moveit_ros_planning/include/moveit_ros_planning
[0.315s] -- Up-to-date: /home/UMRobotics/new_ws/install/moveit_ros_planning/include/moveit_ros_planning/default_request_adapter_parameters.hpp
[0.316s] -- Up-to-date: /home/UMRobotics/new_ws/install/moveit_ros_planning/include/moveit_ros_planning
[0.316s] -- Up-to-date: /home/UMRobotics/new_ws/install/moveit_ros_planning/include/moveit_ros_planning/default_response_adapter_parameters.hpp
[0.316s] -- Up-to-date: /home/UMRobotics/new_ws/install/moveit_ros_planning/lib/moveit_ros_planning/demo_scene
[0.316s] -- Up-to-date: /home/UMRobotics/new_ws/install/moveit_ros_planning/include/moveit_ros_planning
[0.316s] -- Up-to-date: /home/UMRobotics/new_ws/install/moveit_ros_planning/include/moveit_ros_planning/moveit
[0.316s] -- Up-to-date: /home/UMRobotics/new_ws/install/moveit_ros_planning/include/moveit_ros_planning/moveit/planning_scene_monitor
[0.316s] -- Up-to-date: /home/UMRobotics/new_ws/install/moveit_ros_planning/include/moveit_ros_planning/moveit/planning_scene_monitor/current_state_monitor.hpp
[0.317s] -- Up-to-date: /home/UMRobotics/new_ws/install/moveit_ros_planning/include/moveit_ros_planning/moveit/planning_scene_monitor/planning_scene_monitor.hpp
[0.317s] -- Up-to-date: /home/UMRobotics/new_ws/install/moveit_ros_planning/include/moveit_ros_planning/moveit/planning_scene_monitor/trajectory_monitor_middleware_handle.hpp
[0.317s] -- Up-to-date: /home/UMRobotics/new_ws/install/moveit_ros_planning/include/moveit_ros_planning/moveit/planning_scene_monitor/trajectory_monitor_middleware_handle.h
[0.317s] -- Up-to-date: /home/UMRobotics/new_ws/install/moveit_ros_planning/include/moveit_ros_planning/moveit/planning_scene_monitor/trajectory_monitor.hpp
[0.317s] -- Up-to-date: /home/UMRobotics/new_ws/install/moveit_ros_planning/include/moveit_ros_planning/moveit/planning_scene_monitor/current_state_monitor_middleware_handle.hpp
[0.317s] -- Up-to-date: /home/UMRobotics/new_ws/install/moveit_ros_planning/include/moveit_ros_planning/moveit/planning_scene_monitor/planning_scene_monitor.h
[0.317s] -- Up-to-date: /home/UMRobotics/new_ws/install/moveit_ros_planning/include/moveit_ros_planning/moveit/planning_scene_monitor/current_state_monitor.h
[0.317s] -- Up-to-date: /home/UMRobotics/new_ws/install/moveit_ros_planning/include/moveit_ros_planning/moveit/planning_scene_monitor/current_state_monitor_middleware_handle.h
[0.317s] -- Up-to-date: /home/UMRobotics/new_ws/install/moveit_ros_planning/include/moveit_ros_planning/moveit/planning_scene_monitor/trajectory_monitor.h
[0.317s] -- Up-to-date: /home/UMRobotics/new_ws/install/moveit_ros_planning/include/moveit_ros_planning/moveit_planning_scene_monitor_export.h
[0.317s] -- Up-to-date: /home/UMRobotics/new_ws/install/moveit_ros_planning/include/moveit_ros_planning
[0.317s] -- Up-to-date: /home/UMRobotics/new_ws/install/moveit_ros_planning/include/moveit_ros_planning/moveit
[0.317s] -- Up-to-date: /home/UMRobotics/new_ws/install/moveit_ros_planning/include/moveit_ros_planning/moveit/rdf_loader
[0.317s] -- Up-to-date: /home/UMRobotics/new_ws/install/moveit_ros_planning/include/moveit_ros_planning/moveit/rdf_loader/rdf_loader.h
[0.317s] -- Up-to-date: /home/UMRobotics/new_ws/install/moveit_ros_planning/include/moveit_ros_planning/moveit/rdf_loader/synchronized_string_parameter.h
[0.317s] -- Up-to-date: /home/UMRobotics/new_ws/install/moveit_ros_planning/include/moveit_ros_planning/moveit/rdf_loader/rdf_loader.hpp
[0.317s] -- Up-to-date: /home/UMRobotics/new_ws/install/moveit_ros_planning/include/moveit_ros_planning/moveit/rdf_loader/synchronized_string_parameter.hpp
[0.317s] -- Up-to-date: /home/UMRobotics/new_ws/install/moveit_ros_planning/share/moveit_ros_planning/rdf_loader/test/data
[0.318s] -- Up-to-date: /home/UMRobotics/new_ws/install/moveit_ros_planning/share/moveit_ros_planning/rdf_loader/test/data/kermit.urdf
[0.318s] -- Up-to-date: /home/UMRobotics/new_ws/install/moveit_ros_planning/share/moveit_ros_planning/rdf_loader/test/data/gonzo.srdf
[0.318s] -- Up-to-date: /home/UMRobotics/new_ws/install/moveit_ros_planning/share/moveit_ros_planning/rdf_loader/test/data/robin.srdf.xacro
[0.318s] -- Up-to-date: /home/UMRobotics/new_ws/install/moveit_ros_planning/share/moveit_ros_planning/rdf_loader/test/data/kermit.srdf
[0.318s] -- Up-to-date: /home/UMRobotics/new_ws/install/moveit_ros_planning/share/moveit_ros_planning/rdf_loader/test/data/gonzo.urdf
[0.318s] -- Up-to-date: /home/UMRobotics/new_ws/install/moveit_ros_planning/share/moveit_ros_planning/rdf_loader/test/launch
[0.318s] -- Up-to-date: /home/UMRobotics/new_ws/install/moveit_ros_planning/share/moveit_ros_planning/rdf_loader/test/launch/test_rdf_integration.test.py
[0.318s] -- Up-to-date: /home/UMRobotics/new_ws/install/moveit_ros_planning/include/moveit_ros_planning
[0.318s] -- Up-to-date: /home/UMRobotics/new_ws/install/moveit_ros_planning/include/moveit_ros_planning/moveit
[0.318s] -- Up-to-date: /home/UMRobotics/new_ws/install/moveit_ros_planning/include/moveit_ros_planning/moveit/robot_model_loader
[0.318s] -- Up-to-date: /home/UMRobotics/new_ws/install/moveit_ros_planning/include/moveit_ros_planning/moveit/robot_model_loader/robot_model_loader.h
[0.318s] -- Up-to-date: /home/UMRobotics/new_ws/install/moveit_ros_planning/include/moveit_ros_planning/moveit/robot_model_loader/robot_model_loader.hpp
[0.319s] -- Up-to-date: /home/UMRobotics/new_ws/install/moveit_ros_planning/include/moveit_ros_planning
[0.319s] -- Up-to-date: /home/UMRobotics/new_ws/install/moveit_ros_planning/include/moveit_ros_planning/moveit
[0.319s] -- Up-to-date: /home/UMRobotics/new_ws/install/moveit_ros_planning/include/moveit_ros_planning/moveit/trajectory_execution_manager
[0.319s] -- Up-to-date: /home/UMRobotics/new_ws/install/moveit_ros_planning/include/moveit_ros_planning/moveit/trajectory_execution_manager/trajectory_execution_manager.hpp
[0.319s] -- Up-to-date: /home/UMRobotics/new_ws/install/moveit_ros_planning/include/moveit_ros_planning/moveit/trajectory_execution_manager/trajectory_execution_manager.h
[0.319s] -- Up-to-date: /home/UMRobotics/new_ws/install/moveit_ros_planning/include/moveit_ros_planning/moveit_trajectory_execution_manager_export.h
[0.319s] -- Up-to-date: /home/UMRobotics/new_ws/install/moveit_ros_planning/lib/libmoveit_collision_plugin_loader.so.2.12.3
[0.319s] -- Up-to-date: /home/UMRobotics/new_ws/install/moveit_ros_planning/lib/libmoveit_collision_plugin_loader.so
[0.319s] -- Up-to-date: /home/UMRobotics/new_ws/install/moveit_ros_planning/lib/libmoveit_constraint_sampler_manager_loader.so.2.12.3
[0.320s] -- Up-to-date: /home/UMRobotics/new_ws/install/moveit_ros_planning/lib/libmoveit_constraint_sampler_manager_loader.so
[0.320s] -- Up-to-date: /home/UMRobotics/new_ws/install/moveit_ros_planning/lib/libmoveit_cpp.so.2.12.3
[0.320s] -- Up-to-date: /home/UMRobotics/new_ws/install/moveit_ros_planning/lib/libmoveit_cpp.so
[0.320s] -- Up-to-date: /home/UMRobotics/new_ws/install/moveit_ros_planning/lib/libmoveit_kinematics_plugin_loader.so.2.12.3
[0.321s] -- Up-to-date: /home/UMRobotics/new_ws/install/moveit_ros_planning/lib/libmoveit_kinematics_plugin_loader.so
[0.321s] -- Up-to-date: /home/UMRobotics/new_ws/install/moveit_ros_planning/lib/libmoveit_plan_execution.so.2.12.3
[0.321s] -- Up-to-date: /home/UMRobotics/new_ws/install/moveit_ros_planning/lib/libmoveit_plan_execution.so
[0.321s] -- Up-to-date: /home/UMRobotics/new_ws/install/moveit_ros_planning/lib/libmoveit_planning_pipeline.so.2.12.3
[0.321s] -- Up-to-date: /home/UMRobotics/new_ws/install/moveit_ros_planning/lib/libmoveit_planning_pipeline.so
[0.322s] -- Up-to-date: /home/UMRobotics/new_ws/install/moveit_ros_planning/lib/libmoveit_planning_pipeline_interfaces.so.2.12.3
[0.322s] -- Up-to-date: /home/UMRobotics/new_ws/install/moveit_ros_planning/lib/libmoveit_planning_pipeline_interfaces.so
[0.322s] -- Up-to-date: /home/UMRobotics/new_ws/install/moveit_ros_planning/lib/libmoveit_planning_scene_monitor.so.2.12.3
[0.322s] -- Up-to-date: /home/UMRobotics/new_ws/install/moveit_ros_planning/lib/libmoveit_planning_scene_monitor.so
[0.323s] -- Up-to-date: /home/UMRobotics/new_ws/install/moveit_ros_planning/lib/libmoveit_rdf_loader.so.2.12.3
[0.323s] -- Up-to-date: /home/UMRobotics/new_ws/install/moveit_ros_planning/lib/libmoveit_rdf_loader.so
[0.323s] -- Up-to-date: /home/UMRobotics/new_ws/install/moveit_ros_planning/lib/libmoveit_robot_model_loader.so.2.12.3
[0.323s] -- Up-to-date: /home/UMRobotics/new_ws/install/moveit_ros_planning/lib/libmoveit_robot_model_loader.so
[0.323s] -- Up-to-date: /home/UMRobotics/new_ws/install/moveit_ros_planning/lib/libmoveit_trajectory_execution_manager.so.2.12.3
[0.324s] -- Up-to-date: /home/UMRobotics/new_ws/install/moveit_ros_planning/lib/libmoveit_trajectory_execution_manager.so
[0.324s] -- Up-to-date: /home/UMRobotics/new_ws/install/moveit_ros_planning/lib/libsrdf_publisher_node.so
[0.324s] -- Up-to-date: /home/UMRobotics/new_ws/install/moveit_ros_planning/lib/libmoveit_default_planning_response_adapter_plugins.so.2.12.3
[0.324s] -- Up-to-date: /home/UMRobotics/new_ws/install/moveit_ros_planning/lib/libmoveit_default_planning_response_adapter_plugins.so
[0.325s] -- Up-to-date: /home/UMRobotics/new_ws/install/moveit_ros_planning/lib/libmoveit_default_planning_request_adapter_plugins.so.2.12.3
[0.325s] -- Up-to-date: /home/UMRobotics/new_ws/install/moveit_ros_planning/lib/libmoveit_default_planning_request_adapter_plugins.so
[0.325s] -- Up-to-date: /home/UMRobotics/new_ws/install/moveit_ros_planning/share/moveit_ros_planning/environment/library_path.sh
[0.325s] -- Up-to-date: /home/UMRobotics/new_ws/install/moveit_ros_planning/share/moveit_ros_planning/environment/library_path.dsv
[0.325s] -- Up-to-date: /home/UMRobotics/new_ws/install/moveit_ros_planning/lib/moveit_ros_planning/srdf_publisher
[0.326s] -- Up-to-date: /home/UMRobotics/new_ws/install/moveit_ros_planning/share/moveit_ros_planning/default_request_adapters_plugin_description.xml
[0.326s] -- Up-to-date: /home/UMRobotics/new_ws/install/moveit_ros_planning/share/moveit_ros_planning/default_response_adapters_plugin_description.xml
[0.326s] -- Up-to-date: /home/UMRobotics/new_ws/install/moveit_ros_planning/share/moveit_ros_planning/planning_pipeline_test_plugins_description.xml
[0.326s] -- Up-to-date: /home/UMRobotics/new_ws/install/moveit_ros_planning/share/ament_index/resource_index/package_run_dependencies/moveit_ros_planning
[0.326s] -- Up-to-date: /home/UMRobotics/new_ws/install/moveit_ros_planning/share/ament_index/resource_index/parent_prefix_path/moveit_ros_planning
[0.326s] -- Up-to-date: /home/UMRobotics/new_ws/install/moveit_ros_planning/share/moveit_ros_planning/environment/ament_prefix_path.sh
[0.326s] -- Up-to-date: /home/UMRobotics/new_ws/install/moveit_ros_planning/share/moveit_ros_planning/environment/ament_prefix_path.dsv
[0.326s] -- Up-to-date: /home/UMRobotics/new_ws/install/moveit_ros_planning/share/moveit_ros_planning/environment/path.sh
[0.326s] -- Up-to-date: /home/UMRobotics/new_ws/install/moveit_ros_planning/share/moveit_ros_planning/environment/path.dsv
[0.326s] -- Up-to-date: /home/UMRobotics/new_ws/install/moveit_ros_planning/share/moveit_ros_planning/local_setup.bash
[0.326s] -- Up-to-date: /home/UMRobotics/new_ws/install/moveit_ros_planning/share/moveit_ros_planning/local_setup.sh
[0.327s] -- Up-to-date: /home/UMRobotics/new_ws/install/moveit_ros_planning/share/moveit_ros_planning/local_setup.zsh
[0.327s] -- Up-to-date: /home/UMRobotics/new_ws/install/moveit_ros_planning/share/moveit_ros_planning/local_setup.dsv
[0.327s] -- Installing: /home/UMRobotics/new_ws/install/moveit_ros_planning/share/moveit_ros_planning/package.dsv
[0.327s] -- Up-to-date: /home/UMRobotics/new_ws/install/moveit_ros_planning/share/ament_index/resource_index/packages/moveit_ros_planning
[0.327s] -- Up-to-date: /home/UMRobotics/new_ws/install/moveit_ros_planning/share/ament_index/resource_index/moveit_core__pluginlib__plugin/moveit_ros_planning
[0.327s] -- Up-to-date: /home/UMRobotics/new_ws/install/moveit_ros_planning/share/moveit_ros_planning/cmake/moveit_ros_planningTargetsExport.cmake
[0.327s] -- Up-to-date: /home/UMRobotics/new_ws/install/moveit_ros_planning/share/moveit_ros_planning/cmake/moveit_ros_planningTargetsExport-release.cmake
[0.327s] -- Up-to-date: /home/UMRobotics/new_ws/install/moveit_ros_planning/share/ament_index/resource_index/rclcpp_components/moveit_ros_planning
[0.328s] -- Up-to-date: /home/UMRobotics/new_ws/install/moveit_ros_planning/share/moveit_ros_planning/cmake/ConfigExtras.cmake
[0.328s] -- Up-to-date: /home/UMRobotics/new_ws/install/moveit_ros_planning/share/moveit_ros_planning/cmake/ament_cmake_export_targets-extras.cmake
[0.328s] -- Up-to-date: /home/UMRobotics/new_ws/install/moveit_ros_planning/share/moveit_ros_planning/cmake/ament_cmake_export_dependencies-extras.cmake
[0.328s] -- Up-to-date: /home/UMRobotics/new_ws/install/moveit_ros_planning/share/moveit_ros_planning/cmake/moveit_ros_planningConfig.cmake
[0.328s] -- Up-to-date: /home/UMRobotics/new_ws/install/moveit_ros_planning/share/moveit_ros_planning/cmake/moveit_ros_planningConfig-version.cmake
[0.328s] -- Up-to-date: /home/UMRobotics/new_ws/install/moveit_ros_planning/share/moveit_ros_planning/package.xml
[0.329s] Invoked command in '/home/UMRobotics/new_ws/build/moveit_ros_planning' returned '0': AMENT_PREFIX_PATH=/home/UMRobotics/new_ws/install/moveit_ros_occupancy_map_monitor:/home/UMRobotics/new_ws/install/moveit_core:/home/UMRobotics/new_ws/install/tf2_kdl:/home/UMRobotics/new_ws/install/tf2_geometry_msgs:/home/UMRobotics/new_ws/install/tf2_ros_py:/home/UMRobotics/new_ws/install/tf2_eigen:/home/UMRobotics/new_ws/install/tf2_ros:/home/UMRobotics/new_ws/install/tf2_py:/home/UMRobotics/new_ws/install/tf2_msgs:/home/UMRobotics/new_ws/install/tf2:/home/UMRobotics/new_ws/install/moveit_configs_utils:/home/UMRobotics/new_ws/install/moveit_common:${AMENT_PREFIX_PATH} CMAKE_PREFIX_PATH=/home/UMRobotics/new_ws/install/moveit_ros_occupancy_map_monitor:/home/UMRobotics/new_ws/install/moveit_core:/home/UMRobotics/new_ws/install/tf2_kdl:/home/UMRobotics/new_ws/install/tf2_geometry_msgs:/home/UMRobotics/new_ws/install/tf2_eigen:/home/UMRobotics/new_ws/install/tf2_ros:/home/UMRobotics/new_ws/install/tf2_py:/home/UMRobotics/new_ws/install/tf2_msgs:/home/UMRobotics/new_ws/install/tf2:/home/UMRobotics/new_ws/install/moveit_common:/home/UMRobotics/moveit_ws/install/robotiq_hardware_tests:/home/UMRobotics/moveit_ws/install/robotiq_driver:/home/UMRobotics/moveit_ws/install/serial:/home/UMRobotics/moveit_ws/install/rviz_visual_tools:/home/UMRobotics/moveit_ws/install/rviz_marker_tools:/home/UMRobotics/moveit_ws/install/kortex_bringup:/home/UMRobotics/moveit_ws/install/kortex_description:/home/UMRobotics/moveit_ws/install/robotiq_description:/home/UMRobotics/moveit_ws/install/robotiq_controllers:/home/UMRobotics/moveit_ws/install/pilz_industrial_motion_planner_testutils:/home/UMRobotics/moveit_ws/install/pick_ik:/home/UMRobotics/moveit_ws/install/moveit_task_constructor_msgs:/home/UMRobotics/moveit_ws/install/moveit_ros_control_interface:/home/UMRobotics/moveit_ws/install/moveit_plugins:/home/UMRobotics/moveit_ws/install/moveit_simple_controller_manager:/home/UMRobotics/moveit_ws/install/moveit_ros_occupancy_map_monitor:/home/UMRobotics/moveit_ws/install/moveit_resources_prbt_support:/home/UMRobotics/moveit_ws/install/moveit_resources_prbt_ikfast_manipulator_plugin:/home/UMRobotics/moveit_ws/install/moveit_resources:/home/UMRobotics/moveit_ws/install/moveit_resources_pr2_description:/home/UMRobotics/moveit_ws/install/moveit_resources_panda_moveit_config:/home/UMRobotics/moveit_ws/install/dual_arm_panda_moveit_config:/home/UMRobotics/moveit_ws/install/moveit_resources_panda_description:/home/UMRobotics/moveit_ws/install/moveit_resources_fanuc_moveit_config:/home/UMRobotics/moveit_ws/install/moveit_resources_fanuc_description:/home/UMRobotics/moveit_ws/install/moveit_planners_stomp:/home/UMRobotics/moveit_ws/install/chomp_motion_planner:/home/UMRobotics/moveit_ws/install/moveit_core:/home/UMRobotics/moveit_ws/install/moveit_msgs:/home/UMRobotics/moveit_ws/install/moveit_common:/home/UMRobotics/moveit_ws/install/kortex_driver:/home/UMRobotics/moveit_ws/install/kortex_api:/opt/ros/jazzy/opt/gz_sim_vendor:/opt/ros/jazzy/opt/gz_sensors_vendor:/opt/ros/jazzy/opt/gz_physics_vendor:/opt/ros/jazzy/opt/sdformat_vendor:/opt/ros/jazzy/opt/gz_gui_vendor:/opt/ros/jazzy/opt/gz_transport_vendor:/opt/ros/jazzy/opt/gz_rendering_vendor:/opt/ros/jazzy/opt/gz_plugin_vendor:/opt/ros/jazzy/opt/gz_fuel_tools_vendor:/opt/ros/jazzy/opt/gz_msgs_vendor:/opt/ros/jazzy/opt/gz_common_vendor:/opt/ros/jazzy/opt/gz_math_vendor:/opt/ros/jazzy/opt/gz_utils_vendor:/opt/ros/jazzy/opt/gz_tools_vendor:/opt/ros/jazzy/opt/gz_ogre_next_vendor:/opt/ros/jazzy/opt/gz_dartsim_vendor:/opt/ros/jazzy/opt/gz_cmake_vendor:/home/UMRobotics/moveit_ws/install/moveit_configs_utils:/opt/ros/jazzy DEBUGINFOD_URLS=https://debuginfod.ubuntu.com LD_LIBRARY_PATH=/home/UMRobotics/new_ws/install/moveit_ros_occupancy_map_monitor/lib:/home/UMRobotics/new_ws/install/moveit_core/lib:/home/UMRobotics/new_ws/install/tf2_ros/lib:/home/UMRobotics/new_ws/install/tf2_msgs/lib:/home/UMRobotics/new_ws/install/tf2/lib:/home/UMRobotics/moveit_ws/install/robotiq_driver/lib:/home/UMRobotics/moveit_ws/install/serial/lib:/home/UMRobotics/moveit_ws/install/rviz_visual_tools/lib:/home/UMRobotics/moveit_ws/install/rviz_marker_tools/lib:/home/UMRobotics/moveit_ws/install/robotiq_controllers/lib:/home/UMRobotics/moveit_ws/install/pilz_industrial_motion_planner_testutils/lib:/home/UMRobotics/moveit_ws/install/pick_ik/lib:/home/UMRobotics/moveit_ws/install/moveit_task_constructor_msgs/lib:/home/UMRobotics/moveit_ws/install/moveit_ros_control_interface/lib:/home/UMRobotics/moveit_ws/install/moveit_simple_controller_manager/lib:/home/UMRobotics/moveit_ws/install/moveit_ros_occupancy_map_monitor/lib:/home/UMRobotics/moveit_ws/install/moveit_resources_prbt_ikfast_manipulator_plugin/lib:/home/UMRobotics/moveit_ws/install/moveit_planners_stomp/lib:/home/UMRobotics/moveit_ws/install/chomp_motion_planner/lib:/home/UMRobotics/moveit_ws/install/moveit_core/lib:/home/UMRobotics/moveit_ws/install/moveit_msgs/lib:/home/UMRobotics/moveit_ws/install/kortex_driver/lib:/opt/ros/jazzy/opt/gz_sim_vendor/lib:/opt/ros/jazzy/opt/gz_sensors_vendor/lib:/opt/ros/jazzy/opt/gz_physics_vendor/lib:/opt/ros/jazzy/opt/sdformat_vendor/lib:/opt/ros/jazzy/opt/rviz_ogre_vendor/lib:/opt/ros/jazzy/lib/x86_64-linux-gnu:/opt/ros/jazzy/opt/gz_gui_vendor/lib:/opt/ros/jazzy/opt/gz_transport_vendor/lib:/opt/ros/jazzy/opt/gz_rendering_vendor/lib:/opt/ros/jazzy/opt/gz_plugin_vendor/lib:/opt/ros/jazzy/opt/gz_fuel_tools_vendor/lib:/opt/ros/jazzy/opt/gz_msgs_vendor/lib:/opt/ros/jazzy/opt/gz_common_vendor/lib:/opt/ros/jazzy/opt/gz_math_vendor/lib:/opt/ros/jazzy/opt/gz_utils_vendor/lib:/opt/ros/jazzy/opt/gz_tools_vendor/lib:/opt/ros/jazzy/opt/gz_ogre_next_vendor/lib:/opt/ros/jazzy/opt/gz_dartsim_vendor/lib:/opt/ros/jazzy/opt/gz_cmake_vendor/lib:/opt/ros/jazzy/lib:/usr/local/cuda/lib64 PATH=/home/UMRobotics/new_ws/install/moveit_core/bin:${PATH} PYTHONPATH=/home/UMRobotics/new_ws/install/tf2_kdl/lib/python3.12/site-packages:/home/UMRobotics/new_ws/install/tf2_geometry_msgs/lib/python3.12/site-packages:/home/UMRobotics/new_ws/install/tf2_ros_py/lib/python3.12/site-packages:/home/UMRobotics/new_ws/install/tf2_py/lib/python3.12/site-packages:/home/UMRobotics/new_ws/install/tf2_msgs/lib/python3.12/site-packages:/home/UMRobotics/new_ws/install/moveit_configs_utils/lib/python3.12/site-packages:${PYTHONPATH} /usr/bin/cmake --install /home/UMRobotics/new_ws/build/moveit_ros_planning
