[0.008s] Invoking command in '/home/UMRobotics/new_ws/build/my_robot_cell_description': CMAKE_PREFIX_PATH=${CMAKE_PREFIX_PATH}:/home/UMRobotics/new_ws/install/moveit_configs_utils:/home/UMRobotics/moveit_ws/install/moveit_configs_utils:/opt/ros/jazzy DEBUGINFOD_URLS=https://debuginfod.ubuntu.com /usr/bin/cmake /home/UMRobotics/new_ws/src/my_robot_cell_description -DCMAKE_INSTALL_PREFIX=/home/UMRobotics/new_ws/install/my_robot_cell_description
[0.048s] -- The C compiler identification is GNU 13.3.0
[0.086s] -- The CXX compiler identification is GNU 13.3.0
[0.098s] -- Detecting C compiler ABI info
[0.169s] -- Detecting C compiler ABI info - done
[0.175s] -- Check for working C compiler: /usr/bin/cc - skipped
[0.175s] -- Detecting C compile features
[0.175s] -- Detecting C compile features - done
[0.182s] -- Detecting CXX compiler ABI info
[0.255s] -- Detecting CXX compiler ABI info - done
[0.261s] -- Check for working CXX compiler: /usr/bin/c++ - skipped
[0.262s] -- Detecting CXX compile features
[0.262s] -- Detecting CXX compile features - done
[0.267s] -- Found ament_cmake: 2.5.4 (/opt/ros/jazzy/share/ament_cmake/cmake)
[0.404s] -- Found Python3: /home/UMRobotics/.local/bin/python3 (found version "3.12.3") found components: Interpreter 
[0.523s] -- Found ament_lint_auto: 0.17.2 (/opt/ros/jazzy/share/ament_lint_auto/cmake)
[0.620s] -- Added test 'flake8' to check Python code syntax and style conventions
[0.620s] -- Configured 'flake8' exclude dirs and/or files: 
[0.621s] -- Added test 'lint_cmake' to check CMake code style
[0.622s] -- Added test 'pep257' to check Python code against some of the docstring style conventions in PEP 257
[0.625s] -- Added test 'xmllint' to check XML markup files
[0.628s] -- Configuring done (0.6s)
[0.629s] -- Generating done (0.0s)
[0.630s] -- Build files have been written to: /home/UMRobotics/new_ws/build/my_robot_cell_description
[0.634s] Invoked command in '/home/UMRobotics/new_ws/build/my_robot_cell_description' returned '0': CMAKE_PREFIX_PATH=${CMAKE_PREFIX_PATH}:/home/UMRobotics/new_ws/install/moveit_configs_utils:/home/UMRobotics/moveit_ws/install/moveit_configs_utils:/opt/ros/jazzy DEBUGINFOD_URLS=https://debuginfod.ubuntu.com /usr/bin/cmake /home/UMRobotics/new_ws/src/my_robot_cell_description -DCMAKE_INSTALL_PREFIX=/home/UMRobotics/new_ws/install/my_robot_cell_description
[0.635s] Invoking command in '/home/UMRobotics/new_ws/build/my_robot_cell_description': CMAKE_PREFIX_PATH=${CMAKE_PREFIX_PATH}:/home/UMRobotics/new_ws/install/moveit_configs_utils:/home/UMRobotics/moveit_ws/install/moveit_configs_utils:/opt/ros/jazzy DEBUGINFOD_URLS=https://debuginfod.ubuntu.com /usr/bin/cmake --build /home/UMRobotics/new_ws/build/my_robot_cell_description -- -j16 -l16
[0.668s] Invoked command in '/home/UMRobotics/new_ws/build/my_robot_cell_description' returned '0': CMAKE_PREFIX_PATH=${CMAKE_PREFIX_PATH}:/home/UMRobotics/new_ws/install/moveit_configs_utils:/home/UMRobotics/moveit_ws/install/moveit_configs_utils:/opt/ros/jazzy DEBUGINFOD_URLS=https://debuginfod.ubuntu.com /usr/bin/cmake --build /home/UMRobotics/new_ws/build/my_robot_cell_description -- -j16 -l16
[0.669s] Invoking command in '/home/UMRobotics/new_ws/build/my_robot_cell_description': CMAKE_PREFIX_PATH=${CMAKE_PREFIX_PATH}:/home/UMRobotics/new_ws/install/moveit_configs_utils:/home/UMRobotics/moveit_ws/install/moveit_configs_utils:/opt/ros/jazzy DEBUGINFOD_URLS=https://debuginfod.ubuntu.com /usr/bin/cmake --install /home/UMRobotics/new_ws/build/my_robot_cell_description
[0.676s] -- Install configuration: ""
[0.677s] -- Installing: /home/UMRobotics/new_ws/install/my_robot_cell_description/share/ament_index/resource_index/package_run_dependencies/my_robot_cell_description
[0.677s] -- Installing: /home/UMRobotics/new_ws/install/my_robot_cell_description/share/ament_index/resource_index/parent_prefix_path/my_robot_cell_description
[0.677s] -- Installing: /home/UMRobotics/new_ws/install/my_robot_cell_description/share/my_robot_cell_description/environment/ament_prefix_path.sh
[0.677s] -- Installing: /home/UMRobotics/new_ws/install/my_robot_cell_description/share/my_robot_cell_description/environment/ament_prefix_path.dsv
[0.677s] -- Installing: /home/UMRobotics/new_ws/install/my_robot_cell_description/share/my_robot_cell_description/environment/path.sh
[0.677s] -- Installing: /home/UMRobotics/new_ws/install/my_robot_cell_description/share/my_robot_cell_description/environment/path.dsv
[0.677s] -- Installing: /home/UMRobotics/new_ws/install/my_robot_cell_description/share/my_robot_cell_description/local_setup.bash
[0.677s] -- Installing: /home/UMRobotics/new_ws/install/my_robot_cell_description/share/my_robot_cell_description/local_setup.sh
[0.677s] -- Installing: /home/UMRobotics/new_ws/install/my_robot_cell_description/share/my_robot_cell_description/local_setup.zsh
[0.677s] -- Installing: /home/UMRobotics/new_ws/install/my_robot_cell_description/share/my_robot_cell_description/local_setup.dsv
[0.677s] -- Installing: /home/UMRobotics/new_ws/install/my_robot_cell_description/share/my_robot_cell_description/package.dsv
[0.677s] -- Installing: /home/UMRobotics/new_ws/install/my_robot_cell_description/share/ament_index/resource_index/packages/my_robot_cell_description
[0.678s] -- Installing: /home/UMRobotics/new_ws/install/my_robot_cell_description/share/my_robot_cell_description/cmake/my_robot_cell_descriptionConfig.cmake
[0.678s] -- Installing: /home/UMRobotics/new_ws/install/my_robot_cell_description/share/my_robot_cell_description/cmake/my_robot_cell_descriptionConfig-version.cmake
[0.678s] -- Installing: /home/UMRobotics/new_ws/install/my_robot_cell_description/share/my_robot_cell_description/package.xml
[0.679s] Invoked command in '/home/UMRobotics/new_ws/build/my_robot_cell_description' returned '0': CMAKE_PREFIX_PATH=${CMAKE_PREFIX_PATH}:/home/UMRobotics/new_ws/install/moveit_configs_utils:/home/UMRobotics/moveit_ws/install/moveit_configs_utils:/opt/ros/jazzy DEBUGINFOD_URLS=https://debuginfod.ubuntu.com /usr/bin/cmake --install /home/UMRobotics/new_ws/build/my_robot_cell_description
