-- The C compiler identification is GNU 13.3.0
-- The CXX compiler identification is GNU 13.3.0
-- Detecting C compiler ABI info
-- Detecting C compiler ABI info - done
-- Check for working C compiler: /usr/bin/cc - skipped
-- Detecting C compile features
-- Detecting C compile features - done
-- Detecting CXX compiler ABI info
-- Detecting CXX compiler ABI info - done
-- Check for working CXX compiler: /usr/bin/c++ - skipped
-- Detecting CXX compile features
-- Detecting CXX compile features - done
-- Found ament_cmake: 2.5.4 (/opt/ros/jazzy/share/ament_cmake/cmake)
-- Found Python3: /home/UMRobotics/.local/bin/python3 (found version "3.12.3") found components: Interpreter 
-- Found builtin_interfaces: 2.0.2 (/opt/ros/jazzy/share/builtin_interfaces/cmake)
-- Found rosidl_generator_c: 4.6.5 (/opt/ros/jazzy/share/rosidl_generator_c/cmake)
-- Found rosidl_generator_cpp: 4.6.5 (/opt/ros/jazzy/share/rosidl_generator_cpp/cmake)
-- Using all available rosidl_typesupport_c: rosidl_typesupport_fastrtps_c;rosidl_typesupport_introspection_c
-- Using all available rosidl_typesupport_cpp: rosidl_typesupport_fastrtps_cpp;rosidl_typesupport_introspection_cpp
-- Found geometry_msgs: 5.3.6 (/opt/ros/jazzy/share/geometry_msgs/cmake)
-- Found message_filters: 4.11.6 (/opt/ros/jazzy/share/message_filters/cmake)
-- Found rmw_implementation_cmake: 7.3.2 (/opt/ros/jazzy/share/rmw_implementation_cmake/cmake)
-- Found rmw_fastrtps_cpp: 8.4.2 (/opt/ros/jazzy/share/rmw_fastrtps_cpp/cmake)
-- Found OpenSSL: /usr/lib/x86_64-linux-gnu/libcrypto.so (found version "3.0.13")  
-- Found FastRTPS: /opt/ros/jazzy/include (Required is at least version "2.13") 
-- Using RMW implementation 'rmw_fastrtps_cpp' as default
-- Found rclcpp_action: 28.1.9 (/opt/ros/jazzy/share/rclcpp_action/cmake)
-- Found rclcpp_components: 28.1.9 (/opt/ros/jazzy/share/rclcpp_components/cmake)
-- Found tf2: 0.36.11 (/home/UMRobotics/new_ws/install/tf2/share/tf2/cmake)
-- Found tf2_msgs: 0.36.11 (/home/UMRobotics/new_ws/install/tf2_msgs/share/tf2_msgs/cmake)
-- Found ament_cmake_cppcheck: 0.17.2 (/opt/ros/jazzy/share/ament_cmake_cppcheck/cmake)
-- Found ament_cmake_cpplint: 0.17.2 (/opt/ros/jazzy/share/ament_cmake_cpplint/cmake)
-- Found ament_cmake_lint_cmake: 0.17.2 (/opt/ros/jazzy/share/ament_cmake_lint_cmake/cmake)
-- Found ament_cmake_uncrustify: 0.17.2 (/opt/ros/jazzy/share/ament_cmake_uncrustify/cmake)
-- Found ament_cmake_gtest: 2.5.4 (/opt/ros/jazzy/share/ament_cmake_gtest/cmake)
-- Found gtest sources under '/opt/ros/jazzy/src/gtest_vendor': C++ tests using 'Google Test' will be built
-- Performing Test CMAKE_HAVE_LIBC_PTHREAD
-- Performing Test CMAKE_HAVE_LIBC_PTHREAD - Success
-- Found Threads: TRUE  
-- Configuring done (1.3s)
-- Generating done (0.0s)
-- Build files have been written to: /home/UMRobotics/new_ws/build/tf2_ros
[  4%] [32mBuilding CXX object gtest/CMakeFiles/gtest.dir/src/gtest-all.cc.o[0m
[  7%] [32mBuilding CXX object gtest/CMakeFiles/gtest_main.dir/src/gtest_main.cc.o[0m
[  7%] [32mBuilding CXX object CMakeFiles/tf2_ros.dir/src/buffer.cpp.o[0m
[  9%] [32mBuilding CXX object CMakeFiles/tf2_ros.dir/src/transform_listener.cpp.o[0m
[ 11%] [32mBuilding CXX object CMakeFiles/tf2_ros.dir/src/create_timer_ros.cpp.o[0m
[ 14%] [32mBuilding CXX object CMakeFiles/tf2_ros.dir/src/buffer_client.cpp.o[0m
[ 16%] [32mBuilding CXX object CMakeFiles/tf2_ros.dir/src/static_transform_broadcaster.cpp.o[0m
[ 19%] [32mBuilding CXX object CMakeFiles/tf2_ros.dir/src/buffer_server.cpp.o[0m
[ 21%] [32mBuilding CXX object CMakeFiles/tf2_ros.dir/src/transform_broadcaster.cpp.o[0m
[ 23%] [32m[1mLinking CXX static library libgtest_main.a[0m
[ 23%] Built target gtest_main
[ 26%] [32m[1mLinking CXX static library libgtest.a[0m
[ 26%] Built target gtest
[ 28%] [32m[1mLinking CXX shared library libtf2_ros.so[0m
[ 28%] Built target tf2_ros
[ 35%] [32mBuilding CXX object CMakeFiles/tf2_monitor.dir/src/tf2_monitor.cpp.o[0m
[ 35%] [32mBuilding CXX object CMakeFiles/tf2_ros_test_listener.dir/test/listener_unittest.cpp.o[0m
[ 35%] [32mBuilding CXX object CMakeFiles/tf2_echo.dir/src/tf2_echo.cpp.o[0m
[ 38%] [32mBuilding CXX object CMakeFiles/tf2_ros_test_message_filter.dir/test/message_filter_test.cpp.o[0m
[ 40%] [32mBuilding CXX object CMakeFiles/static_transform_broadcaster_node.dir/src/static_transform_broadcaster_node.cpp.o[0m
[ 42%] [32mBuilding CXX object CMakeFiles/buffer_server.dir/src/buffer_server_main.cpp.o[0m
[ 45%] [32mBuilding CXX object CMakeFiles/test_buffer.dir/test/test_buffer.cpp.o[0m
[ 50%] [32mBuilding CXX object CMakeFiles/test_buffer_client.dir/test/test_buffer_client.cpp.o[0m
[ 50%] [32mBuilding CXX object CMakeFiles/test_buffer_server.dir/test/test_buffer_server.cpp.o[0m
[ 59%] [32mBuilding CXX object CMakeFiles/tf2_ros_test_time_reset.dir/test/time_reset_test.cpp.o[0m
[ 59%] [32mBuilding CXX object CMakeFiles/tf2_ros_test_transform_broadcaster.dir/test/test_transform_broadcaster.cpp.o[0m
[ 59%] [32mBuilding CXX object CMakeFiles/tf2_ros_test_transform_listener.dir/test/test_transform_listener.cpp.o[0m
[ 59%] [32mBuilding CXX object CMakeFiles/tf2_ros_test_static_transform_broadcaster.dir/test/test_static_transform_broadcaster.cpp.o[0m
[ 61%] [32mBuilding CXX object CMakeFiles/tf2_ros_test_velocity.dir/test/velocity_test.cpp.o[0m
[ 64%] [32m[1mLinking CXX executable tf2_echo[0m
[ 64%] Built target tf2_echo
[ 66%] [32m[1mLinking CXX shared library libstatic_transform_broadcaster_node.so[0m
[ 69%] [32m[1mLinking CXX executable tf2_ros_test_static_transform_broadcaster[0m
[ 69%] Built target static_transform_broadcaster_node
[ 71%] [32mBuilding CXX object CMakeFiles/static_transform_publisher.dir/src/static_transform_broadcaster_program.cpp.o[0m
[ 73%] [32m[1mLinking CXX executable tf2_ros_test_transform_broadcaster[0m
[ 73%] Built target tf2_ros_test_static_transform_broadcaster
[ 73%] Built target tf2_ros_test_transform_broadcaster
[ 76%] [32m[1mLinking CXX executable tf2_ros_test_velocity[0m
[ 78%] [32m[1mLinking CXX executable test_buffer[0m
[ 80%] [32m[1mLinking CXX executable buffer_server[0m
[ 83%] [32m[1mLinking CXX executable test_buffer_client[0m
[ 85%] [32m[1mLinking CXX executable test_buffer_server[0m
[ 85%] Built target buffer_server
[ 85%] Built target tf2_ros_test_velocity
[ 85%] Built target test_buffer
[ 85%] Built target test_buffer_client
[ 88%] [32m[1mLinking CXX executable tf2_ros_test_time_reset[0m
[ 88%] Built target test_buffer_server
[ 88%] Built target tf2_ros_test_time_reset
[ 90%] [32m[1mLinking CXX executable static_transform_publisher[0m
[ 90%] Built target static_transform_publisher
[ 92%] [32m[1mLinking CXX executable tf2_ros_test_listener[0m
[ 95%] [32m[1mLinking CXX executable tf2_ros_test_transform_listener[0m
[ 97%] [32m[1mLinking CXX executable tf2_monitor[0m
[ 97%] Built target tf2_ros_test_listener
[ 97%] Built target tf2_ros_test_transform_listener
[ 97%] Built target tf2_monitor
[100%] [32m[1mLinking CXX executable tf2_ros_test_message_filter[0m
[100%] Built target tf2_ros_test_message_filter
-- Install configuration: ""
-- Installing: /home/UMRobotics/new_ws/install/tf2_ros/lib/libtf2_ros.so
-- Set non-toolchain portion of runtime path of "/home/UMRobotics/new_ws/install/tf2_ros/lib/libtf2_ros.so" to ""
-- Installing: /home/UMRobotics/new_ws/install/tf2_ros/lib/libstatic_transform_broadcaster_node.so
-- Set non-toolchain portion of runtime path of "/home/UMRobotics/new_ws/install/tf2_ros/lib/libstatic_transform_broadcaster_node.so" to ""
-- Installing: /home/UMRobotics/new_ws/install/tf2_ros/lib/tf2_ros/buffer_server
-- Set non-toolchain portion of runtime path of "/home/UMRobotics/new_ws/install/tf2_ros/lib/tf2_ros/buffer_server" to ""
-- Installing: /home/UMRobotics/new_ws/install/tf2_ros/lib/tf2_ros/static_transform_publisher
-- Set non-toolchain portion of runtime path of "/home/UMRobotics/new_ws/install/tf2_ros/lib/tf2_ros/static_transform_publisher" to ""
-- Installing: /home/UMRobotics/new_ws/install/tf2_ros/lib/tf2_ros/tf2_echo
-- Set non-toolchain portion of runtime path of "/home/UMRobotics/new_ws/install/tf2_ros/lib/tf2_ros/tf2_echo" to ""
-- Installing: /home/UMRobotics/new_ws/install/tf2_ros/lib/tf2_ros/tf2_monitor
-- Set non-toolchain portion of runtime path of "/home/UMRobotics/new_ws/install/tf2_ros/lib/tf2_ros/tf2_monitor" to ""
-- Installing: /home/UMRobotics/new_ws/install/tf2_ros/include/tf2_ros
-- Installing: /home/UMRobotics/new_ws/install/tf2_ros/include/tf2_ros/tf2_ros
-- Installing: /home/UMRobotics/new_ws/install/tf2_ros/include/tf2_ros/tf2_ros/qos.hpp
-- Installing: /home/UMRobotics/new_ws/install/tf2_ros/include/tf2_ros/tf2_ros/static_transform_broadcaster.h
-- Installing: /home/UMRobotics/new_ws/install/tf2_ros/include/tf2_ros/tf2_ros/visibility_control.h
-- Installing: /home/UMRobotics/new_ws/install/tf2_ros/include/tf2_ros/tf2_ros/transform_broadcaster.h
-- Installing: /home/UMRobotics/new_ws/install/tf2_ros/include/tf2_ros/tf2_ros/async_buffer_interface.h
-- Installing: /home/UMRobotics/new_ws/install/tf2_ros/include/tf2_ros/tf2_ros/message_filter.h
-- Installing: /home/UMRobotics/new_ws/install/tf2_ros/include/tf2_ros/tf2_ros/static_transform_broadcaster_node.hpp
-- Installing: /home/UMRobotics/new_ws/install/tf2_ros/include/tf2_ros/tf2_ros/create_timer_ros.h
-- Installing: /home/UMRobotics/new_ws/install/tf2_ros/include/tf2_ros/tf2_ros/buffer_client.h
-- Installing: /home/UMRobotics/new_ws/install/tf2_ros/include/tf2_ros/tf2_ros/transform_listener.h
-- Installing: /home/UMRobotics/new_ws/install/tf2_ros/include/tf2_ros/tf2_ros/static_transform_broadcaster_visibility_control.h
-- Installing: /home/UMRobotics/new_ws/install/tf2_ros/include/tf2_ros/tf2_ros/buffer_interface.h
-- Installing: /home/UMRobotics/new_ws/install/tf2_ros/include/tf2_ros/tf2_ros/buffer.h
-- Installing: /home/UMRobotics/new_ws/install/tf2_ros/include/tf2_ros/tf2_ros/buffer_server.h
-- Installing: /home/UMRobotics/new_ws/install/tf2_ros/include/tf2_ros/tf2_ros/create_timer_interface.h
-- Installing: /home/UMRobotics/new_ws/install/tf2_ros/share/tf2_ros/environment/library_path.sh
-- Installing: /home/UMRobotics/new_ws/install/tf2_ros/share/tf2_ros/environment/library_path.dsv
-- Installing: /home/UMRobotics/new_ws/install/tf2_ros/share/ament_index/resource_index/package_run_dependencies/tf2_ros
-- Installing: /home/UMRobotics/new_ws/install/tf2_ros/share/ament_index/resource_index/parent_prefix_path/tf2_ros
-- Installing: /home/UMRobotics/new_ws/install/tf2_ros/share/tf2_ros/environment/ament_prefix_path.sh
-- Installing: /home/UMRobotics/new_ws/install/tf2_ros/share/tf2_ros/environment/ament_prefix_path.dsv
-- Installing: /home/UMRobotics/new_ws/install/tf2_ros/share/tf2_ros/environment/path.sh
-- Installing: /home/UMRobotics/new_ws/install/tf2_ros/share/tf2_ros/environment/path.dsv
-- Installing: /home/UMRobotics/new_ws/install/tf2_ros/share/tf2_ros/local_setup.bash
-- Installing: /home/UMRobotics/new_ws/install/tf2_ros/share/tf2_ros/local_setup.sh
-- Installing: /home/UMRobotics/new_ws/install/tf2_ros/share/tf2_ros/local_setup.zsh
-- Installing: /home/UMRobotics/new_ws/install/tf2_ros/share/tf2_ros/local_setup.dsv
-- Installing: /home/UMRobotics/new_ws/install/tf2_ros/share/tf2_ros/package.dsv
-- Installing: /home/UMRobotics/new_ws/install/tf2_ros/share/ament_index/resource_index/packages/tf2_ros
-- Installing: /home/UMRobotics/new_ws/install/tf2_ros/share/ament_index/resource_index/rclcpp_components/tf2_ros
-- Installing: /home/UMRobotics/new_ws/install/tf2_ros/share/tf2_ros/cmake/export_tf2_rosExport.cmake
-- Installing: /home/UMRobotics/new_ws/install/tf2_ros/share/tf2_ros/cmake/export_tf2_rosExport-noconfig.cmake
-- Installing: /home/UMRobotics/new_ws/install/tf2_ros/share/tf2_ros/cmake/ament_cmake_export_include_directories-extras.cmake
-- Installing: /home/UMRobotics/new_ws/install/tf2_ros/share/tf2_ros/cmake/ament_cmake_export_libraries-extras.cmake
-- Installing: /home/UMRobotics/new_ws/install/tf2_ros/share/tf2_ros/cmake/ament_cmake_export_targets-extras.cmake
-- Installing: /home/UMRobotics/new_ws/install/tf2_ros/share/tf2_ros/cmake/ament_cmake_export_dependencies-extras.cmake
-- Installing: /home/UMRobotics/new_ws/install/tf2_ros/share/tf2_ros/cmake/tf2_rosConfig.cmake
-- Installing: /home/UMRobotics/new_ws/install/tf2_ros/share/tf2_ros/cmake/tf2_rosConfig-version.cmake
-- Installing: /home/UMRobotics/new_ws/install/tf2_ros/share/tf2_ros/package.xml
