[0.011s] Invoking command in '/home/UMRobotics/new_ws/build/tf2_ros': AMENT_PREFIX_PATH=/home/UMRobotics/new_ws/install/tf2_msgs:/home/UMRobotics/new_ws/install/tf2:${AMENT_PREFIX_PATH} CMAKE_PREFIX_PATH=/home/UMRobotics/new_ws/install/tf2_msgs:/home/UMRobotics/new_ws/install/tf2:/home/UMRobotics/moveit_ws/install/robotiq_hardware_tests:/home/UMRobotics/moveit_ws/install/robotiq_driver:/home/UMRobotics/moveit_ws/install/serial:/home/UMRobotics/moveit_ws/install/rviz_visual_tools:/home/UMRobotics/moveit_ws/install/rviz_marker_tools:/home/UMRobotics/moveit_ws/install/kortex_bringup:/home/UMRobotics/moveit_ws/install/kortex_description:/home/UMRobotics/moveit_ws/install/robotiq_description:/home/UMRobotics/moveit_ws/install/robotiq_controllers:/home/UMRobotics/moveit_ws/install/pilz_industrial_motion_planner_testutils:/home/UMRobotics/moveit_ws/install/pick_ik:/home/UMRobotics/moveit_ws/install/moveit_task_constructor_msgs:/home/UMRobotics/moveit_ws/install/moveit_ros_control_interface:/home/UMRobotics/moveit_ws/install/moveit_plugins:/home/UMRobotics/moveit_ws/install/moveit_simple_controller_manager:/home/UMRobotics/moveit_ws/install/moveit_ros_occupancy_map_monitor:/home/UMRobotics/moveit_ws/install/moveit_resources_prbt_support:/home/UMRobotics/moveit_ws/install/moveit_resources_prbt_ikfast_manipulator_plugin:/home/UMRobotics/moveit_ws/install/moveit_resources:/home/UMRobotics/moveit_ws/install/moveit_resources_pr2_description:/home/UMRobotics/moveit_ws/install/moveit_resources_panda_moveit_config:/home/UMRobotics/moveit_ws/install/dual_arm_panda_moveit_config:/home/UMRobotics/moveit_ws/install/moveit_resources_panda_description:/home/UMRobotics/moveit_ws/install/moveit_resources_fanuc_moveit_config:/home/UMRobotics/moveit_ws/install/moveit_resources_fanuc_description:/home/UMRobotics/moveit_ws/install/moveit_planners_stomp:/home/UMRobotics/moveit_ws/install/chomp_motion_planner:/home/UMRobotics/moveit_ws/install/moveit_core:/home/UMRobotics/moveit_ws/install/moveit_msgs:/home/UMRobotics/moveit_ws/install/moveit_common:/home/UMRobotics/moveit_ws/install/kortex_driver:/home/UMRobotics/moveit_ws/install/kortex_api:/opt/ros/jazzy/opt/gz_sim_vendor:/opt/ros/jazzy/opt/gz_sensors_vendor:/opt/ros/jazzy/opt/gz_physics_vendor:/opt/ros/jazzy/opt/sdformat_vendor:/opt/ros/jazzy/opt/gz_gui_vendor:/opt/ros/jazzy/opt/gz_transport_vendor:/opt/ros/jazzy/opt/gz_rendering_vendor:/opt/ros/jazzy/opt/gz_plugin_vendor:/opt/ros/jazzy/opt/gz_fuel_tools_vendor:/opt/ros/jazzy/opt/gz_msgs_vendor:/opt/ros/jazzy/opt/gz_common_vendor:/opt/ros/jazzy/opt/gz_math_vendor:/opt/ros/jazzy/opt/gz_utils_vendor:/opt/ros/jazzy/opt/gz_tools_vendor:/opt/ros/jazzy/opt/gz_ogre_next_vendor:/opt/ros/jazzy/opt/gz_dartsim_vendor:/opt/ros/jazzy/opt/gz_cmake_vendor:/home/UMRobotics/moveit_ws/install/moveit_configs_utils:/opt/ros/jazzy DEBUGINFOD_URLS=https://debuginfod.ubuntu.com LD_LIBRARY_PATH=/home/UMRobotics/new_ws/install/tf2_msgs/lib:/home/UMRobotics/new_ws/install/tf2/lib:/home/UMRobotics/moveit_ws/install/robotiq_driver/lib:/home/UMRobotics/moveit_ws/install/serial/lib:/home/UMRobotics/moveit_ws/install/rviz_visual_tools/lib:/home/UMRobotics/moveit_ws/install/rviz_marker_tools/lib:/home/UMRobotics/moveit_ws/install/robotiq_controllers/lib:/home/UMRobotics/moveit_ws/install/pilz_industrial_motion_planner_testutils/lib:/home/UMRobotics/moveit_ws/install/pick_ik/lib:/home/UMRobotics/moveit_ws/install/moveit_task_constructor_msgs/lib:/home/UMRobotics/moveit_ws/install/moveit_ros_control_interface/lib:/home/UMRobotics/moveit_ws/install/moveit_simple_controller_manager/lib:/home/UMRobotics/moveit_ws/install/moveit_ros_occupancy_map_monitor/lib:/home/UMRobotics/moveit_ws/install/moveit_resources_prbt_ikfast_manipulator_plugin/lib:/home/UMRobotics/moveit_ws/install/moveit_planners_stomp/lib:/home/UMRobotics/moveit_ws/install/chomp_motion_planner/lib:/home/UMRobotics/moveit_ws/install/moveit_core/lib:/home/UMRobotics/moveit_ws/install/moveit_msgs/lib:/home/UMRobotics/moveit_ws/install/kortex_driver/lib:/opt/ros/jazzy/opt/gz_sim_vendor/lib:/opt/ros/jazzy/opt/gz_sensors_vendor/lib:/opt/ros/jazzy/opt/gz_physics_vendor/lib:/opt/ros/jazzy/opt/sdformat_vendor/lib:/opt/ros/jazzy/opt/rviz_ogre_vendor/lib:/opt/ros/jazzy/lib/x86_64-linux-gnu:/opt/ros/jazzy/opt/gz_gui_vendor/lib:/opt/ros/jazzy/opt/gz_transport_vendor/lib:/opt/ros/jazzy/opt/gz_rendering_vendor/lib:/opt/ros/jazzy/opt/gz_plugin_vendor/lib:/opt/ros/jazzy/opt/gz_fuel_tools_vendor/lib:/opt/ros/jazzy/opt/gz_msgs_vendor/lib:/opt/ros/jazzy/opt/gz_common_vendor/lib:/opt/ros/jazzy/opt/gz_math_vendor/lib:/opt/ros/jazzy/opt/gz_utils_vendor/lib:/opt/ros/jazzy/opt/gz_tools_vendor/lib:/opt/ros/jazzy/opt/gz_ogre_next_vendor/lib:/opt/ros/jazzy/opt/gz_dartsim_vendor/lib:/opt/ros/jazzy/opt/gz_cmake_vendor/lib:/opt/ros/jazzy/lib:/usr/local/cuda/lib64 PYTHONPATH=/home/UMRobotics/new_ws/install/tf2_msgs/lib/python3.12/site-packages:${PYTHONPATH} /usr/bin/cmake /home/UMRobotics/new_ws/src/geometry2/tf2_ros -DCMAKE_INSTALL_PREFIX=/home/UMRobotics/new_ws/install/tf2_ros
[0.054s] -- The C compiler identification is GNU 13.3.0
[0.097s] -- The CXX compiler identification is GNU 13.3.0
[0.112s] -- Detecting C compiler ABI info
[0.188s] -- Detecting C compiler ABI info - done
[0.197s] -- Check for working C compiler: /usr/bin/cc - skipped
[0.197s] -- Detecting C compile features
[0.198s] -- Detecting C compile features - done
[0.205s] -- Detecting CXX compiler ABI info
[0.285s] -- Detecting CXX compiler ABI info - done
[0.292s] -- Check for working CXX compiler: /usr/bin/c++ - skipped
[0.292s] -- Detecting CXX compile features
[0.293s] -- Detecting CXX compile features - done
[0.297s] -- Found ament_cmake: 2.5.4 (/opt/ros/jazzy/share/ament_cmake/cmake)
[0.439s] -- Found Python3: /home/UMRobotics/.local/bin/python3 (found version "3.12.3") found components: Interpreter 
[0.555s] -- Found builtin_interfaces: 2.0.2 (/opt/ros/jazzy/share/builtin_interfaces/cmake)
[0.601s] -- Found rosidl_generator_c: 4.6.5 (/opt/ros/jazzy/share/rosidl_generator_c/cmake)
[0.618s] -- Found rosidl_generator_cpp: 4.6.5 (/opt/ros/jazzy/share/rosidl_generator_cpp/cmake)
[0.639s] -- Using all available rosidl_typesupport_c: rosidl_typesupport_fastrtps_c;rosidl_typesupport_introspection_c
[0.660s] -- Using all available rosidl_typesupport_cpp: rosidl_typesupport_fastrtps_cpp;rosidl_typesupport_introspection_cpp
[0.681s] -- Found geometry_msgs: 5.3.6 (/opt/ros/jazzy/share/geometry_msgs/cmake)
[0.714s] -- Found message_filters: 4.11.6 (/opt/ros/jazzy/share/message_filters/cmake)
[0.786s] -- Found rmw_implementation_cmake: 7.3.2 (/opt/ros/jazzy/share/rmw_implementation_cmake/cmake)
[0.791s] -- Found rmw_fastrtps_cpp: 8.4.2 (/opt/ros/jazzy/share/rmw_fastrtps_cpp/cmake)
[0.877s] -- Found OpenSSL: /usr/lib/x86_64-linux-gnu/libcrypto.so (found version "3.0.13")  
[0.898s] -- Found FastRTPS: /opt/ros/jazzy/include (Required is at least version "2.13") 
[0.920s] -- Using RMW implementation 'rmw_fastrtps_cpp' as default
[1.004s] -- Found rclcpp_action: 28.1.9 (/opt/ros/jazzy/share/rclcpp_action/cmake)
[1.049s] -- Found rclcpp_components: 28.1.9 (/opt/ros/jazzy/share/rclcpp_components/cmake)
[1.080s] -- Found tf2: 0.36.11 (/home/UMRobotics/new_ws/install/tf2/share/tf2/cmake)
[1.082s] -- Found tf2_msgs: 0.36.11 (/home/UMRobotics/new_ws/install/tf2_msgs/share/tf2_msgs/cmake)
[1.104s] -- Found ament_cmake_cppcheck: 0.17.2 (/opt/ros/jazzy/share/ament_cmake_cppcheck/cmake)
[1.108s] -- Found ament_cmake_cpplint: 0.17.2 (/opt/ros/jazzy/share/ament_cmake_cpplint/cmake)
[1.111s] -- Found ament_cmake_lint_cmake: 0.17.2 (/opt/ros/jazzy/share/ament_cmake_lint_cmake/cmake)
[1.115s] -- Found ament_cmake_uncrustify: 0.17.2 (/opt/ros/jazzy/share/ament_cmake_uncrustify/cmake)
[1.121s] -- Found ament_cmake_gtest: 2.5.4 (/opt/ros/jazzy/share/ament_cmake_gtest/cmake)
[1.125s] -- Found gtest sources under '/opt/ros/jazzy/src/gtest_vendor': C++ tests using 'Google Test' will be built
[1.127s] -- Performing Test CMAKE_HAVE_LIBC_PTHREAD
[1.193s] -- Performing Test CMAKE_HAVE_LIBC_PTHREAD - Success
[1.194s] -- Found Threads: TRUE  
[1.281s] -- Configuring done (1.3s)
[1.339s] -- Generating done (0.0s)
[1.358s] -- Build files have been written to: /home/UMRobotics/new_ws/build/tf2_ros
[1.369s] Invoked command in '/home/UMRobotics/new_ws/build/tf2_ros' returned '0': AMENT_PREFIX_PATH=/home/UMRobotics/new_ws/install/tf2_msgs:/home/UMRobotics/new_ws/install/tf2:${AMENT_PREFIX_PATH} CMAKE_PREFIX_PATH=/home/UMRobotics/new_ws/install/tf2_msgs:/home/UMRobotics/new_ws/install/tf2:/home/UMRobotics/moveit_ws/install/robotiq_hardware_tests:/home/UMRobotics/moveit_ws/install/robotiq_driver:/home/UMRobotics/moveit_ws/install/serial:/home/UMRobotics/moveit_ws/install/rviz_visual_tools:/home/UMRobotics/moveit_ws/install/rviz_marker_tools:/home/UMRobotics/moveit_ws/install/kortex_bringup:/home/UMRobotics/moveit_ws/install/kortex_description:/home/UMRobotics/moveit_ws/install/robotiq_description:/home/UMRobotics/moveit_ws/install/robotiq_controllers:/home/UMRobotics/moveit_ws/install/pilz_industrial_motion_planner_testutils:/home/UMRobotics/moveit_ws/install/pick_ik:/home/UMRobotics/moveit_ws/install/moveit_task_constructor_msgs:/home/UMRobotics/moveit_ws/install/moveit_ros_control_interface:/home/UMRobotics/moveit_ws/install/moveit_plugins:/home/UMRobotics/moveit_ws/install/moveit_simple_controller_manager:/home/UMRobotics/moveit_ws/install/moveit_ros_occupancy_map_monitor:/home/UMRobotics/moveit_ws/install/moveit_resources_prbt_support:/home/UMRobotics/moveit_ws/install/moveit_resources_prbt_ikfast_manipulator_plugin:/home/UMRobotics/moveit_ws/install/moveit_resources:/home/UMRobotics/moveit_ws/install/moveit_resources_pr2_description:/home/UMRobotics/moveit_ws/install/moveit_resources_panda_moveit_config:/home/UMRobotics/moveit_ws/install/dual_arm_panda_moveit_config:/home/UMRobotics/moveit_ws/install/moveit_resources_panda_description:/home/UMRobotics/moveit_ws/install/moveit_resources_fanuc_moveit_config:/home/UMRobotics/moveit_ws/install/moveit_resources_fanuc_description:/home/UMRobotics/moveit_ws/install/moveit_planners_stomp:/home/UMRobotics/moveit_ws/install/chomp_motion_planner:/home/UMRobotics/moveit_ws/install/moveit_core:/home/UMRobotics/moveit_ws/install/moveit_msgs:/home/UMRobotics/moveit_ws/install/moveit_common:/home/UMRobotics/moveit_ws/install/kortex_driver:/home/UMRobotics/moveit_ws/install/kortex_api:/opt/ros/jazzy/opt/gz_sim_vendor:/opt/ros/jazzy/opt/gz_sensors_vendor:/opt/ros/jazzy/opt/gz_physics_vendor:/opt/ros/jazzy/opt/sdformat_vendor:/opt/ros/jazzy/opt/gz_gui_vendor:/opt/ros/jazzy/opt/gz_transport_vendor:/opt/ros/jazzy/opt/gz_rendering_vendor:/opt/ros/jazzy/opt/gz_plugin_vendor:/opt/ros/jazzy/opt/gz_fuel_tools_vendor:/opt/ros/jazzy/opt/gz_msgs_vendor:/opt/ros/jazzy/opt/gz_common_vendor:/opt/ros/jazzy/opt/gz_math_vendor:/opt/ros/jazzy/opt/gz_utils_vendor:/opt/ros/jazzy/opt/gz_tools_vendor:/opt/ros/jazzy/opt/gz_ogre_next_vendor:/opt/ros/jazzy/opt/gz_dartsim_vendor:/opt/ros/jazzy/opt/gz_cmake_vendor:/home/UMRobotics/moveit_ws/install/moveit_configs_utils:/opt/ros/jazzy DEBUGINFOD_URLS=https://debuginfod.ubuntu.com LD_LIBRARY_PATH=/home/UMRobotics/new_ws/install/tf2_msgs/lib:/home/UMRobotics/new_ws/install/tf2/lib:/home/UMRobotics/moveit_ws/install/robotiq_driver/lib:/home/UMRobotics/moveit_ws/install/serial/lib:/home/UMRobotics/moveit_ws/install/rviz_visual_tools/lib:/home/UMRobotics/moveit_ws/install/rviz_marker_tools/lib:/home/UMRobotics/moveit_ws/install/robotiq_controllers/lib:/home/UMRobotics/moveit_ws/install/pilz_industrial_motion_planner_testutils/lib:/home/UMRobotics/moveit_ws/install/pick_ik/lib:/home/UMRobotics/moveit_ws/install/moveit_task_constructor_msgs/lib:/home/UMRobotics/moveit_ws/install/moveit_ros_control_interface/lib:/home/UMRobotics/moveit_ws/install/moveit_simple_controller_manager/lib:/home/UMRobotics/moveit_ws/install/moveit_ros_occupancy_map_monitor/lib:/home/UMRobotics/moveit_ws/install/moveit_resources_prbt_ikfast_manipulator_plugin/lib:/home/UMRobotics/moveit_ws/install/moveit_planners_stomp/lib:/home/UMRobotics/moveit_ws/install/chomp_motion_planner/lib:/home/UMRobotics/moveit_ws/install/moveit_core/lib:/home/UMRobotics/moveit_ws/install/moveit_msgs/lib:/home/UMRobotics/moveit_ws/install/kortex_driver/lib:/opt/ros/jazzy/opt/gz_sim_vendor/lib:/opt/ros/jazzy/opt/gz_sensors_vendor/lib:/opt/ros/jazzy/opt/gz_physics_vendor/lib:/opt/ros/jazzy/opt/sdformat_vendor/lib:/opt/ros/jazzy/opt/rviz_ogre_vendor/lib:/opt/ros/jazzy/lib/x86_64-linux-gnu:/opt/ros/jazzy/opt/gz_gui_vendor/lib:/opt/ros/jazzy/opt/gz_transport_vendor/lib:/opt/ros/jazzy/opt/gz_rendering_vendor/lib:/opt/ros/jazzy/opt/gz_plugin_vendor/lib:/opt/ros/jazzy/opt/gz_fuel_tools_vendor/lib:/opt/ros/jazzy/opt/gz_msgs_vendor/lib:/opt/ros/jazzy/opt/gz_common_vendor/lib:/opt/ros/jazzy/opt/gz_math_vendor/lib:/opt/ros/jazzy/opt/gz_utils_vendor/lib:/opt/ros/jazzy/opt/gz_tools_vendor/lib:/opt/ros/jazzy/opt/gz_ogre_next_vendor/lib:/opt/ros/jazzy/opt/gz_dartsim_vendor/lib:/opt/ros/jazzy/opt/gz_cmake_vendor/lib:/opt/ros/jazzy/lib:/usr/local/cuda/lib64 PYTHONPATH=/home/UMRobotics/new_ws/install/tf2_msgs/lib/python3.12/site-packages:${PYTHONPATH} /usr/bin/cmake /home/UMRobotics/new_ws/src/geometry2/tf2_ros -DCMAKE_INSTALL_PREFIX=/home/UMRobotics/new_ws/install/tf2_ros
[1.370s] Invoking command in '/home/UMRobotics/new_ws/build/tf2_ros': AMENT_PREFIX_PATH=/home/UMRobotics/new_ws/install/tf2_msgs:/home/UMRobotics/new_ws/install/tf2:${AMENT_PREFIX_PATH} CMAKE_PREFIX_PATH=/home/UMRobotics/new_ws/install/tf2_msgs:/home/UMRobotics/new_ws/install/tf2:/home/UMRobotics/moveit_ws/install/robotiq_hardware_tests:/home/UMRobotics/moveit_ws/install/robotiq_driver:/home/UMRobotics/moveit_ws/install/serial:/home/UMRobotics/moveit_ws/install/rviz_visual_tools:/home/UMRobotics/moveit_ws/install/rviz_marker_tools:/home/UMRobotics/moveit_ws/install/kortex_bringup:/home/UMRobotics/moveit_ws/install/kortex_description:/home/UMRobotics/moveit_ws/install/robotiq_description:/home/UMRobotics/moveit_ws/install/robotiq_controllers:/home/UMRobotics/moveit_ws/install/pilz_industrial_motion_planner_testutils:/home/UMRobotics/moveit_ws/install/pick_ik:/home/UMRobotics/moveit_ws/install/moveit_task_constructor_msgs:/home/UMRobotics/moveit_ws/install/moveit_ros_control_interface:/home/UMRobotics/moveit_ws/install/moveit_plugins:/home/UMRobotics/moveit_ws/install/moveit_simple_controller_manager:/home/UMRobotics/moveit_ws/install/moveit_ros_occupancy_map_monitor:/home/UMRobotics/moveit_ws/install/moveit_resources_prbt_support:/home/UMRobotics/moveit_ws/install/moveit_resources_prbt_ikfast_manipulator_plugin:/home/UMRobotics/moveit_ws/install/moveit_resources:/home/UMRobotics/moveit_ws/install/moveit_resources_pr2_description:/home/UMRobotics/moveit_ws/install/moveit_resources_panda_moveit_config:/home/UMRobotics/moveit_ws/install/dual_arm_panda_moveit_config:/home/UMRobotics/moveit_ws/install/moveit_resources_panda_description:/home/UMRobotics/moveit_ws/install/moveit_resources_fanuc_moveit_config:/home/UMRobotics/moveit_ws/install/moveit_resources_fanuc_description:/home/UMRobotics/moveit_ws/install/moveit_planners_stomp:/home/UMRobotics/moveit_ws/install/chomp_motion_planner:/home/UMRobotics/moveit_ws/install/moveit_core:/home/UMRobotics/moveit_ws/install/moveit_msgs:/home/UMRobotics/moveit_ws/install/moveit_common:/home/UMRobotics/moveit_ws/install/kortex_driver:/home/UMRobotics/moveit_ws/install/kortex_api:/opt/ros/jazzy/opt/gz_sim_vendor:/opt/ros/jazzy/opt/gz_sensors_vendor:/opt/ros/jazzy/opt/gz_physics_vendor:/opt/ros/jazzy/opt/sdformat_vendor:/opt/ros/jazzy/opt/gz_gui_vendor:/opt/ros/jazzy/opt/gz_transport_vendor:/opt/ros/jazzy/opt/gz_rendering_vendor:/opt/ros/jazzy/opt/gz_plugin_vendor:/opt/ros/jazzy/opt/gz_fuel_tools_vendor:/opt/ros/jazzy/opt/gz_msgs_vendor:/opt/ros/jazzy/opt/gz_common_vendor:/opt/ros/jazzy/opt/gz_math_vendor:/opt/ros/jazzy/opt/gz_utils_vendor:/opt/ros/jazzy/opt/gz_tools_vendor:/opt/ros/jazzy/opt/gz_ogre_next_vendor:/opt/ros/jazzy/opt/gz_dartsim_vendor:/opt/ros/jazzy/opt/gz_cmake_vendor:/home/UMRobotics/moveit_ws/install/moveit_configs_utils:/opt/ros/jazzy DEBUGINFOD_URLS=https://debuginfod.ubuntu.com LD_LIBRARY_PATH=/home/UMRobotics/new_ws/install/tf2_msgs/lib:/home/UMRobotics/new_ws/install/tf2/lib:/home/UMRobotics/moveit_ws/install/robotiq_driver/lib:/home/UMRobotics/moveit_ws/install/serial/lib:/home/UMRobotics/moveit_ws/install/rviz_visual_tools/lib:/home/UMRobotics/moveit_ws/install/rviz_marker_tools/lib:/home/UMRobotics/moveit_ws/install/robotiq_controllers/lib:/home/UMRobotics/moveit_ws/install/pilz_industrial_motion_planner_testutils/lib:/home/UMRobotics/moveit_ws/install/pick_ik/lib:/home/UMRobotics/moveit_ws/install/moveit_task_constructor_msgs/lib:/home/UMRobotics/moveit_ws/install/moveit_ros_control_interface/lib:/home/UMRobotics/moveit_ws/install/moveit_simple_controller_manager/lib:/home/UMRobotics/moveit_ws/install/moveit_ros_occupancy_map_monitor/lib:/home/UMRobotics/moveit_ws/install/moveit_resources_prbt_ikfast_manipulator_plugin/lib:/home/UMRobotics/moveit_ws/install/moveit_planners_stomp/lib:/home/UMRobotics/moveit_ws/install/chomp_motion_planner/lib:/home/UMRobotics/moveit_ws/install/moveit_core/lib:/home/UMRobotics/moveit_ws/install/moveit_msgs/lib:/home/UMRobotics/moveit_ws/install/kortex_driver/lib:/opt/ros/jazzy/opt/gz_sim_vendor/lib:/opt/ros/jazzy/opt/gz_sensors_vendor/lib:/opt/ros/jazzy/opt/gz_physics_vendor/lib:/opt/ros/jazzy/opt/sdformat_vendor/lib:/opt/ros/jazzy/opt/rviz_ogre_vendor/lib:/opt/ros/jazzy/lib/x86_64-linux-gnu:/opt/ros/jazzy/opt/gz_gui_vendor/lib:/opt/ros/jazzy/opt/gz_transport_vendor/lib:/opt/ros/jazzy/opt/gz_rendering_vendor/lib:/opt/ros/jazzy/opt/gz_plugin_vendor/lib:/opt/ros/jazzy/opt/gz_fuel_tools_vendor/lib:/opt/ros/jazzy/opt/gz_msgs_vendor/lib:/opt/ros/jazzy/opt/gz_common_vendor/lib:/opt/ros/jazzy/opt/gz_math_vendor/lib:/opt/ros/jazzy/opt/gz_utils_vendor/lib:/opt/ros/jazzy/opt/gz_tools_vendor/lib:/opt/ros/jazzy/opt/gz_ogre_next_vendor/lib:/opt/ros/jazzy/opt/gz_dartsim_vendor/lib:/opt/ros/jazzy/opt/gz_cmake_vendor/lib:/opt/ros/jazzy/lib:/usr/local/cuda/lib64 PYTHONPATH=/home/UMRobotics/new_ws/install/tf2_msgs/lib/python3.12/site-packages:${PYTHONPATH} /usr/bin/cmake --build /home/UMRobotics/new_ws/build/tf2_ros -- -j16 -l16
[1.420s] [  4%] [32mBuilding CXX object gtest/CMakeFiles/gtest.dir/src/gtest-all.cc.o[0m
[1.420s] [  7%] [32mBuilding CXX object gtest/CMakeFiles/gtest_main.dir/src/gtest_main.cc.o[0m
[1.420s] [  7%] [32mBuilding CXX object CMakeFiles/tf2_ros.dir/src/buffer.cpp.o[0m
[1.420s] [  9%] [32mBuilding CXX object CMakeFiles/tf2_ros.dir/src/transform_listener.cpp.o[0m
[1.420s] [ 11%] [32mBuilding CXX object CMakeFiles/tf2_ros.dir/src/create_timer_ros.cpp.o[0m
[1.421s] [ 14%] [32mBuilding CXX object CMakeFiles/tf2_ros.dir/src/buffer_client.cpp.o[0m
[1.421s] [ 16%] [32mBuilding CXX object CMakeFiles/tf2_ros.dir/src/static_transform_broadcaster.cpp.o[0m
[1.421s] [ 19%] [32mBuilding CXX object CMakeFiles/tf2_ros.dir/src/buffer_server.cpp.o[0m
[1.421s] [ 21%] [32mBuilding CXX object CMakeFiles/tf2_ros.dir/src/transform_broadcaster.cpp.o[0m
[2.303s] [ 23%] [32m[1mLinking CXX static library libgtest_main.a[0m
[2.360s] [ 23%] Built target gtest_main
[5.030s] [ 26%] [32m[1mLinking CXX static library libgtest.a[0m
[5.116s] [ 26%] Built target gtest
[8.131s] [ 28%] [32m[1mLinking CXX shared library libtf2_ros.so[0m
[8.343s] [ 28%] Built target tf2_ros
[8.365s] [ 35%] [32mBuilding CXX object CMakeFiles/tf2_monitor.dir/src/tf2_monitor.cpp.o[0m
[8.365s] [ 35%] [32mBuilding CXX object CMakeFiles/tf2_ros_test_listener.dir/test/listener_unittest.cpp.o[0m
[8.365s] [ 35%] [32mBuilding CXX object CMakeFiles/tf2_echo.dir/src/tf2_echo.cpp.o[0m
[8.366s] [ 38%] [32mBuilding CXX object CMakeFiles/tf2_ros_test_message_filter.dir/test/message_filter_test.cpp.o[0m
[8.366s] [ 40%] [32mBuilding CXX object CMakeFiles/static_transform_broadcaster_node.dir/src/static_transform_broadcaster_node.cpp.o[0m
[8.366s] [ 42%] [32mBuilding CXX object CMakeFiles/buffer_server.dir/src/buffer_server_main.cpp.o[0m
[8.366s] [ 45%] [32mBuilding CXX object CMakeFiles/test_buffer.dir/test/test_buffer.cpp.o[0m
[8.366s] [ 50%] [32mBuilding CXX object CMakeFiles/test_buffer_client.dir/test/test_buffer_client.cpp.o[0m
[8.366s] [ 50%] [32mBuilding CXX object CMakeFiles/test_buffer_server.dir/test/test_buffer_server.cpp.o[0m
[8.367s] [ 59%] [32mBuilding CXX object CMakeFiles/tf2_ros_test_time_reset.dir/test/time_reset_test.cpp.o[0m
[8.367s] [ 59%] [32mBuilding CXX object CMakeFiles/tf2_ros_test_transform_broadcaster.dir/test/test_transform_broadcaster.cpp.o[0m
[8.367s] [ 59%] [32mBuilding CXX object CMakeFiles/tf2_ros_test_transform_listener.dir/test/test_transform_listener.cpp.o[0m
[8.368s] [ 59%] [32mBuilding CXX object CMakeFiles/tf2_ros_test_static_transform_broadcaster.dir/test/test_static_transform_broadcaster.cpp.o[0m
[8.369s] [ 61%] [32mBuilding CXX object CMakeFiles/tf2_ros_test_velocity.dir/test/velocity_test.cpp.o[0m
[13.708s] [ 64%] [32m[1mLinking CXX executable tf2_echo[0m
[14.319s] [ 64%] Built target tf2_echo
[14.393s] [ 66%] [32m[1mLinking CXX shared library libstatic_transform_broadcaster_node.so[0m
[14.758s] [ 69%] [32m[1mLinking CXX executable tf2_ros_test_static_transform_broadcaster[0m
[14.770s] [ 69%] Built target static_transform_broadcaster_node
[14.807s] [ 71%] [32mBuilding CXX object CMakeFiles/static_transform_publisher.dir/src/static_transform_broadcaster_program.cpp.o[0m
[14.862s] [ 73%] [32m[1mLinking CXX executable tf2_ros_test_transform_broadcaster[0m
[15.213s] [ 73%] Built target tf2_ros_test_static_transform_broadcaster
[15.283s] [ 73%] Built target tf2_ros_test_transform_broadcaster
[15.364s] [ 76%] [32m[1mLinking CXX executable tf2_ros_test_velocity[0m
[15.401s] [ 78%] [32m[1mLinking CXX executable test_buffer[0m
[15.712s] [ 80%] [32m[1mLinking CXX executable buffer_server[0m
[16.086s] [ 83%] [32m[1mLinking CXX executable test_buffer_client[0m
[16.331s] [ 85%] [32m[1mLinking CXX executable test_buffer_server[0m
[16.456s] [ 85%] Built target buffer_server
[16.560s] [ 85%] Built target tf2_ros_test_velocity
[16.616s] [ 85%] Built target test_buffer
[16.794s] [ 85%] Built target test_buffer_client
[17.059s] [ 88%] [32m[1mLinking CXX executable tf2_ros_test_time_reset[0m
[17.093s] [ 88%] Built target test_buffer_server
[17.467s] [ 88%] Built target tf2_ros_test_time_reset
[18.690s] [ 90%] [32m[1mLinking CXX executable static_transform_publisher[0m
[18.834s] [ 90%] Built target static_transform_publisher
[19.134s] [ 92%] [32m[1mLinking CXX executable tf2_ros_test_listener[0m
[19.263s] [ 95%] [32m[1mLinking CXX executable tf2_ros_test_transform_listener[0m
[19.444s] [ 97%] [32m[1mLinking CXX executable tf2_monitor[0m
[19.572s] [ 97%] Built target tf2_ros_test_listener
[19.698s] [ 97%] Built target tf2_ros_test_transform_listener
[19.750s] [ 97%] Built target tf2_monitor
[20.228s] [100%] [32m[1mLinking CXX executable tf2_ros_test_message_filter[0m
[20.532s] [100%] Built target tf2_ros_test_message_filter
[20.541s] Invoked command in '/home/UMRobotics/new_ws/build/tf2_ros' returned '0': AMENT_PREFIX_PATH=/home/UMRobotics/new_ws/install/tf2_msgs:/home/UMRobotics/new_ws/install/tf2:${AMENT_PREFIX_PATH} CMAKE_PREFIX_PATH=/home/UMRobotics/new_ws/install/tf2_msgs:/home/UMRobotics/new_ws/install/tf2:/home/UMRobotics/moveit_ws/install/robotiq_hardware_tests:/home/UMRobotics/moveit_ws/install/robotiq_driver:/home/UMRobotics/moveit_ws/install/serial:/home/UMRobotics/moveit_ws/install/rviz_visual_tools:/home/UMRobotics/moveit_ws/install/rviz_marker_tools:/home/UMRobotics/moveit_ws/install/kortex_bringup:/home/UMRobotics/moveit_ws/install/kortex_description:/home/UMRobotics/moveit_ws/install/robotiq_description:/home/UMRobotics/moveit_ws/install/robotiq_controllers:/home/UMRobotics/moveit_ws/install/pilz_industrial_motion_planner_testutils:/home/UMRobotics/moveit_ws/install/pick_ik:/home/UMRobotics/moveit_ws/install/moveit_task_constructor_msgs:/home/UMRobotics/moveit_ws/install/moveit_ros_control_interface:/home/UMRobotics/moveit_ws/install/moveit_plugins:/home/UMRobotics/moveit_ws/install/moveit_simple_controller_manager:/home/UMRobotics/moveit_ws/install/moveit_ros_occupancy_map_monitor:/home/UMRobotics/moveit_ws/install/moveit_resources_prbt_support:/home/UMRobotics/moveit_ws/install/moveit_resources_prbt_ikfast_manipulator_plugin:/home/UMRobotics/moveit_ws/install/moveit_resources:/home/UMRobotics/moveit_ws/install/moveit_resources_pr2_description:/home/UMRobotics/moveit_ws/install/moveit_resources_panda_moveit_config:/home/UMRobotics/moveit_ws/install/dual_arm_panda_moveit_config:/home/UMRobotics/moveit_ws/install/moveit_resources_panda_description:/home/UMRobotics/moveit_ws/install/moveit_resources_fanuc_moveit_config:/home/UMRobotics/moveit_ws/install/moveit_resources_fanuc_description:/home/UMRobotics/moveit_ws/install/moveit_planners_stomp:/home/UMRobotics/moveit_ws/install/chomp_motion_planner:/home/UMRobotics/moveit_ws/install/moveit_core:/home/UMRobotics/moveit_ws/install/moveit_msgs:/home/UMRobotics/moveit_ws/install/moveit_common:/home/UMRobotics/moveit_ws/install/kortex_driver:/home/UMRobotics/moveit_ws/install/kortex_api:/opt/ros/jazzy/opt/gz_sim_vendor:/opt/ros/jazzy/opt/gz_sensors_vendor:/opt/ros/jazzy/opt/gz_physics_vendor:/opt/ros/jazzy/opt/sdformat_vendor:/opt/ros/jazzy/opt/gz_gui_vendor:/opt/ros/jazzy/opt/gz_transport_vendor:/opt/ros/jazzy/opt/gz_rendering_vendor:/opt/ros/jazzy/opt/gz_plugin_vendor:/opt/ros/jazzy/opt/gz_fuel_tools_vendor:/opt/ros/jazzy/opt/gz_msgs_vendor:/opt/ros/jazzy/opt/gz_common_vendor:/opt/ros/jazzy/opt/gz_math_vendor:/opt/ros/jazzy/opt/gz_utils_vendor:/opt/ros/jazzy/opt/gz_tools_vendor:/opt/ros/jazzy/opt/gz_ogre_next_vendor:/opt/ros/jazzy/opt/gz_dartsim_vendor:/opt/ros/jazzy/opt/gz_cmake_vendor:/home/UMRobotics/moveit_ws/install/moveit_configs_utils:/opt/ros/jazzy DEBUGINFOD_URLS=https://debuginfod.ubuntu.com LD_LIBRARY_PATH=/home/UMRobotics/new_ws/install/tf2_msgs/lib:/home/UMRobotics/new_ws/install/tf2/lib:/home/UMRobotics/moveit_ws/install/robotiq_driver/lib:/home/UMRobotics/moveit_ws/install/serial/lib:/home/UMRobotics/moveit_ws/install/rviz_visual_tools/lib:/home/UMRobotics/moveit_ws/install/rviz_marker_tools/lib:/home/UMRobotics/moveit_ws/install/robotiq_controllers/lib:/home/UMRobotics/moveit_ws/install/pilz_industrial_motion_planner_testutils/lib:/home/UMRobotics/moveit_ws/install/pick_ik/lib:/home/UMRobotics/moveit_ws/install/moveit_task_constructor_msgs/lib:/home/UMRobotics/moveit_ws/install/moveit_ros_control_interface/lib:/home/UMRobotics/moveit_ws/install/moveit_simple_controller_manager/lib:/home/UMRobotics/moveit_ws/install/moveit_ros_occupancy_map_monitor/lib:/home/UMRobotics/moveit_ws/install/moveit_resources_prbt_ikfast_manipulator_plugin/lib:/home/UMRobotics/moveit_ws/install/moveit_planners_stomp/lib:/home/UMRobotics/moveit_ws/install/chomp_motion_planner/lib:/home/UMRobotics/moveit_ws/install/moveit_core/lib:/home/UMRobotics/moveit_ws/install/moveit_msgs/lib:/home/UMRobotics/moveit_ws/install/kortex_driver/lib:/opt/ros/jazzy/opt/gz_sim_vendor/lib:/opt/ros/jazzy/opt/gz_sensors_vendor/lib:/opt/ros/jazzy/opt/gz_physics_vendor/lib:/opt/ros/jazzy/opt/sdformat_vendor/lib:/opt/ros/jazzy/opt/rviz_ogre_vendor/lib:/opt/ros/jazzy/lib/x86_64-linux-gnu:/opt/ros/jazzy/opt/gz_gui_vendor/lib:/opt/ros/jazzy/opt/gz_transport_vendor/lib:/opt/ros/jazzy/opt/gz_rendering_vendor/lib:/opt/ros/jazzy/opt/gz_plugin_vendor/lib:/opt/ros/jazzy/opt/gz_fuel_tools_vendor/lib:/opt/ros/jazzy/opt/gz_msgs_vendor/lib:/opt/ros/jazzy/opt/gz_common_vendor/lib:/opt/ros/jazzy/opt/gz_math_vendor/lib:/opt/ros/jazzy/opt/gz_utils_vendor/lib:/opt/ros/jazzy/opt/gz_tools_vendor/lib:/opt/ros/jazzy/opt/gz_ogre_next_vendor/lib:/opt/ros/jazzy/opt/gz_dartsim_vendor/lib:/opt/ros/jazzy/opt/gz_cmake_vendor/lib:/opt/ros/jazzy/lib:/usr/local/cuda/lib64 PYTHONPATH=/home/UMRobotics/new_ws/install/tf2_msgs/lib/python3.12/site-packages:${PYTHONPATH} /usr/bin/cmake --build /home/UMRobotics/new_ws/build/tf2_ros -- -j16 -l16
[20.542s] Invoking command in '/home/UMRobotics/new_ws/build/tf2_ros': AMENT_PREFIX_PATH=/home/UMRobotics/new_ws/install/tf2_msgs:/home/UMRobotics/new_ws/install/tf2:${AMENT_PREFIX_PATH} CMAKE_PREFIX_PATH=/home/UMRobotics/new_ws/install/tf2_msgs:/home/UMRobotics/new_ws/install/tf2:/home/UMRobotics/moveit_ws/install/robotiq_hardware_tests:/home/UMRobotics/moveit_ws/install/robotiq_driver:/home/UMRobotics/moveit_ws/install/serial:/home/UMRobotics/moveit_ws/install/rviz_visual_tools:/home/UMRobotics/moveit_ws/install/rviz_marker_tools:/home/UMRobotics/moveit_ws/install/kortex_bringup:/home/UMRobotics/moveit_ws/install/kortex_description:/home/UMRobotics/moveit_ws/install/robotiq_description:/home/UMRobotics/moveit_ws/install/robotiq_controllers:/home/UMRobotics/moveit_ws/install/pilz_industrial_motion_planner_testutils:/home/UMRobotics/moveit_ws/install/pick_ik:/home/UMRobotics/moveit_ws/install/moveit_task_constructor_msgs:/home/UMRobotics/moveit_ws/install/moveit_ros_control_interface:/home/UMRobotics/moveit_ws/install/moveit_plugins:/home/UMRobotics/moveit_ws/install/moveit_simple_controller_manager:/home/UMRobotics/moveit_ws/install/moveit_ros_occupancy_map_monitor:/home/UMRobotics/moveit_ws/install/moveit_resources_prbt_support:/home/UMRobotics/moveit_ws/install/moveit_resources_prbt_ikfast_manipulator_plugin:/home/UMRobotics/moveit_ws/install/moveit_resources:/home/UMRobotics/moveit_ws/install/moveit_resources_pr2_description:/home/UMRobotics/moveit_ws/install/moveit_resources_panda_moveit_config:/home/UMRobotics/moveit_ws/install/dual_arm_panda_moveit_config:/home/UMRobotics/moveit_ws/install/moveit_resources_panda_description:/home/UMRobotics/moveit_ws/install/moveit_resources_fanuc_moveit_config:/home/UMRobotics/moveit_ws/install/moveit_resources_fanuc_description:/home/UMRobotics/moveit_ws/install/moveit_planners_stomp:/home/UMRobotics/moveit_ws/install/chomp_motion_planner:/home/UMRobotics/moveit_ws/install/moveit_core:/home/UMRobotics/moveit_ws/install/moveit_msgs:/home/UMRobotics/moveit_ws/install/moveit_common:/home/UMRobotics/moveit_ws/install/kortex_driver:/home/UMRobotics/moveit_ws/install/kortex_api:/opt/ros/jazzy/opt/gz_sim_vendor:/opt/ros/jazzy/opt/gz_sensors_vendor:/opt/ros/jazzy/opt/gz_physics_vendor:/opt/ros/jazzy/opt/sdformat_vendor:/opt/ros/jazzy/opt/gz_gui_vendor:/opt/ros/jazzy/opt/gz_transport_vendor:/opt/ros/jazzy/opt/gz_rendering_vendor:/opt/ros/jazzy/opt/gz_plugin_vendor:/opt/ros/jazzy/opt/gz_fuel_tools_vendor:/opt/ros/jazzy/opt/gz_msgs_vendor:/opt/ros/jazzy/opt/gz_common_vendor:/opt/ros/jazzy/opt/gz_math_vendor:/opt/ros/jazzy/opt/gz_utils_vendor:/opt/ros/jazzy/opt/gz_tools_vendor:/opt/ros/jazzy/opt/gz_ogre_next_vendor:/opt/ros/jazzy/opt/gz_dartsim_vendor:/opt/ros/jazzy/opt/gz_cmake_vendor:/home/UMRobotics/moveit_ws/install/moveit_configs_utils:/opt/ros/jazzy DEBUGINFOD_URLS=https://debuginfod.ubuntu.com LD_LIBRARY_PATH=/home/UMRobotics/new_ws/install/tf2_msgs/lib:/home/UMRobotics/new_ws/install/tf2/lib:/home/UMRobotics/moveit_ws/install/robotiq_driver/lib:/home/UMRobotics/moveit_ws/install/serial/lib:/home/UMRobotics/moveit_ws/install/rviz_visual_tools/lib:/home/UMRobotics/moveit_ws/install/rviz_marker_tools/lib:/home/UMRobotics/moveit_ws/install/robotiq_controllers/lib:/home/UMRobotics/moveit_ws/install/pilz_industrial_motion_planner_testutils/lib:/home/UMRobotics/moveit_ws/install/pick_ik/lib:/home/UMRobotics/moveit_ws/install/moveit_task_constructor_msgs/lib:/home/UMRobotics/moveit_ws/install/moveit_ros_control_interface/lib:/home/UMRobotics/moveit_ws/install/moveit_simple_controller_manager/lib:/home/UMRobotics/moveit_ws/install/moveit_ros_occupancy_map_monitor/lib:/home/UMRobotics/moveit_ws/install/moveit_resources_prbt_ikfast_manipulator_plugin/lib:/home/UMRobotics/moveit_ws/install/moveit_planners_stomp/lib:/home/UMRobotics/moveit_ws/install/chomp_motion_planner/lib:/home/UMRobotics/moveit_ws/install/moveit_core/lib:/home/UMRobotics/moveit_ws/install/moveit_msgs/lib:/home/UMRobotics/moveit_ws/install/kortex_driver/lib:/opt/ros/jazzy/opt/gz_sim_vendor/lib:/opt/ros/jazzy/opt/gz_sensors_vendor/lib:/opt/ros/jazzy/opt/gz_physics_vendor/lib:/opt/ros/jazzy/opt/sdformat_vendor/lib:/opt/ros/jazzy/opt/rviz_ogre_vendor/lib:/opt/ros/jazzy/lib/x86_64-linux-gnu:/opt/ros/jazzy/opt/gz_gui_vendor/lib:/opt/ros/jazzy/opt/gz_transport_vendor/lib:/opt/ros/jazzy/opt/gz_rendering_vendor/lib:/opt/ros/jazzy/opt/gz_plugin_vendor/lib:/opt/ros/jazzy/opt/gz_fuel_tools_vendor/lib:/opt/ros/jazzy/opt/gz_msgs_vendor/lib:/opt/ros/jazzy/opt/gz_common_vendor/lib:/opt/ros/jazzy/opt/gz_math_vendor/lib:/opt/ros/jazzy/opt/gz_utils_vendor/lib:/opt/ros/jazzy/opt/gz_tools_vendor/lib:/opt/ros/jazzy/opt/gz_ogre_next_vendor/lib:/opt/ros/jazzy/opt/gz_dartsim_vendor/lib:/opt/ros/jazzy/opt/gz_cmake_vendor/lib:/opt/ros/jazzy/lib:/usr/local/cuda/lib64 PYTHONPATH=/home/UMRobotics/new_ws/install/tf2_msgs/lib/python3.12/site-packages:${PYTHONPATH} /usr/bin/cmake --install /home/UMRobotics/new_ws/build/tf2_ros
[20.548s] -- Install configuration: ""
[20.548s] -- Installing: /home/UMRobotics/new_ws/install/tf2_ros/lib/libtf2_ros.so
[20.551s] -- Set non-toolchain portion of runtime path of "/home/UMRobotics/new_ws/install/tf2_ros/lib/libtf2_ros.so" to ""
[20.551s] -- Installing: /home/UMRobotics/new_ws/install/tf2_ros/lib/libstatic_transform_broadcaster_node.so
[20.552s] -- Set non-toolchain portion of runtime path of "/home/UMRobotics/new_ws/install/tf2_ros/lib/libstatic_transform_broadcaster_node.so" to ""
[20.552s] -- Installing: /home/UMRobotics/new_ws/install/tf2_ros/lib/tf2_ros/buffer_server
[20.553s] -- Set non-toolchain portion of runtime path of "/home/UMRobotics/new_ws/install/tf2_ros/lib/tf2_ros/buffer_server" to ""
[20.553s] -- Installing: /home/UMRobotics/new_ws/install/tf2_ros/lib/tf2_ros/static_transform_publisher
[20.553s] -- Set non-toolchain portion of runtime path of "/home/UMRobotics/new_ws/install/tf2_ros/lib/tf2_ros/static_transform_publisher" to ""
[20.553s] -- Installing: /home/UMRobotics/new_ws/install/tf2_ros/lib/tf2_ros/tf2_echo
[20.553s] -- Set non-toolchain portion of runtime path of "/home/UMRobotics/new_ws/install/tf2_ros/lib/tf2_ros/tf2_echo" to ""
[20.554s] -- Installing: /home/UMRobotics/new_ws/install/tf2_ros/lib/tf2_ros/tf2_monitor
[20.556s] -- Set non-toolchain portion of runtime path of "/home/UMRobotics/new_ws/install/tf2_ros/lib/tf2_ros/tf2_monitor" to ""
[20.556s] -- Installing: /home/UMRobotics/new_ws/install/tf2_ros/include/tf2_ros
[20.556s] -- Installing: /home/UMRobotics/new_ws/install/tf2_ros/include/tf2_ros/tf2_ros
[20.556s] -- Installing: /home/UMRobotics/new_ws/install/tf2_ros/include/tf2_ros/tf2_ros/qos.hpp
[20.556s] -- Installing: /home/UMRobotics/new_ws/install/tf2_ros/include/tf2_ros/tf2_ros/static_transform_broadcaster.h
[20.556s] -- Installing: /home/UMRobotics/new_ws/install/tf2_ros/include/tf2_ros/tf2_ros/visibility_control.h
[20.556s] -- Installing: /home/UMRobotics/new_ws/install/tf2_ros/include/tf2_ros/tf2_ros/transform_broadcaster.h
[20.556s] -- Installing: /home/UMRobotics/new_ws/install/tf2_ros/include/tf2_ros/tf2_ros/async_buffer_interface.h
[20.556s] -- Installing: /home/UMRobotics/new_ws/install/tf2_ros/include/tf2_ros/tf2_ros/message_filter.h
[20.557s] -- Installing: /home/UMRobotics/new_ws/install/tf2_ros/include/tf2_ros/tf2_ros/static_transform_broadcaster_node.hpp
[20.557s] -- Installing: /home/UMRobotics/new_ws/install/tf2_ros/include/tf2_ros/tf2_ros/create_timer_ros.h
[20.557s] -- Installing: /home/UMRobotics/new_ws/install/tf2_ros/include/tf2_ros/tf2_ros/buffer_client.h
[20.557s] -- Installing: /home/UMRobotics/new_ws/install/tf2_ros/include/tf2_ros/tf2_ros/transform_listener.h
[20.557s] -- Installing: /home/UMRobotics/new_ws/install/tf2_ros/include/tf2_ros/tf2_ros/static_transform_broadcaster_visibility_control.h
[20.557s] -- Installing: /home/UMRobotics/new_ws/install/tf2_ros/include/tf2_ros/tf2_ros/buffer_interface.h
[20.557s] -- Installing: /home/UMRobotics/new_ws/install/tf2_ros/include/tf2_ros/tf2_ros/buffer.h
[20.557s] -- Installing: /home/UMRobotics/new_ws/install/tf2_ros/include/tf2_ros/tf2_ros/buffer_server.h
[20.557s] -- Installing: /home/UMRobotics/new_ws/install/tf2_ros/include/tf2_ros/tf2_ros/create_timer_interface.h
[20.557s] -- Installing: /home/UMRobotics/new_ws/install/tf2_ros/share/tf2_ros/environment/library_path.sh
[20.557s] -- Installing: /home/UMRobotics/new_ws/install/tf2_ros/share/tf2_ros/environment/library_path.dsv
[20.557s] -- Installing: /home/UMRobotics/new_ws/install/tf2_ros/share/ament_index/resource_index/package_run_dependencies/tf2_ros
[20.557s] -- Installing: /home/UMRobotics/new_ws/install/tf2_ros/share/ament_index/resource_index/parent_prefix_path/tf2_ros
[20.557s] -- Installing: /home/UMRobotics/new_ws/install/tf2_ros/share/tf2_ros/environment/ament_prefix_path.sh
[20.557s] -- Installing: /home/UMRobotics/new_ws/install/tf2_ros/share/tf2_ros/environment/ament_prefix_path.dsv
[20.557s] -- Installing: /home/UMRobotics/new_ws/install/tf2_ros/share/tf2_ros/environment/path.sh
[20.557s] -- Installing: /home/UMRobotics/new_ws/install/tf2_ros/share/tf2_ros/environment/path.dsv
[20.557s] -- Installing: /home/UMRobotics/new_ws/install/tf2_ros/share/tf2_ros/local_setup.bash
[20.557s] -- Installing: /home/UMRobotics/new_ws/install/tf2_ros/share/tf2_ros/local_setup.sh
[20.558s] -- Installing: /home/UMRobotics/new_ws/install/tf2_ros/share/tf2_ros/local_setup.zsh
[20.558s] -- Installing: /home/UMRobotics/new_ws/install/tf2_ros/share/tf2_ros/local_setup.dsv
[20.558s] -- Installing: /home/UMRobotics/new_ws/install/tf2_ros/share/tf2_ros/package.dsv
[20.558s] -- Installing: /home/UMRobotics/new_ws/install/tf2_ros/share/ament_index/resource_index/packages/tf2_ros
[20.558s] -- Installing: /home/UMRobotics/new_ws/install/tf2_ros/share/ament_index/resource_index/rclcpp_components/tf2_ros
[20.558s] -- Installing: /home/UMRobotics/new_ws/install/tf2_ros/share/tf2_ros/cmake/export_tf2_rosExport.cmake
[20.558s] -- Installing: /home/UMRobotics/new_ws/install/tf2_ros/share/tf2_ros/cmake/export_tf2_rosExport-noconfig.cmake
[20.558s] -- Installing: /home/UMRobotics/new_ws/install/tf2_ros/share/tf2_ros/cmake/ament_cmake_export_include_directories-extras.cmake
[20.558s] -- Installing: /home/UMRobotics/new_ws/install/tf2_ros/share/tf2_ros/cmake/ament_cmake_export_libraries-extras.cmake
[20.558s] -- Installing: /home/UMRobotics/new_ws/install/tf2_ros/share/tf2_ros/cmake/ament_cmake_export_targets-extras.cmake
[20.558s] -- Installing: /home/UMRobotics/new_ws/install/tf2_ros/share/tf2_ros/cmake/ament_cmake_export_dependencies-extras.cmake
[20.558s] -- Installing: /home/UMRobotics/new_ws/install/tf2_ros/share/tf2_ros/cmake/tf2_rosConfig.cmake
[20.558s] -- Installing: /home/UMRobotics/new_ws/install/tf2_ros/share/tf2_ros/cmake/tf2_rosConfig-version.cmake
[20.558s] -- Installing: /home/UMRobotics/new_ws/install/tf2_ros/share/tf2_ros/package.xml
[20.560s] Invoked command in '/home/UMRobotics/new_ws/build/tf2_ros' returned '0': AMENT_PREFIX_PATH=/home/UMRobotics/new_ws/install/tf2_msgs:/home/UMRobotics/new_ws/install/tf2:${AMENT_PREFIX_PATH} CMAKE_PREFIX_PATH=/home/UMRobotics/new_ws/install/tf2_msgs:/home/UMRobotics/new_ws/install/tf2:/home/UMRobotics/moveit_ws/install/robotiq_hardware_tests:/home/UMRobotics/moveit_ws/install/robotiq_driver:/home/UMRobotics/moveit_ws/install/serial:/home/UMRobotics/moveit_ws/install/rviz_visual_tools:/home/UMRobotics/moveit_ws/install/rviz_marker_tools:/home/UMRobotics/moveit_ws/install/kortex_bringup:/home/UMRobotics/moveit_ws/install/kortex_description:/home/UMRobotics/moveit_ws/install/robotiq_description:/home/UMRobotics/moveit_ws/install/robotiq_controllers:/home/UMRobotics/moveit_ws/install/pilz_industrial_motion_planner_testutils:/home/UMRobotics/moveit_ws/install/pick_ik:/home/UMRobotics/moveit_ws/install/moveit_task_constructor_msgs:/home/UMRobotics/moveit_ws/install/moveit_ros_control_interface:/home/UMRobotics/moveit_ws/install/moveit_plugins:/home/UMRobotics/moveit_ws/install/moveit_simple_controller_manager:/home/UMRobotics/moveit_ws/install/moveit_ros_occupancy_map_monitor:/home/UMRobotics/moveit_ws/install/moveit_resources_prbt_support:/home/UMRobotics/moveit_ws/install/moveit_resources_prbt_ikfast_manipulator_plugin:/home/UMRobotics/moveit_ws/install/moveit_resources:/home/UMRobotics/moveit_ws/install/moveit_resources_pr2_description:/home/UMRobotics/moveit_ws/install/moveit_resources_panda_moveit_config:/home/UMRobotics/moveit_ws/install/dual_arm_panda_moveit_config:/home/UMRobotics/moveit_ws/install/moveit_resources_panda_description:/home/UMRobotics/moveit_ws/install/moveit_resources_fanuc_moveit_config:/home/UMRobotics/moveit_ws/install/moveit_resources_fanuc_description:/home/UMRobotics/moveit_ws/install/moveit_planners_stomp:/home/UMRobotics/moveit_ws/install/chomp_motion_planner:/home/UMRobotics/moveit_ws/install/moveit_core:/home/UMRobotics/moveit_ws/install/moveit_msgs:/home/UMRobotics/moveit_ws/install/moveit_common:/home/UMRobotics/moveit_ws/install/kortex_driver:/home/UMRobotics/moveit_ws/install/kortex_api:/opt/ros/jazzy/opt/gz_sim_vendor:/opt/ros/jazzy/opt/gz_sensors_vendor:/opt/ros/jazzy/opt/gz_physics_vendor:/opt/ros/jazzy/opt/sdformat_vendor:/opt/ros/jazzy/opt/gz_gui_vendor:/opt/ros/jazzy/opt/gz_transport_vendor:/opt/ros/jazzy/opt/gz_rendering_vendor:/opt/ros/jazzy/opt/gz_plugin_vendor:/opt/ros/jazzy/opt/gz_fuel_tools_vendor:/opt/ros/jazzy/opt/gz_msgs_vendor:/opt/ros/jazzy/opt/gz_common_vendor:/opt/ros/jazzy/opt/gz_math_vendor:/opt/ros/jazzy/opt/gz_utils_vendor:/opt/ros/jazzy/opt/gz_tools_vendor:/opt/ros/jazzy/opt/gz_ogre_next_vendor:/opt/ros/jazzy/opt/gz_dartsim_vendor:/opt/ros/jazzy/opt/gz_cmake_vendor:/home/UMRobotics/moveit_ws/install/moveit_configs_utils:/opt/ros/jazzy DEBUGINFOD_URLS=https://debuginfod.ubuntu.com LD_LIBRARY_PATH=/home/UMRobotics/new_ws/install/tf2_msgs/lib:/home/UMRobotics/new_ws/install/tf2/lib:/home/UMRobotics/moveit_ws/install/robotiq_driver/lib:/home/UMRobotics/moveit_ws/install/serial/lib:/home/UMRobotics/moveit_ws/install/rviz_visual_tools/lib:/home/UMRobotics/moveit_ws/install/rviz_marker_tools/lib:/home/UMRobotics/moveit_ws/install/robotiq_controllers/lib:/home/UMRobotics/moveit_ws/install/pilz_industrial_motion_planner_testutils/lib:/home/UMRobotics/moveit_ws/install/pick_ik/lib:/home/UMRobotics/moveit_ws/install/moveit_task_constructor_msgs/lib:/home/UMRobotics/moveit_ws/install/moveit_ros_control_interface/lib:/home/UMRobotics/moveit_ws/install/moveit_simple_controller_manager/lib:/home/UMRobotics/moveit_ws/install/moveit_ros_occupancy_map_monitor/lib:/home/UMRobotics/moveit_ws/install/moveit_resources_prbt_ikfast_manipulator_plugin/lib:/home/UMRobotics/moveit_ws/install/moveit_planners_stomp/lib:/home/UMRobotics/moveit_ws/install/chomp_motion_planner/lib:/home/UMRobotics/moveit_ws/install/moveit_core/lib:/home/UMRobotics/moveit_ws/install/moveit_msgs/lib:/home/UMRobotics/moveit_ws/install/kortex_driver/lib:/opt/ros/jazzy/opt/gz_sim_vendor/lib:/opt/ros/jazzy/opt/gz_sensors_vendor/lib:/opt/ros/jazzy/opt/gz_physics_vendor/lib:/opt/ros/jazzy/opt/sdformat_vendor/lib:/opt/ros/jazzy/opt/rviz_ogre_vendor/lib:/opt/ros/jazzy/lib/x86_64-linux-gnu:/opt/ros/jazzy/opt/gz_gui_vendor/lib:/opt/ros/jazzy/opt/gz_transport_vendor/lib:/opt/ros/jazzy/opt/gz_rendering_vendor/lib:/opt/ros/jazzy/opt/gz_plugin_vendor/lib:/opt/ros/jazzy/opt/gz_fuel_tools_vendor/lib:/opt/ros/jazzy/opt/gz_msgs_vendor/lib:/opt/ros/jazzy/opt/gz_common_vendor/lib:/opt/ros/jazzy/opt/gz_math_vendor/lib:/opt/ros/jazzy/opt/gz_utils_vendor/lib:/opt/ros/jazzy/opt/gz_tools_vendor/lib:/opt/ros/jazzy/opt/gz_ogre_next_vendor/lib:/opt/ros/jazzy/opt/gz_dartsim_vendor/lib:/opt/ros/jazzy/opt/gz_cmake_vendor/lib:/opt/ros/jazzy/lib:/usr/local/cuda/lib64 PYTHONPATH=/home/UMRobotics/new_ws/install/tf2_msgs/lib/python3.12/site-packages:${PYTHONPATH} /usr/bin/cmake --install /home/UMRobotics/new_ws/build/tf2_ros
