-- The C compiler identification is GNU 13.3.0
-- The CXX compiler identification is GNU 13.3.0
-- Detecting C compiler ABI info
-- Detecting C compiler ABI info - done
-- Check for working C compiler: /usr/bin/cc - skipped
-- Detecting C compile features
-- Detecting C compile features - done
-- Detecting CXX compiler ABI info
-- Detecting CXX compiler ABI info - done
-- Check for working CXX compiler: /usr/bin/c++ - skipped
-- Detecting CXX compile features
-- Detecting CXX compile features - done
-- Found Python3: /home/UMRobotics/.local/bin/python3 (found version "3.12.3") found components: Interpreter Development Development.Module Development.Embed 
-- Found ament_cmake: 2.5.4 (/opt/ros/jazzy/share/ament_cmake/cmake)
-- Found geometry_msgs: 5.3.6 (/opt/ros/jazzy/share/geometry_msgs/cmake)
-- Found rosidl_generator_c: 4.6.5 (/opt/ros/jazzy/share/rosidl_generator_c/cmake)
-- Found rosidl_generator_cpp: 4.6.5 (/opt/ros/jazzy/share/rosidl_generator_cpp/cmake)
-- Using all available rosidl_typesupport_c: rosidl_typesupport_fastrtps_c;rosidl_typesupport_introspection_c
-- Using all available rosidl_typesupport_cpp: rosidl_typesupport_fastrtps_cpp;rosidl_typesupport_introspection_cpp
-- Found tf2: 0.36.11 (/home/UMRobotics/new_ws/install/tf2/share/tf2/cmake)
-- Found ament_lint_auto: 0.17.2 (/opt/ros/jazzy/share/ament_lint_auto/cmake)
-- Added test 'cppcheck' to perform static code analysis on C / C++ code
-- Configured cppcheck include dirs: 
-- Configured cppcheck exclude dirs and/or files: 
-- Added test 'flake8' to check Python code syntax and style conventions
-- Configured 'flake8' exclude dirs and/or files: 
-- Added test 'lint_cmake' to check CMake code style
-- Added test 'pep257' to check Python code against some of the docstring style conventions in PEP 257
-- Added test 'uncrustify' to check C / C++ code style
-- Configured uncrustify additional arguments: 
-- Added test 'xmllint' to check XML markup files
-- Configuring done (2.1s)
-- Generating done (0.0s)
-- Build files have been written to: /home/UMRobotics/new_ws/build/tf2_py
[ 50%] [32mBuilding CXX object CMakeFiles/_tf2_py.dir/src/tf2_py.cpp.o[0m
[ 50%] Built target ament_cmake_python_copy_tf2_py
running egg_info
creating tf2_py.egg-info
writing tf2_py.egg-info/PKG-INFO
writing dependency_links to tf2_py.egg-info/dependency_links.txt
writing top-level names to tf2_py.egg-info/top_level.txt
writing manifest file 'tf2_py.egg-info/SOURCES.txt'
reading manifest file 'tf2_py.egg-info/SOURCES.txt'
writing manifest file 'tf2_py.egg-info/SOURCES.txt'
[ 50%] Built target ament_cmake_python_build_tf2_py_egg
[100%] [32m[1mLinking CXX shared module test_tf2_py/_tf2_py.so[0m
[100%] Built target _tf2_py
-- Install configuration: ""
-- Installing: /home/UMRobotics/new_ws/install/tf2_py/share/tf2_py/environment/pythonpath.sh
-- Installing: /home/UMRobotics/new_ws/install/tf2_py/share/tf2_py/environment/pythonpath.dsv
-- Installing: /home/UMRobotics/new_ws/install/tf2_py/lib/python3.12/site-packages/tf2_py-0.36.11-py3.12.egg-info
-- Installing: /home/UMRobotics/new_ws/install/tf2_py/lib/python3.12/site-packages/tf2_py-0.36.11-py3.12.egg-info/PKG-INFO
-- Installing: /home/UMRobotics/new_ws/install/tf2_py/lib/python3.12/site-packages/tf2_py-0.36.11-py3.12.egg-info/SOURCES.txt
-- Installing: /home/UMRobotics/new_ws/install/tf2_py/lib/python3.12/site-packages/tf2_py-0.36.11-py3.12.egg-info/dependency_links.txt
-- Installing: /home/UMRobotics/new_ws/install/tf2_py/lib/python3.12/site-packages/tf2_py-0.36.11-py3.12.egg-info/top_level.txt
-- Installing: /home/UMRobotics/new_ws/install/tf2_py/lib/python3.12/site-packages/tf2_py
-- Installing: /home/UMRobotics/new_ws/install/tf2_py/lib/python3.12/site-packages/tf2_py/__init__.py
Listing '/home/UMRobotics/new_ws/install/tf2_py/lib/python3.12/site-packages/tf2_py'...
Compiling '/home/UMRobotics/new_ws/install/tf2_py/lib/python3.12/site-packages/tf2_py/__init__.py'...
-- Installing: /home/UMRobotics/new_ws/install/tf2_py/lib/python3.12/site-packages/tf2_py/_tf2_py.so
-- Set non-toolchain portion of runtime path of "/home/UMRobotics/new_ws/install/tf2_py/lib/python3.12/site-packages/tf2_py/_tf2_py.so" to ""
-- Installing: /home/UMRobotics/new_ws/install/tf2_py/share/ament_index/resource_index/package_run_dependencies/tf2_py
-- Installing: /home/UMRobotics/new_ws/install/tf2_py/share/ament_index/resource_index/parent_prefix_path/tf2_py
-- Installing: /home/UMRobotics/new_ws/install/tf2_py/share/tf2_py/environment/ament_prefix_path.sh
-- Installing: /home/UMRobotics/new_ws/install/tf2_py/share/tf2_py/environment/ament_prefix_path.dsv
-- Installing: /home/UMRobotics/new_ws/install/tf2_py/share/tf2_py/environment/path.sh
-- Installing: /home/UMRobotics/new_ws/install/tf2_py/share/tf2_py/environment/path.dsv
-- Installing: /home/UMRobotics/new_ws/install/tf2_py/share/tf2_py/local_setup.bash
-- Installing: /home/UMRobotics/new_ws/install/tf2_py/share/tf2_py/local_setup.sh
-- Installing: /home/UMRobotics/new_ws/install/tf2_py/share/tf2_py/local_setup.zsh
-- Installing: /home/UMRobotics/new_ws/install/tf2_py/share/tf2_py/local_setup.dsv
-- Installing: /home/UMRobotics/new_ws/install/tf2_py/share/tf2_py/package.dsv
-- Installing: /home/UMRobotics/new_ws/install/tf2_py/share/ament_index/resource_index/packages/tf2_py
-- Installing: /home/UMRobotics/new_ws/install/tf2_py/share/tf2_py/cmake/tf2_pyConfig.cmake
-- Installing: /home/UMRobotics/new_ws/install/tf2_py/share/tf2_py/cmake/tf2_pyConfig-version.cmake
-- Installing: /home/UMRobotics/new_ws/install/tf2_py/share/tf2_py/package.xml
