/home/UMRobotics/new_ws/install/tf2_ros_py/lib/python3.12/site-packages/tf2_ros/buffer_interface.py
/home/UMRobotics/new_ws/install/tf2_ros_py/lib/python3.12/site-packages/tf2_ros/transform_broadcaster.py
/home/UMRobotics/new_ws/install/tf2_ros_py/lib/python3.12/site-packages/tf2_ros/static_transform_broadcaster.py
/home/UMRobotics/new_ws/install/tf2_ros_py/lib/python3.12/site-packages/tf2_ros/__init__.py
/home/UMRobotics/new_ws/install/tf2_ros_py/lib/python3.12/site-packages/tf2_ros/transform_listener.py
/home/UMRobotics/new_ws/install/tf2_ros_py/lib/python3.12/site-packages/tf2_ros/buffer_client.py
/home/UMRobotics/new_ws/install/tf2_ros_py/lib/python3.12/site-packages/tf2_ros/buffer.py
/home/UMRobotics/new_ws/install/tf2_ros_py/lib/python3.12/site-packages/tf2_ros/__pycache__/buffer_interface.cpython-312.pyc
/home/UMRobotics/new_ws/install/tf2_ros_py/lib/python3.12/site-packages/tf2_ros/__pycache__/transform_broadcaster.cpython-312.pyc
/home/UMRobotics/new_ws/install/tf2_ros_py/lib/python3.12/site-packages/tf2_ros/__pycache__/static_transform_broadcaster.cpython-312.pyc
/home/UMRobotics/new_ws/install/tf2_ros_py/lib/python3.12/site-packages/tf2_ros/__pycache__/__init__.cpython-312.pyc
/home/UMRobotics/new_ws/install/tf2_ros_py/lib/python3.12/site-packages/tf2_ros/__pycache__/transform_listener.cpython-312.pyc
/home/UMRobotics/new_ws/install/tf2_ros_py/lib/python3.12/site-packages/tf2_ros/__pycache__/buffer_client.cpython-312.pyc
/home/UMRobotics/new_ws/install/tf2_ros_py/lib/python3.12/site-packages/tf2_ros/__pycache__/buffer.cpython-312.pyc
/home/UMRobotics/new_ws/install/tf2_ros_py/share/ament_index/resource_index/packages/tf2_ros_py
/home/UMRobotics/new_ws/install/tf2_ros_py/share/tf2_ros_py/package.xml
/home/UMRobotics/new_ws/install/tf2_ros_py/lib/python3.12/site-packages/tf2_ros_py-0.36.11-py3.12.egg-info/PKG-INFO
/home/UMRobotics/new_ws/install/tf2_ros_py/lib/python3.12/site-packages/tf2_ros_py-0.36.11-py3.12.egg-info/SOURCES.txt
/home/UMRobotics/new_ws/install/tf2_ros_py/lib/python3.12/site-packages/tf2_ros_py-0.36.11-py3.12.egg-info/requires.txt
/home/UMRobotics/new_ws/install/tf2_ros_py/lib/python3.12/site-packages/tf2_ros_py-0.36.11-py3.12.egg-info/zip-safe
/home/UMRobotics/new_ws/install/tf2_ros_py/lib/python3.12/site-packages/tf2_ros_py-0.36.11-py3.12.egg-info/dependency_links.txt
/home/UMRobotics/new_ws/install/tf2_ros_py/lib/python3.12/site-packages/tf2_ros_py-0.36.11-py3.12.egg-info/top_level.txt
