[0.040s] Invoking command in '/home/UMRobotics/new_ws/build/moveit_ros_visualization': AMENT_PREFIX_PATH=/home/UMRobotics/new_ws/install/moveit_ros_planning_interface:/home/UMRobotics/new_ws/install/moveit_ros_move_group:/home/UMRobotics/new_ws/install/moveit_ros_warehouse:/home/UMRobotics/new_ws/install/moveit_ros_robot_interaction:/home/UMRobotics/new_ws/install/moveit_kinematics:/home/UMRobotics/new_ws/install/moveit_ros_planning:/home/UMRobotics/new_ws/install/moveit_simple_controller_manager:/home/UMRobotics/new_ws/install/moveit_ros_occupancy_map_monitor:/home/UMRobotics/new_ws/install/moveit_core:/home/UMRobotics/new_ws/install/moveit_configs_utils:/home/UMRobotics/new_ws/install/moveit_common:${AMENT_PREFIX_PATH} CMAKE_PREFIX_PATH=/home/UMRobotics/new_ws/install/moveit_ros_planning_interface:/home/UMRobotics/new_ws/install/moveit_ros_move_group:/home/UMRobotics/new_ws/install/moveit_ros_warehouse:/home/UMRobotics/new_ws/install/moveit_ros_robot_interaction:/home/UMRobotics/new_ws/install/moveit_kinematics:/home/UMRobotics/new_ws/install/moveit_ros_planning:/home/UMRobotics/new_ws/install/moveit_simple_controller_manager:/home/UMRobotics/new_ws/install/moveit_ros_occupancy_map_monitor:/home/UMRobotics/new_ws/install/moveit_core:/home/UMRobotics/new_ws/install/moveit_common:/home/UMRobotics/moveit_ws/install/robotiq_hardware_tests:/home/UMRobotics/moveit_ws/install/robotiq_driver:/home/UMRobotics/moveit_ws/install/serial:/home/UMRobotics/moveit_ws/install/rviz_visual_tools:/home/UMRobotics/moveit_ws/install/rviz_marker_tools:/home/UMRobotics/moveit_ws/install/kortex_bringup:/home/UMRobotics/moveit_ws/install/kortex_description:/home/UMRobotics/moveit_ws/install/robotiq_description:/home/UMRobotics/moveit_ws/install/robotiq_controllers:/home/UMRobotics/moveit_ws/install/pilz_industrial_motion_planner_testutils:/home/UMRobotics/moveit_ws/install/pick_ik:/home/UMRobotics/moveit_ws/install/moveit_task_constructor_msgs:/home/UMRobotics/moveit_ws/install/moveit_ros_control_interface:/home/UMRobotics/moveit_ws/install/moveit_plugins:/home/UMRobotics/moveit_ws/install/moveit_simple_controller_manager:/home/UMRobotics/moveit_ws/install/moveit_ros_occupancy_map_monitor:/home/UMRobotics/moveit_ws/install/moveit_resources_prbt_support:/home/UMRobotics/moveit_ws/install/moveit_resources_prbt_ikfast_manipulator_plugin:/home/UMRobotics/moveit_ws/install/moveit_resources:/home/UMRobotics/moveit_ws/install/moveit_resources_pr2_description:/home/UMRobotics/moveit_ws/install/moveit_resources_panda_moveit_config:/home/UMRobotics/moveit_ws/install/dual_arm_panda_moveit_config:/home/UMRobotics/moveit_ws/install/moveit_resources_panda_description:/home/UMRobotics/moveit_ws/install/moveit_resources_fanuc_moveit_config:/home/UMRobotics/moveit_ws/install/moveit_resources_fanuc_description:/home/UMRobotics/moveit_ws/install/moveit_planners_stomp:/home/UMRobotics/moveit_ws/install/chomp_motion_planner:/home/UMRobotics/moveit_ws/install/moveit_core:/home/UMRobotics/moveit_ws/install/moveit_msgs:/home/UMRobotics/moveit_ws/install/moveit_common:/home/UMRobotics/moveit_ws/install/kortex_driver:/home/UMRobotics/moveit_ws/install/kortex_api:/opt/ros/jazzy/opt/gz_sim_vendor:/opt/ros/jazzy/opt/gz_sensors_vendor:/opt/ros/jazzy/opt/gz_physics_vendor:/opt/ros/jazzy/opt/sdformat_vendor:/opt/ros/jazzy/opt/gz_gui_vendor:/opt/ros/jazzy/opt/gz_transport_vendor:/opt/ros/jazzy/opt/gz_rendering_vendor:/opt/ros/jazzy/opt/gz_plugin_vendor:/opt/ros/jazzy/opt/gz_fuel_tools_vendor:/opt/ros/jazzy/opt/gz_msgs_vendor:/opt/ros/jazzy/opt/gz_common_vendor:/opt/ros/jazzy/opt/gz_math_vendor:/opt/ros/jazzy/opt/gz_utils_vendor:/opt/ros/jazzy/opt/gz_tools_vendor:/opt/ros/jazzy/opt/gz_ogre_next_vendor:/opt/ros/jazzy/opt/gz_dartsim_vendor:/opt/ros/jazzy/opt/gz_cmake_vendor:/home/UMRobotics/moveit_ws/install/moveit_configs_utils:/opt/ros/jazzy DEBUGINFOD_URLS=https://debuginfod.ubuntu.com LD_LIBRARY_PATH=/home/UMRobotics/new_ws/install/moveit_ros_planning_interface/lib:/home/UMRobotics/new_ws/install/moveit_ros_move_group/lib:/home/UMRobotics/new_ws/install/moveit_ros_warehouse/lib:/home/UMRobotics/new_ws/install/moveit_ros_robot_interaction/lib:/home/UMRobotics/new_ws/install/moveit_kinematics/lib:/home/UMRobotics/new_ws/install/moveit_ros_planning/lib:/home/UMRobotics/new_ws/install/moveit_simple_controller_manager/lib:/home/UMRobotics/new_ws/install/moveit_ros_occupancy_map_monitor/lib:/home/UMRobotics/new_ws/install/moveit_core/lib:/home/UMRobotics/moveit_ws/install/robotiq_driver/lib:/home/UMRobotics/moveit_ws/install/serial/lib:/home/UMRobotics/moveit_ws/install/rviz_visual_tools/lib:/home/UMRobotics/moveit_ws/install/rviz_marker_tools/lib:/home/UMRobotics/moveit_ws/install/robotiq_controllers/lib:/home/UMRobotics/moveit_ws/install/pilz_industrial_motion_planner_testutils/lib:/home/UMRobotics/moveit_ws/install/pick_ik/lib:/home/UMRobotics/moveit_ws/install/moveit_task_constructor_msgs/lib:/home/UMRobotics/moveit_ws/install/moveit_ros_control_interface/lib:/home/UMRobotics/moveit_ws/install/moveit_simple_controller_manager/lib:/home/UMRobotics/moveit_ws/install/moveit_ros_occupancy_map_monitor/lib:/home/UMRobotics/moveit_ws/install/moveit_resources_prbt_ikfast_manipulator_plugin/lib:/home/UMRobotics/moveit_ws/install/moveit_planners_stomp/lib:/home/UMRobotics/moveit_ws/install/chomp_motion_planner/lib:/home/UMRobotics/moveit_ws/install/moveit_core/lib:/home/UMRobotics/moveit_ws/install/moveit_msgs/lib:/home/UMRobotics/moveit_ws/install/kortex_driver/lib:/opt/ros/jazzy/opt/gz_sim_vendor/lib:/opt/ros/jazzy/opt/gz_sensors_vendor/lib:/opt/ros/jazzy/opt/gz_physics_vendor/lib:/opt/ros/jazzy/opt/sdformat_vendor/lib:/opt/ros/jazzy/opt/rviz_ogre_vendor/lib:/opt/ros/jazzy/lib/x86_64-linux-gnu:/opt/ros/jazzy/opt/gz_gui_vendor/lib:/opt/ros/jazzy/opt/gz_transport_vendor/lib:/opt/ros/jazzy/opt/gz_rendering_vendor/lib:/opt/ros/jazzy/opt/gz_plugin_vendor/lib:/opt/ros/jazzy/opt/gz_fuel_tools_vendor/lib:/opt/ros/jazzy/opt/gz_msgs_vendor/lib:/opt/ros/jazzy/opt/gz_common_vendor/lib:/opt/ros/jazzy/opt/gz_math_vendor/lib:/opt/ros/jazzy/opt/gz_utils_vendor/lib:/opt/ros/jazzy/opt/gz_tools_vendor/lib:/opt/ros/jazzy/opt/gz_ogre_next_vendor/lib:/opt/ros/jazzy/opt/gz_dartsim_vendor/lib:/opt/ros/jazzy/opt/gz_cmake_vendor/lib:/opt/ros/jazzy/lib:/usr/local/cuda/lib64 PATH=/home/UMRobotics/new_ws/install/moveit_core/bin:${PATH} PYTHONPATH=/home/UMRobotics/new_ws/install/moveit_configs_utils/lib/python3.12/site-packages:${PYTHONPATH} /usr/bin/cmake --build /home/UMRobotics/new_ws/build/moveit_ros_visualization -- -j16 -l16
[0.101s] [  0%] Built target moveit_rviz_plugin_render_tools_autogen_timestamp_deps
[0.156s] [  1%] Built target moveit_rviz_plugin_render_tools_autogen
[0.226s] [ 18%] Built target moveit_rviz_plugin_render_tools
[0.289s] [ 18%] Built target moveit_planning_scene_rviz_plugin_core_autogen_timestamp_deps
[0.299s] [ 18%] Built target moveit_robot_state_rviz_plugin_core_autogen_timestamp_deps
[0.342s] [ 20%] Built target moveit_robot_state_rviz_plugin_core_autogen
[0.346s] [ 22%] Built target moveit_planning_scene_rviz_plugin_core_autogen
[0.404s] [ 27%] Built target moveit_robot_state_rviz_plugin_core
[0.411s] [ 34%] Built target moveit_planning_scene_rviz_plugin_core
[0.437s] [ 34%] Built target moveit_robot_state_rviz_plugin_autogen_timestamp_deps
[0.444s] [ 34%] Built target moveit_trajectory_rviz_plugin_core_autogen_timestamp_deps
[0.444s] [ 34%] Built target moveit_planning_scene_rviz_plugin_autogen_timestamp_deps
[0.456s] [ 36%] Built target moveit_robot_state_rviz_plugin_autogen
[0.460s] [ 37%] Built target moveit_planning_scene_rviz_plugin_autogen
[0.467s] [ 39%] Built target moveit_trajectory_rviz_plugin_core_autogen
[0.494s] [ 44%] Built target moveit_robot_state_rviz_plugin
[0.502s] [ 50%] Built target moveit_planning_scene_rviz_plugin
[0.510s] [ 55%] Built target moveit_trajectory_rviz_plugin_core
[0.526s] [ 55%] Built target moveit_motion_planning_rviz_plugin_core_autogen_timestamp_deps
[0.537s] [ 55%] Built target moveit_trajectory_rviz_plugin_autogen_timestamp_deps
[0.561s] [ 56%] Built target moveit_trajectory_rviz_plugin_autogen
[0.562s] [ 58%] Built target moveit_motion_planning_rviz_plugin_core_autogen
[0.604s] [ 63%] Built target moveit_trajectory_rviz_plugin
[0.645s] [ 93%] Built target moveit_motion_planning_rviz_plugin_core
[0.666s] [ 93%] Built target moveit_motion_planning_rviz_plugin_autogen_timestamp_deps
[0.687s] [ 94%] Built target moveit_motion_planning_rviz_plugin_autogen
[0.727s] [100%] Built target moveit_motion_planning_rviz_plugin
[0.739s] Invoked command in '/home/UMRobotics/new_ws/build/moveit_ros_visualization' returned '0': AMENT_PREFIX_PATH=/home/UMRobotics/new_ws/install/moveit_ros_planning_interface:/home/UMRobotics/new_ws/install/moveit_ros_move_group:/home/UMRobotics/new_ws/install/moveit_ros_warehouse:/home/UMRobotics/new_ws/install/moveit_ros_robot_interaction:/home/UMRobotics/new_ws/install/moveit_kinematics:/home/UMRobotics/new_ws/install/moveit_ros_planning:/home/UMRobotics/new_ws/install/moveit_simple_controller_manager:/home/UMRobotics/new_ws/install/moveit_ros_occupancy_map_monitor:/home/UMRobotics/new_ws/install/moveit_core:/home/UMRobotics/new_ws/install/moveit_configs_utils:/home/UMRobotics/new_ws/install/moveit_common:${AMENT_PREFIX_PATH} CMAKE_PREFIX_PATH=/home/UMRobotics/new_ws/install/moveit_ros_planning_interface:/home/UMRobotics/new_ws/install/moveit_ros_move_group:/home/UMRobotics/new_ws/install/moveit_ros_warehouse:/home/UMRobotics/new_ws/install/moveit_ros_robot_interaction:/home/UMRobotics/new_ws/install/moveit_kinematics:/home/UMRobotics/new_ws/install/moveit_ros_planning:/home/UMRobotics/new_ws/install/moveit_simple_controller_manager:/home/UMRobotics/new_ws/install/moveit_ros_occupancy_map_monitor:/home/UMRobotics/new_ws/install/moveit_core:/home/UMRobotics/new_ws/install/moveit_common:/home/UMRobotics/moveit_ws/install/robotiq_hardware_tests:/home/UMRobotics/moveit_ws/install/robotiq_driver:/home/UMRobotics/moveit_ws/install/serial:/home/UMRobotics/moveit_ws/install/rviz_visual_tools:/home/UMRobotics/moveit_ws/install/rviz_marker_tools:/home/UMRobotics/moveit_ws/install/kortex_bringup:/home/UMRobotics/moveit_ws/install/kortex_description:/home/UMRobotics/moveit_ws/install/robotiq_description:/home/UMRobotics/moveit_ws/install/robotiq_controllers:/home/UMRobotics/moveit_ws/install/pilz_industrial_motion_planner_testutils:/home/UMRobotics/moveit_ws/install/pick_ik:/home/UMRobotics/moveit_ws/install/moveit_task_constructor_msgs:/home/UMRobotics/moveit_ws/install/moveit_ros_control_interface:/home/UMRobotics/moveit_ws/install/moveit_plugins:/home/UMRobotics/moveit_ws/install/moveit_simple_controller_manager:/home/UMRobotics/moveit_ws/install/moveit_ros_occupancy_map_monitor:/home/UMRobotics/moveit_ws/install/moveit_resources_prbt_support:/home/UMRobotics/moveit_ws/install/moveit_resources_prbt_ikfast_manipulator_plugin:/home/UMRobotics/moveit_ws/install/moveit_resources:/home/UMRobotics/moveit_ws/install/moveit_resources_pr2_description:/home/UMRobotics/moveit_ws/install/moveit_resources_panda_moveit_config:/home/UMRobotics/moveit_ws/install/dual_arm_panda_moveit_config:/home/UMRobotics/moveit_ws/install/moveit_resources_panda_description:/home/UMRobotics/moveit_ws/install/moveit_resources_fanuc_moveit_config:/home/UMRobotics/moveit_ws/install/moveit_resources_fanuc_description:/home/UMRobotics/moveit_ws/install/moveit_planners_stomp:/home/UMRobotics/moveit_ws/install/chomp_motion_planner:/home/UMRobotics/moveit_ws/install/moveit_core:/home/UMRobotics/moveit_ws/install/moveit_msgs:/home/UMRobotics/moveit_ws/install/moveit_common:/home/UMRobotics/moveit_ws/install/kortex_driver:/home/UMRobotics/moveit_ws/install/kortex_api:/opt/ros/jazzy/opt/gz_sim_vendor:/opt/ros/jazzy/opt/gz_sensors_vendor:/opt/ros/jazzy/opt/gz_physics_vendor:/opt/ros/jazzy/opt/sdformat_vendor:/opt/ros/jazzy/opt/gz_gui_vendor:/opt/ros/jazzy/opt/gz_transport_vendor:/opt/ros/jazzy/opt/gz_rendering_vendor:/opt/ros/jazzy/opt/gz_plugin_vendor:/opt/ros/jazzy/opt/gz_fuel_tools_vendor:/opt/ros/jazzy/opt/gz_msgs_vendor:/opt/ros/jazzy/opt/gz_common_vendor:/opt/ros/jazzy/opt/gz_math_vendor:/opt/ros/jazzy/opt/gz_utils_vendor:/opt/ros/jazzy/opt/gz_tools_vendor:/opt/ros/jazzy/opt/gz_ogre_next_vendor:/opt/ros/jazzy/opt/gz_dartsim_vendor:/opt/ros/jazzy/opt/gz_cmake_vendor:/home/UMRobotics/moveit_ws/install/moveit_configs_utils:/opt/ros/jazzy DEBUGINFOD_URLS=https://debuginfod.ubuntu.com LD_LIBRARY_PATH=/home/UMRobotics/new_ws/install/moveit_ros_planning_interface/lib:/home/UMRobotics/new_ws/install/moveit_ros_move_group/lib:/home/UMRobotics/new_ws/install/moveit_ros_warehouse/lib:/home/UMRobotics/new_ws/install/moveit_ros_robot_interaction/lib:/home/UMRobotics/new_ws/install/moveit_kinematics/lib:/home/UMRobotics/new_ws/install/moveit_ros_planning/lib:/home/UMRobotics/new_ws/install/moveit_simple_controller_manager/lib:/home/UMRobotics/new_ws/install/moveit_ros_occupancy_map_monitor/lib:/home/UMRobotics/new_ws/install/moveit_core/lib:/home/UMRobotics/moveit_ws/install/robotiq_driver/lib:/home/UMRobotics/moveit_ws/install/serial/lib:/home/UMRobotics/moveit_ws/install/rviz_visual_tools/lib:/home/UMRobotics/moveit_ws/install/rviz_marker_tools/lib:/home/UMRobotics/moveit_ws/install/robotiq_controllers/lib:/home/UMRobotics/moveit_ws/install/pilz_industrial_motion_planner_testutils/lib:/home/UMRobotics/moveit_ws/install/pick_ik/lib:/home/UMRobotics/moveit_ws/install/moveit_task_constructor_msgs/lib:/home/UMRobotics/moveit_ws/install/moveit_ros_control_interface/lib:/home/UMRobotics/moveit_ws/install/moveit_simple_controller_manager/lib:/home/UMRobotics/moveit_ws/install/moveit_ros_occupancy_map_monitor/lib:/home/UMRobotics/moveit_ws/install/moveit_resources_prbt_ikfast_manipulator_plugin/lib:/home/UMRobotics/moveit_ws/install/moveit_planners_stomp/lib:/home/UMRobotics/moveit_ws/install/chomp_motion_planner/lib:/home/UMRobotics/moveit_ws/install/moveit_core/lib:/home/UMRobotics/moveit_ws/install/moveit_msgs/lib:/home/UMRobotics/moveit_ws/install/kortex_driver/lib:/opt/ros/jazzy/opt/gz_sim_vendor/lib:/opt/ros/jazzy/opt/gz_sensors_vendor/lib:/opt/ros/jazzy/opt/gz_physics_vendor/lib:/opt/ros/jazzy/opt/sdformat_vendor/lib:/opt/ros/jazzy/opt/rviz_ogre_vendor/lib:/opt/ros/jazzy/lib/x86_64-linux-gnu:/opt/ros/jazzy/opt/gz_gui_vendor/lib:/opt/ros/jazzy/opt/gz_transport_vendor/lib:/opt/ros/jazzy/opt/gz_rendering_vendor/lib:/opt/ros/jazzy/opt/gz_plugin_vendor/lib:/opt/ros/jazzy/opt/gz_fuel_tools_vendor/lib:/opt/ros/jazzy/opt/gz_msgs_vendor/lib:/opt/ros/jazzy/opt/gz_common_vendor/lib:/opt/ros/jazzy/opt/gz_math_vendor/lib:/opt/ros/jazzy/opt/gz_utils_vendor/lib:/opt/ros/jazzy/opt/gz_tools_vendor/lib:/opt/ros/jazzy/opt/gz_ogre_next_vendor/lib:/opt/ros/jazzy/opt/gz_dartsim_vendor/lib:/opt/ros/jazzy/opt/gz_cmake_vendor/lib:/opt/ros/jazzy/lib:/usr/local/cuda/lib64 PATH=/home/UMRobotics/new_ws/install/moveit_core/bin:${PATH} PYTHONPATH=/home/UMRobotics/new_ws/install/moveit_configs_utils/lib/python3.12/site-packages:${PYTHONPATH} /usr/bin/cmake --build /home/UMRobotics/new_ws/build/moveit_ros_visualization -- -j16 -l16
[0.740s] Invoking command in '/home/UMRobotics/new_ws/build/moveit_ros_visualization': AMENT_PREFIX_PATH=/home/UMRobotics/new_ws/install/moveit_ros_planning_interface:/home/UMRobotics/new_ws/install/moveit_ros_move_group:/home/UMRobotics/new_ws/install/moveit_ros_warehouse:/home/UMRobotics/new_ws/install/moveit_ros_robot_interaction:/home/UMRobotics/new_ws/install/moveit_kinematics:/home/UMRobotics/new_ws/install/moveit_ros_planning:/home/UMRobotics/new_ws/install/moveit_simple_controller_manager:/home/UMRobotics/new_ws/install/moveit_ros_occupancy_map_monitor:/home/UMRobotics/new_ws/install/moveit_core:/home/UMRobotics/new_ws/install/moveit_configs_utils:/home/UMRobotics/new_ws/install/moveit_common:${AMENT_PREFIX_PATH} CMAKE_PREFIX_PATH=/home/UMRobotics/new_ws/install/moveit_ros_planning_interface:/home/UMRobotics/new_ws/install/moveit_ros_move_group:/home/UMRobotics/new_ws/install/moveit_ros_warehouse:/home/UMRobotics/new_ws/install/moveit_ros_robot_interaction:/home/UMRobotics/new_ws/install/moveit_kinematics:/home/UMRobotics/new_ws/install/moveit_ros_planning:/home/UMRobotics/new_ws/install/moveit_simple_controller_manager:/home/UMRobotics/new_ws/install/moveit_ros_occupancy_map_monitor:/home/UMRobotics/new_ws/install/moveit_core:/home/UMRobotics/new_ws/install/moveit_common:/home/UMRobotics/moveit_ws/install/robotiq_hardware_tests:/home/UMRobotics/moveit_ws/install/robotiq_driver:/home/UMRobotics/moveit_ws/install/serial:/home/UMRobotics/moveit_ws/install/rviz_visual_tools:/home/UMRobotics/moveit_ws/install/rviz_marker_tools:/home/UMRobotics/moveit_ws/install/kortex_bringup:/home/UMRobotics/moveit_ws/install/kortex_description:/home/UMRobotics/moveit_ws/install/robotiq_description:/home/UMRobotics/moveit_ws/install/robotiq_controllers:/home/UMRobotics/moveit_ws/install/pilz_industrial_motion_planner_testutils:/home/UMRobotics/moveit_ws/install/pick_ik:/home/UMRobotics/moveit_ws/install/moveit_task_constructor_msgs:/home/UMRobotics/moveit_ws/install/moveit_ros_control_interface:/home/UMRobotics/moveit_ws/install/moveit_plugins:/home/UMRobotics/moveit_ws/install/moveit_simple_controller_manager:/home/UMRobotics/moveit_ws/install/moveit_ros_occupancy_map_monitor:/home/UMRobotics/moveit_ws/install/moveit_resources_prbt_support:/home/UMRobotics/moveit_ws/install/moveit_resources_prbt_ikfast_manipulator_plugin:/home/UMRobotics/moveit_ws/install/moveit_resources:/home/UMRobotics/moveit_ws/install/moveit_resources_pr2_description:/home/UMRobotics/moveit_ws/install/moveit_resources_panda_moveit_config:/home/UMRobotics/moveit_ws/install/dual_arm_panda_moveit_config:/home/UMRobotics/moveit_ws/install/moveit_resources_panda_description:/home/UMRobotics/moveit_ws/install/moveit_resources_fanuc_moveit_config:/home/UMRobotics/moveit_ws/install/moveit_resources_fanuc_description:/home/UMRobotics/moveit_ws/install/moveit_planners_stomp:/home/UMRobotics/moveit_ws/install/chomp_motion_planner:/home/UMRobotics/moveit_ws/install/moveit_core:/home/UMRobotics/moveit_ws/install/moveit_msgs:/home/UMRobotics/moveit_ws/install/moveit_common:/home/UMRobotics/moveit_ws/install/kortex_driver:/home/UMRobotics/moveit_ws/install/kortex_api:/opt/ros/jazzy/opt/gz_sim_vendor:/opt/ros/jazzy/opt/gz_sensors_vendor:/opt/ros/jazzy/opt/gz_physics_vendor:/opt/ros/jazzy/opt/sdformat_vendor:/opt/ros/jazzy/opt/gz_gui_vendor:/opt/ros/jazzy/opt/gz_transport_vendor:/opt/ros/jazzy/opt/gz_rendering_vendor:/opt/ros/jazzy/opt/gz_plugin_vendor:/opt/ros/jazzy/opt/gz_fuel_tools_vendor:/opt/ros/jazzy/opt/gz_msgs_vendor:/opt/ros/jazzy/opt/gz_common_vendor:/opt/ros/jazzy/opt/gz_math_vendor:/opt/ros/jazzy/opt/gz_utils_vendor:/opt/ros/jazzy/opt/gz_tools_vendor:/opt/ros/jazzy/opt/gz_ogre_next_vendor:/opt/ros/jazzy/opt/gz_dartsim_vendor:/opt/ros/jazzy/opt/gz_cmake_vendor:/home/UMRobotics/moveit_ws/install/moveit_configs_utils:/opt/ros/jazzy DEBUGINFOD_URLS=https://debuginfod.ubuntu.com LD_LIBRARY_PATH=/home/UMRobotics/new_ws/install/moveit_ros_planning_interface/lib:/home/UMRobotics/new_ws/install/moveit_ros_move_group/lib:/home/UMRobotics/new_ws/install/moveit_ros_warehouse/lib:/home/UMRobotics/new_ws/install/moveit_ros_robot_interaction/lib:/home/UMRobotics/new_ws/install/moveit_kinematics/lib:/home/UMRobotics/new_ws/install/moveit_ros_planning/lib:/home/UMRobotics/new_ws/install/moveit_simple_controller_manager/lib:/home/UMRobotics/new_ws/install/moveit_ros_occupancy_map_monitor/lib:/home/UMRobotics/new_ws/install/moveit_core/lib:/home/UMRobotics/moveit_ws/install/robotiq_driver/lib:/home/UMRobotics/moveit_ws/install/serial/lib:/home/UMRobotics/moveit_ws/install/rviz_visual_tools/lib:/home/UMRobotics/moveit_ws/install/rviz_marker_tools/lib:/home/UMRobotics/moveit_ws/install/robotiq_controllers/lib:/home/UMRobotics/moveit_ws/install/pilz_industrial_motion_planner_testutils/lib:/home/UMRobotics/moveit_ws/install/pick_ik/lib:/home/UMRobotics/moveit_ws/install/moveit_task_constructor_msgs/lib:/home/UMRobotics/moveit_ws/install/moveit_ros_control_interface/lib:/home/UMRobotics/moveit_ws/install/moveit_simple_controller_manager/lib:/home/UMRobotics/moveit_ws/install/moveit_ros_occupancy_map_monitor/lib:/home/UMRobotics/moveit_ws/install/moveit_resources_prbt_ikfast_manipulator_plugin/lib:/home/UMRobotics/moveit_ws/install/moveit_planners_stomp/lib:/home/UMRobotics/moveit_ws/install/chomp_motion_planner/lib:/home/UMRobotics/moveit_ws/install/moveit_core/lib:/home/UMRobotics/moveit_ws/install/moveit_msgs/lib:/home/UMRobotics/moveit_ws/install/kortex_driver/lib:/opt/ros/jazzy/opt/gz_sim_vendor/lib:/opt/ros/jazzy/opt/gz_sensors_vendor/lib:/opt/ros/jazzy/opt/gz_physics_vendor/lib:/opt/ros/jazzy/opt/sdformat_vendor/lib:/opt/ros/jazzy/opt/rviz_ogre_vendor/lib:/opt/ros/jazzy/lib/x86_64-linux-gnu:/opt/ros/jazzy/opt/gz_gui_vendor/lib:/opt/ros/jazzy/opt/gz_transport_vendor/lib:/opt/ros/jazzy/opt/gz_rendering_vendor/lib:/opt/ros/jazzy/opt/gz_plugin_vendor/lib:/opt/ros/jazzy/opt/gz_fuel_tools_vendor/lib:/opt/ros/jazzy/opt/gz_msgs_vendor/lib:/opt/ros/jazzy/opt/gz_common_vendor/lib:/opt/ros/jazzy/opt/gz_math_vendor/lib:/opt/ros/jazzy/opt/gz_utils_vendor/lib:/opt/ros/jazzy/opt/gz_tools_vendor/lib:/opt/ros/jazzy/opt/gz_ogre_next_vendor/lib:/opt/ros/jazzy/opt/gz_dartsim_vendor/lib:/opt/ros/jazzy/opt/gz_cmake_vendor/lib:/opt/ros/jazzy/lib:/usr/local/cuda/lib64 PATH=/home/UMRobotics/new_ws/install/moveit_core/bin:${PATH} PYTHONPATH=/home/UMRobotics/new_ws/install/moveit_configs_utils/lib/python3.12/site-packages:${PYTHONPATH} /usr/bin/cmake --install /home/UMRobotics/new_ws/build/moveit_ros_visualization
[0.749s] -- Install configuration: "Release"
[0.749s] -- Up-to-date: /home/UMRobotics/new_ws/install/moveit_ros_visualization/include/moveit_ros_visualization
[0.749s] -- Up-to-date: /home/UMRobotics/new_ws/install/moveit_ros_visualization/include/moveit_ros_visualization/ogre_helpers
[0.749s] -- Up-to-date: /home/UMRobotics/new_ws/install/moveit_ros_visualization/include/moveit_ros_visualization/ogre_helpers/mesh_shape.h
[0.749s] -- Up-to-date: /home/UMRobotics/new_ws/install/moveit_ros_visualization/include/moveit_ros_visualization/ogre_helpers/mesh_shape.hpp
[0.749s] -- Up-to-date: /home/UMRobotics/new_ws/install/moveit_ros_visualization/include/moveit_ros_visualization/moveit
[0.749s] -- Up-to-date: /home/UMRobotics/new_ws/install/moveit_ros_visualization/include/moveit_ros_visualization/moveit/rviz_plugin_render_tools
[0.749s] -- Up-to-date: /home/UMRobotics/new_ws/install/moveit_ros_visualization/include/moveit_ros_visualization/moveit/rviz_plugin_render_tools/trajectory_panel.hpp
[0.749s] -- Up-to-date: /home/UMRobotics/new_ws/install/moveit_ros_visualization/include/moveit_ros_visualization/moveit/rviz_plugin_render_tools/trajectory_visualization.h
[0.749s] -- Up-to-date: /home/UMRobotics/new_ws/install/moveit_ros_visualization/include/moveit_ros_visualization/moveit/rviz_plugin_render_tools/planning_scene_render.h
[0.749s] -- Up-to-date: /home/UMRobotics/new_ws/install/moveit_ros_visualization/include/moveit_ros_visualization/moveit/rviz_plugin_render_tools/octomap_render.hpp
[0.749s] -- Up-to-date: /home/UMRobotics/new_ws/install/moveit_ros_visualization/include/moveit_ros_visualization/moveit/rviz_plugin_render_tools/planning_scene_render.hpp
[0.749s] -- Up-to-date: /home/UMRobotics/new_ws/install/moveit_ros_visualization/include/moveit_ros_visualization/moveit/rviz_plugin_render_tools/trajectory_panel.h
[0.749s] -- Up-to-date: /home/UMRobotics/new_ws/install/moveit_ros_visualization/include/moveit_ros_visualization/moveit/rviz_plugin_render_tools/robot_state_visualization.h
[0.750s] -- Up-to-date: /home/UMRobotics/new_ws/install/moveit_ros_visualization/include/moveit_ros_visualization/moveit/rviz_plugin_render_tools/render_shapes.hpp
[0.750s] -- Up-to-date: /home/UMRobotics/new_ws/install/moveit_ros_visualization/include/moveit_ros_visualization/moveit/rviz_plugin_render_tools/render_shapes.h
[0.750s] -- Up-to-date: /home/UMRobotics/new_ws/install/moveit_ros_visualization/include/moveit_ros_visualization/moveit/rviz_plugin_render_tools/planning_link_updater.hpp
[0.750s] -- Up-to-date: /home/UMRobotics/new_ws/install/moveit_ros_visualization/include/moveit_ros_visualization/moveit/rviz_plugin_render_tools/planning_link_updater.h
[0.750s] -- Up-to-date: /home/UMRobotics/new_ws/install/moveit_ros_visualization/include/moveit_ros_visualization/moveit/rviz_plugin_render_tools/octomap_render.h
[0.750s] -- Up-to-date: /home/UMRobotics/new_ws/install/moveit_ros_visualization/include/moveit_ros_visualization/moveit/rviz_plugin_render_tools/robot_state_visualization.hpp
[0.750s] -- Up-to-date: /home/UMRobotics/new_ws/install/moveit_ros_visualization/include/moveit_ros_visualization/moveit/rviz_plugin_render_tools/trajectory_visualization.hpp
[0.750s] -- Up-to-date: /home/UMRobotics/new_ws/install/moveit_ros_visualization/include/moveit_ros_visualization
[0.750s] -- Up-to-date: /home/UMRobotics/new_ws/install/moveit_ros_visualization/include/moveit_ros_visualization/moveit
[0.750s] -- Up-to-date: /home/UMRobotics/new_ws/install/moveit_ros_visualization/include/moveit_ros_visualization/moveit/robot_state_rviz_plugin
[0.750s] -- Up-to-date: /home/UMRobotics/new_ws/install/moveit_ros_visualization/include/moveit_ros_visualization/moveit/robot_state_rviz_plugin/robot_state_display.h
[0.750s] -- Up-to-date: /home/UMRobotics/new_ws/install/moveit_ros_visualization/include/moveit_ros_visualization/moveit/robot_state_rviz_plugin/robot_state_display.hpp
[0.750s] -- Up-to-date: /home/UMRobotics/new_ws/install/moveit_ros_visualization/include/moveit_ros_visualization
[0.750s] -- Up-to-date: /home/UMRobotics/new_ws/install/moveit_ros_visualization/include/moveit_ros_visualization/moveit
[0.750s] -- Up-to-date: /home/UMRobotics/new_ws/install/moveit_ros_visualization/include/moveit_ros_visualization/moveit/planning_scene_rviz_plugin
[0.750s] -- Up-to-date: /home/UMRobotics/new_ws/install/moveit_ros_visualization/include/moveit_ros_visualization/moveit/planning_scene_rviz_plugin/planning_scene_display.h
[0.750s] -- Up-to-date: /home/UMRobotics/new_ws/install/moveit_ros_visualization/include/moveit_ros_visualization/moveit/planning_scene_rviz_plugin/planning_scene_display.hpp
[0.750s] -- Up-to-date: /home/UMRobotics/new_ws/install/moveit_ros_visualization/include/moveit_ros_visualization/moveit/planning_scene_rviz_plugin/background_processing.hpp
[0.750s] -- Up-to-date: /home/UMRobotics/new_ws/install/moveit_ros_visualization/include/moveit_ros_visualization/moveit/planning_scene_rviz_plugin/background_processing.h
[0.751s] -- Up-to-date: /home/UMRobotics/new_ws/install/moveit_ros_visualization/include/moveit_ros_visualization/moveit_planning_scene_rviz_plugin_core_export.h
[0.751s] -- Up-to-date: /home/UMRobotics/new_ws/install/moveit_ros_visualization/include/moveit_ros_visualization
[0.751s] -- Up-to-date: /home/UMRobotics/new_ws/install/moveit_ros_visualization/include/moveit_ros_visualization/moveit
[0.751s] -- Up-to-date: /home/UMRobotics/new_ws/install/moveit_ros_visualization/include/moveit_ros_visualization/moveit/motion_planning_rviz_plugin
[0.751s] -- Up-to-date: /home/UMRobotics/new_ws/install/moveit_ros_visualization/include/moveit_ros_visualization/moveit/motion_planning_rviz_plugin/motion_planning_frame.h
[0.751s] -- Up-to-date: /home/UMRobotics/new_ws/install/moveit_ros_visualization/include/moveit_ros_visualization/moveit/motion_planning_rviz_plugin/interactive_marker_display.h
[0.751s] -- Up-to-date: /home/UMRobotics/new_ws/install/moveit_ros_visualization/include/moveit_ros_visualization/moveit/motion_planning_rviz_plugin/motion_planning_display.hpp
[0.751s] -- Up-to-date: /home/UMRobotics/new_ws/install/moveit_ros_visualization/include/moveit_ros_visualization/moveit/motion_planning_rviz_plugin/motion_planning_param_widget.hpp
[0.751s] -- Up-to-date: /home/UMRobotics/new_ws/install/moveit_ros_visualization/include/moveit_ros_visualization/moveit/motion_planning_rviz_plugin/motion_planning_frame_joints_widget.h
[0.751s] -- Up-to-date: /home/UMRobotics/new_ws/install/moveit_ros_visualization/include/moveit_ros_visualization/moveit/motion_planning_rviz_plugin/motion_planning_frame_joints_widget.hpp
[0.751s] -- Up-to-date: /home/UMRobotics/new_ws/install/moveit_ros_visualization/include/moveit_ros_visualization/moveit/motion_planning_rviz_plugin/motion_planning_frame.hpp
[0.751s] -- Up-to-date: /home/UMRobotics/new_ws/install/moveit_ros_visualization/include/moveit_ros_visualization/moveit/motion_planning_rviz_plugin/motion_planning_display.h
[0.751s] -- Up-to-date: /home/UMRobotics/new_ws/install/moveit_ros_visualization/include/moveit_ros_visualization/moveit/motion_planning_rviz_plugin/interactive_marker_display.hpp
[0.751s] -- Up-to-date: /home/UMRobotics/new_ws/install/moveit_ros_visualization/include/moveit_ros_visualization/moveit/motion_planning_rviz_plugin/motion_planning_param_widget.h
[0.751s] -- Up-to-date: /home/UMRobotics/new_ws/install/moveit_ros_visualization/include/moveit_ros_visualization
[0.751s] -- Up-to-date: /home/UMRobotics/new_ws/install/moveit_ros_visualization/include/moveit_ros_visualization/moveit
[0.751s] -- Up-to-date: /home/UMRobotics/new_ws/install/moveit_ros_visualization/include/moveit_ros_visualization/moveit/trajectory_rviz_plugin
[0.751s] -- Up-to-date: /home/UMRobotics/new_ws/install/moveit_ros_visualization/include/moveit_ros_visualization/moveit/trajectory_rviz_plugin/trajectory_display.h
[0.751s] -- Up-to-date: /home/UMRobotics/new_ws/install/moveit_ros_visualization/include/moveit_ros_visualization/moveit/trajectory_rviz_plugin/trajectory_display.hpp
[0.752s] -- Up-to-date: /home/UMRobotics/new_ws/install/moveit_ros_visualization/share/moveit_ros_visualization/icons
[0.752s] -- Up-to-date: /home/UMRobotics/new_ws/install/moveit_ros_visualization/share/moveit_ros_visualization/icons/classes
[0.752s] -- Up-to-date: /home/UMRobotics/new_ws/install/moveit_ros_visualization/share/moveit_ros_visualization/icons/classes/RobotState.png
[0.752s] -- Up-to-date: /home/UMRobotics/new_ws/install/moveit_ros_visualization/share/moveit_ros_visualization/icons/classes/Trajectory.png
[0.752s] -- Up-to-date: /home/UMRobotics/new_ws/install/moveit_ros_visualization/share/moveit_ros_visualization/icons/classes/MotionPlanning.png
[0.752s] -- Up-to-date: /home/UMRobotics/new_ws/install/moveit_ros_visualization/share/moveit_ros_visualization/icons/classes/PlanningScene.png
[0.752s] -- Up-to-date: /home/UMRobotics/new_ws/install/moveit_ros_visualization/share/moveit_ros_visualization/motion_planning_rviz_plugin_description.xml
[0.752s] -- Up-to-date: /home/UMRobotics/new_ws/install/moveit_ros_visualization/share/moveit_ros_visualization/trajectory_rviz_plugin_description.xml
[0.752s] -- Up-to-date: /home/UMRobotics/new_ws/install/moveit_ros_visualization/share/moveit_ros_visualization/planning_scene_rviz_plugin_description.xml
[0.752s] -- Up-to-date: /home/UMRobotics/new_ws/install/moveit_ros_visualization/share/moveit_ros_visualization/robot_state_rviz_plugin_description.xml
[0.752s] -- Up-to-date: /home/UMRobotics/new_ws/install/moveit_ros_visualization/lib/libmoveit_motion_planning_rviz_plugin.so.2.12.3
[0.752s] -- Up-to-date: /home/UMRobotics/new_ws/install/moveit_ros_visualization/lib/libmoveit_motion_planning_rviz_plugin.so
[0.752s] -- Up-to-date: /home/UMRobotics/new_ws/install/moveit_ros_visualization/lib/libmoveit_motion_planning_rviz_plugin_core.so.2.12.3
[0.752s] -- Up-to-date: /home/UMRobotics/new_ws/install/moveit_ros_visualization/lib/libmoveit_motion_planning_rviz_plugin_core.so
[0.752s] -- Up-to-date: /home/UMRobotics/new_ws/install/moveit_ros_visualization/lib/libmoveit_planning_scene_rviz_plugin.so.2.12.3
[0.752s] -- Up-to-date: /home/UMRobotics/new_ws/install/moveit_ros_visualization/lib/libmoveit_planning_scene_rviz_plugin.so
[0.752s] -- Up-to-date: /home/UMRobotics/new_ws/install/moveit_ros_visualization/lib/libmoveit_planning_scene_rviz_plugin_core.so.2.12.3
[0.752s] -- Up-to-date: /home/UMRobotics/new_ws/install/moveit_ros_visualization/lib/libmoveit_planning_scene_rviz_plugin_core.so
[0.752s] -- Up-to-date: /home/UMRobotics/new_ws/install/moveit_ros_visualization/lib/libmoveit_robot_state_rviz_plugin.so.2.12.3
[0.753s] -- Up-to-date: /home/UMRobotics/new_ws/install/moveit_ros_visualization/lib/libmoveit_robot_state_rviz_plugin.so
[0.753s] -- Up-to-date: /home/UMRobotics/new_ws/install/moveit_ros_visualization/lib/libmoveit_robot_state_rviz_plugin_core.so.2.12.3
[0.753s] -- Up-to-date: /home/UMRobotics/new_ws/install/moveit_ros_visualization/lib/libmoveit_robot_state_rviz_plugin_core.so
[0.753s] -- Up-to-date: /home/UMRobotics/new_ws/install/moveit_ros_visualization/lib/libmoveit_rviz_plugin_render_tools.so.2.12.3
[0.753s] -- Up-to-date: /home/UMRobotics/new_ws/install/moveit_ros_visualization/lib/libmoveit_rviz_plugin_render_tools.so
[0.753s] -- Up-to-date: /home/UMRobotics/new_ws/install/moveit_ros_visualization/lib/libmoveit_trajectory_rviz_plugin.so.2.12.3
[0.753s] -- Up-to-date: /home/UMRobotics/new_ws/install/moveit_ros_visualization/lib/libmoveit_trajectory_rviz_plugin.so
[0.753s] -- Up-to-date: /home/UMRobotics/new_ws/install/moveit_ros_visualization/lib/libmoveit_trajectory_rviz_plugin_core.so.2.12.3
[0.753s] -- Up-to-date: /home/UMRobotics/new_ws/install/moveit_ros_visualization/lib/libmoveit_trajectory_rviz_plugin_core.so
[0.753s] -- Up-to-date: /home/UMRobotics/new_ws/install/moveit_ros_visualization/share/moveit_ros_visualization/environment/library_path.sh
[0.753s] -- Up-to-date: /home/UMRobotics/new_ws/install/moveit_ros_visualization/share/moveit_ros_visualization/environment/library_path.dsv
[0.753s] -- Up-to-date: /home/UMRobotics/new_ws/install/moveit_ros_visualization/share/ament_index/resource_index/package_run_dependencies/moveit_ros_visualization
[0.753s] -- Up-to-date: /home/UMRobotics/new_ws/install/moveit_ros_visualization/share/ament_index/resource_index/parent_prefix_path/moveit_ros_visualization
[0.753s] -- Up-to-date: /home/UMRobotics/new_ws/install/moveit_ros_visualization/share/moveit_ros_visualization/environment/ament_prefix_path.sh
[0.753s] -- Up-to-date: /home/UMRobotics/new_ws/install/moveit_ros_visualization/share/moveit_ros_visualization/environment/ament_prefix_path.dsv
[0.753s] -- Up-to-date: /home/UMRobotics/new_ws/install/moveit_ros_visualization/share/moveit_ros_visualization/environment/path.sh
[0.753s] -- Up-to-date: /home/UMRobotics/new_ws/install/moveit_ros_visualization/share/moveit_ros_visualization/environment/path.dsv
[0.753s] -- Up-to-date: /home/UMRobotics/new_ws/install/moveit_ros_visualization/share/moveit_ros_visualization/local_setup.bash
[0.754s] -- Up-to-date: /home/UMRobotics/new_ws/install/moveit_ros_visualization/share/moveit_ros_visualization/local_setup.sh
[0.754s] -- Up-to-date: /home/UMRobotics/new_ws/install/moveit_ros_visualization/share/moveit_ros_visualization/local_setup.zsh
[0.754s] -- Up-to-date: /home/UMRobotics/new_ws/install/moveit_ros_visualization/share/moveit_ros_visualization/local_setup.dsv
[0.754s] -- Installing: /home/UMRobotics/new_ws/install/moveit_ros_visualization/share/moveit_ros_visualization/package.dsv
[0.754s] -- Up-to-date: /home/UMRobotics/new_ws/install/moveit_ros_visualization/share/ament_index/resource_index/packages/moveit_ros_visualization
[0.754s] -- Up-to-date: /home/UMRobotics/new_ws/install/moveit_ros_visualization/share/ament_index/resource_index/rviz_common__pluginlib__plugin/moveit_ros_visualization
[0.754s] -- Up-to-date: /home/UMRobotics/new_ws/install/moveit_ros_visualization/share/moveit_ros_visualization/cmake/moveit_ros_visualizationTargetsExport.cmake
[0.754s] -- Up-to-date: /home/UMRobotics/new_ws/install/moveit_ros_visualization/share/moveit_ros_visualization/cmake/moveit_ros_visualizationTargetsExport-release.cmake
[0.754s] -- Up-to-date: /home/UMRobotics/new_ws/install/moveit_ros_visualization/share/moveit_ros_visualization/cmake/ConfigExtras.cmake
[0.754s] -- Up-to-date: /home/UMRobotics/new_ws/install/moveit_ros_visualization/share/moveit_ros_visualization/cmake/ament_cmake_export_targets-extras.cmake
[0.754s] -- Up-to-date: /home/UMRobotics/new_ws/install/moveit_ros_visualization/share/moveit_ros_visualization/cmake/ament_cmake_export_dependencies-extras.cmake
[0.754s] -- Up-to-date: /home/UMRobotics/new_ws/install/moveit_ros_visualization/share/moveit_ros_visualization/cmake/moveit_ros_visualizationConfig.cmake
[0.754s] -- Up-to-date: /home/UMRobotics/new_ws/install/moveit_ros_visualization/share/moveit_ros_visualization/cmake/moveit_ros_visualizationConfig-version.cmake
[0.754s] -- Up-to-date: /home/UMRobotics/new_ws/install/moveit_ros_visualization/share/moveit_ros_visualization/package.xml
[0.755s] Invoked command in '/home/UMRobotics/new_ws/build/moveit_ros_visualization' returned '0': AMENT_PREFIX_PATH=/home/UMRobotics/new_ws/install/moveit_ros_planning_interface:/home/UMRobotics/new_ws/install/moveit_ros_move_group:/home/UMRobotics/new_ws/install/moveit_ros_warehouse:/home/UMRobotics/new_ws/install/moveit_ros_robot_interaction:/home/UMRobotics/new_ws/install/moveit_kinematics:/home/UMRobotics/new_ws/install/moveit_ros_planning:/home/UMRobotics/new_ws/install/moveit_simple_controller_manager:/home/UMRobotics/new_ws/install/moveit_ros_occupancy_map_monitor:/home/UMRobotics/new_ws/install/moveit_core:/home/UMRobotics/new_ws/install/moveit_configs_utils:/home/UMRobotics/new_ws/install/moveit_common:${AMENT_PREFIX_PATH} CMAKE_PREFIX_PATH=/home/UMRobotics/new_ws/install/moveit_ros_planning_interface:/home/UMRobotics/new_ws/install/moveit_ros_move_group:/home/UMRobotics/new_ws/install/moveit_ros_warehouse:/home/UMRobotics/new_ws/install/moveit_ros_robot_interaction:/home/UMRobotics/new_ws/install/moveit_kinematics:/home/UMRobotics/new_ws/install/moveit_ros_planning:/home/UMRobotics/new_ws/install/moveit_simple_controller_manager:/home/UMRobotics/new_ws/install/moveit_ros_occupancy_map_monitor:/home/UMRobotics/new_ws/install/moveit_core:/home/UMRobotics/new_ws/install/moveit_common:/home/UMRobotics/moveit_ws/install/robotiq_hardware_tests:/home/UMRobotics/moveit_ws/install/robotiq_driver:/home/UMRobotics/moveit_ws/install/serial:/home/UMRobotics/moveit_ws/install/rviz_visual_tools:/home/UMRobotics/moveit_ws/install/rviz_marker_tools:/home/UMRobotics/moveit_ws/install/kortex_bringup:/home/UMRobotics/moveit_ws/install/kortex_description:/home/UMRobotics/moveit_ws/install/robotiq_description:/home/UMRobotics/moveit_ws/install/robotiq_controllers:/home/UMRobotics/moveit_ws/install/pilz_industrial_motion_planner_testutils:/home/UMRobotics/moveit_ws/install/pick_ik:/home/UMRobotics/moveit_ws/install/moveit_task_constructor_msgs:/home/UMRobotics/moveit_ws/install/moveit_ros_control_interface:/home/UMRobotics/moveit_ws/install/moveit_plugins:/home/UMRobotics/moveit_ws/install/moveit_simple_controller_manager:/home/UMRobotics/moveit_ws/install/moveit_ros_occupancy_map_monitor:/home/UMRobotics/moveit_ws/install/moveit_resources_prbt_support:/home/UMRobotics/moveit_ws/install/moveit_resources_prbt_ikfast_manipulator_plugin:/home/UMRobotics/moveit_ws/install/moveit_resources:/home/UMRobotics/moveit_ws/install/moveit_resources_pr2_description:/home/UMRobotics/moveit_ws/install/moveit_resources_panda_moveit_config:/home/UMRobotics/moveit_ws/install/dual_arm_panda_moveit_config:/home/UMRobotics/moveit_ws/install/moveit_resources_panda_description:/home/UMRobotics/moveit_ws/install/moveit_resources_fanuc_moveit_config:/home/UMRobotics/moveit_ws/install/moveit_resources_fanuc_description:/home/UMRobotics/moveit_ws/install/moveit_planners_stomp:/home/UMRobotics/moveit_ws/install/chomp_motion_planner:/home/UMRobotics/moveit_ws/install/moveit_core:/home/UMRobotics/moveit_ws/install/moveit_msgs:/home/UMRobotics/moveit_ws/install/moveit_common:/home/UMRobotics/moveit_ws/install/kortex_driver:/home/UMRobotics/moveit_ws/install/kortex_api:/opt/ros/jazzy/opt/gz_sim_vendor:/opt/ros/jazzy/opt/gz_sensors_vendor:/opt/ros/jazzy/opt/gz_physics_vendor:/opt/ros/jazzy/opt/sdformat_vendor:/opt/ros/jazzy/opt/gz_gui_vendor:/opt/ros/jazzy/opt/gz_transport_vendor:/opt/ros/jazzy/opt/gz_rendering_vendor:/opt/ros/jazzy/opt/gz_plugin_vendor:/opt/ros/jazzy/opt/gz_fuel_tools_vendor:/opt/ros/jazzy/opt/gz_msgs_vendor:/opt/ros/jazzy/opt/gz_common_vendor:/opt/ros/jazzy/opt/gz_math_vendor:/opt/ros/jazzy/opt/gz_utils_vendor:/opt/ros/jazzy/opt/gz_tools_vendor:/opt/ros/jazzy/opt/gz_ogre_next_vendor:/opt/ros/jazzy/opt/gz_dartsim_vendor:/opt/ros/jazzy/opt/gz_cmake_vendor:/home/UMRobotics/moveit_ws/install/moveit_configs_utils:/opt/ros/jazzy DEBUGINFOD_URLS=https://debuginfod.ubuntu.com LD_LIBRARY_PATH=/home/UMRobotics/new_ws/install/moveit_ros_planning_interface/lib:/home/UMRobotics/new_ws/install/moveit_ros_move_group/lib:/home/UMRobotics/new_ws/install/moveit_ros_warehouse/lib:/home/UMRobotics/new_ws/install/moveit_ros_robot_interaction/lib:/home/UMRobotics/new_ws/install/moveit_kinematics/lib:/home/UMRobotics/new_ws/install/moveit_ros_planning/lib:/home/UMRobotics/new_ws/install/moveit_simple_controller_manager/lib:/home/UMRobotics/new_ws/install/moveit_ros_occupancy_map_monitor/lib:/home/UMRobotics/new_ws/install/moveit_core/lib:/home/UMRobotics/moveit_ws/install/robotiq_driver/lib:/home/UMRobotics/moveit_ws/install/serial/lib:/home/UMRobotics/moveit_ws/install/rviz_visual_tools/lib:/home/UMRobotics/moveit_ws/install/rviz_marker_tools/lib:/home/UMRobotics/moveit_ws/install/robotiq_controllers/lib:/home/UMRobotics/moveit_ws/install/pilz_industrial_motion_planner_testutils/lib:/home/UMRobotics/moveit_ws/install/pick_ik/lib:/home/UMRobotics/moveit_ws/install/moveit_task_constructor_msgs/lib:/home/UMRobotics/moveit_ws/install/moveit_ros_control_interface/lib:/home/UMRobotics/moveit_ws/install/moveit_simple_controller_manager/lib:/home/UMRobotics/moveit_ws/install/moveit_ros_occupancy_map_monitor/lib:/home/UMRobotics/moveit_ws/install/moveit_resources_prbt_ikfast_manipulator_plugin/lib:/home/UMRobotics/moveit_ws/install/moveit_planners_stomp/lib:/home/UMRobotics/moveit_ws/install/chomp_motion_planner/lib:/home/UMRobotics/moveit_ws/install/moveit_core/lib:/home/UMRobotics/moveit_ws/install/moveit_msgs/lib:/home/UMRobotics/moveit_ws/install/kortex_driver/lib:/opt/ros/jazzy/opt/gz_sim_vendor/lib:/opt/ros/jazzy/opt/gz_sensors_vendor/lib:/opt/ros/jazzy/opt/gz_physics_vendor/lib:/opt/ros/jazzy/opt/sdformat_vendor/lib:/opt/ros/jazzy/opt/rviz_ogre_vendor/lib:/opt/ros/jazzy/lib/x86_64-linux-gnu:/opt/ros/jazzy/opt/gz_gui_vendor/lib:/opt/ros/jazzy/opt/gz_transport_vendor/lib:/opt/ros/jazzy/opt/gz_rendering_vendor/lib:/opt/ros/jazzy/opt/gz_plugin_vendor/lib:/opt/ros/jazzy/opt/gz_fuel_tools_vendor/lib:/opt/ros/jazzy/opt/gz_msgs_vendor/lib:/opt/ros/jazzy/opt/gz_common_vendor/lib:/opt/ros/jazzy/opt/gz_math_vendor/lib:/opt/ros/jazzy/opt/gz_utils_vendor/lib:/opt/ros/jazzy/opt/gz_tools_vendor/lib:/opt/ros/jazzy/opt/gz_ogre_next_vendor/lib:/opt/ros/jazzy/opt/gz_dartsim_vendor/lib:/opt/ros/jazzy/opt/gz_cmake_vendor/lib:/opt/ros/jazzy/lib:/usr/local/cuda/lib64 PATH=/home/UMRobotics/new_ws/install/moveit_core/bin:${PATH} PYTHONPATH=/home/UMRobotics/new_ws/install/moveit_configs_utils/lib/python3.12/site-packages:${PYTHONPATH} /usr/bin/cmake --install /home/UMRobotics/new_ws/build/moveit_ros_visualization
