running egg_info
creating ../../../build/tf2_ros_py/tf2_ros_py.egg-info
writing ../../../build/tf2_ros_py/tf2_ros_py.egg-info/PKG-INFO
writing dependency_links to ../../../build/tf2_ros_py/tf2_ros_py.egg-info/dependency_links.txt
writing requirements to ../../../build/tf2_ros_py/tf2_ros_py.egg-info/requires.txt
writing top-level names to ../../../build/tf2_ros_py/tf2_ros_py.egg-info/top_level.txt
writing manifest file '../../../build/tf2_ros_py/tf2_ros_py.egg-info/SOURCES.txt'
reading manifest file '../../../build/tf2_ros_py/tf2_ros_py.egg-info/SOURCES.txt'
writing manifest file '../../../build/tf2_ros_py/tf2_ros_py.egg-info/SOURCES.txt'
running build
running build_py
creating /home/UMRobotics/new_ws/build/tf2_ros_py/build
creating /home/UMRobotics/new_ws/build/tf2_ros_py/build/lib
creating /home/UMRobotics/new_ws/build/tf2_ros_py/build/lib/tf2_ros
copying tf2_ros/buffer_interface.py -> /home/UMRobotics/new_ws/build/tf2_ros_py/build/lib/tf2_ros
copying tf2_ros/transform_broadcaster.py -> /home/UMRobotics/new_ws/build/tf2_ros_py/build/lib/tf2_ros
copying tf2_ros/static_transform_broadcaster.py -> /home/UMRobotics/new_ws/build/tf2_ros_py/build/lib/tf2_ros
copying tf2_ros/__init__.py -> /home/UMRobotics/new_ws/build/tf2_ros_py/build/lib/tf2_ros
copying tf2_ros/transform_listener.py -> /home/UMRobotics/new_ws/build/tf2_ros_py/build/lib/tf2_ros
copying tf2_ros/buffer_client.py -> /home/UMRobotics/new_ws/build/tf2_ros_py/build/lib/tf2_ros
copying tf2_ros/buffer.py -> /home/UMRobotics/new_ws/build/tf2_ros_py/build/lib/tf2_ros
running install
running install_lib
creating /home/UMRobotics/new_ws/install/tf2_ros_py/lib/python3.12/site-packages/tf2_ros
copying /home/UMRobotics/new_ws/build/tf2_ros_py/build/lib/tf2_ros/buffer_interface.py -> /home/UMRobotics/new_ws/install/tf2_ros_py/lib/python3.12/site-packages/tf2_ros
copying /home/UMRobotics/new_ws/build/tf2_ros_py/build/lib/tf2_ros/transform_broadcaster.py -> /home/UMRobotics/new_ws/install/tf2_ros_py/lib/python3.12/site-packages/tf2_ros
copying /home/UMRobotics/new_ws/build/tf2_ros_py/build/lib/tf2_ros/static_transform_broadcaster.py -> /home/UMRobotics/new_ws/install/tf2_ros_py/lib/python3.12/site-packages/tf2_ros
copying /home/UMRobotics/new_ws/build/tf2_ros_py/build/lib/tf2_ros/__init__.py -> /home/UMRobotics/new_ws/install/tf2_ros_py/lib/python3.12/site-packages/tf2_ros
copying /home/UMRobotics/new_ws/build/tf2_ros_py/build/lib/tf2_ros/transform_listener.py -> /home/UMRobotics/new_ws/install/tf2_ros_py/lib/python3.12/site-packages/tf2_ros
copying /home/UMRobotics/new_ws/build/tf2_ros_py/build/lib/tf2_ros/buffer_client.py -> /home/UMRobotics/new_ws/install/tf2_ros_py/lib/python3.12/site-packages/tf2_ros
copying /home/UMRobotics/new_ws/build/tf2_ros_py/build/lib/tf2_ros/buffer.py -> /home/UMRobotics/new_ws/install/tf2_ros_py/lib/python3.12/site-packages/tf2_ros
byte-compiling /home/UMRobotics/new_ws/install/tf2_ros_py/lib/python3.12/site-packages/tf2_ros/buffer_interface.py to buffer_interface.cpython-312.pyc
byte-compiling /home/UMRobotics/new_ws/install/tf2_ros_py/lib/python3.12/site-packages/tf2_ros/transform_broadcaster.py to transform_broadcaster.cpython-312.pyc
byte-compiling /home/UMRobotics/new_ws/install/tf2_ros_py/lib/python3.12/site-packages/tf2_ros/static_transform_broadcaster.py to static_transform_broadcaster.cpython-312.pyc
byte-compiling /home/UMRobotics/new_ws/install/tf2_ros_py/lib/python3.12/site-packages/tf2_ros/__init__.py to __init__.cpython-312.pyc
byte-compiling /home/UMRobotics/new_ws/install/tf2_ros_py/lib/python3.12/site-packages/tf2_ros/transform_listener.py to transform_listener.cpython-312.pyc
byte-compiling /home/UMRobotics/new_ws/install/tf2_ros_py/lib/python3.12/site-packages/tf2_ros/buffer_client.py to buffer_client.cpython-312.pyc
byte-compiling /home/UMRobotics/new_ws/install/tf2_ros_py/lib/python3.12/site-packages/tf2_ros/buffer.py to buffer.cpython-312.pyc
running install_data
creating /home/UMRobotics/new_ws/install/tf2_ros_py/share/ament_index
creating /home/UMRobotics/new_ws/install/tf2_ros_py/share/ament_index/resource_index
creating /home/UMRobotics/new_ws/install/tf2_ros_py/share/ament_index/resource_index/packages
copying resource/tf2_ros_py -> /home/UMRobotics/new_ws/install/tf2_ros_py/share/ament_index/resource_index/packages
copying package.xml -> /home/UMRobotics/new_ws/install/tf2_ros_py/share/tf2_ros_py
running install_egg_info
Copying ../../../build/tf2_ros_py/tf2_ros_py.egg-info to /home/UMRobotics/new_ws/install/tf2_ros_py/lib/python3.12/site-packages/tf2_ros_py-0.36.11-py3.12.egg-info
running install_scripts
writing list of installed files to '/home/UMRobotics/new_ws/build/tf2_ros_py/install.log'
