[1.434s] Invoking command in '/home/UMRobotics/new_ws/src/geometry2/tf2_ros_py': AMENT_PREFIX_PATH=/home/UMRobotics/new_ws/install/tf2_py:/home/UMRobotics/new_ws/install/tf2_msgs:/home/UMRobotics/new_ws/install/tf2:${AMENT_PREFIX_PATH} CMAKE_PREFIX_PATH=/home/UMRobotics/new_ws/install/tf2_py:/home/UMRobotics/new_ws/install/tf2_msgs:/home/UMRobotics/new_ws/install/tf2:${CMAKE_PREFIX_PATH} DEBUGINFOD_URLS=https://debuginfod.ubuntu.com LD_LIBRARY_PATH=/home/UMRobotics/new_ws/install/tf2_msgs/lib:/home/UMRobotics/new_ws/install/tf2/lib:/home/UMRobotics/moveit_ws/install/robotiq_driver/lib:/home/UMRobotics/moveit_ws/install/serial/lib:/home/UMRobotics/moveit_ws/install/rviz_visual_tools/lib:/home/UMRobotics/moveit_ws/install/rviz_marker_tools/lib:/home/UMRobotics/moveit_ws/install/robotiq_controllers/lib:/home/UMRobotics/moveit_ws/install/pilz_industrial_motion_planner_testutils/lib:/home/UMRobotics/moveit_ws/install/pick_ik/lib:/home/UMRobotics/moveit_ws/install/moveit_task_constructor_msgs/lib:/home/UMRobotics/moveit_ws/install/moveit_ros_control_interface/lib:/home/UMRobotics/moveit_ws/install/moveit_simple_controller_manager/lib:/home/UMRobotics/moveit_ws/install/moveit_ros_occupancy_map_monitor/lib:/home/UMRobotics/moveit_ws/install/moveit_resources_prbt_ikfast_manipulator_plugin/lib:/home/UMRobotics/moveit_ws/install/moveit_planners_stomp/lib:/home/UMRobotics/moveit_ws/install/chomp_motion_planner/lib:/home/UMRobotics/moveit_ws/install/moveit_core/lib:/home/UMRobotics/moveit_ws/install/moveit_msgs/lib:/home/UMRobotics/moveit_ws/install/kortex_driver/lib:/opt/ros/jazzy/opt/gz_sim_vendor/lib:/opt/ros/jazzy/opt/gz_sensors_vendor/lib:/opt/ros/jazzy/opt/gz_physics_vendor/lib:/opt/ros/jazzy/opt/sdformat_vendor/lib:/opt/ros/jazzy/opt/rviz_ogre_vendor/lib:/opt/ros/jazzy/lib/x86_64-linux-gnu:/opt/ros/jazzy/opt/gz_gui_vendor/lib:/opt/ros/jazzy/opt/gz_transport_vendor/lib:/opt/ros/jazzy/opt/gz_rendering_vendor/lib:/opt/ros/jazzy/opt/gz_plugin_vendor/lib:/opt/ros/jazzy/opt/gz_fuel_tools_vendor/lib:/opt/ros/jazzy/opt/gz_msgs_vendor/lib:/opt/ros/jazzy/opt/gz_common_vendor/lib:/opt/ros/jazzy/opt/gz_math_vendor/lib:/opt/ros/jazzy/opt/gz_utils_vendor/lib:/opt/ros/jazzy/opt/gz_tools_vendor/lib:/opt/ros/jazzy/opt/gz_ogre_next_vendor/lib:/opt/ros/jazzy/opt/gz_dartsim_vendor/lib:/opt/ros/jazzy/opt/gz_cmake_vendor/lib:/opt/ros/jazzy/lib:/usr/local/cuda/lib64 PYTHONPATH=/home/UMRobotics/new_ws/build/tf2_ros_py/prefix_override:/usr/lib/python3/dist-packages/colcon_core/task/python/colcon_distutils_commands:/home/UMRobotics/new_ws/install/tf2_ros_py/lib/python3.12/site-packages:/home/UMRobotics/new_ws/install/tf2_py/lib/python3.12/site-packages:/home/UMRobotics/new_ws/install/tf2_msgs/lib/python3.12/site-packages:${PYTHONPATH} /usr/bin/python3 -W ignore:setup.py install is deprecated -W ignore:easy_install command is deprecated setup.py egg_info --egg-base ../../../build/tf2_ros_py build --build-base /home/UMRobotics/new_ws/build/tf2_ros_py/build install --record /home/UMRobotics/new_ws/build/tf2_ros_py/install.log --single-version-externally-managed install_data
[1.789s] running egg_info
[1.789s] creating ../../../build/tf2_ros_py/tf2_ros_py.egg-info
[1.818s] writing ../../../build/tf2_ros_py/tf2_ros_py.egg-info/PKG-INFO
[1.818s] writing dependency_links to ../../../build/tf2_ros_py/tf2_ros_py.egg-info/dependency_links.txt
[1.818s] writing requirements to ../../../build/tf2_ros_py/tf2_ros_py.egg-info/requires.txt
[1.818s] writing top-level names to ../../../build/tf2_ros_py/tf2_ros_py.egg-info/top_level.txt
[1.818s] writing manifest file '../../../build/tf2_ros_py/tf2_ros_py.egg-info/SOURCES.txt'
[1.877s] reading manifest file '../../../build/tf2_ros_py/tf2_ros_py.egg-info/SOURCES.txt'
[1.878s] writing manifest file '../../../build/tf2_ros_py/tf2_ros_py.egg-info/SOURCES.txt'
[1.878s] running build
[1.878s] running build_py
[1.878s] creating /home/UMRobotics/new_ws/build/tf2_ros_py/build
[1.878s] creating /home/UMRobotics/new_ws/build/tf2_ros_py/build/lib
[1.878s] creating /home/UMRobotics/new_ws/build/tf2_ros_py/build/lib/tf2_ros
[1.879s] copying tf2_ros/buffer_interface.py -> /home/UMRobotics/new_ws/build/tf2_ros_py/build/lib/tf2_ros
[1.879s] copying tf2_ros/transform_broadcaster.py -> /home/UMRobotics/new_ws/build/tf2_ros_py/build/lib/tf2_ros
[1.879s] copying tf2_ros/static_transform_broadcaster.py -> /home/UMRobotics/new_ws/build/tf2_ros_py/build/lib/tf2_ros
[1.879s] copying tf2_ros/__init__.py -> /home/UMRobotics/new_ws/build/tf2_ros_py/build/lib/tf2_ros
[1.879s] copying tf2_ros/transform_listener.py -> /home/UMRobotics/new_ws/build/tf2_ros_py/build/lib/tf2_ros
[1.879s] copying tf2_ros/buffer_client.py -> /home/UMRobotics/new_ws/build/tf2_ros_py/build/lib/tf2_ros
[1.879s] copying tf2_ros/buffer.py -> /home/UMRobotics/new_ws/build/tf2_ros_py/build/lib/tf2_ros
[1.879s] running install
[1.886s] running install_lib
[1.916s] creating /home/UMRobotics/new_ws/install/tf2_ros_py/lib/python3.12/site-packages/tf2_ros
[1.916s] copying /home/UMRobotics/new_ws/build/tf2_ros_py/build/lib/tf2_ros/buffer_interface.py -> /home/UMRobotics/new_ws/install/tf2_ros_py/lib/python3.12/site-packages/tf2_ros
[1.916s] copying /home/UMRobotics/new_ws/build/tf2_ros_py/build/lib/tf2_ros/transform_broadcaster.py -> /home/UMRobotics/new_ws/install/tf2_ros_py/lib/python3.12/site-packages/tf2_ros
[1.916s] copying /home/UMRobotics/new_ws/build/tf2_ros_py/build/lib/tf2_ros/static_transform_broadcaster.py -> /home/UMRobotics/new_ws/install/tf2_ros_py/lib/python3.12/site-packages/tf2_ros
[1.916s] copying /home/UMRobotics/new_ws/build/tf2_ros_py/build/lib/tf2_ros/__init__.py -> /home/UMRobotics/new_ws/install/tf2_ros_py/lib/python3.12/site-packages/tf2_ros
[1.916s] copying /home/UMRobotics/new_ws/build/tf2_ros_py/build/lib/tf2_ros/transform_listener.py -> /home/UMRobotics/new_ws/install/tf2_ros_py/lib/python3.12/site-packages/tf2_ros
[1.917s] copying /home/UMRobotics/new_ws/build/tf2_ros_py/build/lib/tf2_ros/buffer_client.py -> /home/UMRobotics/new_ws/install/tf2_ros_py/lib/python3.12/site-packages/tf2_ros
[1.917s] copying /home/UMRobotics/new_ws/build/tf2_ros_py/build/lib/tf2_ros/buffer.py -> /home/UMRobotics/new_ws/install/tf2_ros_py/lib/python3.12/site-packages/tf2_ros
[1.917s] byte-compiling /home/UMRobotics/new_ws/install/tf2_ros_py/lib/python3.12/site-packages/tf2_ros/buffer_interface.py to buffer_interface.cpython-312.pyc
[1.919s] byte-compiling /home/UMRobotics/new_ws/install/tf2_ros_py/lib/python3.12/site-packages/tf2_ros/transform_broadcaster.py to transform_broadcaster.cpython-312.pyc
[1.919s] byte-compiling /home/UMRobotics/new_ws/install/tf2_ros_py/lib/python3.12/site-packages/tf2_ros/static_transform_broadcaster.py to static_transform_broadcaster.cpython-312.pyc
[1.919s] byte-compiling /home/UMRobotics/new_ws/install/tf2_ros_py/lib/python3.12/site-packages/tf2_ros/__init__.py to __init__.cpython-312.pyc
[1.919s] byte-compiling /home/UMRobotics/new_ws/install/tf2_ros_py/lib/python3.12/site-packages/tf2_ros/transform_listener.py to transform_listener.cpython-312.pyc
[1.920s] byte-compiling /home/UMRobotics/new_ws/install/tf2_ros_py/lib/python3.12/site-packages/tf2_ros/buffer_client.py to buffer_client.cpython-312.pyc
[1.922s] byte-compiling /home/UMRobotics/new_ws/install/tf2_ros_py/lib/python3.12/site-packages/tf2_ros/buffer.py to buffer.cpython-312.pyc
[1.924s] running install_data
[1.925s] creating /home/UMRobotics/new_ws/install/tf2_ros_py/share/ament_index
[1.925s] creating /home/UMRobotics/new_ws/install/tf2_ros_py/share/ament_index/resource_index
[1.925s] creating /home/UMRobotics/new_ws/install/tf2_ros_py/share/ament_index/resource_index/packages
[1.925s] copying resource/tf2_ros_py -> /home/UMRobotics/new_ws/install/tf2_ros_py/share/ament_index/resource_index/packages
[1.925s] copying package.xml -> /home/UMRobotics/new_ws/install/tf2_ros_py/share/tf2_ros_py
[1.925s] running install_egg_info
[1.958s] Copying ../../../build/tf2_ros_py/tf2_ros_py.egg-info to /home/UMRobotics/new_ws/install/tf2_ros_py/lib/python3.12/site-packages/tf2_ros_py-0.36.11-py3.12.egg-info
[1.959s] running install_scripts
[2.132s] writing list of installed files to '/home/UMRobotics/new_ws/build/tf2_ros_py/install.log'
[2.190s] Invoked command in '/home/UMRobotics/new_ws/src/geometry2/tf2_ros_py' returned '0': AMENT_PREFIX_PATH=/home/UMRobotics/new_ws/install/tf2_py:/home/UMRobotics/new_ws/install/tf2_msgs:/home/UMRobotics/new_ws/install/tf2:${AMENT_PREFIX_PATH} CMAKE_PREFIX_PATH=/home/UMRobotics/new_ws/install/tf2_py:/home/UMRobotics/new_ws/install/tf2_msgs:/home/UMRobotics/new_ws/install/tf2:${CMAKE_PREFIX_PATH} DEBUGINFOD_URLS=https://debuginfod.ubuntu.com LD_LIBRARY_PATH=/home/UMRobotics/new_ws/install/tf2_msgs/lib:/home/UMRobotics/new_ws/install/tf2/lib:/home/UMRobotics/moveit_ws/install/robotiq_driver/lib:/home/UMRobotics/moveit_ws/install/serial/lib:/home/UMRobotics/moveit_ws/install/rviz_visual_tools/lib:/home/UMRobotics/moveit_ws/install/rviz_marker_tools/lib:/home/UMRobotics/moveit_ws/install/robotiq_controllers/lib:/home/UMRobotics/moveit_ws/install/pilz_industrial_motion_planner_testutils/lib:/home/UMRobotics/moveit_ws/install/pick_ik/lib:/home/UMRobotics/moveit_ws/install/moveit_task_constructor_msgs/lib:/home/UMRobotics/moveit_ws/install/moveit_ros_control_interface/lib:/home/UMRobotics/moveit_ws/install/moveit_simple_controller_manager/lib:/home/UMRobotics/moveit_ws/install/moveit_ros_occupancy_map_monitor/lib:/home/UMRobotics/moveit_ws/install/moveit_resources_prbt_ikfast_manipulator_plugin/lib:/home/UMRobotics/moveit_ws/install/moveit_planners_stomp/lib:/home/UMRobotics/moveit_ws/install/chomp_motion_planner/lib:/home/UMRobotics/moveit_ws/install/moveit_core/lib:/home/UMRobotics/moveit_ws/install/moveit_msgs/lib:/home/UMRobotics/moveit_ws/install/kortex_driver/lib:/opt/ros/jazzy/opt/gz_sim_vendor/lib:/opt/ros/jazzy/opt/gz_sensors_vendor/lib:/opt/ros/jazzy/opt/gz_physics_vendor/lib:/opt/ros/jazzy/opt/sdformat_vendor/lib:/opt/ros/jazzy/opt/rviz_ogre_vendor/lib:/opt/ros/jazzy/lib/x86_64-linux-gnu:/opt/ros/jazzy/opt/gz_gui_vendor/lib:/opt/ros/jazzy/opt/gz_transport_vendor/lib:/opt/ros/jazzy/opt/gz_rendering_vendor/lib:/opt/ros/jazzy/opt/gz_plugin_vendor/lib:/opt/ros/jazzy/opt/gz_fuel_tools_vendor/lib:/opt/ros/jazzy/opt/gz_msgs_vendor/lib:/opt/ros/jazzy/opt/gz_common_vendor/lib:/opt/ros/jazzy/opt/gz_math_vendor/lib:/opt/ros/jazzy/opt/gz_utils_vendor/lib:/opt/ros/jazzy/opt/gz_tools_vendor/lib:/opt/ros/jazzy/opt/gz_ogre_next_vendor/lib:/opt/ros/jazzy/opt/gz_dartsim_vendor/lib:/opt/ros/jazzy/opt/gz_cmake_vendor/lib:/opt/ros/jazzy/lib:/usr/local/cuda/lib64 PYTHONPATH=/home/UMRobotics/new_ws/build/tf2_ros_py/prefix_override:/usr/lib/python3/dist-packages/colcon_core/task/python/colcon_distutils_commands:/home/UMRobotics/new_ws/install/tf2_ros_py/lib/python3.12/site-packages:/home/UMRobotics/new_ws/install/tf2_py/lib/python3.12/site-packages:/home/UMRobotics/new_ws/install/tf2_msgs/lib/python3.12/site-packages:${PYTHONPATH} /usr/bin/python3 -W ignore:setup.py install is deprecated -W ignore:easy_install command is deprecated setup.py egg_info --egg-base ../../../build/tf2_ros_py build --build-base /home/UMRobotics/new_ws/build/tf2_ros_py/build install --record /home/UMRobotics/new_ws/build/tf2_ros_py/install.log --single-version-externally-managed install_data
