[0.010s] Invoking command in '/home/UMRobotics/new_ws/build/moveit_common': CMAKE_PREFIX_PATH=${CMAKE_PREFIX_PATH}:/home/UMRobotics/new_ws/install/moveit_configs_utils:/home/UMRobotics/moveit_ws/install/moveit_configs_utils:/opt/ros/jazzy DEBUGINFOD_URLS=https://debuginfod.ubuntu.com /usr/bin/cmake /home/UMRobotics/new_ws/src/moveit2/moveit_common -DCMAKE_INSTALL_PREFIX=/home/UMRobotics/new_ws/install/moveit_common
[0.035s] -- Found ament_cmake: 2.5.4 (/opt/ros/jazzy/share/ament_cmake/cmake)
[0.189s] -- Found Python3: /home/UMRobotics/.local/bin/python3 (found version "3.12.3") found components: Interpreter 
[0.343s] -- Configuring done (0.3s)
[0.344s] -- Generating done (0.0s)
[0.345s] -- Build files have been written to: /home/UMRobotics/new_ws/build/moveit_common
[0.347s] Invoked command in '/home/UMRobotics/new_ws/build/moveit_common' returned '0': CMAKE_PREFIX_PATH=${CMAKE_PREFIX_PATH}:/home/UMRobotics/new_ws/install/moveit_configs_utils:/home/UMRobotics/moveit_ws/install/moveit_configs_utils:/opt/ros/jazzy DEBUGINFOD_URLS=https://debuginfod.ubuntu.com /usr/bin/cmake /home/UMRobotics/new_ws/src/moveit2/moveit_common -DCMAKE_INSTALL_PREFIX=/home/UMRobotics/new_ws/install/moveit_common
[0.348s] Invoking command in '/home/UMRobotics/new_ws/build/moveit_common': CMAKE_PREFIX_PATH=${CMAKE_PREFIX_PATH}:/home/UMRobotics/new_ws/install/moveit_configs_utils:/home/UMRobotics/moveit_ws/install/moveit_configs_utils:/opt/ros/jazzy DEBUGINFOD_URLS=https://debuginfod.ubuntu.com /usr/bin/cmake --build /home/UMRobotics/new_ws/build/moveit_common -- -j16 -l16
[0.379s] Invoked command in '/home/UMRobotics/new_ws/build/moveit_common' returned '0': CMAKE_PREFIX_PATH=${CMAKE_PREFIX_PATH}:/home/UMRobotics/new_ws/install/moveit_configs_utils:/home/UMRobotics/moveit_ws/install/moveit_configs_utils:/opt/ros/jazzy DEBUGINFOD_URLS=https://debuginfod.ubuntu.com /usr/bin/cmake --build /home/UMRobotics/new_ws/build/moveit_common -- -j16 -l16
[0.387s] Invoking command in '/home/UMRobotics/new_ws/build/moveit_common': CMAKE_PREFIX_PATH=${CMAKE_PREFIX_PATH}:/home/UMRobotics/new_ws/install/moveit_configs_utils:/home/UMRobotics/moveit_ws/install/moveit_configs_utils:/opt/ros/jazzy DEBUGINFOD_URLS=https://debuginfod.ubuntu.com /usr/bin/cmake --install /home/UMRobotics/new_ws/build/moveit_common
[0.393s] -- Install configuration: ""
[0.393s] -- Installing: /home/UMRobotics/new_ws/install/moveit_common/share/ament_index/resource_index/package_run_dependencies/moveit_common
[0.394s] -- Installing: /home/UMRobotics/new_ws/install/moveit_common/share/ament_index/resource_index/parent_prefix_path/moveit_common
[0.394s] -- Installing: /home/UMRobotics/new_ws/install/moveit_common/share/moveit_common/environment/ament_prefix_path.sh
[0.394s] -- Installing: /home/UMRobotics/new_ws/install/moveit_common/share/moveit_common/environment/ament_prefix_path.dsv
[0.394s] -- Installing: /home/UMRobotics/new_ws/install/moveit_common/share/moveit_common/environment/path.sh
[0.394s] -- Installing: /home/UMRobotics/new_ws/install/moveit_common/share/moveit_common/environment/path.dsv
[0.394s] -- Installing: /home/UMRobotics/new_ws/install/moveit_common/share/moveit_common/local_setup.bash
[0.394s] -- Installing: /home/UMRobotics/new_ws/install/moveit_common/share/moveit_common/local_setup.sh
[0.394s] -- Installing: /home/UMRobotics/new_ws/install/moveit_common/share/moveit_common/local_setup.zsh
[0.394s] -- Installing: /home/UMRobotics/new_ws/install/moveit_common/share/moveit_common/local_setup.dsv
[0.394s] -- Installing: /home/UMRobotics/new_ws/install/moveit_common/share/moveit_common/package.dsv
[0.394s] -- Installing: /home/UMRobotics/new_ws/install/moveit_common/share/ament_index/resource_index/packages/moveit_common
[0.394s] -- Installing: /home/UMRobotics/new_ws/install/moveit_common/share/moveit_common/cmake/moveit_common-extras.cmake
[0.394s] -- Installing: /home/UMRobotics/new_ws/install/moveit_common/share/moveit_common/cmake/moveit_commonConfig.cmake
[0.394s] -- Installing: /home/UMRobotics/new_ws/install/moveit_common/share/moveit_common/cmake/moveit_commonConfig-version.cmake
[0.394s] -- Installing: /home/UMRobotics/new_ws/install/moveit_common/share/moveit_common/package.xml
[0.394s] -- Up-to-date: /home/UMRobotics/new_ws/install/moveit_common/share/moveit_common/cmake
[0.394s] -- Installing: /home/UMRobotics/new_ws/install/moveit_common/share/moveit_common/cmake/moveit_package.cmake
[0.396s] Invoked command in '/home/UMRobotics/new_ws/build/moveit_common' returned '0': CMAKE_PREFIX_PATH=${CMAKE_PREFIX_PATH}:/home/UMRobotics/new_ws/install/moveit_configs_utils:/home/UMRobotics/moveit_ws/install/moveit_configs_utils:/opt/ros/jazzy DEBUGINFOD_URLS=https://debuginfod.ubuntu.com /usr/bin/cmake --install /home/UMRobotics/new_ws/build/moveit_common
