[  4%] Built target gmock_main
[  4%] Built target gtest_main
[  7%] Built target gtest
[ 11%] Built target gmock
[ 13%] Built target cartesian_limits_parameters
[ 19%] Built target joint_limits_common
[ 22%] Built target planning_context_loader_base
[ 27%] Built target trajectory_generation_common
[ 29%] Built target unittest_joint_limits_validator
[ 32%] Built target unittest_joint_limit
[ 34%] Built target unittest_joint_limits_container
[ 37%] Built target unittest_joint_limits_aggregator
[ 39%] Built target pilz_industrial_motion_planner
[ 43%] Built target command_list_manager
[ 48%] Built target planning_context_loader_ptp
[ 54%] Built target pilz_industrial_motion_planner_test_utils
[ 55%] Built target planning_context_loader_lin
[ 59%] Built target unittest_velocity_profile_atrap
[ 64%] Built target planning_context_loader_circ
[ 69%] Built target unittest_get_solver_tip_frame
[ 69%] Built target unittest_pilz_industrial_motion_planner
[ 72%] Built target unittest_trajectory_generator
[ 75%] Built target unittest_pilz_industrial_motion_planner_direct
[ 77%] Built target unittest_trajectory_functions
[ 80%] Built target unittest_planning_context_loaders
[ 82%] Built target unittest_trajectory_generator_ptp
[ 86%] Built target unittest_trajectory_generator_lin
[ 87%] Built target unittest_trajectory_generator_common
[ 91%] Built target sequence_capability
[ 93%] Built target unittest_planning_context
[ 96%] Built target unittest_trajectory_generator_circ
[100%] Built target unittest_trajectory_blender_transition_window
