[0.231s] Invoking command in '/home/UMRobotics/new_ws/build/my_robot_cell_description': CMAKE_PREFIX_PATH=${CMAKE_PREFIX_PATH}:/home/UMRobotics/new_ws/install/moveit_configs_utils:/home/UMRobotics/moveit_ws/install/moveit_configs_utils:/opt/ros/jazzy DEBUGINFOD_URLS=https://debuginfod.ubuntu.com /usr/bin/cmake --build /home/UMRobotics/new_ws/build/my_robot_cell_description -- -j16 -l16
[0.304s] Invoked command in '/home/UMRobotics/new_ws/build/my_robot_cell_description' returned '0': CMAKE_PREFIX_PATH=${CMAKE_PREFIX_PATH}:/home/UMRobotics/new_ws/install/moveit_configs_utils:/home/UMRobotics/moveit_ws/install/moveit_configs_utils:/opt/ros/jazzy DEBUGINFOD_URLS=https://debuginfod.ubuntu.com /usr/bin/cmake --build /home/UMRobotics/new_ws/build/my_robot_cell_description -- -j16 -l16
[0.305s] Invoking command in '/home/UMRobotics/new_ws/build/my_robot_cell_description': CMAKE_PREFIX_PATH=${CMAKE_PREFIX_PATH}:/home/UMRobotics/new_ws/install/moveit_configs_utils:/home/UMRobotics/moveit_ws/install/moveit_configs_utils:/opt/ros/jazzy DEBUGINFOD_URLS=https://debuginfod.ubuntu.com /usr/bin/cmake --install /home/UMRobotics/new_ws/build/my_robot_cell_description
[0.333s] -- Install configuration: ""
[0.333s] -- Up-to-date: /home/UMRobotics/new_ws/install/my_robot_cell_description/share/ament_index/resource_index/package_run_dependencies/my_robot_cell_description
[0.333s] -- Up-to-date: /home/UMRobotics/new_ws/install/my_robot_cell_description/share/ament_index/resource_index/parent_prefix_path/my_robot_cell_description
[0.333s] -- Up-to-date: /home/UMRobotics/new_ws/install/my_robot_cell_description/share/my_robot_cell_description/environment/ament_prefix_path.sh
[0.333s] -- Up-to-date: /home/UMRobotics/new_ws/install/my_robot_cell_description/share/my_robot_cell_description/environment/ament_prefix_path.dsv
[0.333s] -- Up-to-date: /home/UMRobotics/new_ws/install/my_robot_cell_description/share/my_robot_cell_description/environment/path.sh
[0.334s] -- Up-to-date: /home/UMRobotics/new_ws/install/my_robot_cell_description/share/my_robot_cell_description/environment/path.dsv
[0.334s] -- Up-to-date: /home/UMRobotics/new_ws/install/my_robot_cell_description/share/my_robot_cell_description/local_setup.bash
[0.334s] -- Up-to-date: /home/UMRobotics/new_ws/install/my_robot_cell_description/share/my_robot_cell_description/local_setup.sh
[0.334s] -- Up-to-date: /home/UMRobotics/new_ws/install/my_robot_cell_description/share/my_robot_cell_description/local_setup.zsh
[0.334s] -- Up-to-date: /home/UMRobotics/new_ws/install/my_robot_cell_description/share/my_robot_cell_description/local_setup.dsv
[0.334s] -- Up-to-date: /home/UMRobotics/new_ws/install/my_robot_cell_description/share/my_robot_cell_description/package.dsv
[0.334s] -- Up-to-date: /home/UMRobotics/new_ws/install/my_robot_cell_description/share/ament_index/resource_index/packages/my_robot_cell_description
[0.334s] -- Up-to-date: /home/UMRobotics/new_ws/install/my_robot_cell_description/share/my_robot_cell_description/cmake/my_robot_cell_descriptionConfig.cmake
[0.334s] -- Up-to-date: /home/UMRobotics/new_ws/install/my_robot_cell_description/share/my_robot_cell_description/cmake/my_robot_cell_descriptionConfig-version.cmake
[0.334s] -- Up-to-date: /home/UMRobotics/new_ws/install/my_robot_cell_description/share/my_robot_cell_description/package.xml
[0.338s] Invoked command in '/home/UMRobotics/new_ws/build/my_robot_cell_description' returned '0': CMAKE_PREFIX_PATH=${CMAKE_PREFIX_PATH}:/home/UMRobotics/new_ws/install/moveit_configs_utils:/home/UMRobotics/moveit_ws/install/moveit_configs_utils:/opt/ros/jazzy DEBUGINFOD_URLS=https://debuginfod.ubuntu.com /usr/bin/cmake --install /home/UMRobotics/new_ws/build/my_robot_cell_description
