[0.027s] Invoking command in '/home/UMRobotics/new_ws/build/pilz_industrial_motion_planner': AMENT_PREFIX_PATH=/home/UMRobotics/new_ws/install/moveit_resources_prbt_pg70_support:/home/UMRobotics/new_ws/install/moveit_resources_prbt_moveit_config:/home/UMRobotics/new_ws/install/moveit_ros_move_group:/home/UMRobotics/new_ws/install/moveit_kinematics:/home/UMRobotics/new_ws/install/moveit_ros_planning:/home/UMRobotics/new_ws/install/pilz_industrial_motion_planner_testutils:/home/UMRobotics/new_ws/install/moveit_ros_occupancy_map_monitor:/home/UMRobotics/new_ws/install/moveit_resources_prbt_ikfast_manipulator_plugin:/home/UMRobotics/new_ws/install/moveit_core:/home/UMRobotics/new_ws/install/moveit_resources_prbt_support:/home/UMRobotics/new_ws/install/moveit_configs_utils:/home/UMRobotics/new_ws/install/moveit_common:${AMENT_PREFIX_PATH} CMAKE_PREFIX_PATH=/home/UMRobotics/new_ws/install/moveit_resources_prbt_pg70_support:/home/UMRobotics/new_ws/install/moveit_resources_prbt_moveit_config:/home/UMRobotics/new_ws/install/moveit_ros_move_group:/home/UMRobotics/new_ws/install/moveit_kinematics:/home/UMRobotics/new_ws/install/moveit_ros_planning:/home/UMRobotics/new_ws/install/pilz_industrial_motion_planner_testutils:/home/UMRobotics/new_ws/install/moveit_ros_occupancy_map_monitor:/home/UMRobotics/new_ws/install/moveit_resources_prbt_ikfast_manipulator_plugin:/home/UMRobotics/new_ws/install/moveit_core:/home/UMRobotics/new_ws/install/moveit_resources_prbt_support:/home/UMRobotics/new_ws/install/moveit_common:/home/UMRobotics/moveit_ws/install/robotiq_hardware_tests:/home/UMRobotics/moveit_ws/install/robotiq_driver:/home/UMRobotics/moveit_ws/install/serial:/home/UMRobotics/moveit_ws/install/rviz_visual_tools:/home/UMRobotics/moveit_ws/install/rviz_marker_tools:/home/UMRobotics/moveit_ws/install/kortex_bringup:/home/UMRobotics/moveit_ws/install/kortex_description:/home/UMRobotics/moveit_ws/install/robotiq_description:/home/UMRobotics/moveit_ws/install/robotiq_controllers:/home/UMRobotics/moveit_ws/install/pilz_industrial_motion_planner_testutils:/home/UMRobotics/moveit_ws/install/pick_ik:/home/UMRobotics/moveit_ws/install/moveit_task_constructor_msgs:/home/UMRobotics/moveit_ws/install/moveit_ros_control_interface:/home/UMRobotics/moveit_ws/install/moveit_plugins:/home/UMRobotics/moveit_ws/install/moveit_simple_controller_manager:/home/UMRobotics/moveit_ws/install/moveit_ros_occupancy_map_monitor:/home/UMRobotics/moveit_ws/install/moveit_resources_prbt_support:/home/UMRobotics/moveit_ws/install/moveit_resources_prbt_ikfast_manipulator_plugin:/home/UMRobotics/moveit_ws/install/moveit_resources:/home/UMRobotics/moveit_ws/install/moveit_resources_pr2_description:/home/UMRobotics/moveit_ws/install/moveit_resources_panda_moveit_config:/home/UMRobotics/moveit_ws/install/dual_arm_panda_moveit_config:/home/UMRobotics/moveit_ws/install/moveit_resources_panda_description:/home/UMRobotics/moveit_ws/install/moveit_resources_fanuc_moveit_config:/home/UMRobotics/moveit_ws/install/moveit_resources_fanuc_description:/home/UMRobotics/moveit_ws/install/moveit_planners_stomp:/home/UMRobotics/moveit_ws/install/chomp_motion_planner:/home/UMRobotics/moveit_ws/install/moveit_core:/home/UMRobotics/moveit_ws/install/moveit_msgs:/home/UMRobotics/moveit_ws/install/moveit_common:/home/UMRobotics/moveit_ws/install/kortex_driver:/home/UMRobotics/moveit_ws/install/kortex_api:/opt/ros/jazzy/opt/gz_sim_vendor:/opt/ros/jazzy/opt/gz_sensors_vendor:/opt/ros/jazzy/opt/gz_physics_vendor:/opt/ros/jazzy/opt/sdformat_vendor:/opt/ros/jazzy/opt/gz_gui_vendor:/opt/ros/jazzy/opt/gz_transport_vendor:/opt/ros/jazzy/opt/gz_rendering_vendor:/opt/ros/jazzy/opt/gz_plugin_vendor:/opt/ros/jazzy/opt/gz_fuel_tools_vendor:/opt/ros/jazzy/opt/gz_msgs_vendor:/opt/ros/jazzy/opt/gz_common_vendor:/opt/ros/jazzy/opt/gz_math_vendor:/opt/ros/jazzy/opt/gz_utils_vendor:/opt/ros/jazzy/opt/gz_tools_vendor:/opt/ros/jazzy/opt/gz_ogre_next_vendor:/opt/ros/jazzy/opt/gz_dartsim_vendor:/opt/ros/jazzy/opt/gz_cmake_vendor:/home/UMRobotics/moveit_ws/install/moveit_configs_utils:/opt/ros/jazzy DEBUGINFOD_URLS=https://debuginfod.ubuntu.com LD_LIBRARY_PATH=/home/UMRobotics/new_ws/install/moveit_ros_move_group/lib:/home/UMRobotics/new_ws/install/moveit_kinematics/lib:/home/UMRobotics/new_ws/install/moveit_ros_planning/lib:/home/UMRobotics/new_ws/install/pilz_industrial_motion_planner_testutils/lib:/home/UMRobotics/new_ws/install/moveit_ros_occupancy_map_monitor/lib:/home/UMRobotics/new_ws/install/moveit_resources_prbt_ikfast_manipulator_plugin/lib:/home/UMRobotics/new_ws/install/moveit_core/lib:/home/UMRobotics/moveit_ws/install/robotiq_driver/lib:/home/UMRobotics/moveit_ws/install/serial/lib:/home/UMRobotics/moveit_ws/install/rviz_visual_tools/lib:/home/UMRobotics/moveit_ws/install/rviz_marker_tools/lib:/home/UMRobotics/moveit_ws/install/robotiq_controllers/lib:/home/UMRobotics/moveit_ws/install/pilz_industrial_motion_planner_testutils/lib:/home/UMRobotics/moveit_ws/install/pick_ik/lib:/home/UMRobotics/moveit_ws/install/moveit_task_constructor_msgs/lib:/home/UMRobotics/moveit_ws/install/moveit_ros_control_interface/lib:/home/UMRobotics/moveit_ws/install/moveit_simple_controller_manager/lib:/home/UMRobotics/moveit_ws/install/moveit_ros_occupancy_map_monitor/lib:/home/UMRobotics/moveit_ws/install/moveit_resources_prbt_ikfast_manipulator_plugin/lib:/home/UMRobotics/moveit_ws/install/moveit_planners_stomp/lib:/home/UMRobotics/moveit_ws/install/chomp_motion_planner/lib:/home/UMRobotics/moveit_ws/install/moveit_core/lib:/home/UMRobotics/moveit_ws/install/moveit_msgs/lib:/home/UMRobotics/moveit_ws/install/kortex_driver/lib:/opt/ros/jazzy/opt/gz_sim_vendor/lib:/opt/ros/jazzy/opt/gz_sensors_vendor/lib:/opt/ros/jazzy/opt/gz_physics_vendor/lib:/opt/ros/jazzy/opt/sdformat_vendor/lib:/opt/ros/jazzy/opt/rviz_ogre_vendor/lib:/opt/ros/jazzy/lib/x86_64-linux-gnu:/opt/ros/jazzy/opt/gz_gui_vendor/lib:/opt/ros/jazzy/opt/gz_transport_vendor/lib:/opt/ros/jazzy/opt/gz_rendering_vendor/lib:/opt/ros/jazzy/opt/gz_plugin_vendor/lib:/opt/ros/jazzy/opt/gz_fuel_tools_vendor/lib:/opt/ros/jazzy/opt/gz_msgs_vendor/lib:/opt/ros/jazzy/opt/gz_common_vendor/lib:/opt/ros/jazzy/opt/gz_math_vendor/lib:/opt/ros/jazzy/opt/gz_utils_vendor/lib:/opt/ros/jazzy/opt/gz_tools_vendor/lib:/opt/ros/jazzy/opt/gz_ogre_next_vendor/lib:/opt/ros/jazzy/opt/gz_dartsim_vendor/lib:/opt/ros/jazzy/opt/gz_cmake_vendor/lib:/opt/ros/jazzy/lib:/usr/local/cuda/lib64 PATH=/home/UMRobotics/new_ws/install/moveit_core/bin:${PATH} PYTHONPATH=/home/UMRobotics/new_ws/install/moveit_configs_utils/lib/python3.12/site-packages:${PYTHONPATH} /usr/bin/cmake --build /home/UMRobotics/new_ws/build/pilz_industrial_motion_planner -- -j16 -l16
[0.094s] [  2%] Built target gtest_main
[0.096s] [  7%] Built target gtest
[0.097s] [  7%] Built target gmock_main
[0.099s] [  9%] Built target cartesian_limits_parameters
[0.100s] [ 13%] Built target gmock
[0.135s] [ 16%] Built target planning_context_loader_base
[0.136s] [ 22%] Built target joint_limits_common
[0.142s] [ 27%] Built target trajectory_generation_common
[0.166s] [ 29%] Built target unittest_joint_limits_validator
[0.170s] [ 32%] Built target unittest_joint_limits_container
[0.177s] [ 34%] Built target unittest_joint_limit
[0.177s] [ 37%] Built target pilz_industrial_motion_planner
[0.178s] [ 39%] Built target unittest_joint_limits_aggregator
[0.191s] [ 43%] Built target command_list_manager
[0.193s] [ 48%] Built target planning_context_loader_ptp
[0.198s] [ 53%] Built target planning_context_loader_lin
[0.201s] [ 58%] Built target planning_context_loader_circ
[0.206s] [ 60%] Built target pilz_industrial_motion_planner_test_utils
[0.215s] [ 64%] Built target unittest_velocity_profile_atrap
[0.245s] [ 66%] Built target unittest_get_solver_tip_frame
[0.259s] [ 69%] Built target unittest_pilz_industrial_motion_planner
[0.271s] [ 71%] Built target unittest_pilz_industrial_motion_planner_direct
[0.273s] [ 74%] Built target unittest_trajectory_functions
[0.273s] [ 77%] Built target unittest_trajectory_generator
[0.273s] [ 81%] Built target sequence_capability
[0.297s] [ 83%] Built target unittest_trajectory_generator_common
[0.298s] [ 88%] Built target unittest_planning_context
[0.298s] [ 88%] Built target unittest_trajectory_generator_lin
[0.302s] [ 91%] Built target unittest_trajectory_generator_ptp
[0.307s] [ 93%] Built target unittest_trajectory_generator_circ
[0.314s] [ 97%] Built target unittest_trajectory_blender_transition_window
[0.318s] [100%] Built target unittest_planning_context_loaders
[0.330s] Invoked command in '/home/UMRobotics/new_ws/build/pilz_industrial_motion_planner' returned '0': AMENT_PREFIX_PATH=/home/UMRobotics/new_ws/install/moveit_resources_prbt_pg70_support:/home/UMRobotics/new_ws/install/moveit_resources_prbt_moveit_config:/home/UMRobotics/new_ws/install/moveit_ros_move_group:/home/UMRobotics/new_ws/install/moveit_kinematics:/home/UMRobotics/new_ws/install/moveit_ros_planning:/home/UMRobotics/new_ws/install/pilz_industrial_motion_planner_testutils:/home/UMRobotics/new_ws/install/moveit_ros_occupancy_map_monitor:/home/UMRobotics/new_ws/install/moveit_resources_prbt_ikfast_manipulator_plugin:/home/UMRobotics/new_ws/install/moveit_core:/home/UMRobotics/new_ws/install/moveit_resources_prbt_support:/home/UMRobotics/new_ws/install/moveit_configs_utils:/home/UMRobotics/new_ws/install/moveit_common:${AMENT_PREFIX_PATH} CMAKE_PREFIX_PATH=/home/UMRobotics/new_ws/install/moveit_resources_prbt_pg70_support:/home/UMRobotics/new_ws/install/moveit_resources_prbt_moveit_config:/home/UMRobotics/new_ws/install/moveit_ros_move_group:/home/UMRobotics/new_ws/install/moveit_kinematics:/home/UMRobotics/new_ws/install/moveit_ros_planning:/home/UMRobotics/new_ws/install/pilz_industrial_motion_planner_testutils:/home/UMRobotics/new_ws/install/moveit_ros_occupancy_map_monitor:/home/UMRobotics/new_ws/install/moveit_resources_prbt_ikfast_manipulator_plugin:/home/UMRobotics/new_ws/install/moveit_core:/home/UMRobotics/new_ws/install/moveit_resources_prbt_support:/home/UMRobotics/new_ws/install/moveit_common:/home/UMRobotics/moveit_ws/install/robotiq_hardware_tests:/home/UMRobotics/moveit_ws/install/robotiq_driver:/home/UMRobotics/moveit_ws/install/serial:/home/UMRobotics/moveit_ws/install/rviz_visual_tools:/home/UMRobotics/moveit_ws/install/rviz_marker_tools:/home/UMRobotics/moveit_ws/install/kortex_bringup:/home/UMRobotics/moveit_ws/install/kortex_description:/home/UMRobotics/moveit_ws/install/robotiq_description:/home/UMRobotics/moveit_ws/install/robotiq_controllers:/home/UMRobotics/moveit_ws/install/pilz_industrial_motion_planner_testutils:/home/UMRobotics/moveit_ws/install/pick_ik:/home/UMRobotics/moveit_ws/install/moveit_task_constructor_msgs:/home/UMRobotics/moveit_ws/install/moveit_ros_control_interface:/home/UMRobotics/moveit_ws/install/moveit_plugins:/home/UMRobotics/moveit_ws/install/moveit_simple_controller_manager:/home/UMRobotics/moveit_ws/install/moveit_ros_occupancy_map_monitor:/home/UMRobotics/moveit_ws/install/moveit_resources_prbt_support:/home/UMRobotics/moveit_ws/install/moveit_resources_prbt_ikfast_manipulator_plugin:/home/UMRobotics/moveit_ws/install/moveit_resources:/home/UMRobotics/moveit_ws/install/moveit_resources_pr2_description:/home/UMRobotics/moveit_ws/install/moveit_resources_panda_moveit_config:/home/UMRobotics/moveit_ws/install/dual_arm_panda_moveit_config:/home/UMRobotics/moveit_ws/install/moveit_resources_panda_description:/home/UMRobotics/moveit_ws/install/moveit_resources_fanuc_moveit_config:/home/UMRobotics/moveit_ws/install/moveit_resources_fanuc_description:/home/UMRobotics/moveit_ws/install/moveit_planners_stomp:/home/UMRobotics/moveit_ws/install/chomp_motion_planner:/home/UMRobotics/moveit_ws/install/moveit_core:/home/UMRobotics/moveit_ws/install/moveit_msgs:/home/UMRobotics/moveit_ws/install/moveit_common:/home/UMRobotics/moveit_ws/install/kortex_driver:/home/UMRobotics/moveit_ws/install/kortex_api:/opt/ros/jazzy/opt/gz_sim_vendor:/opt/ros/jazzy/opt/gz_sensors_vendor:/opt/ros/jazzy/opt/gz_physics_vendor:/opt/ros/jazzy/opt/sdformat_vendor:/opt/ros/jazzy/opt/gz_gui_vendor:/opt/ros/jazzy/opt/gz_transport_vendor:/opt/ros/jazzy/opt/gz_rendering_vendor:/opt/ros/jazzy/opt/gz_plugin_vendor:/opt/ros/jazzy/opt/gz_fuel_tools_vendor:/opt/ros/jazzy/opt/gz_msgs_vendor:/opt/ros/jazzy/opt/gz_common_vendor:/opt/ros/jazzy/opt/gz_math_vendor:/opt/ros/jazzy/opt/gz_utils_vendor:/opt/ros/jazzy/opt/gz_tools_vendor:/opt/ros/jazzy/opt/gz_ogre_next_vendor:/opt/ros/jazzy/opt/gz_dartsim_vendor:/opt/ros/jazzy/opt/gz_cmake_vendor:/home/UMRobotics/moveit_ws/install/moveit_configs_utils:/opt/ros/jazzy DEBUGINFOD_URLS=https://debuginfod.ubuntu.com LD_LIBRARY_PATH=/home/UMRobotics/new_ws/install/moveit_ros_move_group/lib:/home/UMRobotics/new_ws/install/moveit_kinematics/lib:/home/UMRobotics/new_ws/install/moveit_ros_planning/lib:/home/UMRobotics/new_ws/install/pilz_industrial_motion_planner_testutils/lib:/home/UMRobotics/new_ws/install/moveit_ros_occupancy_map_monitor/lib:/home/UMRobotics/new_ws/install/moveit_resources_prbt_ikfast_manipulator_plugin/lib:/home/UMRobotics/new_ws/install/moveit_core/lib:/home/UMRobotics/moveit_ws/install/robotiq_driver/lib:/home/UMRobotics/moveit_ws/install/serial/lib:/home/UMRobotics/moveit_ws/install/rviz_visual_tools/lib:/home/UMRobotics/moveit_ws/install/rviz_marker_tools/lib:/home/UMRobotics/moveit_ws/install/robotiq_controllers/lib:/home/UMRobotics/moveit_ws/install/pilz_industrial_motion_planner_testutils/lib:/home/UMRobotics/moveit_ws/install/pick_ik/lib:/home/UMRobotics/moveit_ws/install/moveit_task_constructor_msgs/lib:/home/UMRobotics/moveit_ws/install/moveit_ros_control_interface/lib:/home/UMRobotics/moveit_ws/install/moveit_simple_controller_manager/lib:/home/UMRobotics/moveit_ws/install/moveit_ros_occupancy_map_monitor/lib:/home/UMRobotics/moveit_ws/install/moveit_resources_prbt_ikfast_manipulator_plugin/lib:/home/UMRobotics/moveit_ws/install/moveit_planners_stomp/lib:/home/UMRobotics/moveit_ws/install/chomp_motion_planner/lib:/home/UMRobotics/moveit_ws/install/moveit_core/lib:/home/UMRobotics/moveit_ws/install/moveit_msgs/lib:/home/UMRobotics/moveit_ws/install/kortex_driver/lib:/opt/ros/jazzy/opt/gz_sim_vendor/lib:/opt/ros/jazzy/opt/gz_sensors_vendor/lib:/opt/ros/jazzy/opt/gz_physics_vendor/lib:/opt/ros/jazzy/opt/sdformat_vendor/lib:/opt/ros/jazzy/opt/rviz_ogre_vendor/lib:/opt/ros/jazzy/lib/x86_64-linux-gnu:/opt/ros/jazzy/opt/gz_gui_vendor/lib:/opt/ros/jazzy/opt/gz_transport_vendor/lib:/opt/ros/jazzy/opt/gz_rendering_vendor/lib:/opt/ros/jazzy/opt/gz_plugin_vendor/lib:/opt/ros/jazzy/opt/gz_fuel_tools_vendor/lib:/opt/ros/jazzy/opt/gz_msgs_vendor/lib:/opt/ros/jazzy/opt/gz_common_vendor/lib:/opt/ros/jazzy/opt/gz_math_vendor/lib:/opt/ros/jazzy/opt/gz_utils_vendor/lib:/opt/ros/jazzy/opt/gz_tools_vendor/lib:/opt/ros/jazzy/opt/gz_ogre_next_vendor/lib:/opt/ros/jazzy/opt/gz_dartsim_vendor/lib:/opt/ros/jazzy/opt/gz_cmake_vendor/lib:/opt/ros/jazzy/lib:/usr/local/cuda/lib64 PATH=/home/UMRobotics/new_ws/install/moveit_core/bin:${PATH} PYTHONPATH=/home/UMRobotics/new_ws/install/moveit_configs_utils/lib/python3.12/site-packages:${PYTHONPATH} /usr/bin/cmake --build /home/UMRobotics/new_ws/build/pilz_industrial_motion_planner -- -j16 -l16
[0.332s] Invoking command in '/home/UMRobotics/new_ws/build/pilz_industrial_motion_planner': AMENT_PREFIX_PATH=/home/UMRobotics/new_ws/install/moveit_resources_prbt_pg70_support:/home/UMRobotics/new_ws/install/moveit_resources_prbt_moveit_config:/home/UMRobotics/new_ws/install/moveit_ros_move_group:/home/UMRobotics/new_ws/install/moveit_kinematics:/home/UMRobotics/new_ws/install/moveit_ros_planning:/home/UMRobotics/new_ws/install/pilz_industrial_motion_planner_testutils:/home/UMRobotics/new_ws/install/moveit_ros_occupancy_map_monitor:/home/UMRobotics/new_ws/install/moveit_resources_prbt_ikfast_manipulator_plugin:/home/UMRobotics/new_ws/install/moveit_core:/home/UMRobotics/new_ws/install/moveit_resources_prbt_support:/home/UMRobotics/new_ws/install/moveit_configs_utils:/home/UMRobotics/new_ws/install/moveit_common:${AMENT_PREFIX_PATH} CMAKE_PREFIX_PATH=/home/UMRobotics/new_ws/install/moveit_resources_prbt_pg70_support:/home/UMRobotics/new_ws/install/moveit_resources_prbt_moveit_config:/home/UMRobotics/new_ws/install/moveit_ros_move_group:/home/UMRobotics/new_ws/install/moveit_kinematics:/home/UMRobotics/new_ws/install/moveit_ros_planning:/home/UMRobotics/new_ws/install/pilz_industrial_motion_planner_testutils:/home/UMRobotics/new_ws/install/moveit_ros_occupancy_map_monitor:/home/UMRobotics/new_ws/install/moveit_resources_prbt_ikfast_manipulator_plugin:/home/UMRobotics/new_ws/install/moveit_core:/home/UMRobotics/new_ws/install/moveit_resources_prbt_support:/home/UMRobotics/new_ws/install/moveit_common:/home/UMRobotics/moveit_ws/install/robotiq_hardware_tests:/home/UMRobotics/moveit_ws/install/robotiq_driver:/home/UMRobotics/moveit_ws/install/serial:/home/UMRobotics/moveit_ws/install/rviz_visual_tools:/home/UMRobotics/moveit_ws/install/rviz_marker_tools:/home/UMRobotics/moveit_ws/install/kortex_bringup:/home/UMRobotics/moveit_ws/install/kortex_description:/home/UMRobotics/moveit_ws/install/robotiq_description:/home/UMRobotics/moveit_ws/install/robotiq_controllers:/home/UMRobotics/moveit_ws/install/pilz_industrial_motion_planner_testutils:/home/UMRobotics/moveit_ws/install/pick_ik:/home/UMRobotics/moveit_ws/install/moveit_task_constructor_msgs:/home/UMRobotics/moveit_ws/install/moveit_ros_control_interface:/home/UMRobotics/moveit_ws/install/moveit_plugins:/home/UMRobotics/moveit_ws/install/moveit_simple_controller_manager:/home/UMRobotics/moveit_ws/install/moveit_ros_occupancy_map_monitor:/home/UMRobotics/moveit_ws/install/moveit_resources_prbt_support:/home/UMRobotics/moveit_ws/install/moveit_resources_prbt_ikfast_manipulator_plugin:/home/UMRobotics/moveit_ws/install/moveit_resources:/home/UMRobotics/moveit_ws/install/moveit_resources_pr2_description:/home/UMRobotics/moveit_ws/install/moveit_resources_panda_moveit_config:/home/UMRobotics/moveit_ws/install/dual_arm_panda_moveit_config:/home/UMRobotics/moveit_ws/install/moveit_resources_panda_description:/home/UMRobotics/moveit_ws/install/moveit_resources_fanuc_moveit_config:/home/UMRobotics/moveit_ws/install/moveit_resources_fanuc_description:/home/UMRobotics/moveit_ws/install/moveit_planners_stomp:/home/UMRobotics/moveit_ws/install/chomp_motion_planner:/home/UMRobotics/moveit_ws/install/moveit_core:/home/UMRobotics/moveit_ws/install/moveit_msgs:/home/UMRobotics/moveit_ws/install/moveit_common:/home/UMRobotics/moveit_ws/install/kortex_driver:/home/UMRobotics/moveit_ws/install/kortex_api:/opt/ros/jazzy/opt/gz_sim_vendor:/opt/ros/jazzy/opt/gz_sensors_vendor:/opt/ros/jazzy/opt/gz_physics_vendor:/opt/ros/jazzy/opt/sdformat_vendor:/opt/ros/jazzy/opt/gz_gui_vendor:/opt/ros/jazzy/opt/gz_transport_vendor:/opt/ros/jazzy/opt/gz_rendering_vendor:/opt/ros/jazzy/opt/gz_plugin_vendor:/opt/ros/jazzy/opt/gz_fuel_tools_vendor:/opt/ros/jazzy/opt/gz_msgs_vendor:/opt/ros/jazzy/opt/gz_common_vendor:/opt/ros/jazzy/opt/gz_math_vendor:/opt/ros/jazzy/opt/gz_utils_vendor:/opt/ros/jazzy/opt/gz_tools_vendor:/opt/ros/jazzy/opt/gz_ogre_next_vendor:/opt/ros/jazzy/opt/gz_dartsim_vendor:/opt/ros/jazzy/opt/gz_cmake_vendor:/home/UMRobotics/moveit_ws/install/moveit_configs_utils:/opt/ros/jazzy DEBUGINFOD_URLS=https://debuginfod.ubuntu.com LD_LIBRARY_PATH=/home/UMRobotics/new_ws/install/moveit_ros_move_group/lib:/home/UMRobotics/new_ws/install/moveit_kinematics/lib:/home/UMRobotics/new_ws/install/moveit_ros_planning/lib:/home/UMRobotics/new_ws/install/pilz_industrial_motion_planner_testutils/lib:/home/UMRobotics/new_ws/install/moveit_ros_occupancy_map_monitor/lib:/home/UMRobotics/new_ws/install/moveit_resources_prbt_ikfast_manipulator_plugin/lib:/home/UMRobotics/new_ws/install/moveit_core/lib:/home/UMRobotics/moveit_ws/install/robotiq_driver/lib:/home/UMRobotics/moveit_ws/install/serial/lib:/home/UMRobotics/moveit_ws/install/rviz_visual_tools/lib:/home/UMRobotics/moveit_ws/install/rviz_marker_tools/lib:/home/UMRobotics/moveit_ws/install/robotiq_controllers/lib:/home/UMRobotics/moveit_ws/install/pilz_industrial_motion_planner_testutils/lib:/home/UMRobotics/moveit_ws/install/pick_ik/lib:/home/UMRobotics/moveit_ws/install/moveit_task_constructor_msgs/lib:/home/UMRobotics/moveit_ws/install/moveit_ros_control_interface/lib:/home/UMRobotics/moveit_ws/install/moveit_simple_controller_manager/lib:/home/UMRobotics/moveit_ws/install/moveit_ros_occupancy_map_monitor/lib:/home/UMRobotics/moveit_ws/install/moveit_resources_prbt_ikfast_manipulator_plugin/lib:/home/UMRobotics/moveit_ws/install/moveit_planners_stomp/lib:/home/UMRobotics/moveit_ws/install/chomp_motion_planner/lib:/home/UMRobotics/moveit_ws/install/moveit_core/lib:/home/UMRobotics/moveit_ws/install/moveit_msgs/lib:/home/UMRobotics/moveit_ws/install/kortex_driver/lib:/opt/ros/jazzy/opt/gz_sim_vendor/lib:/opt/ros/jazzy/opt/gz_sensors_vendor/lib:/opt/ros/jazzy/opt/gz_physics_vendor/lib:/opt/ros/jazzy/opt/sdformat_vendor/lib:/opt/ros/jazzy/opt/rviz_ogre_vendor/lib:/opt/ros/jazzy/lib/x86_64-linux-gnu:/opt/ros/jazzy/opt/gz_gui_vendor/lib:/opt/ros/jazzy/opt/gz_transport_vendor/lib:/opt/ros/jazzy/opt/gz_rendering_vendor/lib:/opt/ros/jazzy/opt/gz_plugin_vendor/lib:/opt/ros/jazzy/opt/gz_fuel_tools_vendor/lib:/opt/ros/jazzy/opt/gz_msgs_vendor/lib:/opt/ros/jazzy/opt/gz_common_vendor/lib:/opt/ros/jazzy/opt/gz_math_vendor/lib:/opt/ros/jazzy/opt/gz_utils_vendor/lib:/opt/ros/jazzy/opt/gz_tools_vendor/lib:/opt/ros/jazzy/opt/gz_ogre_next_vendor/lib:/opt/ros/jazzy/opt/gz_dartsim_vendor/lib:/opt/ros/jazzy/opt/gz_cmake_vendor/lib:/opt/ros/jazzy/lib:/usr/local/cuda/lib64 PATH=/home/UMRobotics/new_ws/install/moveit_core/bin:${PATH} PYTHONPATH=/home/UMRobotics/new_ws/install/moveit_configs_utils/lib/python3.12/site-packages:${PYTHONPATH} /usr/bin/cmake --install /home/UMRobotics/new_ws/build/pilz_industrial_motion_planner
[0.341s] -- Install configuration: "Release"
[0.341s] -- Up-to-date: /home/UMRobotics/new_ws/install/pilz_industrial_motion_planner/include/pilz_industrial_motion_planner
[0.341s] -- Up-to-date: /home/UMRobotics/new_ws/install/pilz_industrial_motion_planner/include/pilz_industrial_motion_planner/cartesian_limits_parameters.hpp
[0.341s] -- Up-to-date: /home/UMRobotics/new_ws/install/pilz_industrial_motion_planner/share/pilz_industrial_motion_planner/plugins/pilz_industrial_motion_planner_plugin_description.xml
[0.341s] -- Up-to-date: /home/UMRobotics/new_ws/install/pilz_industrial_motion_planner/share/pilz_industrial_motion_planner/plugins/sequence_capability_plugin_description.xml
[0.341s] -- Up-to-date: /home/UMRobotics/new_ws/install/pilz_industrial_motion_planner/share/pilz_industrial_motion_planner/plugins/planning_context_plugin_description.xml
[0.341s] -- Up-to-date: /home/UMRobotics/new_ws/install/pilz_industrial_motion_planner/lib/libpilz_industrial_motion_planner.so
[0.342s] -- Up-to-date: /home/UMRobotics/new_ws/install/pilz_industrial_motion_planner/lib/libjoint_limits_common.so
[0.342s] -- Up-to-date: /home/UMRobotics/new_ws/install/pilz_industrial_motion_planner/lib/libplanning_context_loader_base.so
[0.343s] -- Up-to-date: /home/UMRobotics/new_ws/install/pilz_industrial_motion_planner/lib/libplanning_context_loader_ptp.so
[0.343s] -- Up-to-date: /home/UMRobotics/new_ws/install/pilz_industrial_motion_planner/lib/libplanning_context_loader_lin.so
[0.344s] -- Up-to-date: /home/UMRobotics/new_ws/install/pilz_industrial_motion_planner/lib/libplanning_context_loader_circ.so
[0.344s] -- Up-to-date: /home/UMRobotics/new_ws/install/pilz_industrial_motion_planner/lib/libcommand_list_manager.so
[0.345s] -- Up-to-date: /home/UMRobotics/new_ws/install/pilz_industrial_motion_planner/lib/libsequence_capability.so
[0.345s] -- Up-to-date: /home/UMRobotics/new_ws/install/pilz_industrial_motion_planner/lib/libtrajectory_generation_common.so
[0.345s] -- Up-to-date: /home/UMRobotics/new_ws/install/pilz_industrial_motion_planner/include/pilz_industrial_motion_planner
[0.346s] -- Up-to-date: /home/UMRobotics/new_ws/install/pilz_industrial_motion_planner/include/pilz_industrial_motion_planner/joint_limits_copy
[0.346s] -- Up-to-date: /home/UMRobotics/new_ws/install/pilz_industrial_motion_planner/include/pilz_industrial_motion_planner/joint_limits_copy/joint_limits_rosparam.hpp
[0.346s] -- Up-to-date: /home/UMRobotics/new_ws/install/pilz_industrial_motion_planner/include/pilz_industrial_motion_planner/joint_limits_copy/joint_limits_rosparam.h
[0.346s] -- Up-to-date: /home/UMRobotics/new_ws/install/pilz_industrial_motion_planner/include/pilz_industrial_motion_planner/joint_limits_copy/joint_limits.hpp
[0.346s] -- Up-to-date: /home/UMRobotics/new_ws/install/pilz_industrial_motion_planner/include/pilz_industrial_motion_planner/joint_limits_copy/joint_limits.h
[0.346s] -- Up-to-date: /home/UMRobotics/new_ws/install/pilz_industrial_motion_planner/include/pilz_industrial_motion_planner/pilz_industrial_motion_planner
[0.346s] -- Up-to-date: /home/UMRobotics/new_ws/install/pilz_industrial_motion_planner/include/pilz_industrial_motion_planner/pilz_industrial_motion_planner/joint_limits_interface_extension.h
[0.346s] -- Up-to-date: /home/UMRobotics/new_ws/install/pilz_industrial_motion_planner/include/pilz_industrial_motion_planner/pilz_industrial_motion_planner/path_circle_generator.hpp
[0.346s] -- Up-to-date: /home/UMRobotics/new_ws/install/pilz_industrial_motion_planner/include/pilz_industrial_motion_planner/pilz_industrial_motion_planner/joint_limits_aggregator.h
[0.346s] -- Up-to-date: /home/UMRobotics/new_ws/install/pilz_industrial_motion_planner/include/pilz_industrial_motion_planner/pilz_industrial_motion_planner/cartesian_trajectory.h
[0.347s] -- Up-to-date: /home/UMRobotics/new_ws/install/pilz_industrial_motion_planner/include/pilz_industrial_motion_planner/pilz_industrial_motion_planner/joint_limits_aggregator.hpp
[0.347s] -- Up-to-date: /home/UMRobotics/new_ws/install/pilz_industrial_motion_planner/include/pilz_industrial_motion_planner/pilz_industrial_motion_planner/planning_context_loader_ptp.hpp
[0.347s] -- Up-to-date: /home/UMRobotics/new_ws/install/pilz_industrial_motion_planner/include/pilz_industrial_motion_planner/pilz_industrial_motion_planner/trajectory_blender_transition_window.hpp
[0.347s] -- Up-to-date: /home/UMRobotics/new_ws/install/pilz_industrial_motion_planner/include/pilz_industrial_motion_planner/pilz_industrial_motion_planner/move_group_sequence_action.h
[0.347s] -- Up-to-date: /home/UMRobotics/new_ws/install/pilz_industrial_motion_planner/include/pilz_industrial_motion_planner/pilz_industrial_motion_planner/joint_limits_interface_extension.hpp
[0.347s] -- Up-to-date: /home/UMRobotics/new_ws/install/pilz_industrial_motion_planner/include/pilz_industrial_motion_planner/pilz_industrial_motion_planner/cartesian_trajectory_point.hpp
[0.347s] -- Up-to-date: /home/UMRobotics/new_ws/install/pilz_industrial_motion_planner/include/pilz_industrial_motion_planner/pilz_industrial_motion_planner/trajectory_generator_ptp.hpp
[0.347s] -- Up-to-date: /home/UMRobotics/new_ws/install/pilz_industrial_motion_planner/include/pilz_industrial_motion_planner/pilz_industrial_motion_planner/planning_context_lin.hpp
[0.347s] -- Up-to-date: /home/UMRobotics/new_ws/install/pilz_industrial_motion_planner/include/pilz_industrial_motion_planner/pilz_industrial_motion_planner/planning_context_ptp.hpp
[0.347s] -- Up-to-date: /home/UMRobotics/new_ws/install/pilz_industrial_motion_planner/include/pilz_industrial_motion_planner/pilz_industrial_motion_planner/planning_context_circ.h
[0.347s] -- Up-to-date: /home/UMRobotics/new_ws/install/pilz_industrial_motion_planner/include/pilz_industrial_motion_planner/pilz_industrial_motion_planner/trajectory_generator_lin.hpp
[0.347s] -- Up-to-date: /home/UMRobotics/new_ws/install/pilz_industrial_motion_planner/include/pilz_industrial_motion_planner/pilz_industrial_motion_planner/trajectory_generator_ptp.h
[0.347s] -- Up-to-date: /home/UMRobotics/new_ws/install/pilz_industrial_motion_planner/include/pilz_industrial_motion_planner/pilz_industrial_motion_planner/planning_context_ptp.h
[0.348s] -- Up-to-date: /home/UMRobotics/new_ws/install/pilz_industrial_motion_planner/include/pilz_industrial_motion_planner/pilz_industrial_motion_planner/joint_limits_container.h
[0.348s] -- Up-to-date: /home/UMRobotics/new_ws/install/pilz_industrial_motion_planner/include/pilz_industrial_motion_planner/pilz_industrial_motion_planner/velocity_profile_atrap.hpp
[0.348s] -- Up-to-date: /home/UMRobotics/new_ws/install/pilz_industrial_motion_planner/include/pilz_industrial_motion_planner/pilz_industrial_motion_planner/planning_context_loader_lin.h
[0.348s] -- Up-to-date: /home/UMRobotics/new_ws/install/pilz_industrial_motion_planner/include/pilz_industrial_motion_planner/pilz_industrial_motion_planner/trajectory_generator_circ.hpp
[0.348s] -- Up-to-date: /home/UMRobotics/new_ws/install/pilz_industrial_motion_planner/include/pilz_industrial_motion_planner/pilz_industrial_motion_planner/trajectory_generation_exceptions.hpp
[0.348s] -- Up-to-date: /home/UMRobotics/new_ws/install/pilz_industrial_motion_planner/include/pilz_industrial_motion_planner/pilz_industrial_motion_planner/planning_context_loader_circ.h
[0.348s] -- Up-to-date: /home/UMRobotics/new_ws/install/pilz_industrial_motion_planner/include/pilz_industrial_motion_planner/pilz_industrial_motion_planner/planning_context_loader.hpp
[0.348s] -- Up-to-date: /home/UMRobotics/new_ws/install/pilz_industrial_motion_planner/include/pilz_industrial_motion_planner/pilz_industrial_motion_planner/move_group_sequence_service.h
[0.348s] -- Up-to-date: /home/UMRobotics/new_ws/install/pilz_industrial_motion_planner/include/pilz_industrial_motion_planner/pilz_industrial_motion_planner/trajectory_blend_request.hpp
[0.348s] -- Up-to-date: /home/UMRobotics/new_ws/install/pilz_industrial_motion_planner/include/pilz_industrial_motion_planner/pilz_industrial_motion_planner/trajectory_blend_response.hpp
[0.349s] -- Up-to-date: /home/UMRobotics/new_ws/install/pilz_industrial_motion_planner/include/pilz_industrial_motion_planner/pilz_industrial_motion_planner/planning_context_circ.hpp
[0.349s] -- Up-to-date: /home/UMRobotics/new_ws/install/pilz_industrial_motion_planner/include/pilz_industrial_motion_planner/pilz_industrial_motion_planner/joint_limits_container.hpp
[0.349s] -- Up-to-date: /home/UMRobotics/new_ws/install/pilz_industrial_motion_planner/include/pilz_industrial_motion_planner/pilz_industrial_motion_planner/trajectory_functions.h
[0.349s] -- Up-to-date: /home/UMRobotics/new_ws/install/pilz_industrial_motion_planner/include/pilz_industrial_motion_planner/pilz_industrial_motion_planner/planning_context_base.h
[0.349s] -- Up-to-date: /home/UMRobotics/new_ws/install/pilz_industrial_motion_planner/include/pilz_industrial_motion_planner/pilz_industrial_motion_planner/tip_frame_getter.hpp
[0.349s] -- Up-to-date: /home/UMRobotics/new_ws/install/pilz_industrial_motion_planner/include/pilz_industrial_motion_planner/pilz_industrial_motion_planner/pilz_industrial_motion_planner.hpp
[0.349s] -- Up-to-date: /home/UMRobotics/new_ws/install/pilz_industrial_motion_planner/include/pilz_industrial_motion_planner/pilz_industrial_motion_planner/command_list_manager.h
[0.349s] -- Up-to-date: /home/UMRobotics/new_ws/install/pilz_industrial_motion_planner/include/pilz_industrial_motion_planner/pilz_industrial_motion_planner/cartesian_trajectory.hpp
[0.349s] -- Up-to-date: /home/UMRobotics/new_ws/install/pilz_industrial_motion_planner/include/pilz_industrial_motion_planner/pilz_industrial_motion_planner/cartesian_trajectory_point.h
[0.349s] -- Up-to-date: /home/UMRobotics/new_ws/install/pilz_industrial_motion_planner/include/pilz_industrial_motion_planner/pilz_industrial_motion_planner/plan_components_builder.hpp
[0.349s] -- Up-to-date: /home/UMRobotics/new_ws/install/pilz_industrial_motion_planner/include/pilz_industrial_motion_planner/pilz_industrial_motion_planner/trajectory_generator.h
[0.350s] -- Up-to-date: /home/UMRobotics/new_ws/install/pilz_industrial_motion_planner/include/pilz_industrial_motion_planner/pilz_industrial_motion_planner/trajectory_functions.hpp
[0.350s] -- Up-to-date: /home/UMRobotics/new_ws/install/pilz_industrial_motion_planner/include/pilz_industrial_motion_planner/pilz_industrial_motion_planner/joint_limits_extension.h
[0.350s] -- Up-to-date: /home/UMRobotics/new_ws/install/pilz_industrial_motion_planner/include/pilz_industrial_motion_planner/pilz_industrial_motion_planner/planning_exceptions.h
[0.350s] -- Up-to-date: /home/UMRobotics/new_ws/install/pilz_industrial_motion_planner/include/pilz_industrial_motion_planner/pilz_industrial_motion_planner/pilz_industrial_motion_planner.h
[0.350s] -- Up-to-date: /home/UMRobotics/new_ws/install/pilz_industrial_motion_planner/include/pilz_industrial_motion_planner/pilz_industrial_motion_planner/command_list_manager.hpp
[0.350s] -- Up-to-date: /home/UMRobotics/new_ws/install/pilz_industrial_motion_planner/include/pilz_industrial_motion_planner/pilz_industrial_motion_planner/capability_names.hpp
[0.350s] -- Up-to-date: /home/UMRobotics/new_ws/install/pilz_industrial_motion_planner/include/pilz_industrial_motion_planner/pilz_industrial_motion_planner/trajectory_blender_transition_window.h
[0.350s] -- Up-to-date: /home/UMRobotics/new_ws/install/pilz_industrial_motion_planner/include/pilz_industrial_motion_planner/pilz_industrial_motion_planner/capability_names.h
[0.350s] -- Up-to-date: /home/UMRobotics/new_ws/install/pilz_industrial_motion_planner/include/pilz_industrial_motion_planner/pilz_industrial_motion_planner/planning_context_loader_lin.hpp
[0.350s] -- Up-to-date: /home/UMRobotics/new_ws/install/pilz_industrial_motion_planner/include/pilz_industrial_motion_planner/pilz_industrial_motion_planner/planning_context_loader.h
[0.350s] -- Up-to-date: /home/UMRobotics/new_ws/install/pilz_industrial_motion_planner/include/pilz_industrial_motion_planner/pilz_industrial_motion_planner/planning_exceptions.hpp
[0.351s] -- Up-to-date: /home/UMRobotics/new_ws/install/pilz_industrial_motion_planner/include/pilz_industrial_motion_planner/pilz_industrial_motion_planner/trajectory_blend_request.h
[0.351s] -- Up-to-date: /home/UMRobotics/new_ws/install/pilz_industrial_motion_planner/include/pilz_industrial_motion_planner/pilz_industrial_motion_planner/trajectory_blender.h
[0.351s] -- Up-to-date: /home/UMRobotics/new_ws/install/pilz_industrial_motion_planner/include/pilz_industrial_motion_planner/pilz_industrial_motion_planner/limits_container.h
[0.351s] -- Up-to-date: /home/UMRobotics/new_ws/install/pilz_industrial_motion_planner/include/pilz_industrial_motion_planner/pilz_industrial_motion_planner/path_circle_generator.h
[0.351s] -- Up-to-date: /home/UMRobotics/new_ws/install/pilz_industrial_motion_planner/include/pilz_industrial_motion_planner/pilz_industrial_motion_planner/velocity_profile_atrap.h
[0.351s] -- Up-to-date: /home/UMRobotics/new_ws/install/pilz_industrial_motion_planner/include/pilz_industrial_motion_planner/pilz_industrial_motion_planner/planning_context_lin.h
[0.351s] -- Up-to-date: /home/UMRobotics/new_ws/install/pilz_industrial_motion_planner/include/pilz_industrial_motion_planner/pilz_industrial_motion_planner/move_group_sequence_action.hpp
[0.351s] -- Up-to-date: /home/UMRobotics/new_ws/install/pilz_industrial_motion_planner/include/pilz_industrial_motion_planner/pilz_industrial_motion_planner/planning_context_loader_ptp.h
[0.351s] -- Up-to-date: /home/UMRobotics/new_ws/install/pilz_industrial_motion_planner/include/pilz_industrial_motion_planner/pilz_industrial_motion_planner/tip_frame_getter.h
[0.352s] -- Up-to-date: /home/UMRobotics/new_ws/install/pilz_industrial_motion_planner/include/pilz_industrial_motion_planner/pilz_industrial_motion_planner/trajectory_generation_exceptions.h
[0.352s] -- Up-to-date: /home/UMRobotics/new_ws/install/pilz_industrial_motion_planner/include/pilz_industrial_motion_planner/pilz_industrial_motion_planner/planning_context_loader_circ.hpp
[0.352s] -- Up-to-date: /home/UMRobotics/new_ws/install/pilz_industrial_motion_planner/include/pilz_industrial_motion_planner/pilz_industrial_motion_planner/planning_context_base.hpp
[0.352s] -- Up-to-date: /home/UMRobotics/new_ws/install/pilz_industrial_motion_planner/include/pilz_industrial_motion_planner/pilz_industrial_motion_planner/trajectory_blender.hpp
[0.352s] -- Up-to-date: /home/UMRobotics/new_ws/install/pilz_industrial_motion_planner/include/pilz_industrial_motion_planner/pilz_industrial_motion_planner/trajectory_generator_lin.h
[0.352s] -- Up-to-date: /home/UMRobotics/new_ws/install/pilz_industrial_motion_planner/include/pilz_industrial_motion_planner/pilz_industrial_motion_planner/trajectory_generator_circ.h
[0.352s] -- Up-to-date: /home/UMRobotics/new_ws/install/pilz_industrial_motion_planner/include/pilz_industrial_motion_planner/pilz_industrial_motion_planner/trajectory_blend_response.h
[0.352s] -- Up-to-date: /home/UMRobotics/new_ws/install/pilz_industrial_motion_planner/include/pilz_industrial_motion_planner/pilz_industrial_motion_planner/trajectory_generator.hpp
[0.352s] -- Up-to-date: /home/UMRobotics/new_ws/install/pilz_industrial_motion_planner/include/pilz_industrial_motion_planner/pilz_industrial_motion_planner/joint_limits_validator.h
[0.352s] -- Up-to-date: /home/UMRobotics/new_ws/install/pilz_industrial_motion_planner/include/pilz_industrial_motion_planner/pilz_industrial_motion_planner/limits_container.hpp
[0.353s] -- Up-to-date: /home/UMRobotics/new_ws/install/pilz_industrial_motion_planner/include/pilz_industrial_motion_planner/pilz_industrial_motion_planner/move_group_sequence_service.hpp
[0.353s] -- Up-to-date: /home/UMRobotics/new_ws/install/pilz_industrial_motion_planner/include/pilz_industrial_motion_planner/pilz_industrial_motion_planner/plan_components_builder.h
[0.353s] -- Up-to-date: /home/UMRobotics/new_ws/install/pilz_industrial_motion_planner/include/pilz_industrial_motion_planner/pilz_industrial_motion_planner/joint_limits_extension.hpp
[0.353s] -- Up-to-date: /home/UMRobotics/new_ws/install/pilz_industrial_motion_planner/include/pilz_industrial_motion_planner/pilz_industrial_motion_planner/joint_limits_validator.hpp
[0.353s] -- Up-to-date: /home/UMRobotics/new_ws/install/pilz_industrial_motion_planner/share/pilz_industrial_motion_planner/environment/library_path.sh
[0.353s] -- Up-to-date: /home/UMRobotics/new_ws/install/pilz_industrial_motion_planner/share/pilz_industrial_motion_planner/environment/library_path.dsv
[0.353s] -- Up-to-date: /home/UMRobotics/new_ws/install/pilz_industrial_motion_planner/lib/pilz_industrial_motion_planner/unittest_pilz_industrial_motion_planner_direct
[0.353s] -- Up-to-date: /home/UMRobotics/new_ws/install/pilz_industrial_motion_planner/lib/pilz_industrial_motion_planner/unittest_velocity_profile_atrap
[0.353s] -- Up-to-date: /home/UMRobotics/new_ws/install/pilz_industrial_motion_planner/lib/pilz_industrial_motion_planner/unittest_trajectory_generator
[0.353s] -- Up-to-date: /home/UMRobotics/new_ws/install/pilz_industrial_motion_planner/lib/pilz_industrial_motion_planner/unittest_trajectory_functions
[0.353s] -- Up-to-date: /home/UMRobotics/new_ws/install/pilz_industrial_motion_planner/lib/pilz_industrial_motion_planner/unittest_trajectory_blender_transition_window
[0.353s] -- Up-to-date: /home/UMRobotics/new_ws/install/pilz_industrial_motion_planner/lib/pilz_industrial_motion_planner/unittest_trajectory_generator_common
[0.353s] -- Up-to-date: /home/UMRobotics/new_ws/install/pilz_industrial_motion_planner/lib/pilz_industrial_motion_planner/unittest_trajectory_generator_circ
[0.353s] -- Up-to-date: /home/UMRobotics/new_ws/install/pilz_industrial_motion_planner/lib/pilz_industrial_motion_planner/unittest_trajectory_generator_lin
[0.354s] -- Up-to-date: /home/UMRobotics/new_ws/install/pilz_industrial_motion_planner/lib/pilz_industrial_motion_planner/unittest_trajectory_generator_ptp
[0.354s] -- Up-to-date: /home/UMRobotics/new_ws/install/pilz_industrial_motion_planner/lib/pilz_industrial_motion_planner/unittest_pilz_industrial_motion_planner
[0.355s] -- Up-to-date: /home/UMRobotics/new_ws/install/pilz_industrial_motion_planner/lib/pilz_industrial_motion_planner/unittest_joint_limit
[0.355s] -- Up-to-date: /home/UMRobotics/new_ws/install/pilz_industrial_motion_planner/lib/pilz_industrial_motion_planner/unittest_joint_limits_aggregator
[0.356s] -- Up-to-date: /home/UMRobotics/new_ws/install/pilz_industrial_motion_planner/lib/pilz_industrial_motion_planner/unittest_joint_limits_container
[0.356s] -- Up-to-date: /home/UMRobotics/new_ws/install/pilz_industrial_motion_planner/lib/pilz_industrial_motion_planner/unittest_joint_limits_validator
[0.357s] -- Up-to-date: /home/UMRobotics/new_ws/install/pilz_industrial_motion_planner/lib/pilz_industrial_motion_planner/unittest_planning_context_loaders
[0.357s] -- Up-to-date: /home/UMRobotics/new_ws/install/pilz_industrial_motion_planner/lib/pilz_industrial_motion_planner/unittest_planning_context
[0.358s] -- Up-to-date: /home/UMRobotics/new_ws/install/pilz_industrial_motion_planner/lib/pilz_industrial_motion_planner/unittest_get_solver_tip_frame
[0.358s] -- Up-to-date: /home/UMRobotics/new_ws/install/pilz_industrial_motion_planner/share/pilz_industrial_motion_planner/config
[0.358s] -- Up-to-date: /home/UMRobotics/new_ws/install/pilz_industrial_motion_planner/share/pilz_industrial_motion_planner/config/unittest_trajectory_generator_circ.yaml
[0.358s] -- Up-to-date: /home/UMRobotics/new_ws/install/pilz_industrial_motion_planner/share/pilz_industrial_motion_planner/config/unittest_trajectory_blender_transition_window.yaml
[0.358s] -- Up-to-date: /home/UMRobotics/new_ws/install/pilz_industrial_motion_planner/share/pilz_industrial_motion_planner/config/unittest_joint_limit_config.yaml
[0.359s] -- Up-to-date: /home/UMRobotics/new_ws/install/pilz_industrial_motion_planner/share/pilz_industrial_motion_planner/config/unittest_trajectory_generator_common.yaml
[0.359s] -- Up-to-date: /home/UMRobotics/new_ws/install/pilz_industrial_motion_planner/share/pilz_industrial_motion_planner/config/unittest_trajectory_generator_ptp.yaml
[0.359s] -- Up-to-date: /home/UMRobotics/new_ws/install/pilz_industrial_motion_planner/share/pilz_industrial_motion_planner/config/unittest_trajectory_generator_lin.yaml
[0.359s] -- Up-to-date: /home/UMRobotics/new_ws/install/pilz_industrial_motion_planner/share/pilz_industrial_motion_planner/config/unittest_trajectory_functions.yaml
[0.359s] -- Up-to-date: /home/UMRobotics/new_ws/install/pilz_industrial_motion_planner/share/pilz_industrial_motion_planner/config/unittest_joint_limits_aggregator.yaml
[0.359s] -- Up-to-date: /home/UMRobotics/new_ws/install/pilz_industrial_motion_planner/share/pilz_industrial_motion_planner/launch
[0.359s] -- Up-to-date: /home/UMRobotics/new_ws/install/pilz_industrial_motion_planner/share/pilz_industrial_motion_planner/launch/unittest_trajectory_generator_ptp.test.py
[0.359s] -- Up-to-date: /home/UMRobotics/new_ws/install/pilz_industrial_motion_planner/share/pilz_industrial_motion_planner/launch/unittest_planning_context.test.py
[0.359s] -- Up-to-date: /home/UMRobotics/new_ws/install/pilz_industrial_motion_planner/share/pilz_industrial_motion_planner/launch/common_parameters.py
[0.359s] -- Up-to-date: /home/UMRobotics/new_ws/install/pilz_industrial_motion_planner/share/pilz_industrial_motion_planner/launch/unittest_pilz_industrial_motion_planner.test.py
[0.359s] -- Up-to-date: /home/UMRobotics/new_ws/install/pilz_industrial_motion_planner/share/pilz_industrial_motion_planner/launch/unittest_planning_context_loaders.test.py
[0.360s] -- Up-to-date: /home/UMRobotics/new_ws/install/pilz_industrial_motion_planner/share/pilz_industrial_motion_planner/launch/unittest_cartesian_limits_aggregator.test.py
[0.360s] -- Up-to-date: /home/UMRobotics/new_ws/install/pilz_industrial_motion_planner/share/pilz_industrial_motion_planner/launch/unittest_joint_limit.test.py
[0.360s] -- Up-to-date: /home/UMRobotics/new_ws/install/pilz_industrial_motion_planner/share/pilz_industrial_motion_planner/launch/unittest_trajectory_blender_transition_window.test.py
[0.360s] -- Up-to-date: /home/UMRobotics/new_ws/install/pilz_industrial_motion_planner/share/pilz_industrial_motion_planner/launch/unittest_trajectory_generator_common.test.py
[0.360s] -- Up-to-date: /home/UMRobotics/new_ws/install/pilz_industrial_motion_planner/share/pilz_industrial_motion_planner/launch/unittest_joint_limits_aggregator.test.py
[0.360s] -- Up-to-date: /home/UMRobotics/new_ws/install/pilz_industrial_motion_planner/share/pilz_industrial_motion_planner/launch/unittest_trajectory_functions.test.py
[0.360s] -- Up-to-date: /home/UMRobotics/new_ws/install/pilz_industrial_motion_planner/share/pilz_industrial_motion_planner/launch/unittest_trajectory_generator_lin.test.py
[0.360s] -- Up-to-date: /home/UMRobotics/new_ws/install/pilz_industrial_motion_planner/share/pilz_industrial_motion_planner/launch/unittest_trajectory_generator_circ.test.py
[0.360s] -- Up-to-date: /home/UMRobotics/new_ws/install/pilz_industrial_motion_planner/share/pilz_industrial_motion_planner/test_data
[0.360s] -- Up-to-date: /home/UMRobotics/new_ws/install/pilz_industrial_motion_planner/share/pilz_industrial_motion_planner/test_data/frankaemika_panda
[0.361s] -- Up-to-date: /home/UMRobotics/new_ws/install/pilz_industrial_motion_planner/share/pilz_industrial_motion_planner/test_data/frankaemika_panda/testdata_sequence.xml
[0.361s] -- Up-to-date: /home/UMRobotics/new_ws/install/pilz_industrial_motion_planner/share/pilz_industrial_motion_planner/test_data/concept_testdata.odp
[0.361s] -- Up-to-date: /home/UMRobotics/new_ws/install/pilz_industrial_motion_planner/share/pilz_industrial_motion_planner/test_data/concept_testdata.png
[0.361s] -- Up-to-date: /home/UMRobotics/new_ws/install/pilz_industrial_motion_planner/share/pilz_industrial_motion_planner/test_data/testpoints.py
[0.361s] -- Up-to-date: /home/UMRobotics/new_ws/install/pilz_industrial_motion_planner/share/pilz_industrial_motion_planner/test_data/prbt
[0.361s] -- Up-to-date: /home/UMRobotics/new_ws/install/pilz_industrial_motion_planner/share/pilz_industrial_motion_planner/test_data/prbt/testdata_sequence.xml
[0.361s] -- Up-to-date: /home/UMRobotics/new_ws/install/pilz_industrial_motion_planner/share/pilz_industrial_motion_planner/test_data/prbt/testdata_deprecated.xml
[0.361s] -- Up-to-date: /home/UMRobotics/new_ws/install/pilz_industrial_motion_planner/share/pilz_industrial_motion_planner/test_data/prbt/testdata_with_gripper.xml
[0.361s] -- Up-to-date: /home/UMRobotics/new_ws/install/pilz_industrial_motion_planner/share/ament_index/resource_index/package_run_dependencies/pilz_industrial_motion_planner
[0.361s] -- Up-to-date: /home/UMRobotics/new_ws/install/pilz_industrial_motion_planner/share/ament_index/resource_index/parent_prefix_path/pilz_industrial_motion_planner
[0.362s] -- Up-to-date: /home/UMRobotics/new_ws/install/pilz_industrial_motion_planner/share/pilz_industrial_motion_planner/environment/ament_prefix_path.sh
[0.362s] -- Up-to-date: /home/UMRobotics/new_ws/install/pilz_industrial_motion_planner/share/pilz_industrial_motion_planner/environment/ament_prefix_path.dsv
[0.362s] -- Up-to-date: /home/UMRobotics/new_ws/install/pilz_industrial_motion_planner/share/pilz_industrial_motion_planner/environment/path.sh
[0.362s] -- Up-to-date: /home/UMRobotics/new_ws/install/pilz_industrial_motion_planner/share/pilz_industrial_motion_planner/environment/path.dsv
[0.362s] -- Up-to-date: /home/UMRobotics/new_ws/install/pilz_industrial_motion_planner/share/pilz_industrial_motion_planner/local_setup.bash
[0.362s] -- Up-to-date: /home/UMRobotics/new_ws/install/pilz_industrial_motion_planner/share/pilz_industrial_motion_planner/local_setup.sh
[0.362s] -- Up-to-date: /home/UMRobotics/new_ws/install/pilz_industrial_motion_planner/share/pilz_industrial_motion_planner/local_setup.zsh
[0.362s] -- Up-to-date: /home/UMRobotics/new_ws/install/pilz_industrial_motion_planner/share/pilz_industrial_motion_planner/local_setup.dsv
[0.362s] -- Installing: /home/UMRobotics/new_ws/install/pilz_industrial_motion_planner/share/pilz_industrial_motion_planner/package.dsv
[0.362s] -- Up-to-date: /home/UMRobotics/new_ws/install/pilz_industrial_motion_planner/share/ament_index/resource_index/packages/pilz_industrial_motion_planner
[0.363s] -- Up-to-date: /home/UMRobotics/new_ws/install/pilz_industrial_motion_planner/share/ament_index/resource_index/moveit_core__pluginlib__plugin/pilz_industrial_motion_planner
[0.363s] -- Up-to-date: /home/UMRobotics/new_ws/install/pilz_industrial_motion_planner/share/ament_index/resource_index/moveit_ros_move_group__pluginlib__plugin/pilz_industrial_motion_planner
[0.363s] -- Up-to-date: /home/UMRobotics/new_ws/install/pilz_industrial_motion_planner/share/ament_index/resource_index/pilz_industrial_motion_planner__pluginlib__plugin/pilz_industrial_motion_planner
[0.363s] -- Up-to-date: /home/UMRobotics/new_ws/install/pilz_industrial_motion_planner/share/pilz_industrial_motion_planner/cmake/pilz_industrial_motion_plannerTargetsExport.cmake
[0.363s] -- Up-to-date: /home/UMRobotics/new_ws/install/pilz_industrial_motion_planner/share/pilz_industrial_motion_planner/cmake/pilz_industrial_motion_plannerTargetsExport-release.cmake
[0.363s] -- Up-to-date: /home/UMRobotics/new_ws/install/pilz_industrial_motion_planner/share/pilz_industrial_motion_planner/cmake/ament_cmake_export_dependencies-extras.cmake
[0.363s] -- Up-to-date: /home/UMRobotics/new_ws/install/pilz_industrial_motion_planner/share/pilz_industrial_motion_planner/cmake/ament_cmake_export_include_directories-extras.cmake
[0.363s] -- Up-to-date: /home/UMRobotics/new_ws/install/pilz_industrial_motion_planner/share/pilz_industrial_motion_planner/cmake/ament_cmake_export_targets-extras.cmake
[0.363s] -- Up-to-date: /home/UMRobotics/new_ws/install/pilz_industrial_motion_planner/share/pilz_industrial_motion_planner/cmake/pilz_industrial_motion_plannerConfig.cmake
[0.364s] -- Up-to-date: /home/UMRobotics/new_ws/install/pilz_industrial_motion_planner/share/pilz_industrial_motion_planner/cmake/pilz_industrial_motion_plannerConfig-version.cmake
[0.364s] -- Up-to-date: /home/UMRobotics/new_ws/install/pilz_industrial_motion_planner/share/pilz_industrial_motion_planner/package.xml
[0.365s] Invoked command in '/home/UMRobotics/new_ws/build/pilz_industrial_motion_planner' returned '0': AMENT_PREFIX_PATH=/home/UMRobotics/new_ws/install/moveit_resources_prbt_pg70_support:/home/UMRobotics/new_ws/install/moveit_resources_prbt_moveit_config:/home/UMRobotics/new_ws/install/moveit_ros_move_group:/home/UMRobotics/new_ws/install/moveit_kinematics:/home/UMRobotics/new_ws/install/moveit_ros_planning:/home/UMRobotics/new_ws/install/pilz_industrial_motion_planner_testutils:/home/UMRobotics/new_ws/install/moveit_ros_occupancy_map_monitor:/home/UMRobotics/new_ws/install/moveit_resources_prbt_ikfast_manipulator_plugin:/home/UMRobotics/new_ws/install/moveit_core:/home/UMRobotics/new_ws/install/moveit_resources_prbt_support:/home/UMRobotics/new_ws/install/moveit_configs_utils:/home/UMRobotics/new_ws/install/moveit_common:${AMENT_PREFIX_PATH} CMAKE_PREFIX_PATH=/home/UMRobotics/new_ws/install/moveit_resources_prbt_pg70_support:/home/UMRobotics/new_ws/install/moveit_resources_prbt_moveit_config:/home/UMRobotics/new_ws/install/moveit_ros_move_group:/home/UMRobotics/new_ws/install/moveit_kinematics:/home/UMRobotics/new_ws/install/moveit_ros_planning:/home/UMRobotics/new_ws/install/pilz_industrial_motion_planner_testutils:/home/UMRobotics/new_ws/install/moveit_ros_occupancy_map_monitor:/home/UMRobotics/new_ws/install/moveit_resources_prbt_ikfast_manipulator_plugin:/home/UMRobotics/new_ws/install/moveit_core:/home/UMRobotics/new_ws/install/moveit_resources_prbt_support:/home/UMRobotics/new_ws/install/moveit_common:/home/UMRobotics/moveit_ws/install/robotiq_hardware_tests:/home/UMRobotics/moveit_ws/install/robotiq_driver:/home/UMRobotics/moveit_ws/install/serial:/home/UMRobotics/moveit_ws/install/rviz_visual_tools:/home/UMRobotics/moveit_ws/install/rviz_marker_tools:/home/UMRobotics/moveit_ws/install/kortex_bringup:/home/UMRobotics/moveit_ws/install/kortex_description:/home/UMRobotics/moveit_ws/install/robotiq_description:/home/UMRobotics/moveit_ws/install/robotiq_controllers:/home/UMRobotics/moveit_ws/install/pilz_industrial_motion_planner_testutils:/home/UMRobotics/moveit_ws/install/pick_ik:/home/UMRobotics/moveit_ws/install/moveit_task_constructor_msgs:/home/UMRobotics/moveit_ws/install/moveit_ros_control_interface:/home/UMRobotics/moveit_ws/install/moveit_plugins:/home/UMRobotics/moveit_ws/install/moveit_simple_controller_manager:/home/UMRobotics/moveit_ws/install/moveit_ros_occupancy_map_monitor:/home/UMRobotics/moveit_ws/install/moveit_resources_prbt_support:/home/UMRobotics/moveit_ws/install/moveit_resources_prbt_ikfast_manipulator_plugin:/home/UMRobotics/moveit_ws/install/moveit_resources:/home/UMRobotics/moveit_ws/install/moveit_resources_pr2_description:/home/UMRobotics/moveit_ws/install/moveit_resources_panda_moveit_config:/home/UMRobotics/moveit_ws/install/dual_arm_panda_moveit_config:/home/UMRobotics/moveit_ws/install/moveit_resources_panda_description:/home/UMRobotics/moveit_ws/install/moveit_resources_fanuc_moveit_config:/home/UMRobotics/moveit_ws/install/moveit_resources_fanuc_description:/home/UMRobotics/moveit_ws/install/moveit_planners_stomp:/home/UMRobotics/moveit_ws/install/chomp_motion_planner:/home/UMRobotics/moveit_ws/install/moveit_core:/home/UMRobotics/moveit_ws/install/moveit_msgs:/home/UMRobotics/moveit_ws/install/moveit_common:/home/UMRobotics/moveit_ws/install/kortex_driver:/home/UMRobotics/moveit_ws/install/kortex_api:/opt/ros/jazzy/opt/gz_sim_vendor:/opt/ros/jazzy/opt/gz_sensors_vendor:/opt/ros/jazzy/opt/gz_physics_vendor:/opt/ros/jazzy/opt/sdformat_vendor:/opt/ros/jazzy/opt/gz_gui_vendor:/opt/ros/jazzy/opt/gz_transport_vendor:/opt/ros/jazzy/opt/gz_rendering_vendor:/opt/ros/jazzy/opt/gz_plugin_vendor:/opt/ros/jazzy/opt/gz_fuel_tools_vendor:/opt/ros/jazzy/opt/gz_msgs_vendor:/opt/ros/jazzy/opt/gz_common_vendor:/opt/ros/jazzy/opt/gz_math_vendor:/opt/ros/jazzy/opt/gz_utils_vendor:/opt/ros/jazzy/opt/gz_tools_vendor:/opt/ros/jazzy/opt/gz_ogre_next_vendor:/opt/ros/jazzy/opt/gz_dartsim_vendor:/opt/ros/jazzy/opt/gz_cmake_vendor:/home/UMRobotics/moveit_ws/install/moveit_configs_utils:/opt/ros/jazzy DEBUGINFOD_URLS=https://debuginfod.ubuntu.com LD_LIBRARY_PATH=/home/UMRobotics/new_ws/install/moveit_ros_move_group/lib:/home/UMRobotics/new_ws/install/moveit_kinematics/lib:/home/UMRobotics/new_ws/install/moveit_ros_planning/lib:/home/UMRobotics/new_ws/install/pilz_industrial_motion_planner_testutils/lib:/home/UMRobotics/new_ws/install/moveit_ros_occupancy_map_monitor/lib:/home/UMRobotics/new_ws/install/moveit_resources_prbt_ikfast_manipulator_plugin/lib:/home/UMRobotics/new_ws/install/moveit_core/lib:/home/UMRobotics/moveit_ws/install/robotiq_driver/lib:/home/UMRobotics/moveit_ws/install/serial/lib:/home/UMRobotics/moveit_ws/install/rviz_visual_tools/lib:/home/UMRobotics/moveit_ws/install/rviz_marker_tools/lib:/home/UMRobotics/moveit_ws/install/robotiq_controllers/lib:/home/UMRobotics/moveit_ws/install/pilz_industrial_motion_planner_testutils/lib:/home/UMRobotics/moveit_ws/install/pick_ik/lib:/home/UMRobotics/moveit_ws/install/moveit_task_constructor_msgs/lib:/home/UMRobotics/moveit_ws/install/moveit_ros_control_interface/lib:/home/UMRobotics/moveit_ws/install/moveit_simple_controller_manager/lib:/home/UMRobotics/moveit_ws/install/moveit_ros_occupancy_map_monitor/lib:/home/UMRobotics/moveit_ws/install/moveit_resources_prbt_ikfast_manipulator_plugin/lib:/home/UMRobotics/moveit_ws/install/moveit_planners_stomp/lib:/home/UMRobotics/moveit_ws/install/chomp_motion_planner/lib:/home/UMRobotics/moveit_ws/install/moveit_core/lib:/home/UMRobotics/moveit_ws/install/moveit_msgs/lib:/home/UMRobotics/moveit_ws/install/kortex_driver/lib:/opt/ros/jazzy/opt/gz_sim_vendor/lib:/opt/ros/jazzy/opt/gz_sensors_vendor/lib:/opt/ros/jazzy/opt/gz_physics_vendor/lib:/opt/ros/jazzy/opt/sdformat_vendor/lib:/opt/ros/jazzy/opt/rviz_ogre_vendor/lib:/opt/ros/jazzy/lib/x86_64-linux-gnu:/opt/ros/jazzy/opt/gz_gui_vendor/lib:/opt/ros/jazzy/opt/gz_transport_vendor/lib:/opt/ros/jazzy/opt/gz_rendering_vendor/lib:/opt/ros/jazzy/opt/gz_plugin_vendor/lib:/opt/ros/jazzy/opt/gz_fuel_tools_vendor/lib:/opt/ros/jazzy/opt/gz_msgs_vendor/lib:/opt/ros/jazzy/opt/gz_common_vendor/lib:/opt/ros/jazzy/opt/gz_math_vendor/lib:/opt/ros/jazzy/opt/gz_utils_vendor/lib:/opt/ros/jazzy/opt/gz_tools_vendor/lib:/opt/ros/jazzy/opt/gz_ogre_next_vendor/lib:/opt/ros/jazzy/opt/gz_dartsim_vendor/lib:/opt/ros/jazzy/opt/gz_cmake_vendor/lib:/opt/ros/jazzy/lib:/usr/local/cuda/lib64 PATH=/home/UMRobotics/new_ws/install/moveit_core/bin:${PATH} PYTHONPATH=/home/UMRobotics/new_ws/install/moveit_configs_utils/lib/python3.12/site-packages:${PYTHONPATH} /usr/bin/cmake --install /home/UMRobotics/new_ws/build/pilz_industrial_motion_planner
