-- The C compiler identification is GNU 13.3.0
-- The CXX compiler identification is GNU 13.3.0
-- Detecting C compiler ABI info
-- Detecting C compiler ABI info - done
-- Check for working C compiler: /usr/bin/cc - skipped
-- Detecting C compile features
-- Detecting C compile features - done
-- Detecting CXX compiler ABI info
-- Detecting CXX compiler ABI info - done
-- Check for working CXX compiler: /usr/bin/c++ - skipped
-- Detecting CXX compile features
-- Detecting CXX compile features - done
-- Found ament_cmake: 2.5.4 (/opt/ros/jazzy/share/ament_cmake/cmake)
-- Found Python3: /home/UMRobotics/.local/bin/python3 (found version "3.12.3") found components: Interpreter 
-- Found rosidl_default_generators: 1.6.0 (/opt/ros/jazzy/share/rosidl_default_generators/cmake)
-- Using all available rosidl_typesupport_c: rosidl_typesupport_fastrtps_c;rosidl_typesupport_introspection_c
-- Using all available rosidl_typesupport_cpp: rosidl_typesupport_fastrtps_cpp;rosidl_typesupport_introspection_cpp
-- Found rosidl_adapter: 4.6.5 (/opt/ros/jazzy/share/rosidl_adapter/cmake)
-- Found builtin_interfaces: 2.0.2 (/opt/ros/jazzy/share/builtin_interfaces/cmake)
-- Found geometry_msgs: 5.3.6 (/opt/ros/jazzy/share/geometry_msgs/cmake)
-- Found ament_cmake_cppcheck: 0.17.2 (/opt/ros/jazzy/share/ament_cmake_cppcheck/cmake)
-- Found ament_cmake_cpplint: 0.17.2 (/opt/ros/jazzy/share/ament_cmake_cpplint/cmake)
-- Found ament_cmake_uncrustify: 0.17.2 (/opt/ros/jazzy/share/ament_cmake_uncrustify/cmake)
-- Found ament_cmake_ros: 0.12.0 (/opt/ros/jazzy/share/ament_cmake_ros/cmake)
-- Using all available rosidl_typesupport_c: rosidl_typesupport_fastrtps_c;rosidl_typesupport_introspection_c
-- Using all available rosidl_typesupport_cpp: rosidl_typesupport_fastrtps_cpp;rosidl_typesupport_introspection_cpp
-- Found python_cmake_module: 0.11.1 (/opt/ros/jazzy/share/python_cmake_module/cmake)
-- Found PythonExtra: /home/UMRobotics/.local/bin/python3  
-- Found Python3: /home/UMRobotics/.local/bin/python3 (found version "3.12.3") found components: Interpreter Development NumPy Development.Module Development.Embed 
-- Found ament_cmake_flake8: 0.17.2 (/opt/ros/jazzy/share/ament_cmake_flake8/cmake)
-- Found ament_cmake_pep257: 0.17.2 (/opt/ros/jazzy/share/ament_cmake_pep257/cmake)
-- Configuring done (3.0s)
-- Generating done (0.0s)
-- Build files have been written to: /home/UMRobotics/new_ws/build/tf2_msgs
[  1%] [34m[1mGenerating type hashes for ROS interfaces[0m
[  1%] Built target ament_cmake_python_copy_tf2_msgs
running egg_info
creating tf2_msgs.egg-info
[  1%] Built target tf2_msgs__rosidl_generator_type_description
[  3%] [34m[1mGenerating C code for ROS interfaces[0m
writing tf2_msgs.egg-info/PKG-INFO
writing dependency_links to tf2_msgs.egg-info/dependency_links.txt
writing top-level names to tf2_msgs.egg-info/top_level.txt
writing manifest file 'tf2_msgs.egg-info/SOURCES.txt'
[  4%] [34m[1mGenerating C++ code for ROS interfaces[0m
reading manifest file 'tf2_msgs.egg-info/SOURCES.txt'
writing manifest file 'tf2_msgs.egg-info/SOURCES.txt'
[  4%] Built target ament_cmake_python_build_tf2_msgs_egg
[  4%] Built target tf2_msgs__cpp
[  6%] [32mBuilding C object CMakeFiles/tf2_msgs__rosidl_generator_c.dir/rosidl_generator_c/tf2_msgs/msg/detail/tf2_error__type_support.c.o[0m
[ 12%] [32mBuilding C object CMakeFiles/tf2_msgs__rosidl_generator_c.dir/rosidl_generator_c/tf2_msgs/msg/detail/tf_message__functions.c.o[0m
[ 12%] [32mBuilding C object CMakeFiles/tf2_msgs__rosidl_generator_c.dir/rosidl_generator_c/tf2_msgs/msg/detail/tf_message__type_support.c.o[0m
[ 12%] [32mBuilding C object CMakeFiles/tf2_msgs__rosidl_generator_c.dir/rosidl_generator_c/tf2_msgs/msg/detail/tf_message__description.c.o[0m
[ 12%] [32mBuilding C object CMakeFiles/tf2_msgs__rosidl_generator_c.dir/rosidl_generator_c/tf2_msgs/msg/detail/tf2_error__description.c.o[0m
[ 14%] [32mBuilding C object CMakeFiles/tf2_msgs__rosidl_generator_c.dir/rosidl_generator_c/tf2_msgs/srv/detail/frame_graph__description.c.o[0m
[ 15%] [32mBuilding C object CMakeFiles/tf2_msgs__rosidl_generator_c.dir/rosidl_generator_c/tf2_msgs/msg/detail/tf2_error__functions.c.o[0m
[ 17%] [32mBuilding C object CMakeFiles/tf2_msgs__rosidl_generator_c.dir/rosidl_generator_c/tf2_msgs/srv/detail/frame_graph__functions.c.o[0m
[ 18%] [32mBuilding C object CMakeFiles/tf2_msgs__rosidl_generator_c.dir/rosidl_generator_c/tf2_msgs/srv/detail/frame_graph__type_support.c.o[0m
[ 20%] [32mBuilding C object CMakeFiles/tf2_msgs__rosidl_generator_c.dir/rosidl_generator_c/tf2_msgs/action/detail/lookup_transform__description.c.o[0m
[ 21%] [32mBuilding C object CMakeFiles/tf2_msgs__rosidl_generator_c.dir/rosidl_generator_c/tf2_msgs/action/detail/lookup_transform__type_support.c.o[0m
[ 23%] [32mBuilding C object CMakeFiles/tf2_msgs__rosidl_generator_c.dir/rosidl_generator_c/tf2_msgs/action/detail/lookup_transform__functions.c.o[0m
[ 25%] [32m[1mLinking C shared library libtf2_msgs__rosidl_generator_c.so[0m
[ 25%] Built target tf2_msgs__rosidl_generator_c
[ 26%] [34m[1mGenerating C type support dispatch for ROS interfaces[0m
[ 28%] [34m[1mGenerating C++ type support dispatch for ROS interfaces[0m
[ 29%] [34m[1mGenerating C++ introspection for ROS interfaces[0m
[ 32%] [34m[1mGenerating C type support for eProsima Fast-RTPS[0m
[ 32%] [34m[1mGenerating C++ type support for eProsima Fast-RTPS[0m
[ 34%] [34m[1mGenerating C introspection for ROS interfaces[0m
[ 35%] [32mBuilding CXX object CMakeFiles/tf2_msgs__rosidl_typesupport_cpp.dir/rosidl_typesupport_cpp/tf2_msgs/msg/tf_message__type_support.cpp.o[0m
[ 37%] [32mBuilding CXX object CMakeFiles/tf2_msgs__rosidl_typesupport_c.dir/rosidl_typesupport_c/tf2_msgs/msg/tf2_error__type_support.cpp.o[0m
[ 39%] [32mBuilding CXX object CMakeFiles/tf2_msgs__rosidl_typesupport_cpp.dir/rosidl_typesupport_cpp/tf2_msgs/msg/tf2_error__type_support.cpp.o[0m
[ 40%] [32mBuilding CXX object CMakeFiles/tf2_msgs__rosidl_typesupport_cpp.dir/rosidl_typesupport_cpp/tf2_msgs/action/lookup_transform__type_support.cpp.o[0m
[ 42%] [32mBuilding CXX object CMakeFiles/tf2_msgs__rosidl_typesupport_cpp.dir/rosidl_typesupport_cpp/tf2_msgs/srv/frame_graph__type_support.cpp.o[0m
[ 43%] [32mBuilding CXX object CMakeFiles/tf2_msgs__rosidl_typesupport_c.dir/rosidl_typesupport_c/tf2_msgs/srv/frame_graph__type_support.cpp.o[0m
[ 45%] [32mBuilding CXX object CMakeFiles/tf2_msgs__rosidl_typesupport_c.dir/rosidl_typesupport_c/tf2_msgs/msg/tf_message__type_support.cpp.o[0m
[ 46%] [32mBuilding CXX object CMakeFiles/tf2_msgs__rosidl_typesupport_c.dir/rosidl_typesupport_c/tf2_msgs/action/lookup_transform__type_support.cpp.o[0m
[ 50%] [32mBuilding CXX object CMakeFiles/tf2_msgs__rosidl_typesupport_introspection_cpp.dir/rosidl_typesupport_introspection_cpp/tf2_msgs/msg/detail/tf2_error__type_support.cpp.o[0m
[ 50%] [32mBuilding CXX object CMakeFiles/tf2_msgs__rosidl_typesupport_introspection_cpp.dir/rosidl_typesupport_introspection_cpp/tf2_msgs/msg/detail/tf_message__type_support.cpp.o[0m
[ 51%] [32mBuilding CXX object CMakeFiles/tf2_msgs__rosidl_typesupport_introspection_cpp.dir/rosidl_typesupport_introspection_cpp/tf2_msgs/srv/detail/frame_graph__type_support.cpp.o[0m
[ 53%] [32m[1mLinking CXX shared library libtf2_msgs__rosidl_typesupport_c.so[0m
[ 54%] [32mBuilding CXX object CMakeFiles/tf2_msgs__rosidl_typesupport_introspection_cpp.dir/rosidl_typesupport_introspection_cpp/tf2_msgs/action/detail/lookup_transform__type_support.cpp.o[0m
[ 56%] [32mBuilding C object CMakeFiles/tf2_msgs__rosidl_typesupport_introspection_c.dir/rosidl_typesupport_introspection_c/tf2_msgs/msg/detail/tf_message__type_support.c.o[0m
[ 57%] [32mBuilding C object CMakeFiles/tf2_msgs__rosidl_typesupport_introspection_c.dir/rosidl_typesupport_introspection_c/tf2_msgs/msg/detail/tf2_error__type_support.c.o[0m
[ 59%] [32mBuilding C object CMakeFiles/tf2_msgs__rosidl_typesupport_introspection_c.dir/rosidl_typesupport_introspection_c/tf2_msgs/action/detail/lookup_transform__type_support.c.o[0m
[ 60%] [32mBuilding C object CMakeFiles/tf2_msgs__rosidl_typesupport_introspection_c.dir/rosidl_typesupport_introspection_c/tf2_msgs/srv/detail/frame_graph__type_support.c.o[0m
[ 60%] Built target tf2_msgs__rosidl_typesupport_c
[ 62%] [32mBuilding CXX object CMakeFiles/tf2_msgs__rosidl_typesupport_fastrtps_c.dir/rosidl_typesupport_fastrtps_c/tf2_msgs/msg/detail/tf2_error__type_support_c.cpp.o[0m
[ 64%] [32mBuilding CXX object CMakeFiles/tf2_msgs__rosidl_typesupport_fastrtps_c.dir/rosidl_typesupport_fastrtps_c/tf2_msgs/msg/detail/tf_message__type_support_c.cpp.o[0m
[ 65%] [32mBuilding CXX object CMakeFiles/tf2_msgs__rosidl_typesupport_fastrtps_c.dir/rosidl_typesupport_fastrtps_c/tf2_msgs/srv/detail/frame_graph__type_support_c.cpp.o[0m
[ 67%] [32mBuilding CXX object CMakeFiles/tf2_msgs__rosidl_typesupport_fastrtps_c.dir/rosidl_typesupport_fastrtps_c/tf2_msgs/action/detail/lookup_transform__type_support_c.cpp.o[0m
[ 68%] [32m[1mLinking C shared library libtf2_msgs__rosidl_typesupport_introspection_c.so[0m
[ 70%] [32mBuilding CXX object CMakeFiles/tf2_msgs__rosidl_typesupport_fastrtps_cpp.dir/rosidl_typesupport_fastrtps_cpp/tf2_msgs/msg/detail/dds_fastrtps/tf_message__type_support.cpp.o[0m
[ 70%] Built target tf2_msgs__rosidl_typesupport_introspection_c
[ 71%] [32mBuilding CXX object CMakeFiles/tf2_msgs__rosidl_typesupport_fastrtps_cpp.dir/rosidl_typesupport_fastrtps_cpp/tf2_msgs/msg/detail/dds_fastrtps/tf2_error__type_support.cpp.o[0m
[ 73%] [32mBuilding CXX object CMakeFiles/tf2_msgs__rosidl_typesupport_fastrtps_cpp.dir/rosidl_typesupport_fastrtps_cpp/tf2_msgs/srv/detail/dds_fastrtps/frame_graph__type_support.cpp.o[0m
[ 75%] [32mBuilding CXX object CMakeFiles/tf2_msgs__rosidl_typesupport_fastrtps_cpp.dir/rosidl_typesupport_fastrtps_cpp/tf2_msgs/action/detail/dds_fastrtps/lookup_transform__type_support.cpp.o[0m
[ 76%] [32m[1mLinking CXX shared library libtf2_msgs__rosidl_typesupport_cpp.so[0m
[ 78%] [32m[1mLinking CXX shared library libtf2_msgs__rosidl_typesupport_fastrtps_c.so[0m
[ 78%] Built target tf2_msgs__rosidl_typesupport_cpp
[ 79%] [32m[1mLinking CXX shared library libtf2_msgs__rosidl_typesupport_introspection_cpp.so[0m
[ 79%] Built target tf2_msgs__rosidl_typesupport_fastrtps_c
[ 79%] Built target tf2_msgs__rosidl_typesupport_introspection_cpp
[ 81%] [32m[1mLinking CXX shared library libtf2_msgs__rosidl_typesupport_fastrtps_cpp.so[0m
[ 81%] Built target tf2_msgs__rosidl_typesupport_fastrtps_cpp
[ 81%] Built target tf2_msgs
[ 82%] [34m[1mGenerating Python code for ROS interfaces[0m
[ 82%] Built target tf2_msgs__py
[ 84%] [32mBuilding C object CMakeFiles/tf2_msgs__rosidl_generator_py.dir/rosidl_generator_py/tf2_msgs/msg/_tf_message_s.c.o[0m
[ 85%] [32mBuilding C object CMakeFiles/tf2_msgs__rosidl_generator_py.dir/rosidl_generator_py/tf2_msgs/action/_lookup_transform_s.c.o[0m
[ 87%] [32mBuilding C object CMakeFiles/tf2_msgs__rosidl_generator_py.dir/rosidl_generator_py/tf2_msgs/srv/_frame_graph_s.c.o[0m
[ 89%] [32mBuilding C object CMakeFiles/tf2_msgs__rosidl_generator_py.dir/rosidl_generator_py/tf2_msgs/msg/_tf2_error_s.c.o[0m
[ 90%] [32m[1mLinking C shared library libtf2_msgs__rosidl_generator_py.so[0m
[ 90%] Built target tf2_msgs__rosidl_generator_py
[ 93%] [32mBuilding C object CMakeFiles/tf2_msgs_s__rosidl_typesupport_c.dir/rosidl_generator_py/tf2_msgs/_tf2_msgs_s.ep.rosidl_typesupport_c.c.o[0m
[ 93%] [32mBuilding C object CMakeFiles/tf2_msgs_s__rosidl_typesupport_introspection_c.dir/rosidl_generator_py/tf2_msgs/_tf2_msgs_s.ep.rosidl_typesupport_introspection_c.c.o[0m
[ 95%] [32mBuilding C object CMakeFiles/tf2_msgs_s__rosidl_typesupport_fastrtps_c.dir/rosidl_generator_py/tf2_msgs/_tf2_msgs_s.ep.rosidl_typesupport_fastrtps_c.c.o[0m
[ 98%] [32m[1mLinking C shared module rosidl_generator_py/tf2_msgs/tf2_msgs_s__rosidl_typesupport_c.so[0m
[ 98%] [32m[1mLinking C shared module rosidl_generator_py/tf2_msgs/tf2_msgs_s__rosidl_typesupport_fastrtps_c.so[0m
[100%] [32m[1mLinking C shared module rosidl_generator_py/tf2_msgs/tf2_msgs_s__rosidl_typesupport_introspection_c.so[0m
[100%] Built target tf2_msgs_s__rosidl_typesupport_fastrtps_c
[100%] Built target tf2_msgs_s__rosidl_typesupport_c
[100%] Built target tf2_msgs_s__rosidl_typesupport_introspection_c
-- Install configuration: ""
-- Installing: /home/UMRobotics/new_ws/install/tf2_msgs/share/ament_index/resource_index/rosidl_interfaces/tf2_msgs
-- Installing: /home/UMRobotics/new_ws/install/tf2_msgs/share/tf2_msgs/msg/TF2Error.json
-- Installing: /home/UMRobotics/new_ws/install/tf2_msgs/share/tf2_msgs/msg/TFMessage.json
-- Installing: /home/UMRobotics/new_ws/install/tf2_msgs/share/tf2_msgs/srv/FrameGraph.json
-- Installing: /home/UMRobotics/new_ws/install/tf2_msgs/share/tf2_msgs/action/LookupTransform.json
-- Installing: /home/UMRobotics/new_ws/install/tf2_msgs/include/tf2_msgs/tf2_msgs
-- Installing: /home/UMRobotics/new_ws/install/tf2_msgs/include/tf2_msgs/tf2_msgs/msg
-- Installing: /home/UMRobotics/new_ws/install/tf2_msgs/include/tf2_msgs/tf2_msgs/msg/rosidl_generator_c__visibility_control.h
-- Installing: /home/UMRobotics/new_ws/install/tf2_msgs/include/tf2_msgs/tf2_msgs/msg/tf_message.h
-- Installing: /home/UMRobotics/new_ws/install/tf2_msgs/include/tf2_msgs/tf2_msgs/msg/tf2_error.h
-- Installing: /home/UMRobotics/new_ws/install/tf2_msgs/include/tf2_msgs/tf2_msgs/msg/detail
-- Installing: /home/UMRobotics/new_ws/install/tf2_msgs/include/tf2_msgs/tf2_msgs/msg/detail/tf_message__type_support.h
-- Installing: /home/UMRobotics/new_ws/install/tf2_msgs/include/tf2_msgs/tf2_msgs/msg/detail/tf_message__type_support.c
-- Installing: /home/UMRobotics/new_ws/install/tf2_msgs/include/tf2_msgs/tf2_msgs/msg/detail/tf2_error__functions.c
-- Installing: /home/UMRobotics/new_ws/install/tf2_msgs/include/tf2_msgs/tf2_msgs/msg/detail/tf2_error__description.c
-- Installing: /home/UMRobotics/new_ws/install/tf2_msgs/include/tf2_msgs/tf2_msgs/msg/detail/tf2_error__type_support.c
-- Installing: /home/UMRobotics/new_ws/install/tf2_msgs/include/tf2_msgs/tf2_msgs/msg/detail/tf2_error__type_support.h
-- Installing: /home/UMRobotics/new_ws/install/tf2_msgs/include/tf2_msgs/tf2_msgs/msg/detail/tf2_error__functions.h
-- Installing: /home/UMRobotics/new_ws/install/tf2_msgs/include/tf2_msgs/tf2_msgs/msg/detail/tf_message__functions.c
-- Installing: /home/UMRobotics/new_ws/install/tf2_msgs/include/tf2_msgs/tf2_msgs/msg/detail/tf_message__functions.h
-- Installing: /home/UMRobotics/new_ws/install/tf2_msgs/include/tf2_msgs/tf2_msgs/msg/detail/tf_message__description.c
-- Installing: /home/UMRobotics/new_ws/install/tf2_msgs/include/tf2_msgs/tf2_msgs/msg/detail/tf_message__struct.h
-- Installing: /home/UMRobotics/new_ws/install/tf2_msgs/include/tf2_msgs/tf2_msgs/msg/detail/tf2_error__struct.h
-- Installing: /home/UMRobotics/new_ws/install/tf2_msgs/include/tf2_msgs/tf2_msgs/srv
-- Installing: /home/UMRobotics/new_ws/install/tf2_msgs/include/tf2_msgs/tf2_msgs/srv/frame_graph.h
-- Installing: /home/UMRobotics/new_ws/install/tf2_msgs/include/tf2_msgs/tf2_msgs/srv/detail
-- Installing: /home/UMRobotics/new_ws/install/tf2_msgs/include/tf2_msgs/tf2_msgs/srv/detail/frame_graph__functions.c
-- Installing: /home/UMRobotics/new_ws/install/tf2_msgs/include/tf2_msgs/tf2_msgs/srv/detail/frame_graph__type_support.c
-- Installing: /home/UMRobotics/new_ws/install/tf2_msgs/include/tf2_msgs/tf2_msgs/srv/detail/frame_graph__struct.h
-- Installing: /home/UMRobotics/new_ws/install/tf2_msgs/include/tf2_msgs/tf2_msgs/srv/detail/frame_graph__functions.h
-- Installing: /home/UMRobotics/new_ws/install/tf2_msgs/include/tf2_msgs/tf2_msgs/srv/detail/frame_graph__description.c
-- Installing: /home/UMRobotics/new_ws/install/tf2_msgs/include/tf2_msgs/tf2_msgs/srv/detail/frame_graph__type_support.h
-- Installing: /home/UMRobotics/new_ws/install/tf2_msgs/include/tf2_msgs/tf2_msgs/action
-- Installing: /home/UMRobotics/new_ws/install/tf2_msgs/include/tf2_msgs/tf2_msgs/action/detail
-- Installing: /home/UMRobotics/new_ws/install/tf2_msgs/include/tf2_msgs/tf2_msgs/action/detail/lookup_transform__type_support.c
-- Installing: /home/UMRobotics/new_ws/install/tf2_msgs/include/tf2_msgs/tf2_msgs/action/detail/lookup_transform__description.c
-- Installing: /home/UMRobotics/new_ws/install/tf2_msgs/include/tf2_msgs/tf2_msgs/action/detail/lookup_transform__functions.h
-- Installing: /home/UMRobotics/new_ws/install/tf2_msgs/include/tf2_msgs/tf2_msgs/action/detail/lookup_transform__struct.h
-- Installing: /home/UMRobotics/new_ws/install/tf2_msgs/include/tf2_msgs/tf2_msgs/action/detail/lookup_transform__type_support.h
-- Installing: /home/UMRobotics/new_ws/install/tf2_msgs/include/tf2_msgs/tf2_msgs/action/detail/lookup_transform__functions.c
-- Installing: /home/UMRobotics/new_ws/install/tf2_msgs/include/tf2_msgs/tf2_msgs/action/lookup_transform.h
-- Installing: /home/UMRobotics/new_ws/install/tf2_msgs/share/tf2_msgs/environment/library_path.sh
-- Installing: /home/UMRobotics/new_ws/install/tf2_msgs/share/tf2_msgs/environment/library_path.dsv
-- Installing: /home/UMRobotics/new_ws/install/tf2_msgs/lib/libtf2_msgs__rosidl_generator_c.so
-- Set non-toolchain portion of runtime path of "/home/UMRobotics/new_ws/install/tf2_msgs/lib/libtf2_msgs__rosidl_generator_c.so" to ""
-- Up-to-date: /home/UMRobotics/new_ws/install/tf2_msgs/include/tf2_msgs/tf2_msgs
-- Up-to-date: /home/UMRobotics/new_ws/install/tf2_msgs/include/tf2_msgs/tf2_msgs/msg
-- Installing: /home/UMRobotics/new_ws/install/tf2_msgs/include/tf2_msgs/tf2_msgs/msg/rosidl_typesupport_fastrtps_c__visibility_control.h
-- Up-to-date: /home/UMRobotics/new_ws/install/tf2_msgs/include/tf2_msgs/tf2_msgs/msg/detail
-- Installing: /home/UMRobotics/new_ws/install/tf2_msgs/include/tf2_msgs/tf2_msgs/msg/detail/tf_message__rosidl_typesupport_fastrtps_c.h
-- Installing: /home/UMRobotics/new_ws/install/tf2_msgs/include/tf2_msgs/tf2_msgs/msg/detail/tf2_error__rosidl_typesupport_fastrtps_c.h
-- Up-to-date: /home/UMRobotics/new_ws/install/tf2_msgs/include/tf2_msgs/tf2_msgs/srv
-- Up-to-date: /home/UMRobotics/new_ws/install/tf2_msgs/include/tf2_msgs/tf2_msgs/srv/detail
-- Installing: /home/UMRobotics/new_ws/install/tf2_msgs/include/tf2_msgs/tf2_msgs/srv/detail/frame_graph__rosidl_typesupport_fastrtps_c.h
-- Up-to-date: /home/UMRobotics/new_ws/install/tf2_msgs/include/tf2_msgs/tf2_msgs/action
-- Up-to-date: /home/UMRobotics/new_ws/install/tf2_msgs/include/tf2_msgs/tf2_msgs/action/detail
-- Installing: /home/UMRobotics/new_ws/install/tf2_msgs/include/tf2_msgs/tf2_msgs/action/detail/lookup_transform__rosidl_typesupport_fastrtps_c.h
-- Installing: /home/UMRobotics/new_ws/install/tf2_msgs/lib/libtf2_msgs__rosidl_typesupport_fastrtps_c.so
-- Set non-toolchain portion of runtime path of "/home/UMRobotics/new_ws/install/tf2_msgs/lib/libtf2_msgs__rosidl_typesupport_fastrtps_c.so" to ""
-- Up-to-date: /home/UMRobotics/new_ws/install/tf2_msgs/include/tf2_msgs/tf2_msgs
-- Up-to-date: /home/UMRobotics/new_ws/install/tf2_msgs/include/tf2_msgs/tf2_msgs/msg
-- Installing: /home/UMRobotics/new_ws/install/tf2_msgs/include/tf2_msgs/tf2_msgs/msg/rosidl_typesupport_introspection_c__visibility_control.h
-- Up-to-date: /home/UMRobotics/new_ws/install/tf2_msgs/include/tf2_msgs/tf2_msgs/msg/detail
-- Installing: /home/UMRobotics/new_ws/install/tf2_msgs/include/tf2_msgs/tf2_msgs/msg/detail/tf2_error__rosidl_typesupport_introspection_c.h
-- Installing: /home/UMRobotics/new_ws/install/tf2_msgs/include/tf2_msgs/tf2_msgs/msg/detail/tf_message__type_support.c
-- Installing: /home/UMRobotics/new_ws/install/tf2_msgs/include/tf2_msgs/tf2_msgs/msg/detail/tf2_error__type_support.c
-- Installing: /home/UMRobotics/new_ws/install/tf2_msgs/include/tf2_msgs/tf2_msgs/msg/detail/tf_message__rosidl_typesupport_introspection_c.h
-- Up-to-date: /home/UMRobotics/new_ws/install/tf2_msgs/include/tf2_msgs/tf2_msgs/srv
-- Up-to-date: /home/UMRobotics/new_ws/install/tf2_msgs/include/tf2_msgs/tf2_msgs/srv/detail
-- Installing: /home/UMRobotics/new_ws/install/tf2_msgs/include/tf2_msgs/tf2_msgs/srv/detail/frame_graph__type_support.c
-- Installing: /home/UMRobotics/new_ws/install/tf2_msgs/include/tf2_msgs/tf2_msgs/srv/detail/frame_graph__rosidl_typesupport_introspection_c.h
-- Up-to-date: /home/UMRobotics/new_ws/install/tf2_msgs/include/tf2_msgs/tf2_msgs/action
-- Up-to-date: /home/UMRobotics/new_ws/install/tf2_msgs/include/tf2_msgs/tf2_msgs/action/detail
-- Installing: /home/UMRobotics/new_ws/install/tf2_msgs/include/tf2_msgs/tf2_msgs/action/detail/lookup_transform__type_support.c
-- Installing: /home/UMRobotics/new_ws/install/tf2_msgs/include/tf2_msgs/tf2_msgs/action/detail/lookup_transform__rosidl_typesupport_introspection_c.h
-- Installing: /home/UMRobotics/new_ws/install/tf2_msgs/lib/libtf2_msgs__rosidl_typesupport_introspection_c.so
-- Set non-toolchain portion of runtime path of "/home/UMRobotics/new_ws/install/tf2_msgs/lib/libtf2_msgs__rosidl_typesupport_introspection_c.so" to ""
-- Installing: /home/UMRobotics/new_ws/install/tf2_msgs/lib/libtf2_msgs__rosidl_typesupport_c.so
-- Set non-toolchain portion of runtime path of "/home/UMRobotics/new_ws/install/tf2_msgs/lib/libtf2_msgs__rosidl_typesupport_c.so" to ""
-- Up-to-date: /home/UMRobotics/new_ws/install/tf2_msgs/include/tf2_msgs/tf2_msgs
-- Up-to-date: /home/UMRobotics/new_ws/install/tf2_msgs/include/tf2_msgs/tf2_msgs/msg
-- Installing: /home/UMRobotics/new_ws/install/tf2_msgs/include/tf2_msgs/tf2_msgs/msg/tf_message.hpp
-- Installing: /home/UMRobotics/new_ws/install/tf2_msgs/include/tf2_msgs/tf2_msgs/msg/tf2_error.hpp
-- Installing: /home/UMRobotics/new_ws/install/tf2_msgs/include/tf2_msgs/tf2_msgs/msg/rosidl_generator_cpp__visibility_control.hpp
-- Up-to-date: /home/UMRobotics/new_ws/install/tf2_msgs/include/tf2_msgs/tf2_msgs/msg/detail
-- Installing: /home/UMRobotics/new_ws/install/tf2_msgs/include/tf2_msgs/tf2_msgs/msg/detail/tf_message__type_support.hpp
-- Installing: /home/UMRobotics/new_ws/install/tf2_msgs/include/tf2_msgs/tf2_msgs/msg/detail/tf_message__traits.hpp
-- Installing: /home/UMRobotics/new_ws/install/tf2_msgs/include/tf2_msgs/tf2_msgs/msg/detail/tf2_error__struct.hpp
-- Installing: /home/UMRobotics/new_ws/install/tf2_msgs/include/tf2_msgs/tf2_msgs/msg/detail/tf2_error__type_support.hpp
-- Installing: /home/UMRobotics/new_ws/install/tf2_msgs/include/tf2_msgs/tf2_msgs/msg/detail/tf2_error__builder.hpp
-- Installing: /home/UMRobotics/new_ws/install/tf2_msgs/include/tf2_msgs/tf2_msgs/msg/detail/tf2_error__traits.hpp
-- Installing: /home/UMRobotics/new_ws/install/tf2_msgs/include/tf2_msgs/tf2_msgs/msg/detail/tf_message__builder.hpp
-- Installing: /home/UMRobotics/new_ws/install/tf2_msgs/include/tf2_msgs/tf2_msgs/msg/detail/tf_message__struct.hpp
-- Up-to-date: /home/UMRobotics/new_ws/install/tf2_msgs/include/tf2_msgs/tf2_msgs/srv
-- Installing: /home/UMRobotics/new_ws/install/tf2_msgs/include/tf2_msgs/tf2_msgs/srv/frame_graph.hpp
-- Up-to-date: /home/UMRobotics/new_ws/install/tf2_msgs/include/tf2_msgs/tf2_msgs/srv/detail
-- Installing: /home/UMRobotics/new_ws/install/tf2_msgs/include/tf2_msgs/tf2_msgs/srv/detail/frame_graph__traits.hpp
-- Installing: /home/UMRobotics/new_ws/install/tf2_msgs/include/tf2_msgs/tf2_msgs/srv/detail/frame_graph__builder.hpp
-- Installing: /home/UMRobotics/new_ws/install/tf2_msgs/include/tf2_msgs/tf2_msgs/srv/detail/frame_graph__struct.hpp
-- Installing: /home/UMRobotics/new_ws/install/tf2_msgs/include/tf2_msgs/tf2_msgs/srv/detail/frame_graph__type_support.hpp
-- Up-to-date: /home/UMRobotics/new_ws/install/tf2_msgs/include/tf2_msgs/tf2_msgs/action
-- Up-to-date: /home/UMRobotics/new_ws/install/tf2_msgs/include/tf2_msgs/tf2_msgs/action/detail
-- Installing: /home/UMRobotics/new_ws/install/tf2_msgs/include/tf2_msgs/tf2_msgs/action/detail/lookup_transform__type_support.hpp
-- Installing: /home/UMRobotics/new_ws/install/tf2_msgs/include/tf2_msgs/tf2_msgs/action/detail/lookup_transform__builder.hpp
-- Installing: /home/UMRobotics/new_ws/install/tf2_msgs/include/tf2_msgs/tf2_msgs/action/detail/lookup_transform__struct.hpp
-- Installing: /home/UMRobotics/new_ws/install/tf2_msgs/include/tf2_msgs/tf2_msgs/action/detail/lookup_transform__traits.hpp
-- Installing: /home/UMRobotics/new_ws/install/tf2_msgs/include/tf2_msgs/tf2_msgs/action/lookup_transform.hpp
-- Up-to-date: /home/UMRobotics/new_ws/install/tf2_msgs/include/tf2_msgs/tf2_msgs
-- Up-to-date: /home/UMRobotics/new_ws/install/tf2_msgs/include/tf2_msgs/tf2_msgs/msg
-- Up-to-date: /home/UMRobotics/new_ws/install/tf2_msgs/include/tf2_msgs/tf2_msgs/msg/detail
-- Installing: /home/UMRobotics/new_ws/install/tf2_msgs/include/tf2_msgs/tf2_msgs/msg/detail/tf2_error__rosidl_typesupport_fastrtps_cpp.hpp
-- Installing: /home/UMRobotics/new_ws/install/tf2_msgs/include/tf2_msgs/tf2_msgs/msg/detail/tf_message__rosidl_typesupport_fastrtps_cpp.hpp
-- Installing: /home/UMRobotics/new_ws/install/tf2_msgs/include/tf2_msgs/tf2_msgs/msg/detail/dds_fastrtps
-- Installing: /home/UMRobotics/new_ws/install/tf2_msgs/include/tf2_msgs/tf2_msgs/msg/rosidl_typesupport_fastrtps_cpp__visibility_control.h
-- Up-to-date: /home/UMRobotics/new_ws/install/tf2_msgs/include/tf2_msgs/tf2_msgs/srv
-- Up-to-date: /home/UMRobotics/new_ws/install/tf2_msgs/include/tf2_msgs/tf2_msgs/srv/detail
-- Installing: /home/UMRobotics/new_ws/install/tf2_msgs/include/tf2_msgs/tf2_msgs/srv/detail/frame_graph__rosidl_typesupport_fastrtps_cpp.hpp
-- Installing: /home/UMRobotics/new_ws/install/tf2_msgs/include/tf2_msgs/tf2_msgs/srv/detail/dds_fastrtps
-- Up-to-date: /home/UMRobotics/new_ws/install/tf2_msgs/include/tf2_msgs/tf2_msgs/action
-- Up-to-date: /home/UMRobotics/new_ws/install/tf2_msgs/include/tf2_msgs/tf2_msgs/action/detail
-- Installing: /home/UMRobotics/new_ws/install/tf2_msgs/include/tf2_msgs/tf2_msgs/action/detail/dds_fastrtps
-- Installing: /home/UMRobotics/new_ws/install/tf2_msgs/include/tf2_msgs/tf2_msgs/action/detail/lookup_transform__rosidl_typesupport_fastrtps_cpp.hpp
-- Installing: /home/UMRobotics/new_ws/install/tf2_msgs/lib/libtf2_msgs__rosidl_typesupport_fastrtps_cpp.so
-- Set non-toolchain portion of runtime path of "/home/UMRobotics/new_ws/install/tf2_msgs/lib/libtf2_msgs__rosidl_typesupport_fastrtps_cpp.so" to ""
-- Up-to-date: /home/UMRobotics/new_ws/install/tf2_msgs/include/tf2_msgs/tf2_msgs
-- Up-to-date: /home/UMRobotics/new_ws/install/tf2_msgs/include/tf2_msgs/tf2_msgs/msg
-- Up-to-date: /home/UMRobotics/new_ws/install/tf2_msgs/include/tf2_msgs/tf2_msgs/msg/detail
-- Installing: /home/UMRobotics/new_ws/install/tf2_msgs/include/tf2_msgs/tf2_msgs/msg/detail/tf_message__type_support.cpp
-- Installing: /home/UMRobotics/new_ws/install/tf2_msgs/include/tf2_msgs/tf2_msgs/msg/detail/tf2_error__rosidl_typesupport_introspection_cpp.hpp
-- Installing: /home/UMRobotics/new_ws/install/tf2_msgs/include/tf2_msgs/tf2_msgs/msg/detail/tf_message__rosidl_typesupport_introspection_cpp.hpp
-- Installing: /home/UMRobotics/new_ws/install/tf2_msgs/include/tf2_msgs/tf2_msgs/msg/detail/tf2_error__type_support.cpp
-- Up-to-date: /home/UMRobotics/new_ws/install/tf2_msgs/include/tf2_msgs/tf2_msgs/srv
-- Up-to-date: /home/UMRobotics/new_ws/install/tf2_msgs/include/tf2_msgs/tf2_msgs/srv/detail
-- Installing: /home/UMRobotics/new_ws/install/tf2_msgs/include/tf2_msgs/tf2_msgs/srv/detail/frame_graph__type_support.cpp
-- Installing: /home/UMRobotics/new_ws/install/tf2_msgs/include/tf2_msgs/tf2_msgs/srv/detail/frame_graph__rosidl_typesupport_introspection_cpp.hpp
-- Up-to-date: /home/UMRobotics/new_ws/install/tf2_msgs/include/tf2_msgs/tf2_msgs/action
-- Up-to-date: /home/UMRobotics/new_ws/install/tf2_msgs/include/tf2_msgs/tf2_msgs/action/detail
-- Installing: /home/UMRobotics/new_ws/install/tf2_msgs/include/tf2_msgs/tf2_msgs/action/detail/lookup_transform__rosidl_typesupport_introspection_cpp.hpp
-- Installing: /home/UMRobotics/new_ws/install/tf2_msgs/include/tf2_msgs/tf2_msgs/action/detail/lookup_transform__type_support.cpp
-- Installing: /home/UMRobotics/new_ws/install/tf2_msgs/lib/libtf2_msgs__rosidl_typesupport_introspection_cpp.so
-- Set non-toolchain portion of runtime path of "/home/UMRobotics/new_ws/install/tf2_msgs/lib/libtf2_msgs__rosidl_typesupport_introspection_cpp.so" to ""
-- Installing: /home/UMRobotics/new_ws/install/tf2_msgs/lib/libtf2_msgs__rosidl_typesupport_cpp.so
-- Set non-toolchain portion of runtime path of "/home/UMRobotics/new_ws/install/tf2_msgs/lib/libtf2_msgs__rosidl_typesupport_cpp.so" to ""
-- Installing: /home/UMRobotics/new_ws/install/tf2_msgs/share/tf2_msgs/environment/pythonpath.sh
-- Installing: /home/UMRobotics/new_ws/install/tf2_msgs/share/tf2_msgs/environment/pythonpath.dsv
-- Installing: /home/UMRobotics/new_ws/install/tf2_msgs/lib/python3.12/site-packages/tf2_msgs-0.36.11-py3.12.egg-info
-- Installing: /home/UMRobotics/new_ws/install/tf2_msgs/lib/python3.12/site-packages/tf2_msgs-0.36.11-py3.12.egg-info/PKG-INFO
-- Installing: /home/UMRobotics/new_ws/install/tf2_msgs/lib/python3.12/site-packages/tf2_msgs-0.36.11-py3.12.egg-info/SOURCES.txt
-- Installing: /home/UMRobotics/new_ws/install/tf2_msgs/lib/python3.12/site-packages/tf2_msgs-0.36.11-py3.12.egg-info/dependency_links.txt
-- Installing: /home/UMRobotics/new_ws/install/tf2_msgs/lib/python3.12/site-packages/tf2_msgs-0.36.11-py3.12.egg-info/top_level.txt
-- Installing: /home/UMRobotics/new_ws/install/tf2_msgs/lib/python3.12/site-packages/tf2_msgs
-- Installing: /home/UMRobotics/new_ws/install/tf2_msgs/lib/python3.12/site-packages/tf2_msgs/_tf2_msgs_s.ep.rosidl_typesupport_fastrtps_c.c
-- Installing: /home/UMRobotics/new_ws/install/tf2_msgs/lib/python3.12/site-packages/tf2_msgs/tf2_msgs_s__rosidl_typesupport_fastrtps_c.so
-- Installing: /home/UMRobotics/new_ws/install/tf2_msgs/lib/python3.12/site-packages/tf2_msgs/msg
-- Installing: /home/UMRobotics/new_ws/install/tf2_msgs/lib/python3.12/site-packages/tf2_msgs/msg/_tf_message_s.c
-- Installing: /home/UMRobotics/new_ws/install/tf2_msgs/lib/python3.12/site-packages/tf2_msgs/msg/_tf_message.py
-- Installing: /home/UMRobotics/new_ws/install/tf2_msgs/lib/python3.12/site-packages/tf2_msgs/msg/__init__.py
-- Installing: /home/UMRobotics/new_ws/install/tf2_msgs/lib/python3.12/site-packages/tf2_msgs/msg/_tf2_error_s.c
-- Installing: /home/UMRobotics/new_ws/install/tf2_msgs/lib/python3.12/site-packages/tf2_msgs/msg/_tf2_error.py
-- Installing: /home/UMRobotics/new_ws/install/tf2_msgs/lib/python3.12/site-packages/tf2_msgs/srv
-- Installing: /home/UMRobotics/new_ws/install/tf2_msgs/lib/python3.12/site-packages/tf2_msgs/srv/_frame_graph_s.c
-- Installing: /home/UMRobotics/new_ws/install/tf2_msgs/lib/python3.12/site-packages/tf2_msgs/srv/_frame_graph.py
-- Installing: /home/UMRobotics/new_ws/install/tf2_msgs/lib/python3.12/site-packages/tf2_msgs/srv/__init__.py
-- Installing: /home/UMRobotics/new_ws/install/tf2_msgs/lib/python3.12/site-packages/tf2_msgs/action
-- Installing: /home/UMRobotics/new_ws/install/tf2_msgs/lib/python3.12/site-packages/tf2_msgs/action/_lookup_transform_s.c
-- Installing: /home/UMRobotics/new_ws/install/tf2_msgs/lib/python3.12/site-packages/tf2_msgs/action/__init__.py
-- Installing: /home/UMRobotics/new_ws/install/tf2_msgs/lib/python3.12/site-packages/tf2_msgs/action/_lookup_transform.py
-- Installing: /home/UMRobotics/new_ws/install/tf2_msgs/lib/python3.12/site-packages/tf2_msgs/tf2_msgs_s__rosidl_typesupport_c.so
-- Installing: /home/UMRobotics/new_ws/install/tf2_msgs/lib/python3.12/site-packages/tf2_msgs/tf2_msgs_s__rosidl_typesupport_introspection_c.so
-- Installing: /home/UMRobotics/new_ws/install/tf2_msgs/lib/python3.12/site-packages/tf2_msgs/_tf2_msgs_s.ep.rosidl_typesupport_introspection_c.c
-- Installing: /home/UMRobotics/new_ws/install/tf2_msgs/lib/python3.12/site-packages/tf2_msgs/__init__.py
-- Installing: /home/UMRobotics/new_ws/install/tf2_msgs/lib/python3.12/site-packages/tf2_msgs/_tf2_msgs_s.ep.rosidl_typesupport_c.c
Listing '/home/UMRobotics/new_ws/install/tf2_msgs/lib/python3.12/site-packages/tf2_msgs'...
Compiling '/home/UMRobotics/new_ws/install/tf2_msgs/lib/python3.12/site-packages/tf2_msgs/__init__.py'...
Listing '/home/UMRobotics/new_ws/install/tf2_msgs/lib/python3.12/site-packages/tf2_msgs/action'...
Compiling '/home/UMRobotics/new_ws/install/tf2_msgs/lib/python3.12/site-packages/tf2_msgs/action/__init__.py'...
Compiling '/home/UMRobotics/new_ws/install/tf2_msgs/lib/python3.12/site-packages/tf2_msgs/action/_lookup_transform.py'...
Listing '/home/UMRobotics/new_ws/install/tf2_msgs/lib/python3.12/site-packages/tf2_msgs/msg'...
Compiling '/home/UMRobotics/new_ws/install/tf2_msgs/lib/python3.12/site-packages/tf2_msgs/msg/__init__.py'...
Compiling '/home/UMRobotics/new_ws/install/tf2_msgs/lib/python3.12/site-packages/tf2_msgs/msg/_tf2_error.py'...
Compiling '/home/UMRobotics/new_ws/install/tf2_msgs/lib/python3.12/site-packages/tf2_msgs/msg/_tf_message.py'...
Listing '/home/UMRobotics/new_ws/install/tf2_msgs/lib/python3.12/site-packages/tf2_msgs/srv'...
Compiling '/home/UMRobotics/new_ws/install/tf2_msgs/lib/python3.12/site-packages/tf2_msgs/srv/__init__.py'...
Compiling '/home/UMRobotics/new_ws/install/tf2_msgs/lib/python3.12/site-packages/tf2_msgs/srv/_frame_graph.py'...
-- Installing: /home/UMRobotics/new_ws/install/tf2_msgs/lib/python3.12/site-packages/tf2_msgs/tf2_msgs_s__rosidl_typesupport_fastrtps_c.so
-- Set non-toolchain portion of runtime path of "/home/UMRobotics/new_ws/install/tf2_msgs/lib/python3.12/site-packages/tf2_msgs/tf2_msgs_s__rosidl_typesupport_fastrtps_c.so" to ""
-- Installing: /home/UMRobotics/new_ws/install/tf2_msgs/lib/python3.12/site-packages/tf2_msgs/tf2_msgs_s__rosidl_typesupport_introspection_c.so
-- Set non-toolchain portion of runtime path of "/home/UMRobotics/new_ws/install/tf2_msgs/lib/python3.12/site-packages/tf2_msgs/tf2_msgs_s__rosidl_typesupport_introspection_c.so" to ""
-- Installing: /home/UMRobotics/new_ws/install/tf2_msgs/lib/python3.12/site-packages/tf2_msgs/tf2_msgs_s__rosidl_typesupport_c.so
-- Set non-toolchain portion of runtime path of "/home/UMRobotics/new_ws/install/tf2_msgs/lib/python3.12/site-packages/tf2_msgs/tf2_msgs_s__rosidl_typesupport_c.so" to ""
-- Installing: /home/UMRobotics/new_ws/install/tf2_msgs/lib/libtf2_msgs__rosidl_generator_py.so
-- Set non-toolchain portion of runtime path of "/home/UMRobotics/new_ws/install/tf2_msgs/lib/libtf2_msgs__rosidl_generator_py.so" to ""
-- Installing: /home/UMRobotics/new_ws/install/tf2_msgs/share/tf2_msgs/msg/TF2Error.idl
-- Installing: /home/UMRobotics/new_ws/install/tf2_msgs/share/tf2_msgs/msg/TFMessage.idl
-- Installing: /home/UMRobotics/new_ws/install/tf2_msgs/share/tf2_msgs/srv/FrameGraph.idl
-- Installing: /home/UMRobotics/new_ws/install/tf2_msgs/share/tf2_msgs/action/LookupTransform.idl
-- Installing: /home/UMRobotics/new_ws/install/tf2_msgs/share/tf2_msgs/msg/TF2Error.msg
-- Installing: /home/UMRobotics/new_ws/install/tf2_msgs/share/tf2_msgs/msg/TFMessage.msg
-- Installing: /home/UMRobotics/new_ws/install/tf2_msgs/share/tf2_msgs/srv/FrameGraph.srv
-- Installing: /home/UMRobotics/new_ws/install/tf2_msgs/share/tf2_msgs/action/LookupTransform.action
-- Installing: /home/UMRobotics/new_ws/install/tf2_msgs/share/tf2_msgs/tfmessage_bridge_mapping_rule.yaml
-- Installing: /home/UMRobotics/new_ws/install/tf2_msgs/share/ament_index/resource_index/package_run_dependencies/tf2_msgs
-- Installing: /home/UMRobotics/new_ws/install/tf2_msgs/share/ament_index/resource_index/parent_prefix_path/tf2_msgs
-- Installing: /home/UMRobotics/new_ws/install/tf2_msgs/share/tf2_msgs/environment/ament_prefix_path.sh
-- Installing: /home/UMRobotics/new_ws/install/tf2_msgs/share/tf2_msgs/environment/ament_prefix_path.dsv
-- Installing: /home/UMRobotics/new_ws/install/tf2_msgs/share/tf2_msgs/environment/path.sh
-- Installing: /home/UMRobotics/new_ws/install/tf2_msgs/share/tf2_msgs/environment/path.dsv
-- Installing: /home/UMRobotics/new_ws/install/tf2_msgs/share/tf2_msgs/local_setup.bash
-- Installing: /home/UMRobotics/new_ws/install/tf2_msgs/share/tf2_msgs/local_setup.sh
-- Installing: /home/UMRobotics/new_ws/install/tf2_msgs/share/tf2_msgs/local_setup.zsh
-- Installing: /home/UMRobotics/new_ws/install/tf2_msgs/share/tf2_msgs/local_setup.dsv
-- Installing: /home/UMRobotics/new_ws/install/tf2_msgs/share/tf2_msgs/package.dsv
-- Installing: /home/UMRobotics/new_ws/install/tf2_msgs/share/ament_index/resource_index/packages/tf2_msgs
-- Installing: /home/UMRobotics/new_ws/install/tf2_msgs/share/tf2_msgs/cmake/export_tf2_msgs__rosidl_generator_cExport.cmake
-- Installing: /home/UMRobotics/new_ws/install/tf2_msgs/share/tf2_msgs/cmake/export_tf2_msgs__rosidl_generator_cExport-noconfig.cmake
-- Installing: /home/UMRobotics/new_ws/install/tf2_msgs/share/tf2_msgs/cmake/export_tf2_msgs__rosidl_typesupport_fastrtps_cExport.cmake
-- Installing: /home/UMRobotics/new_ws/install/tf2_msgs/share/tf2_msgs/cmake/export_tf2_msgs__rosidl_typesupport_fastrtps_cExport-noconfig.cmake
-- Installing: /home/UMRobotics/new_ws/install/tf2_msgs/share/tf2_msgs/cmake/tf2_msgs__rosidl_typesupport_introspection_cExport.cmake
-- Installing: /home/UMRobotics/new_ws/install/tf2_msgs/share/tf2_msgs/cmake/tf2_msgs__rosidl_typesupport_introspection_cExport-noconfig.cmake
-- Installing: /home/UMRobotics/new_ws/install/tf2_msgs/share/tf2_msgs/cmake/tf2_msgs__rosidl_typesupport_cExport.cmake
-- Installing: /home/UMRobotics/new_ws/install/tf2_msgs/share/tf2_msgs/cmake/tf2_msgs__rosidl_typesupport_cExport-noconfig.cmake
-- Installing: /home/UMRobotics/new_ws/install/tf2_msgs/share/tf2_msgs/cmake/export_tf2_msgs__rosidl_generator_cppExport.cmake
-- Installing: /home/UMRobotics/new_ws/install/tf2_msgs/share/tf2_msgs/cmake/export_tf2_msgs__rosidl_typesupport_fastrtps_cppExport.cmake
-- Installing: /home/UMRobotics/new_ws/install/tf2_msgs/share/tf2_msgs/cmake/export_tf2_msgs__rosidl_typesupport_fastrtps_cppExport-noconfig.cmake
-- Installing: /home/UMRobotics/new_ws/install/tf2_msgs/share/tf2_msgs/cmake/tf2_msgs__rosidl_typesupport_introspection_cppExport.cmake
-- Installing: /home/UMRobotics/new_ws/install/tf2_msgs/share/tf2_msgs/cmake/tf2_msgs__rosidl_typesupport_introspection_cppExport-noconfig.cmake
-- Installing: /home/UMRobotics/new_ws/install/tf2_msgs/share/tf2_msgs/cmake/tf2_msgs__rosidl_typesupport_cppExport.cmake
-- Installing: /home/UMRobotics/new_ws/install/tf2_msgs/share/tf2_msgs/cmake/tf2_msgs__rosidl_typesupport_cppExport-noconfig.cmake
-- Installing: /home/UMRobotics/new_ws/install/tf2_msgs/share/tf2_msgs/cmake/export_tf2_msgs__rosidl_generator_pyExport.cmake
-- Installing: /home/UMRobotics/new_ws/install/tf2_msgs/share/tf2_msgs/cmake/export_tf2_msgs__rosidl_generator_pyExport-noconfig.cmake
-- Installing: /home/UMRobotics/new_ws/install/tf2_msgs/share/tf2_msgs/cmake/rosidl_cmake-extras.cmake
-- Installing: /home/UMRobotics/new_ws/install/tf2_msgs/share/tf2_msgs/cmake/ament_cmake_export_dependencies-extras.cmake
-- Installing: /home/UMRobotics/new_ws/install/tf2_msgs/share/tf2_msgs/cmake/ament_cmake_export_include_directories-extras.cmake
-- Installing: /home/UMRobotics/new_ws/install/tf2_msgs/share/tf2_msgs/cmake/ament_cmake_export_libraries-extras.cmake
-- Installing: /home/UMRobotics/new_ws/install/tf2_msgs/share/tf2_msgs/cmake/ament_cmake_export_targets-extras.cmake
-- Installing: /home/UMRobotics/new_ws/install/tf2_msgs/share/tf2_msgs/cmake/rosidl_cmake_export_typesupport_targets-extras.cmake
-- Installing: /home/UMRobotics/new_ws/install/tf2_msgs/share/tf2_msgs/cmake/rosidl_cmake_export_typesupport_libraries-extras.cmake
-- Installing: /home/UMRobotics/new_ws/install/tf2_msgs/share/tf2_msgs/cmake/tf2_msgsConfig.cmake
-- Installing: /home/UMRobotics/new_ws/install/tf2_msgs/share/tf2_msgs/cmake/tf2_msgsConfig-version.cmake
-- Installing: /home/UMRobotics/new_ws/install/tf2_msgs/share/tf2_msgs/package.xml
