[0.054s] Invoking command in '/home/UMRobotics/new_ws/build/tf2_msgs': CMAKE_PREFIX_PATH=${CMAKE_PREFIX_PATH}:/home/UMRobotics/moveit_ws/install/moveit_configs_utils:/opt/ros/jazzy DEBUGINFOD_URLS=https://debuginfod.ubuntu.com /usr/bin/cmake /home/UMRobotics/new_ws/src/geometry2/tf2_msgs -DCMAKE_INSTALL_PREFIX=/home/UMRobotics/new_ws/install/tf2_msgs
[0.274s] -- The C compiler identification is GNU 13.3.0
[0.274s] -- The CXX compiler identification is GNU 13.3.0
[0.275s] -- Detecting C compiler ABI info
[0.276s] -- Detecting C compiler ABI info - done
[0.277s] -- Check for working C compiler: /usr/bin/cc - skipped
[0.277s] -- Detecting C compile features
[0.277s] -- Detecting C compile features - done
[0.277s] -- Detecting CXX compiler ABI info
[0.364s] -- Detecting CXX compiler ABI info - done
[0.373s] -- Check for working CXX compiler: /usr/bin/c++ - skipped
[0.373s] -- Detecting CXX compile features
[0.373s] -- Detecting CXX compile features - done
[0.384s] -- Found ament_cmake: 2.5.4 (/opt/ros/jazzy/share/ament_cmake/cmake)
[0.543s] -- Found Python3: /home/UMRobotics/.local/bin/python3 (found version "3.12.3") found components: Interpreter 
[0.647s] -- Found rosidl_default_generators: 1.6.0 (/opt/ros/jazzy/share/rosidl_default_generators/cmake)
[0.658s] -- Using all available rosidl_typesupport_c: rosidl_typesupport_fastrtps_c;rosidl_typesupport_introspection_c
[0.722s] -- Using all available rosidl_typesupport_cpp: rosidl_typesupport_fastrtps_cpp;rosidl_typesupport_introspection_cpp
[0.780s] -- Found rosidl_adapter: 4.6.5 (/opt/ros/jazzy/share/rosidl_adapter/cmake)
[0.787s] -- Found builtin_interfaces: 2.0.2 (/opt/ros/jazzy/share/builtin_interfaces/cmake)
[0.803s] -- Found geometry_msgs: 5.3.6 (/opt/ros/jazzy/share/geometry_msgs/cmake)
[1.490s] -- Found ament_cmake_cppcheck: 0.17.2 (/opt/ros/jazzy/share/ament_cmake_cppcheck/cmake)
[1.496s] -- Found ament_cmake_cpplint: 0.17.2 (/opt/ros/jazzy/share/ament_cmake_cpplint/cmake)
[1.501s] -- Found ament_cmake_uncrustify: 0.17.2 (/opt/ros/jazzy/share/ament_cmake_uncrustify/cmake)
[1.507s] -- Found ament_cmake_ros: 0.12.0 (/opt/ros/jazzy/share/ament_cmake_ros/cmake)
[1.944s] -- Using all available rosidl_typesupport_c: rosidl_typesupport_fastrtps_c;rosidl_typesupport_introspection_c
[2.473s] -- Using all available rosidl_typesupport_cpp: rosidl_typesupport_fastrtps_cpp;rosidl_typesupport_introspection_cpp
[2.479s] -- Found python_cmake_module: 0.11.1 (/opt/ros/jazzy/share/python_cmake_module/cmake)
[2.584s] -- Found PythonExtra: /home/UMRobotics/.local/bin/python3  
[2.983s] -- Found Python3: /home/UMRobotics/.local/bin/python3 (found version "3.12.3") found components: Interpreter Development NumPy Development.Module Development.Embed 
[3.041s] -- Found ament_cmake_flake8: 0.17.2 (/opt/ros/jazzy/share/ament_cmake_flake8/cmake)
[3.045s] -- Found ament_cmake_pep257: 0.17.2 (/opt/ros/jazzy/share/ament_cmake_pep257/cmake)
[3.052s] -- Configuring done (3.0s)
[3.087s] -- Generating done (0.0s)
[3.096s] -- Build files have been written to: /home/UMRobotics/new_ws/build/tf2_msgs
[3.105s] Invoked command in '/home/UMRobotics/new_ws/build/tf2_msgs' returned '0': CMAKE_PREFIX_PATH=${CMAKE_PREFIX_PATH}:/home/UMRobotics/moveit_ws/install/moveit_configs_utils:/opt/ros/jazzy DEBUGINFOD_URLS=https://debuginfod.ubuntu.com /usr/bin/cmake /home/UMRobotics/new_ws/src/geometry2/tf2_msgs -DCMAKE_INSTALL_PREFIX=/home/UMRobotics/new_ws/install/tf2_msgs
[3.106s] Invoking command in '/home/UMRobotics/new_ws/build/tf2_msgs': CMAKE_PREFIX_PATH=${CMAKE_PREFIX_PATH}:/home/UMRobotics/moveit_ws/install/moveit_configs_utils:/opt/ros/jazzy DEBUGINFOD_URLS=https://debuginfod.ubuntu.com /usr/bin/cmake --build /home/UMRobotics/new_ws/build/tf2_msgs -- -j16 -l16
[3.148s] [  1%] [34m[1mGenerating type hashes for ROS interfaces[0m
[3.155s] [  1%] Built target ament_cmake_python_copy_tf2_msgs
[3.382s] running egg_info
[3.383s] creating tf2_msgs.egg-info
[3.393s] [  1%] Built target tf2_msgs__rosidl_generator_type_description
[3.402s] [  3%] [34m[1mGenerating C code for ROS interfaces[0m
[3.408s] writing tf2_msgs.egg-info/PKG-INFO
[3.408s] writing dependency_links to tf2_msgs.egg-info/dependency_links.txt
[3.408s] writing top-level names to tf2_msgs.egg-info/top_level.txt
[3.408s] writing manifest file 'tf2_msgs.egg-info/SOURCES.txt'
[3.410s] [  4%] [34m[1mGenerating C++ code for ROS interfaces[0m
[3.481s] reading manifest file 'tf2_msgs.egg-info/SOURCES.txt'
[3.482s] writing manifest file 'tf2_msgs.egg-info/SOURCES.txt'
[3.511s] [  4%] Built target ament_cmake_python_build_tf2_msgs_egg
[3.915s] [  4%] Built target tf2_msgs__cpp
[3.988s] [  6%] [32mBuilding C object CMakeFiles/tf2_msgs__rosidl_generator_c.dir/rosidl_generator_c/tf2_msgs/msg/detail/tf2_error__type_support.c.o[0m
[3.988s] [ 12%] [32mBuilding C object CMakeFiles/tf2_msgs__rosidl_generator_c.dir/rosidl_generator_c/tf2_msgs/msg/detail/tf_message__functions.c.o[0m
[3.988s] [ 12%] [32mBuilding C object CMakeFiles/tf2_msgs__rosidl_generator_c.dir/rosidl_generator_c/tf2_msgs/msg/detail/tf_message__type_support.c.o[0m
[3.988s] [ 12%] [32mBuilding C object CMakeFiles/tf2_msgs__rosidl_generator_c.dir/rosidl_generator_c/tf2_msgs/msg/detail/tf_message__description.c.o[0m
[3.988s] [ 12%] [32mBuilding C object CMakeFiles/tf2_msgs__rosidl_generator_c.dir/rosidl_generator_c/tf2_msgs/msg/detail/tf2_error__description.c.o[0m
[3.988s] [ 14%] [32mBuilding C object CMakeFiles/tf2_msgs__rosidl_generator_c.dir/rosidl_generator_c/tf2_msgs/srv/detail/frame_graph__description.c.o[0m
[3.988s] [ 15%] [32mBuilding C object CMakeFiles/tf2_msgs__rosidl_generator_c.dir/rosidl_generator_c/tf2_msgs/msg/detail/tf2_error__functions.c.o[0m
[3.988s] [ 17%] [32mBuilding C object CMakeFiles/tf2_msgs__rosidl_generator_c.dir/rosidl_generator_c/tf2_msgs/srv/detail/frame_graph__functions.c.o[0m
[3.988s] [ 18%] [32mBuilding C object CMakeFiles/tf2_msgs__rosidl_generator_c.dir/rosidl_generator_c/tf2_msgs/srv/detail/frame_graph__type_support.c.o[0m
[3.989s] [ 20%] [32mBuilding C object CMakeFiles/tf2_msgs__rosidl_generator_c.dir/rosidl_generator_c/tf2_msgs/action/detail/lookup_transform__description.c.o[0m
[3.989s] [ 21%] [32mBuilding C object CMakeFiles/tf2_msgs__rosidl_generator_c.dir/rosidl_generator_c/tf2_msgs/action/detail/lookup_transform__type_support.c.o[0m
[3.989s] [ 23%] [32mBuilding C object CMakeFiles/tf2_msgs__rosidl_generator_c.dir/rosidl_generator_c/tf2_msgs/action/detail/lookup_transform__functions.c.o[0m
[4.132s] [ 25%] [32m[1mLinking C shared library libtf2_msgs__rosidl_generator_c.so[0m
[4.169s] [ 25%] Built target tf2_msgs__rosidl_generator_c
[4.180s] [ 26%] [34m[1mGenerating C type support dispatch for ROS interfaces[0m
[4.180s] [ 28%] [34m[1mGenerating C++ type support dispatch for ROS interfaces[0m
[4.180s] [ 29%] [34m[1mGenerating C++ introspection for ROS interfaces[0m
[4.182s] [ 32%] [34m[1mGenerating C type support for eProsima Fast-RTPS[0m
[4.182s] [ 32%] [34m[1mGenerating C++ type support for eProsima Fast-RTPS[0m
[4.186s] [ 34%] [34m[1mGenerating C introspection for ROS interfaces[0m
[4.754s] [ 35%] [32mBuilding CXX object CMakeFiles/tf2_msgs__rosidl_typesupport_cpp.dir/rosidl_typesupport_cpp/tf2_msgs/msg/tf_message__type_support.cpp.o[0m
[4.754s] [ 37%] [32mBuilding CXX object CMakeFiles/tf2_msgs__rosidl_typesupport_c.dir/rosidl_typesupport_c/tf2_msgs/msg/tf2_error__type_support.cpp.o[0m
[4.755s] [ 39%] [32mBuilding CXX object CMakeFiles/tf2_msgs__rosidl_typesupport_cpp.dir/rosidl_typesupport_cpp/tf2_msgs/msg/tf2_error__type_support.cpp.o[0m
[4.755s] [ 40%] [32mBuilding CXX object CMakeFiles/tf2_msgs__rosidl_typesupport_cpp.dir/rosidl_typesupport_cpp/tf2_msgs/action/lookup_transform__type_support.cpp.o[0m
[4.758s] [ 42%] [32mBuilding CXX object CMakeFiles/tf2_msgs__rosidl_typesupport_cpp.dir/rosidl_typesupport_cpp/tf2_msgs/srv/frame_graph__type_support.cpp.o[0m
[4.763s] [ 43%] [32mBuilding CXX object CMakeFiles/tf2_msgs__rosidl_typesupport_c.dir/rosidl_typesupport_c/tf2_msgs/srv/frame_graph__type_support.cpp.o[0m
[4.767s] [ 45%] [32mBuilding CXX object CMakeFiles/tf2_msgs__rosidl_typesupport_c.dir/rosidl_typesupport_c/tf2_msgs/msg/tf_message__type_support.cpp.o[0m
[4.769s] [ 46%] [32mBuilding CXX object CMakeFiles/tf2_msgs__rosidl_typesupport_c.dir/rosidl_typesupport_c/tf2_msgs/action/lookup_transform__type_support.cpp.o[0m
[4.877s] [ 50%] [32mBuilding CXX object CMakeFiles/tf2_msgs__rosidl_typesupport_introspection_cpp.dir/rosidl_typesupport_introspection_cpp/tf2_msgs/msg/detail/tf2_error__type_support.cpp.o[0m
[4.878s] [ 50%] [32mBuilding CXX object CMakeFiles/tf2_msgs__rosidl_typesupport_introspection_cpp.dir/rosidl_typesupport_introspection_cpp/tf2_msgs/msg/detail/tf_message__type_support.cpp.o[0m
[4.882s] [ 51%] [32mBuilding CXX object CMakeFiles/tf2_msgs__rosidl_typesupport_introspection_cpp.dir/rosidl_typesupport_introspection_cpp/tf2_msgs/srv/detail/frame_graph__type_support.cpp.o[0m
[4.890s] [ 53%] [32m[1mLinking CXX shared library libtf2_msgs__rosidl_typesupport_c.so[0m
[4.890s] [ 54%] [32mBuilding CXX object CMakeFiles/tf2_msgs__rosidl_typesupport_introspection_cpp.dir/rosidl_typesupport_introspection_cpp/tf2_msgs/action/detail/lookup_transform__type_support.cpp.o[0m
[4.944s] [ 56%] [32mBuilding C object CMakeFiles/tf2_msgs__rosidl_typesupport_introspection_c.dir/rosidl_typesupport_introspection_c/tf2_msgs/msg/detail/tf_message__type_support.c.o[0m
[4.945s] [ 57%] [32mBuilding C object CMakeFiles/tf2_msgs__rosidl_typesupport_introspection_c.dir/rosidl_typesupport_introspection_c/tf2_msgs/msg/detail/tf2_error__type_support.c.o[0m
[4.956s] [ 59%] [32mBuilding C object CMakeFiles/tf2_msgs__rosidl_typesupport_introspection_c.dir/rosidl_typesupport_introspection_c/tf2_msgs/action/detail/lookup_transform__type_support.c.o[0m
[4.959s] [ 60%] [32mBuilding C object CMakeFiles/tf2_msgs__rosidl_typesupport_introspection_c.dir/rosidl_typesupport_introspection_c/tf2_msgs/srv/detail/frame_graph__type_support.c.o[0m
[5.008s] [ 60%] Built target tf2_msgs__rosidl_typesupport_c
[5.015s] [ 62%] [32mBuilding CXX object CMakeFiles/tf2_msgs__rosidl_typesupport_fastrtps_c.dir/rosidl_typesupport_fastrtps_c/tf2_msgs/msg/detail/tf2_error__type_support_c.cpp.o[0m
[5.023s] [ 64%] [32mBuilding CXX object CMakeFiles/tf2_msgs__rosidl_typesupport_fastrtps_c.dir/rosidl_typesupport_fastrtps_c/tf2_msgs/msg/detail/tf_message__type_support_c.cpp.o[0m
[5.032s] [ 65%] [32mBuilding CXX object CMakeFiles/tf2_msgs__rosidl_typesupport_fastrtps_c.dir/rosidl_typesupport_fastrtps_c/tf2_msgs/srv/detail/frame_graph__type_support_c.cpp.o[0m
[5.047s] [ 67%] [32mBuilding CXX object CMakeFiles/tf2_msgs__rosidl_typesupport_fastrtps_c.dir/rosidl_typesupport_fastrtps_c/tf2_msgs/action/detail/lookup_transform__type_support_c.cpp.o[0m
[5.104s] [ 68%] [32m[1mLinking C shared library libtf2_msgs__rosidl_typesupport_introspection_c.so[0m
[5.203s] [ 70%] [32mBuilding CXX object CMakeFiles/tf2_msgs__rosidl_typesupport_fastrtps_cpp.dir/rosidl_typesupport_fastrtps_cpp/tf2_msgs/msg/detail/dds_fastrtps/tf_message__type_support.cpp.o[0m
[5.209s] [ 70%] Built target tf2_msgs__rosidl_typesupport_introspection_c
[5.212s] [ 71%] [32mBuilding CXX object CMakeFiles/tf2_msgs__rosidl_typesupport_fastrtps_cpp.dir/rosidl_typesupport_fastrtps_cpp/tf2_msgs/msg/detail/dds_fastrtps/tf2_error__type_support.cpp.o[0m
[5.212s] [ 73%] [32mBuilding CXX object CMakeFiles/tf2_msgs__rosidl_typesupport_fastrtps_cpp.dir/rosidl_typesupport_fastrtps_cpp/tf2_msgs/srv/detail/dds_fastrtps/frame_graph__type_support.cpp.o[0m
[5.222s] [ 75%] [32mBuilding CXX object CMakeFiles/tf2_msgs__rosidl_typesupport_fastrtps_cpp.dir/rosidl_typesupport_fastrtps_cpp/tf2_msgs/action/detail/dds_fastrtps/lookup_transform__type_support.cpp.o[0m
[5.705s] [ 76%] [32m[1mLinking CXX shared library libtf2_msgs__rosidl_typesupport_cpp.so[0m
[5.850s] [ 78%] [32m[1mLinking CXX shared library libtf2_msgs__rosidl_typesupport_fastrtps_c.so[0m
[5.859s] [ 78%] Built target tf2_msgs__rosidl_typesupport_cpp
[5.932s] [ 79%] [32m[1mLinking CXX shared library libtf2_msgs__rosidl_typesupport_introspection_cpp.so[0m
[5.959s] [ 79%] Built target tf2_msgs__rosidl_typesupport_fastrtps_c
[6.033s] [ 79%] Built target tf2_msgs__rosidl_typesupport_introspection_cpp
[6.341s] [ 81%] [32m[1mLinking CXX shared library libtf2_msgs__rosidl_typesupport_fastrtps_cpp.so[0m
[6.404s] [ 81%] Built target tf2_msgs__rosidl_typesupport_fastrtps_cpp
[6.420s] [ 81%] Built target tf2_msgs
[6.439s] [ 82%] [34m[1mGenerating Python code for ROS interfaces[0m
[7.163s] [ 82%] Built target tf2_msgs__py
[7.195s] [ 84%] [32mBuilding C object CMakeFiles/tf2_msgs__rosidl_generator_py.dir/rosidl_generator_py/tf2_msgs/msg/_tf_message_s.c.o[0m
[7.197s] [ 85%] [32mBuilding C object CMakeFiles/tf2_msgs__rosidl_generator_py.dir/rosidl_generator_py/tf2_msgs/action/_lookup_transform_s.c.o[0m
[7.198s] [ 87%] [32mBuilding C object CMakeFiles/tf2_msgs__rosidl_generator_py.dir/rosidl_generator_py/tf2_msgs/srv/_frame_graph_s.c.o[0m
[7.199s] [ 89%] [32mBuilding C object CMakeFiles/tf2_msgs__rosidl_generator_py.dir/rosidl_generator_py/tf2_msgs/msg/_tf2_error_s.c.o[0m
[7.383s] [ 90%] [32m[1mLinking C shared library libtf2_msgs__rosidl_generator_py.so[0m
[7.423s] [ 90%] Built target tf2_msgs__rosidl_generator_py
[7.442s] [ 93%] [32mBuilding C object CMakeFiles/tf2_msgs_s__rosidl_typesupport_c.dir/rosidl_generator_py/tf2_msgs/_tf2_msgs_s.ep.rosidl_typesupport_c.c.o[0m
[7.443s] [ 93%] [32mBuilding C object CMakeFiles/tf2_msgs_s__rosidl_typesupport_introspection_c.dir/rosidl_generator_py/tf2_msgs/_tf2_msgs_s.ep.rosidl_typesupport_introspection_c.c.o[0m
[7.443s] [ 95%] [32mBuilding C object CMakeFiles/tf2_msgs_s__rosidl_typesupport_fastrtps_c.dir/rosidl_generator_py/tf2_msgs/_tf2_msgs_s.ep.rosidl_typesupport_fastrtps_c.c.o[0m
[7.556s] [ 98%] [32m[1mLinking C shared module rosidl_generator_py/tf2_msgs/tf2_msgs_s__rosidl_typesupport_c.so[0m
[7.556s] [ 98%] [32m[1mLinking C shared module rosidl_generator_py/tf2_msgs/tf2_msgs_s__rosidl_typesupport_fastrtps_c.so[0m
[7.565s] [100%] [32m[1mLinking C shared module rosidl_generator_py/tf2_msgs/tf2_msgs_s__rosidl_typesupport_introspection_c.so[0m
[7.584s] [100%] Built target tf2_msgs_s__rosidl_typesupport_fastrtps_c
[7.584s] [100%] Built target tf2_msgs_s__rosidl_typesupport_c
[7.596s] [100%] Built target tf2_msgs_s__rosidl_typesupport_introspection_c
[7.606s] Invoked command in '/home/UMRobotics/new_ws/build/tf2_msgs' returned '0': CMAKE_PREFIX_PATH=${CMAKE_PREFIX_PATH}:/home/UMRobotics/moveit_ws/install/moveit_configs_utils:/opt/ros/jazzy DEBUGINFOD_URLS=https://debuginfod.ubuntu.com /usr/bin/cmake --build /home/UMRobotics/new_ws/build/tf2_msgs -- -j16 -l16
[7.607s] Invoking command in '/home/UMRobotics/new_ws/build/tf2_msgs': CMAKE_PREFIX_PATH=${CMAKE_PREFIX_PATH}:/home/UMRobotics/moveit_ws/install/moveit_configs_utils:/opt/ros/jazzy DEBUGINFOD_URLS=https://debuginfod.ubuntu.com /usr/bin/cmake --install /home/UMRobotics/new_ws/build/tf2_msgs
[7.615s] -- Install configuration: ""
[7.615s] -- Installing: /home/UMRobotics/new_ws/install/tf2_msgs/share/ament_index/resource_index/rosidl_interfaces/tf2_msgs
[7.615s] -- Installing: /home/UMRobotics/new_ws/install/tf2_msgs/share/tf2_msgs/msg/TF2Error.json
[7.616s] -- Installing: /home/UMRobotics/new_ws/install/tf2_msgs/share/tf2_msgs/msg/TFMessage.json
[7.616s] -- Installing: /home/UMRobotics/new_ws/install/tf2_msgs/share/tf2_msgs/srv/FrameGraph.json
[7.616s] -- Installing: /home/UMRobotics/new_ws/install/tf2_msgs/share/tf2_msgs/action/LookupTransform.json
[7.616s] -- Installing: /home/UMRobotics/new_ws/install/tf2_msgs/include/tf2_msgs/tf2_msgs
[7.616s] -- Installing: /home/UMRobotics/new_ws/install/tf2_msgs/include/tf2_msgs/tf2_msgs/msg
[7.616s] -- Installing: /home/UMRobotics/new_ws/install/tf2_msgs/include/tf2_msgs/tf2_msgs/msg/rosidl_generator_c__visibility_control.h
[7.616s] -- Installing: /home/UMRobotics/new_ws/install/tf2_msgs/include/tf2_msgs/tf2_msgs/msg/tf_message.h
[7.616s] -- Installing: /home/UMRobotics/new_ws/install/tf2_msgs/include/tf2_msgs/tf2_msgs/msg/tf2_error.h
[7.617s] -- Installing: /home/UMRobotics/new_ws/install/tf2_msgs/include/tf2_msgs/tf2_msgs/msg/detail
[7.617s] -- Installing: /home/UMRobotics/new_ws/install/tf2_msgs/include/tf2_msgs/tf2_msgs/msg/detail/tf_message__type_support.h
[7.617s] -- Installing: /home/UMRobotics/new_ws/install/tf2_msgs/include/tf2_msgs/tf2_msgs/msg/detail/tf_message__type_support.c
[7.617s] -- Installing: /home/UMRobotics/new_ws/install/tf2_msgs/include/tf2_msgs/tf2_msgs/msg/detail/tf2_error__functions.c
[7.617s] -- Installing: /home/UMRobotics/new_ws/install/tf2_msgs/include/tf2_msgs/tf2_msgs/msg/detail/tf2_error__description.c
[7.617s] -- Installing: /home/UMRobotics/new_ws/install/tf2_msgs/include/tf2_msgs/tf2_msgs/msg/detail/tf2_error__type_support.c
[7.617s] -- Installing: /home/UMRobotics/new_ws/install/tf2_msgs/include/tf2_msgs/tf2_msgs/msg/detail/tf2_error__type_support.h
[7.617s] -- Installing: /home/UMRobotics/new_ws/install/tf2_msgs/include/tf2_msgs/tf2_msgs/msg/detail/tf2_error__functions.h
[7.617s] -- Installing: /home/UMRobotics/new_ws/install/tf2_msgs/include/tf2_msgs/tf2_msgs/msg/detail/tf_message__functions.c
[7.617s] -- Installing: /home/UMRobotics/new_ws/install/tf2_msgs/include/tf2_msgs/tf2_msgs/msg/detail/tf_message__functions.h
[7.618s] -- Installing: /home/UMRobotics/new_ws/install/tf2_msgs/include/tf2_msgs/tf2_msgs/msg/detail/tf_message__description.c
[7.618s] -- Installing: /home/UMRobotics/new_ws/install/tf2_msgs/include/tf2_msgs/tf2_msgs/msg/detail/tf_message__struct.h
[7.618s] -- Installing: /home/UMRobotics/new_ws/install/tf2_msgs/include/tf2_msgs/tf2_msgs/msg/detail/tf2_error__struct.h
[7.618s] -- Installing: /home/UMRobotics/new_ws/install/tf2_msgs/include/tf2_msgs/tf2_msgs/srv
[7.618s] -- Installing: /home/UMRobotics/new_ws/install/tf2_msgs/include/tf2_msgs/tf2_msgs/srv/frame_graph.h
[7.618s] -- Installing: /home/UMRobotics/new_ws/install/tf2_msgs/include/tf2_msgs/tf2_msgs/srv/detail
[7.618s] -- Installing: /home/UMRobotics/new_ws/install/tf2_msgs/include/tf2_msgs/tf2_msgs/srv/detail/frame_graph__functions.c
[7.618s] -- Installing: /home/UMRobotics/new_ws/install/tf2_msgs/include/tf2_msgs/tf2_msgs/srv/detail/frame_graph__type_support.c
[7.618s] -- Installing: /home/UMRobotics/new_ws/install/tf2_msgs/include/tf2_msgs/tf2_msgs/srv/detail/frame_graph__struct.h
[7.618s] -- Installing: /home/UMRobotics/new_ws/install/tf2_msgs/include/tf2_msgs/tf2_msgs/srv/detail/frame_graph__functions.h
[7.618s] -- Installing: /home/UMRobotics/new_ws/install/tf2_msgs/include/tf2_msgs/tf2_msgs/srv/detail/frame_graph__description.c
[7.618s] -- Installing: /home/UMRobotics/new_ws/install/tf2_msgs/include/tf2_msgs/tf2_msgs/srv/detail/frame_graph__type_support.h
[7.618s] -- Installing: /home/UMRobotics/new_ws/install/tf2_msgs/include/tf2_msgs/tf2_msgs/action
[7.619s] -- Installing: /home/UMRobotics/new_ws/install/tf2_msgs/include/tf2_msgs/tf2_msgs/action/detail
[7.619s] -- Installing: /home/UMRobotics/new_ws/install/tf2_msgs/include/tf2_msgs/tf2_msgs/action/detail/lookup_transform__type_support.c
[7.619s] -- Installing: /home/UMRobotics/new_ws/install/tf2_msgs/include/tf2_msgs/tf2_msgs/action/detail/lookup_transform__description.c
[7.619s] -- Installing: /home/UMRobotics/new_ws/install/tf2_msgs/include/tf2_msgs/tf2_msgs/action/detail/lookup_transform__functions.h
[7.619s] -- Installing: /home/UMRobotics/new_ws/install/tf2_msgs/include/tf2_msgs/tf2_msgs/action/detail/lookup_transform__struct.h
[7.619s] -- Installing: /home/UMRobotics/new_ws/install/tf2_msgs/include/tf2_msgs/tf2_msgs/action/detail/lookup_transform__type_support.h
[7.619s] -- Installing: /home/UMRobotics/new_ws/install/tf2_msgs/include/tf2_msgs/tf2_msgs/action/detail/lookup_transform__functions.c
[7.619s] -- Installing: /home/UMRobotics/new_ws/install/tf2_msgs/include/tf2_msgs/tf2_msgs/action/lookup_transform.h
[7.619s] -- Installing: /home/UMRobotics/new_ws/install/tf2_msgs/share/tf2_msgs/environment/library_path.sh
[7.619s] -- Installing: /home/UMRobotics/new_ws/install/tf2_msgs/share/tf2_msgs/environment/library_path.dsv
[7.619s] -- Installing: /home/UMRobotics/new_ws/install/tf2_msgs/lib/libtf2_msgs__rosidl_generator_c.so
[7.619s] -- Set non-toolchain portion of runtime path of "/home/UMRobotics/new_ws/install/tf2_msgs/lib/libtf2_msgs__rosidl_generator_c.so" to ""
[7.619s] -- Up-to-date: /home/UMRobotics/new_ws/install/tf2_msgs/include/tf2_msgs/tf2_msgs
[7.619s] -- Up-to-date: /home/UMRobotics/new_ws/install/tf2_msgs/include/tf2_msgs/tf2_msgs/msg
[7.619s] -- Installing: /home/UMRobotics/new_ws/install/tf2_msgs/include/tf2_msgs/tf2_msgs/msg/rosidl_typesupport_fastrtps_c__visibility_control.h
[7.619s] -- Up-to-date: /home/UMRobotics/new_ws/install/tf2_msgs/include/tf2_msgs/tf2_msgs/msg/detail
[7.619s] -- Installing: /home/UMRobotics/new_ws/install/tf2_msgs/include/tf2_msgs/tf2_msgs/msg/detail/tf_message__rosidl_typesupport_fastrtps_c.h
[7.620s] -- Installing: /home/UMRobotics/new_ws/install/tf2_msgs/include/tf2_msgs/tf2_msgs/msg/detail/tf2_error__rosidl_typesupport_fastrtps_c.h
[7.620s] -- Up-to-date: /home/UMRobotics/new_ws/install/tf2_msgs/include/tf2_msgs/tf2_msgs/srv
[7.620s] -- Up-to-date: /home/UMRobotics/new_ws/install/tf2_msgs/include/tf2_msgs/tf2_msgs/srv/detail
[7.620s] -- Installing: /home/UMRobotics/new_ws/install/tf2_msgs/include/tf2_msgs/tf2_msgs/srv/detail/frame_graph__rosidl_typesupport_fastrtps_c.h
[7.620s] -- Up-to-date: /home/UMRobotics/new_ws/install/tf2_msgs/include/tf2_msgs/tf2_msgs/action
[7.620s] -- Up-to-date: /home/UMRobotics/new_ws/install/tf2_msgs/include/tf2_msgs/tf2_msgs/action/detail
[7.620s] -- Installing: /home/UMRobotics/new_ws/install/tf2_msgs/include/tf2_msgs/tf2_msgs/action/detail/lookup_transform__rosidl_typesupport_fastrtps_c.h
[7.620s] -- Installing: /home/UMRobotics/new_ws/install/tf2_msgs/lib/libtf2_msgs__rosidl_typesupport_fastrtps_c.so
[7.620s] -- Set non-toolchain portion of runtime path of "/home/UMRobotics/new_ws/install/tf2_msgs/lib/libtf2_msgs__rosidl_typesupport_fastrtps_c.so" to ""
[7.620s] -- Up-to-date: /home/UMRobotics/new_ws/install/tf2_msgs/include/tf2_msgs/tf2_msgs
[7.620s] -- Up-to-date: /home/UMRobotics/new_ws/install/tf2_msgs/include/tf2_msgs/tf2_msgs/msg
[7.620s] -- Installing: /home/UMRobotics/new_ws/install/tf2_msgs/include/tf2_msgs/tf2_msgs/msg/rosidl_typesupport_introspection_c__visibility_control.h
[7.620s] -- Up-to-date: /home/UMRobotics/new_ws/install/tf2_msgs/include/tf2_msgs/tf2_msgs/msg/detail
[7.620s] -- Installing: /home/UMRobotics/new_ws/install/tf2_msgs/include/tf2_msgs/tf2_msgs/msg/detail/tf2_error__rosidl_typesupport_introspection_c.h
[7.620s] -- Installing: /home/UMRobotics/new_ws/install/tf2_msgs/include/tf2_msgs/tf2_msgs/msg/detail/tf_message__type_support.c
[7.620s] -- Installing: /home/UMRobotics/new_ws/install/tf2_msgs/include/tf2_msgs/tf2_msgs/msg/detail/tf2_error__type_support.c
[7.620s] -- Installing: /home/UMRobotics/new_ws/install/tf2_msgs/include/tf2_msgs/tf2_msgs/msg/detail/tf_message__rosidl_typesupport_introspection_c.h
[7.620s] -- Up-to-date: /home/UMRobotics/new_ws/install/tf2_msgs/include/tf2_msgs/tf2_msgs/srv
[7.620s] -- Up-to-date: /home/UMRobotics/new_ws/install/tf2_msgs/include/tf2_msgs/tf2_msgs/srv/detail
[7.620s] -- Installing: /home/UMRobotics/new_ws/install/tf2_msgs/include/tf2_msgs/tf2_msgs/srv/detail/frame_graph__type_support.c
[7.620s] -- Installing: /home/UMRobotics/new_ws/install/tf2_msgs/include/tf2_msgs/tf2_msgs/srv/detail/frame_graph__rosidl_typesupport_introspection_c.h
[7.621s] -- Up-to-date: /home/UMRobotics/new_ws/install/tf2_msgs/include/tf2_msgs/tf2_msgs/action
[7.621s] -- Up-to-date: /home/UMRobotics/new_ws/install/tf2_msgs/include/tf2_msgs/tf2_msgs/action/detail
[7.621s] -- Installing: /home/UMRobotics/new_ws/install/tf2_msgs/include/tf2_msgs/tf2_msgs/action/detail/lookup_transform__type_support.c
[7.621s] -- Installing: /home/UMRobotics/new_ws/install/tf2_msgs/include/tf2_msgs/tf2_msgs/action/detail/lookup_transform__rosidl_typesupport_introspection_c.h
[7.621s] -- Installing: /home/UMRobotics/new_ws/install/tf2_msgs/lib/libtf2_msgs__rosidl_typesupport_introspection_c.so
[7.621s] -- Set non-toolchain portion of runtime path of "/home/UMRobotics/new_ws/install/tf2_msgs/lib/libtf2_msgs__rosidl_typesupport_introspection_c.so" to ""
[7.621s] -- Installing: /home/UMRobotics/new_ws/install/tf2_msgs/lib/libtf2_msgs__rosidl_typesupport_c.so
[7.621s] -- Set non-toolchain portion of runtime path of "/home/UMRobotics/new_ws/install/tf2_msgs/lib/libtf2_msgs__rosidl_typesupport_c.so" to ""
[7.621s] -- Up-to-date: /home/UMRobotics/new_ws/install/tf2_msgs/include/tf2_msgs/tf2_msgs
[7.621s] -- Up-to-date: /home/UMRobotics/new_ws/install/tf2_msgs/include/tf2_msgs/tf2_msgs/msg
[7.621s] -- Installing: /home/UMRobotics/new_ws/install/tf2_msgs/include/tf2_msgs/tf2_msgs/msg/tf_message.hpp
[7.621s] -- Installing: /home/UMRobotics/new_ws/install/tf2_msgs/include/tf2_msgs/tf2_msgs/msg/tf2_error.hpp
[7.621s] -- Installing: /home/UMRobotics/new_ws/install/tf2_msgs/include/tf2_msgs/tf2_msgs/msg/rosidl_generator_cpp__visibility_control.hpp
[7.621s] -- Up-to-date: /home/UMRobotics/new_ws/install/tf2_msgs/include/tf2_msgs/tf2_msgs/msg/detail
[7.621s] -- Installing: /home/UMRobotics/new_ws/install/tf2_msgs/include/tf2_msgs/tf2_msgs/msg/detail/tf_message__type_support.hpp
[7.621s] -- Installing: /home/UMRobotics/new_ws/install/tf2_msgs/include/tf2_msgs/tf2_msgs/msg/detail/tf_message__traits.hpp
[7.621s] -- Installing: /home/UMRobotics/new_ws/install/tf2_msgs/include/tf2_msgs/tf2_msgs/msg/detail/tf2_error__struct.hpp
[7.621s] -- Installing: /home/UMRobotics/new_ws/install/tf2_msgs/include/tf2_msgs/tf2_msgs/msg/detail/tf2_error__type_support.hpp
[7.621s] -- Installing: /home/UMRobotics/new_ws/install/tf2_msgs/include/tf2_msgs/tf2_msgs/msg/detail/tf2_error__builder.hpp
[7.622s] -- Installing: /home/UMRobotics/new_ws/install/tf2_msgs/include/tf2_msgs/tf2_msgs/msg/detail/tf2_error__traits.hpp
[7.622s] -- Installing: /home/UMRobotics/new_ws/install/tf2_msgs/include/tf2_msgs/tf2_msgs/msg/detail/tf_message__builder.hpp
[7.622s] -- Installing: /home/UMRobotics/new_ws/install/tf2_msgs/include/tf2_msgs/tf2_msgs/msg/detail/tf_message__struct.hpp
[7.622s] -- Up-to-date: /home/UMRobotics/new_ws/install/tf2_msgs/include/tf2_msgs/tf2_msgs/srv
[7.622s] -- Installing: /home/UMRobotics/new_ws/install/tf2_msgs/include/tf2_msgs/tf2_msgs/srv/frame_graph.hpp
[7.622s] -- Up-to-date: /home/UMRobotics/new_ws/install/tf2_msgs/include/tf2_msgs/tf2_msgs/srv/detail
[7.622s] -- Installing: /home/UMRobotics/new_ws/install/tf2_msgs/include/tf2_msgs/tf2_msgs/srv/detail/frame_graph__traits.hpp
[7.622s] -- Installing: /home/UMRobotics/new_ws/install/tf2_msgs/include/tf2_msgs/tf2_msgs/srv/detail/frame_graph__builder.hpp
[7.622s] -- Installing: /home/UMRobotics/new_ws/install/tf2_msgs/include/tf2_msgs/tf2_msgs/srv/detail/frame_graph__struct.hpp
[7.622s] -- Installing: /home/UMRobotics/new_ws/install/tf2_msgs/include/tf2_msgs/tf2_msgs/srv/detail/frame_graph__type_support.hpp
[7.622s] -- Up-to-date: /home/UMRobotics/new_ws/install/tf2_msgs/include/tf2_msgs/tf2_msgs/action
[7.622s] -- Up-to-date: /home/UMRobotics/new_ws/install/tf2_msgs/include/tf2_msgs/tf2_msgs/action/detail
[7.622s] -- Installing: /home/UMRobotics/new_ws/install/tf2_msgs/include/tf2_msgs/tf2_msgs/action/detail/lookup_transform__type_support.hpp
[7.622s] -- Installing: /home/UMRobotics/new_ws/install/tf2_msgs/include/tf2_msgs/tf2_msgs/action/detail/lookup_transform__builder.hpp
[7.622s] -- Installing: /home/UMRobotics/new_ws/install/tf2_msgs/include/tf2_msgs/tf2_msgs/action/detail/lookup_transform__struct.hpp
[7.622s] -- Installing: /home/UMRobotics/new_ws/install/tf2_msgs/include/tf2_msgs/tf2_msgs/action/detail/lookup_transform__traits.hpp
[7.622s] -- Installing: /home/UMRobotics/new_ws/install/tf2_msgs/include/tf2_msgs/tf2_msgs/action/lookup_transform.hpp
[7.622s] -- Up-to-date: /home/UMRobotics/new_ws/install/tf2_msgs/include/tf2_msgs/tf2_msgs
[7.622s] -- Up-to-date: /home/UMRobotics/new_ws/install/tf2_msgs/include/tf2_msgs/tf2_msgs/msg
[7.623s] -- Up-to-date: /home/UMRobotics/new_ws/install/tf2_msgs/include/tf2_msgs/tf2_msgs/msg/detail
[7.623s] -- Installing: /home/UMRobotics/new_ws/install/tf2_msgs/include/tf2_msgs/tf2_msgs/msg/detail/tf2_error__rosidl_typesupport_fastrtps_cpp.hpp
[7.623s] -- Installing: /home/UMRobotics/new_ws/install/tf2_msgs/include/tf2_msgs/tf2_msgs/msg/detail/tf_message__rosidl_typesupport_fastrtps_cpp.hpp
[7.623s] -- Installing: /home/UMRobotics/new_ws/install/tf2_msgs/include/tf2_msgs/tf2_msgs/msg/detail/dds_fastrtps
[7.623s] -- Installing: /home/UMRobotics/new_ws/install/tf2_msgs/include/tf2_msgs/tf2_msgs/msg/rosidl_typesupport_fastrtps_cpp__visibility_control.h
[7.623s] -- Up-to-date: /home/UMRobotics/new_ws/install/tf2_msgs/include/tf2_msgs/tf2_msgs/srv
[7.623s] -- Up-to-date: /home/UMRobotics/new_ws/install/tf2_msgs/include/tf2_msgs/tf2_msgs/srv/detail
[7.623s] -- Installing: /home/UMRobotics/new_ws/install/tf2_msgs/include/tf2_msgs/tf2_msgs/srv/detail/frame_graph__rosidl_typesupport_fastrtps_cpp.hpp
[7.623s] -- Installing: /home/UMRobotics/new_ws/install/tf2_msgs/include/tf2_msgs/tf2_msgs/srv/detail/dds_fastrtps
[7.623s] -- Up-to-date: /home/UMRobotics/new_ws/install/tf2_msgs/include/tf2_msgs/tf2_msgs/action
[7.623s] -- Up-to-date: /home/UMRobotics/new_ws/install/tf2_msgs/include/tf2_msgs/tf2_msgs/action/detail
[7.623s] -- Installing: /home/UMRobotics/new_ws/install/tf2_msgs/include/tf2_msgs/tf2_msgs/action/detail/dds_fastrtps
[7.623s] -- Installing: /home/UMRobotics/new_ws/install/tf2_msgs/include/tf2_msgs/tf2_msgs/action/detail/lookup_transform__rosidl_typesupport_fastrtps_cpp.hpp
[7.623s] -- Installing: /home/UMRobotics/new_ws/install/tf2_msgs/lib/libtf2_msgs__rosidl_typesupport_fastrtps_cpp.so
[7.623s] -- Set non-toolchain portion of runtime path of "/home/UMRobotics/new_ws/install/tf2_msgs/lib/libtf2_msgs__rosidl_typesupport_fastrtps_cpp.so" to ""
[7.623s] -- Up-to-date: /home/UMRobotics/new_ws/install/tf2_msgs/include/tf2_msgs/tf2_msgs
[7.623s] -- Up-to-date: /home/UMRobotics/new_ws/install/tf2_msgs/include/tf2_msgs/tf2_msgs/msg
[7.623s] -- Up-to-date: /home/UMRobotics/new_ws/install/tf2_msgs/include/tf2_msgs/tf2_msgs/msg/detail
[7.623s] -- Installing: /home/UMRobotics/new_ws/install/tf2_msgs/include/tf2_msgs/tf2_msgs/msg/detail/tf_message__type_support.cpp
[7.623s] -- Installing: /home/UMRobotics/new_ws/install/tf2_msgs/include/tf2_msgs/tf2_msgs/msg/detail/tf2_error__rosidl_typesupport_introspection_cpp.hpp
[7.624s] -- Installing: /home/UMRobotics/new_ws/install/tf2_msgs/include/tf2_msgs/tf2_msgs/msg/detail/tf_message__rosidl_typesupport_introspection_cpp.hpp
[7.624s] -- Installing: /home/UMRobotics/new_ws/install/tf2_msgs/include/tf2_msgs/tf2_msgs/msg/detail/tf2_error__type_support.cpp
[7.624s] -- Up-to-date: /home/UMRobotics/new_ws/install/tf2_msgs/include/tf2_msgs/tf2_msgs/srv
[7.624s] -- Up-to-date: /home/UMRobotics/new_ws/install/tf2_msgs/include/tf2_msgs/tf2_msgs/srv/detail
[7.624s] -- Installing: /home/UMRobotics/new_ws/install/tf2_msgs/include/tf2_msgs/tf2_msgs/srv/detail/frame_graph__type_support.cpp
[7.624s] -- Installing: /home/UMRobotics/new_ws/install/tf2_msgs/include/tf2_msgs/tf2_msgs/srv/detail/frame_graph__rosidl_typesupport_introspection_cpp.hpp
[7.624s] -- Up-to-date: /home/UMRobotics/new_ws/install/tf2_msgs/include/tf2_msgs/tf2_msgs/action
[7.624s] -- Up-to-date: /home/UMRobotics/new_ws/install/tf2_msgs/include/tf2_msgs/tf2_msgs/action/detail
[7.624s] -- Installing: /home/UMRobotics/new_ws/install/tf2_msgs/include/tf2_msgs/tf2_msgs/action/detail/lookup_transform__rosidl_typesupport_introspection_cpp.hpp
[7.624s] -- Installing: /home/UMRobotics/new_ws/install/tf2_msgs/include/tf2_msgs/tf2_msgs/action/detail/lookup_transform__type_support.cpp
[7.624s] -- Installing: /home/UMRobotics/new_ws/install/tf2_msgs/lib/libtf2_msgs__rosidl_typesupport_introspection_cpp.so
[7.624s] -- Set non-toolchain portion of runtime path of "/home/UMRobotics/new_ws/install/tf2_msgs/lib/libtf2_msgs__rosidl_typesupport_introspection_cpp.so" to ""
[7.624s] -- Installing: /home/UMRobotics/new_ws/install/tf2_msgs/lib/libtf2_msgs__rosidl_typesupport_cpp.so
[7.624s] -- Set non-toolchain portion of runtime path of "/home/UMRobotics/new_ws/install/tf2_msgs/lib/libtf2_msgs__rosidl_typesupport_cpp.so" to ""
[7.624s] -- Installing: /home/UMRobotics/new_ws/install/tf2_msgs/share/tf2_msgs/environment/pythonpath.sh
[7.624s] -- Installing: /home/UMRobotics/new_ws/install/tf2_msgs/share/tf2_msgs/environment/pythonpath.dsv
[7.624s] -- Installing: /home/UMRobotics/new_ws/install/tf2_msgs/lib/python3.12/site-packages/tf2_msgs-0.36.11-py3.12.egg-info
[7.625s] -- Installing: /home/UMRobotics/new_ws/install/tf2_msgs/lib/python3.12/site-packages/tf2_msgs-0.36.11-py3.12.egg-info/PKG-INFO
[7.625s] -- Installing: /home/UMRobotics/new_ws/install/tf2_msgs/lib/python3.12/site-packages/tf2_msgs-0.36.11-py3.12.egg-info/SOURCES.txt
[7.625s] -- Installing: /home/UMRobotics/new_ws/install/tf2_msgs/lib/python3.12/site-packages/tf2_msgs-0.36.11-py3.12.egg-info/dependency_links.txt
[7.625s] -- Installing: /home/UMRobotics/new_ws/install/tf2_msgs/lib/python3.12/site-packages/tf2_msgs-0.36.11-py3.12.egg-info/top_level.txt
[7.625s] -- Installing: /home/UMRobotics/new_ws/install/tf2_msgs/lib/python3.12/site-packages/tf2_msgs
[7.625s] -- Installing: /home/UMRobotics/new_ws/install/tf2_msgs/lib/python3.12/site-packages/tf2_msgs/_tf2_msgs_s.ep.rosidl_typesupport_fastrtps_c.c
[7.625s] -- Installing: /home/UMRobotics/new_ws/install/tf2_msgs/lib/python3.12/site-packages/tf2_msgs/tf2_msgs_s__rosidl_typesupport_fastrtps_c.so
[7.625s] -- Installing: /home/UMRobotics/new_ws/install/tf2_msgs/lib/python3.12/site-packages/tf2_msgs/msg
[7.625s] -- Installing: /home/UMRobotics/new_ws/install/tf2_msgs/lib/python3.12/site-packages/tf2_msgs/msg/_tf_message_s.c
[7.625s] -- Installing: /home/UMRobotics/new_ws/install/tf2_msgs/lib/python3.12/site-packages/tf2_msgs/msg/_tf_message.py
[7.625s] -- Installing: /home/UMRobotics/new_ws/install/tf2_msgs/lib/python3.12/site-packages/tf2_msgs/msg/__init__.py
[7.625s] -- Installing: /home/UMRobotics/new_ws/install/tf2_msgs/lib/python3.12/site-packages/tf2_msgs/msg/_tf2_error_s.c
[7.625s] -- Installing: /home/UMRobotics/new_ws/install/tf2_msgs/lib/python3.12/site-packages/tf2_msgs/msg/_tf2_error.py
[7.625s] -- Installing: /home/UMRobotics/new_ws/install/tf2_msgs/lib/python3.12/site-packages/tf2_msgs/srv
[7.625s] -- Installing: /home/UMRobotics/new_ws/install/tf2_msgs/lib/python3.12/site-packages/tf2_msgs/srv/_frame_graph_s.c
[7.626s] -- Installing: /home/UMRobotics/new_ws/install/tf2_msgs/lib/python3.12/site-packages/tf2_msgs/srv/_frame_graph.py
[7.626s] -- Installing: /home/UMRobotics/new_ws/install/tf2_msgs/lib/python3.12/site-packages/tf2_msgs/srv/__init__.py
[7.626s] -- Installing: /home/UMRobotics/new_ws/install/tf2_msgs/lib/python3.12/site-packages/tf2_msgs/action
[7.626s] -- Installing: /home/UMRobotics/new_ws/install/tf2_msgs/lib/python3.12/site-packages/tf2_msgs/action/_lookup_transform_s.c
[7.626s] -- Installing: /home/UMRobotics/new_ws/install/tf2_msgs/lib/python3.12/site-packages/tf2_msgs/action/__init__.py
[7.626s] -- Installing: /home/UMRobotics/new_ws/install/tf2_msgs/lib/python3.12/site-packages/tf2_msgs/action/_lookup_transform.py
[7.626s] -- Installing: /home/UMRobotics/new_ws/install/tf2_msgs/lib/python3.12/site-packages/tf2_msgs/tf2_msgs_s__rosidl_typesupport_c.so
[7.626s] -- Installing: /home/UMRobotics/new_ws/install/tf2_msgs/lib/python3.12/site-packages/tf2_msgs/tf2_msgs_s__rosidl_typesupport_introspection_c.so
[7.626s] -- Installing: /home/UMRobotics/new_ws/install/tf2_msgs/lib/python3.12/site-packages/tf2_msgs/_tf2_msgs_s.ep.rosidl_typesupport_introspection_c.c
[7.626s] -- Installing: /home/UMRobotics/new_ws/install/tf2_msgs/lib/python3.12/site-packages/tf2_msgs/__init__.py
[7.626s] -- Installing: /home/UMRobotics/new_ws/install/tf2_msgs/lib/python3.12/site-packages/tf2_msgs/_tf2_msgs_s.ep.rosidl_typesupport_c.c
[7.675s] Listing '/home/UMRobotics/new_ws/install/tf2_msgs/lib/python3.12/site-packages/tf2_msgs'...
[7.675s] Compiling '/home/UMRobotics/new_ws/install/tf2_msgs/lib/python3.12/site-packages/tf2_msgs/__init__.py'...
[7.675s] Listing '/home/UMRobotics/new_ws/install/tf2_msgs/lib/python3.12/site-packages/tf2_msgs/action'...
[7.675s] Compiling '/home/UMRobotics/new_ws/install/tf2_msgs/lib/python3.12/site-packages/tf2_msgs/action/__init__.py'...
[7.675s] Compiling '/home/UMRobotics/new_ws/install/tf2_msgs/lib/python3.12/site-packages/tf2_msgs/action/_lookup_transform.py'...
[7.675s] Listing '/home/UMRobotics/new_ws/install/tf2_msgs/lib/python3.12/site-packages/tf2_msgs/msg'...
[7.675s] Compiling '/home/UMRobotics/new_ws/install/tf2_msgs/lib/python3.12/site-packages/tf2_msgs/msg/__init__.py'...
[7.675s] Compiling '/home/UMRobotics/new_ws/install/tf2_msgs/lib/python3.12/site-packages/tf2_msgs/msg/_tf2_error.py'...
[7.675s] Compiling '/home/UMRobotics/new_ws/install/tf2_msgs/lib/python3.12/site-packages/tf2_msgs/msg/_tf_message.py'...
[7.675s] Listing '/home/UMRobotics/new_ws/install/tf2_msgs/lib/python3.12/site-packages/tf2_msgs/srv'...
[7.675s] Compiling '/home/UMRobotics/new_ws/install/tf2_msgs/lib/python3.12/site-packages/tf2_msgs/srv/__init__.py'...
[7.675s] Compiling '/home/UMRobotics/new_ws/install/tf2_msgs/lib/python3.12/site-packages/tf2_msgs/srv/_frame_graph.py'...
[7.680s] -- Installing: /home/UMRobotics/new_ws/install/tf2_msgs/lib/python3.12/site-packages/tf2_msgs/tf2_msgs_s__rosidl_typesupport_fastrtps_c.so
[7.680s] -- Set non-toolchain portion of runtime path of "/home/UMRobotics/new_ws/install/tf2_msgs/lib/python3.12/site-packages/tf2_msgs/tf2_msgs_s__rosidl_typesupport_fastrtps_c.so" to ""
[7.681s] -- Installing: /home/UMRobotics/new_ws/install/tf2_msgs/lib/python3.12/site-packages/tf2_msgs/tf2_msgs_s__rosidl_typesupport_introspection_c.so
[7.681s] -- Set non-toolchain portion of runtime path of "/home/UMRobotics/new_ws/install/tf2_msgs/lib/python3.12/site-packages/tf2_msgs/tf2_msgs_s__rosidl_typesupport_introspection_c.so" to ""
[7.681s] -- Installing: /home/UMRobotics/new_ws/install/tf2_msgs/lib/python3.12/site-packages/tf2_msgs/tf2_msgs_s__rosidl_typesupport_c.so
[7.681s] -- Set non-toolchain portion of runtime path of "/home/UMRobotics/new_ws/install/tf2_msgs/lib/python3.12/site-packages/tf2_msgs/tf2_msgs_s__rosidl_typesupport_c.so" to ""
[7.681s] -- Installing: /home/UMRobotics/new_ws/install/tf2_msgs/lib/libtf2_msgs__rosidl_generator_py.so
[7.682s] -- Set non-toolchain portion of runtime path of "/home/UMRobotics/new_ws/install/tf2_msgs/lib/libtf2_msgs__rosidl_generator_py.so" to ""
[7.682s] -- Installing: /home/UMRobotics/new_ws/install/tf2_msgs/share/tf2_msgs/msg/TF2Error.idl
[7.682s] -- Installing: /home/UMRobotics/new_ws/install/tf2_msgs/share/tf2_msgs/msg/TFMessage.idl
[7.682s] -- Installing: /home/UMRobotics/new_ws/install/tf2_msgs/share/tf2_msgs/srv/FrameGraph.idl
[7.682s] -- Installing: /home/UMRobotics/new_ws/install/tf2_msgs/share/tf2_msgs/action/LookupTransform.idl
[7.682s] -- Installing: /home/UMRobotics/new_ws/install/tf2_msgs/share/tf2_msgs/msg/TF2Error.msg
[7.682s] -- Installing: /home/UMRobotics/new_ws/install/tf2_msgs/share/tf2_msgs/msg/TFMessage.msg
[7.682s] -- Installing: /home/UMRobotics/new_ws/install/tf2_msgs/share/tf2_msgs/srv/FrameGraph.srv
[7.682s] -- Installing: /home/UMRobotics/new_ws/install/tf2_msgs/share/tf2_msgs/action/LookupTransform.action
[7.683s] -- Installing: /home/UMRobotics/new_ws/install/tf2_msgs/share/tf2_msgs/tfmessage_bridge_mapping_rule.yaml
[7.683s] -- Installing: /home/UMRobotics/new_ws/install/tf2_msgs/share/ament_index/resource_index/package_run_dependencies/tf2_msgs
[7.683s] -- Installing: /home/UMRobotics/new_ws/install/tf2_msgs/share/ament_index/resource_index/parent_prefix_path/tf2_msgs
[7.683s] -- Installing: /home/UMRobotics/new_ws/install/tf2_msgs/share/tf2_msgs/environment/ament_prefix_path.sh
[7.683s] -- Installing: /home/UMRobotics/new_ws/install/tf2_msgs/share/tf2_msgs/environment/ament_prefix_path.dsv
[7.683s] -- Installing: /home/UMRobotics/new_ws/install/tf2_msgs/share/tf2_msgs/environment/path.sh
[7.683s] -- Installing: /home/UMRobotics/new_ws/install/tf2_msgs/share/tf2_msgs/environment/path.dsv
[7.683s] -- Installing: /home/UMRobotics/new_ws/install/tf2_msgs/share/tf2_msgs/local_setup.bash
[7.683s] -- Installing: /home/UMRobotics/new_ws/install/tf2_msgs/share/tf2_msgs/local_setup.sh
[7.683s] -- Installing: /home/UMRobotics/new_ws/install/tf2_msgs/share/tf2_msgs/local_setup.zsh
[7.684s] -- Installing: /home/UMRobotics/new_ws/install/tf2_msgs/share/tf2_msgs/local_setup.dsv
[7.684s] -- Installing: /home/UMRobotics/new_ws/install/tf2_msgs/share/tf2_msgs/package.dsv
[7.684s] -- Installing: /home/UMRobotics/new_ws/install/tf2_msgs/share/ament_index/resource_index/packages/tf2_msgs
[7.684s] -- Installing: /home/UMRobotics/new_ws/install/tf2_msgs/share/tf2_msgs/cmake/export_tf2_msgs__rosidl_generator_cExport.cmake
[7.684s] -- Installing: /home/UMRobotics/new_ws/install/tf2_msgs/share/tf2_msgs/cmake/export_tf2_msgs__rosidl_generator_cExport-noconfig.cmake
[7.685s] -- Installing: /home/UMRobotics/new_ws/install/tf2_msgs/share/tf2_msgs/cmake/export_tf2_msgs__rosidl_typesupport_fastrtps_cExport.cmake
[7.685s] -- Installing: /home/UMRobotics/new_ws/install/tf2_msgs/share/tf2_msgs/cmake/export_tf2_msgs__rosidl_typesupport_fastrtps_cExport-noconfig.cmake
[7.685s] -- Installing: /home/UMRobotics/new_ws/install/tf2_msgs/share/tf2_msgs/cmake/tf2_msgs__rosidl_typesupport_introspection_cExport.cmake
[7.685s] -- Installing: /home/UMRobotics/new_ws/install/tf2_msgs/share/tf2_msgs/cmake/tf2_msgs__rosidl_typesupport_introspection_cExport-noconfig.cmake
[7.685s] -- Installing: /home/UMRobotics/new_ws/install/tf2_msgs/share/tf2_msgs/cmake/tf2_msgs__rosidl_typesupport_cExport.cmake
[7.685s] -- Installing: /home/UMRobotics/new_ws/install/tf2_msgs/share/tf2_msgs/cmake/tf2_msgs__rosidl_typesupport_cExport-noconfig.cmake
[7.685s] -- Installing: /home/UMRobotics/new_ws/install/tf2_msgs/share/tf2_msgs/cmake/export_tf2_msgs__rosidl_generator_cppExport.cmake
[7.685s] -- Installing: /home/UMRobotics/new_ws/install/tf2_msgs/share/tf2_msgs/cmake/export_tf2_msgs__rosidl_typesupport_fastrtps_cppExport.cmake
[7.685s] -- Installing: /home/UMRobotics/new_ws/install/tf2_msgs/share/tf2_msgs/cmake/export_tf2_msgs__rosidl_typesupport_fastrtps_cppExport-noconfig.cmake
[7.685s] -- Installing: /home/UMRobotics/new_ws/install/tf2_msgs/share/tf2_msgs/cmake/tf2_msgs__rosidl_typesupport_introspection_cppExport.cmake
[7.685s] -- Installing: /home/UMRobotics/new_ws/install/tf2_msgs/share/tf2_msgs/cmake/tf2_msgs__rosidl_typesupport_introspection_cppExport-noconfig.cmake
[7.686s] -- Installing: /home/UMRobotics/new_ws/install/tf2_msgs/share/tf2_msgs/cmake/tf2_msgs__rosidl_typesupport_cppExport.cmake
[7.686s] -- Installing: /home/UMRobotics/new_ws/install/tf2_msgs/share/tf2_msgs/cmake/tf2_msgs__rosidl_typesupport_cppExport-noconfig.cmake
[7.686s] -- Installing: /home/UMRobotics/new_ws/install/tf2_msgs/share/tf2_msgs/cmake/export_tf2_msgs__rosidl_generator_pyExport.cmake
[7.686s] -- Installing: /home/UMRobotics/new_ws/install/tf2_msgs/share/tf2_msgs/cmake/export_tf2_msgs__rosidl_generator_pyExport-noconfig.cmake
[7.686s] -- Installing: /home/UMRobotics/new_ws/install/tf2_msgs/share/tf2_msgs/cmake/rosidl_cmake-extras.cmake
[7.686s] -- Installing: /home/UMRobotics/new_ws/install/tf2_msgs/share/tf2_msgs/cmake/ament_cmake_export_dependencies-extras.cmake
[7.686s] -- Installing: /home/UMRobotics/new_ws/install/tf2_msgs/share/tf2_msgs/cmake/ament_cmake_export_include_directories-extras.cmake
[7.686s] -- Installing: /home/UMRobotics/new_ws/install/tf2_msgs/share/tf2_msgs/cmake/ament_cmake_export_libraries-extras.cmake
[7.686s] -- Installing: /home/UMRobotics/new_ws/install/tf2_msgs/share/tf2_msgs/cmake/ament_cmake_export_targets-extras.cmake
[7.686s] -- Installing: /home/UMRobotics/new_ws/install/tf2_msgs/share/tf2_msgs/cmake/rosidl_cmake_export_typesupport_targets-extras.cmake
[7.686s] -- Installing: /home/UMRobotics/new_ws/install/tf2_msgs/share/tf2_msgs/cmake/rosidl_cmake_export_typesupport_libraries-extras.cmake
[7.686s] -- Installing: /home/UMRobotics/new_ws/install/tf2_msgs/share/tf2_msgs/cmake/tf2_msgsConfig.cmake
[7.687s] -- Installing: /home/UMRobotics/new_ws/install/tf2_msgs/share/tf2_msgs/cmake/tf2_msgsConfig-version.cmake
[7.687s] -- Installing: /home/UMRobotics/new_ws/install/tf2_msgs/share/tf2_msgs/package.xml
[7.689s] Invoked command in '/home/UMRobotics/new_ws/build/tf2_msgs' returned '0': CMAKE_PREFIX_PATH=${CMAKE_PREFIX_PATH}:/home/UMRobotics/moveit_ws/install/moveit_configs_utils:/opt/ros/jazzy DEBUGINFOD_URLS=https://debuginfod.ubuntu.com /usr/bin/cmake --install /home/UMRobotics/new_ws/build/tf2_msgs
