[1.708s] Invoking command in '/home/UMRobotics/new_ws/src/geometry2/tf2_tools': AMENT_PREFIX_PATH=/home/UMRobotics/new_ws/install/tf2_ros_py:/home/UMRobotics/new_ws/install/tf2_py:/home/UMRobotics/new_ws/install/tf2_msgs:/home/UMRobotics/new_ws/install/tf2:${AMENT_PREFIX_PATH} CMAKE_PREFIX_PATH=/home/UMRobotics/new_ws/install/tf2_py:/home/UMRobotics/new_ws/install/tf2_msgs:/home/UMRobotics/new_ws/install/tf2:${CMAKE_PREFIX_PATH} DEBUGINFOD_URLS=https://debuginfod.ubuntu.com LD_LIBRARY_PATH=/home/UMRobotics/new_ws/install/tf2_msgs/lib:/home/UMRobotics/new_ws/install/tf2/lib:/home/UMRobotics/moveit_ws/install/robotiq_driver/lib:/home/UMRobotics/moveit_ws/install/serial/lib:/home/UMRobotics/moveit_ws/install/rviz_visual_tools/lib:/home/UMRobotics/moveit_ws/install/rviz_marker_tools/lib:/home/UMRobotics/moveit_ws/install/robotiq_controllers/lib:/home/UMRobotics/moveit_ws/install/pilz_industrial_motion_planner_testutils/lib:/home/UMRobotics/moveit_ws/install/pick_ik/lib:/home/UMRobotics/moveit_ws/install/moveit_task_constructor_msgs/lib:/home/UMRobotics/moveit_ws/install/moveit_ros_control_interface/lib:/home/UMRobotics/moveit_ws/install/moveit_simple_controller_manager/lib:/home/UMRobotics/moveit_ws/install/moveit_ros_occupancy_map_monitor/lib:/home/UMRobotics/moveit_ws/install/moveit_resources_prbt_ikfast_manipulator_plugin/lib:/home/UMRobotics/moveit_ws/install/moveit_planners_stomp/lib:/home/UMRobotics/moveit_ws/install/chomp_motion_planner/lib:/home/UMRobotics/moveit_ws/install/moveit_core/lib:/home/UMRobotics/moveit_ws/install/moveit_msgs/lib:/home/UMRobotics/moveit_ws/install/kortex_driver/lib:/opt/ros/jazzy/opt/gz_sim_vendor/lib:/opt/ros/jazzy/opt/gz_sensors_vendor/lib:/opt/ros/jazzy/opt/gz_physics_vendor/lib:/opt/ros/jazzy/opt/sdformat_vendor/lib:/opt/ros/jazzy/opt/rviz_ogre_vendor/lib:/opt/ros/jazzy/lib/x86_64-linux-gnu:/opt/ros/jazzy/opt/gz_gui_vendor/lib:/opt/ros/jazzy/opt/gz_transport_vendor/lib:/opt/ros/jazzy/opt/gz_rendering_vendor/lib:/opt/ros/jazzy/opt/gz_plugin_vendor/lib:/opt/ros/jazzy/opt/gz_fuel_tools_vendor/lib:/opt/ros/jazzy/opt/gz_msgs_vendor/lib:/opt/ros/jazzy/opt/gz_common_vendor/lib:/opt/ros/jazzy/opt/gz_math_vendor/lib:/opt/ros/jazzy/opt/gz_utils_vendor/lib:/opt/ros/jazzy/opt/gz_tools_vendor/lib:/opt/ros/jazzy/opt/gz_ogre_next_vendor/lib:/opt/ros/jazzy/opt/gz_dartsim_vendor/lib:/opt/ros/jazzy/opt/gz_cmake_vendor/lib:/opt/ros/jazzy/lib:/usr/local/cuda/lib64 PYTHONPATH=/home/UMRobotics/new_ws/build/tf2_tools/prefix_override:/usr/lib/python3/dist-packages/colcon_core/task/python/colcon_distutils_commands:/home/UMRobotics/new_ws/install/tf2_tools/lib/python3.12/site-packages:/home/UMRobotics/new_ws/install/tf2_ros_py/lib/python3.12/site-packages:/home/UMRobotics/new_ws/install/tf2_py/lib/python3.12/site-packages:/home/UMRobotics/new_ws/install/tf2_msgs/lib/python3.12/site-packages:${PYTHONPATH} /usr/bin/python3 -W ignore:setup.py install is deprecated -W ignore:easy_install command is deprecated setup.py egg_info --egg-base ../../../build/tf2_tools build --build-base /home/UMRobotics/new_ws/build/tf2_tools/build install --record /home/UMRobotics/new_ws/build/tf2_tools/install.log --single-version-externally-managed install_data
[2.038s] running egg_info
[2.038s] creating ../../../build/tf2_tools/tf2_tools.egg-info
[2.062s] writing ../../../build/tf2_tools/tf2_tools.egg-info/PKG-INFO
[2.062s] writing dependency_links to ../../../build/tf2_tools/tf2_tools.egg-info/dependency_links.txt
[2.062s] writing entry points to ../../../build/tf2_tools/tf2_tools.egg-info/entry_points.txt
[2.062s] writing requirements to ../../../build/tf2_tools/tf2_tools.egg-info/requires.txt
[2.063s] writing top-level names to ../../../build/tf2_tools/tf2_tools.egg-info/top_level.txt
[2.063s] writing manifest file '../../../build/tf2_tools/tf2_tools.egg-info/SOURCES.txt'
[2.113s] reading manifest file '../../../build/tf2_tools/tf2_tools.egg-info/SOURCES.txt'
[2.113s] writing manifest file '../../../build/tf2_tools/tf2_tools.egg-info/SOURCES.txt'
[2.113s] running build
[2.114s] running build_py
[2.114s] creating /home/UMRobotics/new_ws/build/tf2_tools/build
[2.114s] creating /home/UMRobotics/new_ws/build/tf2_tools/build/lib
[2.114s] creating /home/UMRobotics/new_ws/build/tf2_tools/build/lib/tf2_tools
[2.114s] copying tf2_tools/__init__.py -> /home/UMRobotics/new_ws/build/tf2_tools/build/lib/tf2_tools
[2.114s] copying tf2_tools/view_frames.py -> /home/UMRobotics/new_ws/build/tf2_tools/build/lib/tf2_tools
[2.114s] running install
[2.119s] running install_lib
[2.144s] creating /home/UMRobotics/new_ws/install/tf2_tools/lib/python3.12/site-packages/tf2_tools
[2.144s] copying /home/UMRobotics/new_ws/build/tf2_tools/build/lib/tf2_tools/__init__.py -> /home/UMRobotics/new_ws/install/tf2_tools/lib/python3.12/site-packages/tf2_tools
[2.144s] copying /home/UMRobotics/new_ws/build/tf2_tools/build/lib/tf2_tools/view_frames.py -> /home/UMRobotics/new_ws/install/tf2_tools/lib/python3.12/site-packages/tf2_tools
[2.145s] byte-compiling /home/UMRobotics/new_ws/install/tf2_tools/lib/python3.12/site-packages/tf2_tools/__init__.py to __init__.cpython-312.pyc
[2.145s] byte-compiling /home/UMRobotics/new_ws/install/tf2_tools/lib/python3.12/site-packages/tf2_tools/view_frames.py to view_frames.cpython-312.pyc
[2.146s] running install_data
[2.146s] creating /home/UMRobotics/new_ws/install/tf2_tools/share/ament_index
[2.146s] creating /home/UMRobotics/new_ws/install/tf2_tools/share/ament_index/resource_index
[2.146s] creating /home/UMRobotics/new_ws/install/tf2_tools/share/ament_index/resource_index/packages
[2.146s] copying resource/tf2_tools -> /home/UMRobotics/new_ws/install/tf2_tools/share/ament_index/resource_index/packages
[2.146s] copying package.xml -> /home/UMRobotics/new_ws/install/tf2_tools/share/tf2_tools
[2.146s] running install_egg_info
[2.170s] Copying ../../../build/tf2_tools/tf2_tools.egg-info to /home/UMRobotics/new_ws/install/tf2_tools/lib/python3.12/site-packages/tf2_tools-0.36.11-py3.12.egg-info
[2.171s] running install_scripts
[2.309s] Installing view_frames script to /home/UMRobotics/new_ws/install/tf2_tools/lib/tf2_tools
[2.309s] writing list of installed files to '/home/UMRobotics/new_ws/build/tf2_tools/install.log'
[2.337s] Invoked command in '/home/UMRobotics/new_ws/src/geometry2/tf2_tools' returned '0': AMENT_PREFIX_PATH=/home/UMRobotics/new_ws/install/tf2_ros_py:/home/UMRobotics/new_ws/install/tf2_py:/home/UMRobotics/new_ws/install/tf2_msgs:/home/UMRobotics/new_ws/install/tf2:${AMENT_PREFIX_PATH} CMAKE_PREFIX_PATH=/home/UMRobotics/new_ws/install/tf2_py:/home/UMRobotics/new_ws/install/tf2_msgs:/home/UMRobotics/new_ws/install/tf2:${CMAKE_PREFIX_PATH} DEBUGINFOD_URLS=https://debuginfod.ubuntu.com LD_LIBRARY_PATH=/home/UMRobotics/new_ws/install/tf2_msgs/lib:/home/UMRobotics/new_ws/install/tf2/lib:/home/UMRobotics/moveit_ws/install/robotiq_driver/lib:/home/UMRobotics/moveit_ws/install/serial/lib:/home/UMRobotics/moveit_ws/install/rviz_visual_tools/lib:/home/UMRobotics/moveit_ws/install/rviz_marker_tools/lib:/home/UMRobotics/moveit_ws/install/robotiq_controllers/lib:/home/UMRobotics/moveit_ws/install/pilz_industrial_motion_planner_testutils/lib:/home/UMRobotics/moveit_ws/install/pick_ik/lib:/home/UMRobotics/moveit_ws/install/moveit_task_constructor_msgs/lib:/home/UMRobotics/moveit_ws/install/moveit_ros_control_interface/lib:/home/UMRobotics/moveit_ws/install/moveit_simple_controller_manager/lib:/home/UMRobotics/moveit_ws/install/moveit_ros_occupancy_map_monitor/lib:/home/UMRobotics/moveit_ws/install/moveit_resources_prbt_ikfast_manipulator_plugin/lib:/home/UMRobotics/moveit_ws/install/moveit_planners_stomp/lib:/home/UMRobotics/moveit_ws/install/chomp_motion_planner/lib:/home/UMRobotics/moveit_ws/install/moveit_core/lib:/home/UMRobotics/moveit_ws/install/moveit_msgs/lib:/home/UMRobotics/moveit_ws/install/kortex_driver/lib:/opt/ros/jazzy/opt/gz_sim_vendor/lib:/opt/ros/jazzy/opt/gz_sensors_vendor/lib:/opt/ros/jazzy/opt/gz_physics_vendor/lib:/opt/ros/jazzy/opt/sdformat_vendor/lib:/opt/ros/jazzy/opt/rviz_ogre_vendor/lib:/opt/ros/jazzy/lib/x86_64-linux-gnu:/opt/ros/jazzy/opt/gz_gui_vendor/lib:/opt/ros/jazzy/opt/gz_transport_vendor/lib:/opt/ros/jazzy/opt/gz_rendering_vendor/lib:/opt/ros/jazzy/opt/gz_plugin_vendor/lib:/opt/ros/jazzy/opt/gz_fuel_tools_vendor/lib:/opt/ros/jazzy/opt/gz_msgs_vendor/lib:/opt/ros/jazzy/opt/gz_common_vendor/lib:/opt/ros/jazzy/opt/gz_math_vendor/lib:/opt/ros/jazzy/opt/gz_utils_vendor/lib:/opt/ros/jazzy/opt/gz_tools_vendor/lib:/opt/ros/jazzy/opt/gz_ogre_next_vendor/lib:/opt/ros/jazzy/opt/gz_dartsim_vendor/lib:/opt/ros/jazzy/opt/gz_cmake_vendor/lib:/opt/ros/jazzy/lib:/usr/local/cuda/lib64 PYTHONPATH=/home/UMRobotics/new_ws/build/tf2_tools/prefix_override:/usr/lib/python3/dist-packages/colcon_core/task/python/colcon_distutils_commands:/home/UMRobotics/new_ws/install/tf2_tools/lib/python3.12/site-packages:/home/UMRobotics/new_ws/install/tf2_ros_py/lib/python3.12/site-packages:/home/UMRobotics/new_ws/install/tf2_py/lib/python3.12/site-packages:/home/UMRobotics/new_ws/install/tf2_msgs/lib/python3.12/site-packages:${PYTHONPATH} /usr/bin/python3 -W ignore:setup.py install is deprecated -W ignore:easy_install command is deprecated setup.py egg_info --egg-base ../../../build/tf2_tools build --build-base /home/UMRobotics/new_ws/build/tf2_tools/build install --record /home/UMRobotics/new_ws/build/tf2_tools/install.log --single-version-externally-managed install_data
