[ 66%] Built target gtest_main
[ 66%] Built target gtest
[ 66%] Built target ament_cmake_python_copy_tf2_geometry_msgs
[100%] Built target test_tf2_geometry_msgs
running egg_info
writing tf2_geometry_msgs.egg-info/PKG-INFO
writing dependency_links to tf2_geometry_msgs.egg-info/dependency_links.txt
writing top-level names to tf2_geometry_msgs.egg-info/top_level.txt
reading manifest file 'tf2_geometry_msgs.egg-info/SOURCES.txt'
writing manifest file 'tf2_geometry_msgs.egg-info/SOURCES.txt'
[100%] Built target ament_cmake_python_build_tf2_geometry_msgs_egg
-- Install configuration: ""
-- Up-to-date: /home/UMRobotics/new_ws/install/tf2_geometry_msgs/share/tf2_geometry_msgs/environment/pythonpath.sh
-- Up-to-date: /home/UMRobotics/new_ws/install/tf2_geometry_msgs/share/tf2_geometry_msgs/environment/pythonpath.dsv
-- Up-to-date: /home/UMRobotics/new_ws/install/tf2_geometry_msgs/lib/python3.12/site-packages/tf2_geometry_msgs-0.36.11-py3.12.egg-info
-- Installing: /home/UMRobotics/new_ws/install/tf2_geometry_msgs/lib/python3.12/site-packages/tf2_geometry_msgs-0.36.11-py3.12.egg-info/PKG-INFO
-- Installing: /home/UMRobotics/new_ws/install/tf2_geometry_msgs/lib/python3.12/site-packages/tf2_geometry_msgs-0.36.11-py3.12.egg-info/SOURCES.txt
-- Installing: /home/UMRobotics/new_ws/install/tf2_geometry_msgs/lib/python3.12/site-packages/tf2_geometry_msgs-0.36.11-py3.12.egg-info/dependency_links.txt
-- Installing: /home/UMRobotics/new_ws/install/tf2_geometry_msgs/lib/python3.12/site-packages/tf2_geometry_msgs-0.36.11-py3.12.egg-info/top_level.txt
-- Up-to-date: /home/UMRobotics/new_ws/install/tf2_geometry_msgs/lib/python3.12/site-packages/tf2_geometry_msgs
-- Up-to-date: /home/UMRobotics/new_ws/install/tf2_geometry_msgs/lib/python3.12/site-packages/tf2_geometry_msgs/tf2_geometry_msgs.py
-- Up-to-date: /home/UMRobotics/new_ws/install/tf2_geometry_msgs/lib/python3.12/site-packages/tf2_geometry_msgs/__init__.py
Listing '/home/UMRobotics/new_ws/install/tf2_geometry_msgs/lib/python3.12/site-packages/tf2_geometry_msgs'...
-- Up-to-date: /home/UMRobotics/new_ws/install/tf2_geometry_msgs/include/tf2_geometry_msgs
-- Up-to-date: /home/UMRobotics/new_ws/install/tf2_geometry_msgs/include/tf2_geometry_msgs/tf2_geometry_msgs
-- Up-to-date: /home/UMRobotics/new_ws/install/tf2_geometry_msgs/include/tf2_geometry_msgs/tf2_geometry_msgs/tf2_geometry_msgs.hpp
-- Up-to-date: /home/UMRobotics/new_ws/install/tf2_geometry_msgs/share/ament_index/resource_index/package_run_dependencies/tf2_geometry_msgs
-- Up-to-date: /home/UMRobotics/new_ws/install/tf2_geometry_msgs/share/ament_index/resource_index/parent_prefix_path/tf2_geometry_msgs
-- Up-to-date: /home/UMRobotics/new_ws/install/tf2_geometry_msgs/share/tf2_geometry_msgs/environment/ament_prefix_path.sh
-- Up-to-date: /home/UMRobotics/new_ws/install/tf2_geometry_msgs/share/tf2_geometry_msgs/environment/ament_prefix_path.dsv
-- Up-to-date: /home/UMRobotics/new_ws/install/tf2_geometry_msgs/share/tf2_geometry_msgs/environment/path.sh
-- Up-to-date: /home/UMRobotics/new_ws/install/tf2_geometry_msgs/share/tf2_geometry_msgs/environment/path.dsv
-- Up-to-date: /home/UMRobotics/new_ws/install/tf2_geometry_msgs/share/tf2_geometry_msgs/local_setup.bash
-- Up-to-date: /home/UMRobotics/new_ws/install/tf2_geometry_msgs/share/tf2_geometry_msgs/local_setup.sh
-- Up-to-date: /home/UMRobotics/new_ws/install/tf2_geometry_msgs/share/tf2_geometry_msgs/local_setup.zsh
-- Up-to-date: /home/UMRobotics/new_ws/install/tf2_geometry_msgs/share/tf2_geometry_msgs/local_setup.dsv
-- Installing: /home/UMRobotics/new_ws/install/tf2_geometry_msgs/share/tf2_geometry_msgs/package.dsv
-- Up-to-date: /home/UMRobotics/new_ws/install/tf2_geometry_msgs/share/ament_index/resource_index/packages/tf2_geometry_msgs
-- Up-to-date: /home/UMRobotics/new_ws/install/tf2_geometry_msgs/share/tf2_geometry_msgs/cmake/export_tf2_geometry_msgsExport.cmake
-- Up-to-date: /home/UMRobotics/new_ws/install/tf2_geometry_msgs/share/tf2_geometry_msgs/cmake/ament_cmake_export_include_directories-extras.cmake
-- Up-to-date: /home/UMRobotics/new_ws/install/tf2_geometry_msgs/share/tf2_geometry_msgs/cmake/ament_cmake_export_targets-extras.cmake
-- Up-to-date: /home/UMRobotics/new_ws/install/tf2_geometry_msgs/share/tf2_geometry_msgs/cmake/ament_cmake_export_dependencies-extras.cmake
-- Up-to-date: /home/UMRobotics/new_ws/install/tf2_geometry_msgs/share/tf2_geometry_msgs/cmake/tf2_geometry_msgsConfig.cmake
-- Up-to-date: /home/UMRobotics/new_ws/install/tf2_geometry_msgs/share/tf2_geometry_msgs/cmake/tf2_geometry_msgsConfig-version.cmake
-- Up-to-date: /home/UMRobotics/new_ws/install/tf2_geometry_msgs/share/tf2_geometry_msgs/package.xml
