-- The CXX compiler identification is GNU 13.3.0
-- Detecting CXX compiler ABI info
-- Detecting CXX compiler ABI info - done
-- Check for working CXX compiler: /usr/bin/c++ - skipped
-- Detecting CXX compile features
-- Detecting CXX compile features - done
-- Found moveit_common: 2.12.3 (/home/UMRobotics/new_ws/install/moveit_common/share/moveit_common/cmake)
-- Found ament_cmake: 2.5.4 (/opt/ros/jazzy/share/ament_cmake/cmake)
-- Found Python3: /home/UMRobotics/.local/bin/python3 (found version "3.12.3") found components: Interpreter 
[0mmoveit_ros_planning_interface: You did not request a specific build type: Choosing 'Release' for maximum performance[0m
-- Found moveit_msgs: 2.6.0 (/home/UMRobotics/moveit_ws/install/moveit_msgs/share/moveit_msgs/cmake)
-- Found rosidl_generator_c: 4.6.5 (/opt/ros/jazzy/share/rosidl_generator_c/cmake)
-- Found rosidl_generator_cpp: 4.6.5 (/opt/ros/jazzy/share/rosidl_generator_cpp/cmake)
-- Using all available rosidl_typesupport_c: rosidl_typesupport_fastrtps_c;rosidl_typesupport_introspection_c
-- Using all available rosidl_typesupport_cpp: rosidl_typesupport_fastrtps_cpp;rosidl_typesupport_introspection_cpp
-- Found moveit_core: 2.12.3 (/home/UMRobotics/new_ws/install/moveit_core/share/moveit_core/cmake)
-- Found Boost: /usr/lib/x86_64-linux-gnu/cmake/Boost-1.83.0/BoostConfig.cmake (found version "1.83.0") found components: chrono date_time filesystem iostreams program_options regex serialization system thread 
-- Found parameter_traits: 0.4.0 (/opt/ros/jazzy/share/parameter_traits/cmake)
-- Found rmw_implementation_cmake: 7.3.2 (/opt/ros/jazzy/share/rmw_implementation_cmake/cmake)
-- Found rmw_fastrtps_cpp: 8.4.2 (/opt/ros/jazzy/share/rmw_fastrtps_cpp/cmake)
-- Found OpenSSL: /usr/lib/x86_64-linux-gnu/libcrypto.so (found version "3.0.13")  
-- Found FastRTPS: /opt/ros/jazzy/include (Required is at least version "2.13") 
-- Using RMW implementation 'rmw_fastrtps_cpp' as default
-- Found rclcpp_lifecycle: 28.1.9 (/opt/ros/jazzy/share/rclcpp_lifecycle/cmake)
-- Found Boost: /usr/lib/x86_64-linux-gnu/cmake/Boost-1.83.0/BoostConfig.cmake (found version "1.83.0") found components: filesystem 
-- Found Eigen3: TRUE (found version "3.4.0") 
-- Ensuring Eigen3 include directory is part of orocos-kdl CMake target
-- Found moveit_ros_planning: 2.12.3 (/home/UMRobotics/new_ws/install/moveit_ros_planning/share/moveit_ros_planning/cmake)
-- Found Boost: /usr/lib/x86_64-linux-gnu/cmake/Boost-1.83.0/BoostConfig.cmake (found version "1.83.0") found components: system filesystem date_time program_options thread chrono 
-- Found moveit_ros_warehouse: 2.12.3 (/home/UMRobotics/new_ws/install/moveit_ros_warehouse/share/moveit_ros_warehouse/cmake)
-- Found Boost: /usr/lib/x86_64-linux-gnu/cmake/Boost-1.83.0/BoostConfig.cmake (found version "1.83.0") found components: thread system filesystem regex date_time program_options 
-- Found moveit_ros_move_group: 2.12.3 (/home/UMRobotics/new_ws/install/moveit_ros_move_group/share/moveit_ros_move_group/cmake)
-- Found Boost: /usr/lib/x86_64-linux-gnu/cmake/Boost-1.83.0/BoostConfig.cmake (found version "1.83.0") found components: system filesystem date_time program_options thread 
-- Performing Test COMPILER_HAS_HIDDEN_VISIBILITY
-- Performing Test COMPILER_HAS_HIDDEN_VISIBILITY - Success
-- Performing Test COMPILER_HAS_HIDDEN_INLINE_VISIBILITY
-- Performing Test COMPILER_HAS_HIDDEN_INLINE_VISIBILITY - Success
-- Performing Test COMPILER_HAS_DEPRECATED_ATTR
-- Performing Test COMPILER_HAS_DEPRECATED_ATTR - Success
-- Found ament_cmake_gtest: 2.5.4 (/opt/ros/jazzy/share/ament_cmake_gtest/cmake)
-- Found ros_testing: 0.6.0 (/opt/ros/jazzy/share/ros_testing/cmake)
-- Found launch_testing_ament_cmake: 3.4.4 (/opt/ros/jazzy/share/launch_testing_ament_cmake/cmake)
-- Found python_cmake_module: 0.11.1 (/opt/ros/jazzy/share/python_cmake_module/cmake)
-- Found PythonExtra: /home/UMRobotics/.local/bin/python3  
-- Configuring done (1.9s)
-- Generating done (0.0s)
-- Build files have been written to: /home/UMRobotics/new_ws/build/moveit_ros_planning_interface
[ 33%] [32mBuilding CXX object planning_scene_interface/CMakeFiles/moveit_planning_scene_interface.dir/src/planning_scene_interface.cpp.o[0m
[ 33%] [32mBuilding CXX object common_planning_interface_objects/CMakeFiles/moveit_common_planning_interface_objects.dir/src/common_objects.cpp.o[0m
[ 50%] [32m[1mLinking CXX shared library libmoveit_common_planning_interface_objects.so[0m
[ 50%] Built target moveit_common_planning_interface_objects
[ 66%] [32m[1mLinking CXX shared library libmoveit_planning_scene_interface.so[0m
[ 66%] Built target moveit_planning_scene_interface
[ 83%] [32mBuilding CXX object move_group_interface/CMakeFiles/moveit_move_group_interface.dir/src/move_group_interface.cpp.o[0m
[100%] [32m[1mLinking CXX shared library libmoveit_move_group_interface.so[0m
[100%] Built target moveit_move_group_interface
-- Install configuration: "Release"
-- Installing: /home/UMRobotics/new_ws/install/moveit_ros_planning_interface/include/moveit_ros_planning_interface
-- Installing: /home/UMRobotics/new_ws/install/moveit_ros_planning_interface/include/moveit_ros_planning_interface/moveit
-- Installing: /home/UMRobotics/new_ws/install/moveit_ros_planning_interface/include/moveit_ros_planning_interface/moveit/common_planning_interface_objects
-- Installing: /home/UMRobotics/new_ws/install/moveit_ros_planning_interface/include/moveit_ros_planning_interface/moveit/common_planning_interface_objects/common_objects.hpp
-- Installing: /home/UMRobotics/new_ws/install/moveit_ros_planning_interface/include/moveit_ros_planning_interface/moveit/common_planning_interface_objects/common_objects.h
-- Up-to-date: /home/UMRobotics/new_ws/install/moveit_ros_planning_interface/include/moveit_ros_planning_interface
-- Up-to-date: /home/UMRobotics/new_ws/install/moveit_ros_planning_interface/include/moveit_ros_planning_interface/moveit
-- Installing: /home/UMRobotics/new_ws/install/moveit_ros_planning_interface/include/moveit_ros_planning_interface/moveit/planning_scene_interface
-- Installing: /home/UMRobotics/new_ws/install/moveit_ros_planning_interface/include/moveit_ros_planning_interface/moveit/planning_scene_interface/planning_scene_interface.hpp
-- Installing: /home/UMRobotics/new_ws/install/moveit_ros_planning_interface/include/moveit_ros_planning_interface/moveit/planning_scene_interface/planning_scene_interface.h
-- Up-to-date: /home/UMRobotics/new_ws/install/moveit_ros_planning_interface/include/moveit_ros_planning_interface
-- Up-to-date: /home/UMRobotics/new_ws/install/moveit_ros_planning_interface/include/moveit_ros_planning_interface/moveit
-- Installing: /home/UMRobotics/new_ws/install/moveit_ros_planning_interface/include/moveit_ros_planning_interface/moveit/move_group_interface
-- Installing: /home/UMRobotics/new_ws/install/moveit_ros_planning_interface/include/moveit_ros_planning_interface/moveit/move_group_interface/move_group_interface.h
-- Installing: /home/UMRobotics/new_ws/install/moveit_ros_planning_interface/include/moveit_ros_planning_interface/moveit/move_group_interface/move_group_interface.hpp
-- Installing: /home/UMRobotics/new_ws/install/moveit_ros_planning_interface/include/moveit_ros_planning_interface/moveit_move_group_interface_export.h
-- Installing: /home/UMRobotics/new_ws/install/moveit_ros_planning_interface/lib/libmoveit_common_planning_interface_objects.so.2.12.3
-- Set non-toolchain portion of runtime path of "/home/UMRobotics/new_ws/install/moveit_ros_planning_interface/lib/libmoveit_common_planning_interface_objects.so.2.12.3" to ""
-- Installing: /home/UMRobotics/new_ws/install/moveit_ros_planning_interface/lib/libmoveit_common_planning_interface_objects.so
-- Installing: /home/UMRobotics/new_ws/install/moveit_ros_planning_interface/lib/libmoveit_planning_scene_interface.so.2.12.3
-- Set non-toolchain portion of runtime path of "/home/UMRobotics/new_ws/install/moveit_ros_planning_interface/lib/libmoveit_planning_scene_interface.so.2.12.3" to ""
-- Installing: /home/UMRobotics/new_ws/install/moveit_ros_planning_interface/lib/libmoveit_planning_scene_interface.so
-- Installing: /home/UMRobotics/new_ws/install/moveit_ros_planning_interface/lib/libmoveit_move_group_interface.so.2.12.3
-- Set non-toolchain portion of runtime path of "/home/UMRobotics/new_ws/install/moveit_ros_planning_interface/lib/libmoveit_move_group_interface.so.2.12.3" to ""
-- Installing: /home/UMRobotics/new_ws/install/moveit_ros_planning_interface/lib/libmoveit_move_group_interface.so
-- Installing: /home/UMRobotics/new_ws/install/moveit_ros_planning_interface/share/moveit_ros_planning_interface/environment/library_path.sh
-- Installing: /home/UMRobotics/new_ws/install/moveit_ros_planning_interface/share/moveit_ros_planning_interface/environment/library_path.dsv
-- Installing: /home/UMRobotics/new_ws/install/moveit_ros_planning_interface/share/ament_index/resource_index/package_run_dependencies/moveit_ros_planning_interface
-- Installing: /home/UMRobotics/new_ws/install/moveit_ros_planning_interface/share/ament_index/resource_index/parent_prefix_path/moveit_ros_planning_interface
-- Installing: /home/UMRobotics/new_ws/install/moveit_ros_planning_interface/share/moveit_ros_planning_interface/environment/ament_prefix_path.sh
-- Installing: /home/UMRobotics/new_ws/install/moveit_ros_planning_interface/share/moveit_ros_planning_interface/environment/ament_prefix_path.dsv
-- Installing: /home/UMRobotics/new_ws/install/moveit_ros_planning_interface/share/moveit_ros_planning_interface/environment/path.sh
-- Installing: /home/UMRobotics/new_ws/install/moveit_ros_planning_interface/share/moveit_ros_planning_interface/environment/path.dsv
-- Installing: /home/UMRobotics/new_ws/install/moveit_ros_planning_interface/share/moveit_ros_planning_interface/local_setup.bash
-- Installing: /home/UMRobotics/new_ws/install/moveit_ros_planning_interface/share/moveit_ros_planning_interface/local_setup.sh
-- Installing: /home/UMRobotics/new_ws/install/moveit_ros_planning_interface/share/moveit_ros_planning_interface/local_setup.zsh
-- Installing: /home/UMRobotics/new_ws/install/moveit_ros_planning_interface/share/moveit_ros_planning_interface/local_setup.dsv
-- Installing: /home/UMRobotics/new_ws/install/moveit_ros_planning_interface/share/moveit_ros_planning_interface/package.dsv
-- Installing: /home/UMRobotics/new_ws/install/moveit_ros_planning_interface/share/ament_index/resource_index/packages/moveit_ros_planning_interface
-- Installing: /home/UMRobotics/new_ws/install/moveit_ros_planning_interface/share/moveit_ros_planning_interface/cmake/moveit_ros_planning_interfaceTargetsExport.cmake
-- Installing: /home/UMRobotics/new_ws/install/moveit_ros_planning_interface/share/moveit_ros_planning_interface/cmake/moveit_ros_planning_interfaceTargetsExport-release.cmake
-- Installing: /home/UMRobotics/new_ws/install/moveit_ros_planning_interface/share/moveit_ros_planning_interface/cmake/ConfigExtras.cmake
-- Installing: /home/UMRobotics/new_ws/install/moveit_ros_planning_interface/share/moveit_ros_planning_interface/cmake/ament_cmake_export_targets-extras.cmake
-- Installing: /home/UMRobotics/new_ws/install/moveit_ros_planning_interface/share/moveit_ros_planning_interface/cmake/ament_cmake_export_dependencies-extras.cmake
-- Installing: /home/UMRobotics/new_ws/install/moveit_ros_planning_interface/share/moveit_ros_planning_interface/cmake/moveit_ros_planning_interfaceConfig.cmake
-- Installing: /home/UMRobotics/new_ws/install/moveit_ros_planning_interface/share/moveit_ros_planning_interface/cmake/moveit_ros_planning_interfaceConfig-version.cmake
-- Installing: /home/UMRobotics/new_ws/install/moveit_ros_planning_interface/share/moveit_ros_planning_interface/package.xml
