[  4%] Built target gmock_main
[  4%] Built target gtest
[  8%] Built target gtest_main
[  9%] Built target cartesian_limits_parameters
[ 13%] Built target gmock
[ 16%] Built target planning_context_loader_base
[ 22%] Built target joint_limits_common
[ 27%] Built target trajectory_generation_common
[ 29%] Built target unittest_joint_limits_container
[ 32%] Built target unittest_joint_limit
[ 34%] Built target unittest_joint_limits_validator
[ 37%] Built target pilz_industrial_motion_planner
[ 39%] Built target unittest_joint_limits_aggregator
[ 43%] Built target command_list_manager
[ 53%] Built target planning_context_loader_ptp
[ 53%] Built target planning_context_loader_circ
[ 58%] Built target planning_context_loader_lin
[ 60%] Built target pilz_industrial_motion_planner_test_utils
[ 64%] Built target unittest_velocity_profile_atrap
[ 66%] Built target unittest_pilz_industrial_motion_planner
[ 70%] Built target unittest_trajectory_generator
[ 72%] Built target unittest_get_solver_tip_frame
[ 75%] Built target unittest_pilz_industrial_motion_planner_direct
[ 79%] Built target sequence_capability
[ 82%] Built target unittest_trajectory_functions
[ 85%] Built target unittest_trajectory_blender_transition_window
[ 87%] Built target unittest_trajectory_generator_circ
[ 90%] Built target unittest_trajectory_generator_common
[ 92%] Built target unittest_trajectory_generator_lin
[ 95%] Built target unittest_planning_context_loaders
[ 97%] Built target unittest_planning_context
[100%] Built target unittest_trajectory_generator_ptp
